[2024-11-09T20:43:25.815+0000] {processor.py:157} INFO - Started process (PID=224) to work on /home/airflow/.local/lib/python3.8/site-packages/airflow/example_dags/example_latest_only_with_trigger.py
[2024-11-09T20:43:25.816+0000] {processor.py:829} INFO - Processing file /home/airflow/.local/lib/python3.8/site-packages/airflow/example_dags/example_latest_only_with_trigger.py for tasks to queue
[2024-11-09T20:43:25.816+0000] {logging_mixin.py:154} INFO - [2024-11-09T20:43:25.816+0000] {dagbag.py:536} INFO - Filling up the DagBag from /home/airflow/.local/lib/python3.8/site-packages/airflow/example_dags/example_latest_only_with_trigger.py
[2024-11-09T20:43:25.821+0000] {processor.py:839} INFO - DAG(s) dict_keys(['latest_only_with_trigger']) retrieved from /home/airflow/.local/lib/python3.8/site-packages/airflow/example_dags/example_latest_only_with_trigger.py
[2024-11-09T20:43:25.871+0000] {logging_mixin.py:154} INFO - [2024-11-09T20:43:25.871+0000] {manager.py:499} INFO - Created Permission View: %s
[2024-11-09T20:43:25.876+0000] {logging_mixin.py:154} INFO - [2024-11-09T20:43:25.876+0000] {manager.py:499} INFO - Created Permission View: %s
[2024-11-09T20:43:25.882+0000] {logging_mixin.py:154} INFO - [2024-11-09T20:43:25.882+0000] {manager.py:499} INFO - Created Permission View: %s
[2024-11-09T20:43:25.882+0000] {logging_mixin.py:154} INFO - [2024-11-09T20:43:25.882+0000] {dag.py:2941} INFO - Sync 1 DAGs
[2024-11-09T20:43:25.888+0000] {logging_mixin.py:154} INFO - [2024-11-09T20:43:25.888+0000] {dag.py:2963} INFO - Creating ORM DAG for latest_only_with_trigger
[2024-11-09T20:43:25.893+0000] {logging_mixin.py:154} INFO - [2024-11-09T20:43:25.893+0000] {dag.py:3722} INFO - Setting next_dagrun for latest_only_with_trigger to 2024-11-09T16:43:25.893139+00:00, run_after=2024-11-09T20:43:25.893139+00:00
[2024-11-09T20:43:25.906+0000] {processor.py:179} INFO - Processing /home/airflow/.local/lib/python3.8/site-packages/airflow/example_dags/example_latest_only_with_trigger.py took 0.092 seconds
[2024-11-09T20:43:55.964+0000] {processor.py:157} INFO - Started process (PID=462) to work on /home/airflow/.local/lib/python3.8/site-packages/airflow/example_dags/example_latest_only_with_trigger.py
[2024-11-09T20:43:55.964+0000] {processor.py:829} INFO - Processing file /home/airflow/.local/lib/python3.8/site-packages/airflow/example_dags/example_latest_only_with_trigger.py for tasks to queue
[2024-11-09T20:43:55.964+0000] {logging_mixin.py:154} INFO - [2024-11-09T20:43:55.964+0000] {dagbag.py:536} INFO - Filling up the DagBag from /home/airflow/.local/lib/python3.8/site-packages/airflow/example_dags/example_latest_only_with_trigger.py
[2024-11-09T20:43:55.967+0000] {processor.py:839} INFO - DAG(s) dict_keys(['latest_only_with_trigger']) retrieved from /home/airflow/.local/lib/python3.8/site-packages/airflow/example_dags/example_latest_only_with_trigger.py
[2024-11-09T20:43:55.975+0000] {logging_mixin.py:154} INFO - [2024-11-09T20:43:55.975+0000] {dag.py:2941} INFO - Sync 1 DAGs
[2024-11-09T20:43:55.983+0000] {logging_mixin.py:154} INFO - [2024-11-09T20:43:55.982+0000] {dag.py:3722} INFO - Setting next_dagrun for latest_only_with_trigger to 2024-11-09T16:43:55.982891+00:00, run_after=2024-11-09T20:43:55.982891+00:00
[2024-11-09T20:43:55.988+0000] {processor.py:179} INFO - Processing /home/airflow/.local/lib/python3.8/site-packages/airflow/example_dags/example_latest_only_with_trigger.py took 0.026 seconds
[2024-11-09T20:44:26.385+0000] {processor.py:157} INFO - Started process (PID=698) to work on /home/airflow/.local/lib/python3.8/site-packages/airflow/example_dags/example_latest_only_with_trigger.py
[2024-11-09T20:44:26.386+0000] {processor.py:829} INFO - Processing file /home/airflow/.local/lib/python3.8/site-packages/airflow/example_dags/example_latest_only_with_trigger.py for tasks to queue
[2024-11-09T20:44:26.386+0000] {logging_mixin.py:154} INFO - [2024-11-09T20:44:26.386+0000] {dagbag.py:536} INFO - Filling up the DagBag from /home/airflow/.local/lib/python3.8/site-packages/airflow/example_dags/example_latest_only_with_trigger.py
[2024-11-09T20:44:26.389+0000] {processor.py:839} INFO - DAG(s) dict_keys(['latest_only_with_trigger']) retrieved from /home/airflow/.local/lib/python3.8/site-packages/airflow/example_dags/example_latest_only_with_trigger.py
[2024-11-09T20:44:26.400+0000] {logging_mixin.py:154} INFO - [2024-11-09T20:44:26.400+0000] {dag.py:2941} INFO - Sync 1 DAGs
[2024-11-09T20:44:26.409+0000] {logging_mixin.py:154} INFO - [2024-11-09T20:44:26.409+0000] {dag.py:3722} INFO - Setting next_dagrun for latest_only_with_trigger to 2024-11-09T16:44:26.409709+00:00, run_after=2024-11-09T20:44:26.409709+00:00
[2024-11-09T20:44:26.419+0000] {processor.py:179} INFO - Processing /home/airflow/.local/lib/python3.8/site-packages/airflow/example_dags/example_latest_only_with_trigger.py took 0.036 seconds
[2024-11-09T20:44:56.848+0000] {processor.py:157} INFO - Started process (PID=936) to work on /home/airflow/.local/lib/python3.8/site-packages/airflow/example_dags/example_latest_only_with_trigger.py
[2024-11-09T20:44:56.850+0000] {processor.py:829} INFO - Processing file /home/airflow/.local/lib/python3.8/site-packages/airflow/example_dags/example_latest_only_with_trigger.py for tasks to queue
[2024-11-09T20:44:56.850+0000] {logging_mixin.py:154} INFO - [2024-11-09T20:44:56.850+0000] {dagbag.py:536} INFO - Filling up the DagBag from /home/airflow/.local/lib/python3.8/site-packages/airflow/example_dags/example_latest_only_with_trigger.py
[2024-11-09T20:44:56.853+0000] {processor.py:839} INFO - DAG(s) dict_keys(['latest_only_with_trigger']) retrieved from /home/airflow/.local/lib/python3.8/site-packages/airflow/example_dags/example_latest_only_with_trigger.py
[2024-11-09T20:44:56.863+0000] {logging_mixin.py:154} INFO - [2024-11-09T20:44:56.863+0000] {dag.py:2941} INFO - Sync 1 DAGs
[2024-11-09T20:44:56.873+0000] {logging_mixin.py:154} INFO - [2024-11-09T20:44:56.873+0000] {dag.py:3722} INFO - Setting next_dagrun for latest_only_with_trigger to 2024-11-09T16:44:56.873414+00:00, run_after=2024-11-09T20:44:56.873414+00:00
[2024-11-09T20:44:56.882+0000] {processor.py:179} INFO - Processing /home/airflow/.local/lib/python3.8/site-packages/airflow/example_dags/example_latest_only_with_trigger.py took 0.035 seconds
[2024-11-09T20:45:27.311+0000] {processor.py:157} INFO - Started process (PID=1176) to work on /home/airflow/.local/lib/python3.8/site-packages/airflow/example_dags/example_latest_only_with_trigger.py
[2024-11-09T20:45:27.312+0000] {processor.py:829} INFO - Processing file /home/airflow/.local/lib/python3.8/site-packages/airflow/example_dags/example_latest_only_with_trigger.py for tasks to queue
[2024-11-09T20:45:27.312+0000] {logging_mixin.py:154} INFO - [2024-11-09T20:45:27.312+0000] {dagbag.py:536} INFO - Filling up the DagBag from /home/airflow/.local/lib/python3.8/site-packages/airflow/example_dags/example_latest_only_with_trigger.py
[2024-11-09T20:45:27.314+0000] {processor.py:839} INFO - DAG(s) dict_keys(['latest_only_with_trigger']) retrieved from /home/airflow/.local/lib/python3.8/site-packages/airflow/example_dags/example_latest_only_with_trigger.py
[2024-11-09T20:45:27.323+0000] {logging_mixin.py:154} INFO - [2024-11-09T20:45:27.323+0000] {dag.py:2941} INFO - Sync 1 DAGs
[2024-11-09T20:45:27.331+0000] {logging_mixin.py:154} INFO - [2024-11-09T20:45:27.330+0000] {dag.py:3722} INFO - Setting next_dagrun for latest_only_with_trigger to 2024-11-09T16:45:27.330849+00:00, run_after=2024-11-09T20:45:27.330849+00:00
[2024-11-09T20:45:27.337+0000] {processor.py:179} INFO - Processing /home/airflow/.local/lib/python3.8/site-packages/airflow/example_dags/example_latest_only_with_trigger.py took 0.027 seconds
[2024-11-09T20:45:57.753+0000] {processor.py:157} INFO - Started process (PID=1412) to work on /home/airflow/.local/lib/python3.8/site-packages/airflow/example_dags/example_latest_only_with_trigger.py
[2024-11-09T20:45:57.754+0000] {processor.py:829} INFO - Processing file /home/airflow/.local/lib/python3.8/site-packages/airflow/example_dags/example_latest_only_with_trigger.py for tasks to queue
[2024-11-09T20:45:57.754+0000] {logging_mixin.py:154} INFO - [2024-11-09T20:45:57.754+0000] {dagbag.py:536} INFO - Filling up the DagBag from /home/airflow/.local/lib/python3.8/site-packages/airflow/example_dags/example_latest_only_with_trigger.py
[2024-11-09T20:45:57.758+0000] {processor.py:839} INFO - DAG(s) dict_keys(['latest_only_with_trigger']) retrieved from /home/airflow/.local/lib/python3.8/site-packages/airflow/example_dags/example_latest_only_with_trigger.py
[2024-11-09T20:45:57.766+0000] {logging_mixin.py:154} INFO - [2024-11-09T20:45:57.766+0000] {dag.py:2941} INFO - Sync 1 DAGs
[2024-11-09T20:45:57.775+0000] {logging_mixin.py:154} INFO - [2024-11-09T20:45:57.775+0000] {dag.py:3722} INFO - Setting next_dagrun for latest_only_with_trigger to 2024-11-09T16:45:57.775264+00:00, run_after=2024-11-09T20:45:57.775264+00:00
[2024-11-09T20:45:57.783+0000] {processor.py:179} INFO - Processing /home/airflow/.local/lib/python3.8/site-packages/airflow/example_dags/example_latest_only_with_trigger.py took 0.032 seconds
[2024-11-09T20:46:28.091+0000] {processor.py:157} INFO - Started process (PID=1650) to work on /home/airflow/.local/lib/python3.8/site-packages/airflow/example_dags/example_latest_only_with_trigger.py
[2024-11-09T20:46:28.091+0000] {processor.py:829} INFO - Processing file /home/airflow/.local/lib/python3.8/site-packages/airflow/example_dags/example_latest_only_with_trigger.py for tasks to queue
[2024-11-09T20:46:28.091+0000] {logging_mixin.py:154} INFO - [2024-11-09T20:46:28.091+0000] {dagbag.py:536} INFO - Filling up the DagBag from /home/airflow/.local/lib/python3.8/site-packages/airflow/example_dags/example_latest_only_with_trigger.py
[2024-11-09T20:46:28.097+0000] {processor.py:839} INFO - DAG(s) dict_keys(['latest_only_with_trigger']) retrieved from /home/airflow/.local/lib/python3.8/site-packages/airflow/example_dags/example_latest_only_with_trigger.py
[2024-11-09T20:46:28.107+0000] {logging_mixin.py:154} INFO - [2024-11-09T20:46:28.107+0000] {dag.py:2941} INFO - Sync 1 DAGs
[2024-11-09T20:46:28.118+0000] {logging_mixin.py:154} INFO - [2024-11-09T20:46:28.117+0000] {dag.py:3722} INFO - Setting next_dagrun for latest_only_with_trigger to 2024-11-09T16:46:28.117869+00:00, run_after=2024-11-09T20:46:28.117869+00:00
[2024-11-09T20:46:28.127+0000] {processor.py:179} INFO - Processing /home/airflow/.local/lib/python3.8/site-packages/airflow/example_dags/example_latest_only_with_trigger.py took 0.038 seconds
[2024-11-09T20:46:58.563+0000] {processor.py:157} INFO - Started process (PID=1890) to work on /home/airflow/.local/lib/python3.8/site-packages/airflow/example_dags/example_latest_only_with_trigger.py
[2024-11-09T20:46:58.563+0000] {processor.py:829} INFO - Processing file /home/airflow/.local/lib/python3.8/site-packages/airflow/example_dags/example_latest_only_with_trigger.py for tasks to queue
[2024-11-09T20:46:58.563+0000] {logging_mixin.py:154} INFO - [2024-11-09T20:46:58.563+0000] {dagbag.py:536} INFO - Filling up the DagBag from /home/airflow/.local/lib/python3.8/site-packages/airflow/example_dags/example_latest_only_with_trigger.py
[2024-11-09T20:46:58.566+0000] {processor.py:839} INFO - DAG(s) dict_keys(['latest_only_with_trigger']) retrieved from /home/airflow/.local/lib/python3.8/site-packages/airflow/example_dags/example_latest_only_with_trigger.py
[2024-11-09T20:46:58.574+0000] {logging_mixin.py:154} INFO - [2024-11-09T20:46:58.574+0000] {dag.py:2941} INFO - Sync 1 DAGs
[2024-11-09T20:46:58.582+0000] {logging_mixin.py:154} INFO - [2024-11-09T20:46:58.582+0000] {dag.py:3722} INFO - Setting next_dagrun for latest_only_with_trigger to 2024-11-09T16:46:58.582267+00:00, run_after=2024-11-09T20:46:58.582267+00:00
[2024-11-09T20:46:58.588+0000] {processor.py:179} INFO - Processing /home/airflow/.local/lib/python3.8/site-packages/airflow/example_dags/example_latest_only_with_trigger.py took 0.027 seconds
[2024-11-09T20:47:28.913+0000] {processor.py:157} INFO - Started process (PID=2126) to work on /home/airflow/.local/lib/python3.8/site-packages/airflow/example_dags/example_latest_only_with_trigger.py
[2024-11-09T20:47:28.914+0000] {processor.py:829} INFO - Processing file /home/airflow/.local/lib/python3.8/site-packages/airflow/example_dags/example_latest_only_with_trigger.py for tasks to queue
[2024-11-09T20:47:28.915+0000] {logging_mixin.py:154} INFO - [2024-11-09T20:47:28.915+0000] {dagbag.py:536} INFO - Filling up the DagBag from /home/airflow/.local/lib/python3.8/site-packages/airflow/example_dags/example_latest_only_with_trigger.py
[2024-11-09T20:47:28.918+0000] {processor.py:839} INFO - DAG(s) dict_keys(['latest_only_with_trigger']) retrieved from /home/airflow/.local/lib/python3.8/site-packages/airflow/example_dags/example_latest_only_with_trigger.py
[2024-11-09T20:47:28.927+0000] {logging_mixin.py:154} INFO - [2024-11-09T20:47:28.927+0000] {dag.py:2941} INFO - Sync 1 DAGs
[2024-11-09T20:47:28.937+0000] {logging_mixin.py:154} INFO - [2024-11-09T20:47:28.936+0000] {dag.py:3722} INFO - Setting next_dagrun for latest_only_with_trigger to 2024-11-09T16:47:28.936855+00:00, run_after=2024-11-09T20:47:28.936855+00:00
[2024-11-09T20:47:28.945+0000] {processor.py:179} INFO - Processing /home/airflow/.local/lib/python3.8/site-packages/airflow/example_dags/example_latest_only_with_trigger.py took 0.034 seconds
