[2024-11-09T20:43:26.527+0000] {processor.py:157} INFO - Started process (PID=282) to work on /home/airflow/.local/lib/python3.8/site-packages/airflow/example_dags/example_latest_only.py
[2024-11-09T20:43:26.527+0000] {processor.py:829} INFO - Processing file /home/airflow/.local/lib/python3.8/site-packages/airflow/example_dags/example_latest_only.py for tasks to queue
[2024-11-09T20:43:26.527+0000] {logging_mixin.py:154} INFO - [2024-11-09T20:43:26.527+0000] {dagbag.py:536} INFO - Filling up the DagBag from /home/airflow/.local/lib/python3.8/site-packages/airflow/example_dags/example_latest_only.py
[2024-11-09T20:43:26.531+0000] {processor.py:839} INFO - DAG(s) dict_keys(['latest_only']) retrieved from /home/airflow/.local/lib/python3.8/site-packages/airflow/example_dags/example_latest_only.py
[2024-11-09T20:43:26.582+0000] {logging_mixin.py:154} INFO - [2024-11-09T20:43:26.582+0000] {manager.py:499} INFO - Created Permission View: %s
[2024-11-09T20:43:26.586+0000] {logging_mixin.py:154} INFO - [2024-11-09T20:43:26.586+0000] {manager.py:499} INFO - Created Permission View: %s
[2024-11-09T20:43:26.589+0000] {logging_mixin.py:154} INFO - [2024-11-09T20:43:26.589+0000] {manager.py:499} INFO - Created Permission View: %s
[2024-11-09T20:43:26.590+0000] {logging_mixin.py:154} INFO - [2024-11-09T20:43:26.589+0000] {dag.py:2941} INFO - Sync 1 DAGs
[2024-11-09T20:43:26.595+0000] {logging_mixin.py:154} INFO - [2024-11-09T20:43:26.595+0000] {dag.py:2963} INFO - Creating ORM DAG for latest_only
[2024-11-09T20:43:26.599+0000] {logging_mixin.py:154} INFO - [2024-11-09T20:43:26.599+0000] {dag.py:3722} INFO - Setting next_dagrun for latest_only to 2024-11-09T16:43:26.599754+00:00, run_after=2024-11-09T20:43:26.599754+00:00
[2024-11-09T20:43:26.610+0000] {processor.py:179} INFO - Processing /home/airflow/.local/lib/python3.8/site-packages/airflow/example_dags/example_latest_only.py took 0.085 seconds
[2024-11-09T20:43:57.330+0000] {processor.py:157} INFO - Started process (PID=522) to work on /home/airflow/.local/lib/python3.8/site-packages/airflow/example_dags/example_latest_only.py
[2024-11-09T20:43:57.331+0000] {processor.py:829} INFO - Processing file /home/airflow/.local/lib/python3.8/site-packages/airflow/example_dags/example_latest_only.py for tasks to queue
[2024-11-09T20:43:57.331+0000] {logging_mixin.py:154} INFO - [2024-11-09T20:43:57.331+0000] {dagbag.py:536} INFO - Filling up the DagBag from /home/airflow/.local/lib/python3.8/site-packages/airflow/example_dags/example_latest_only.py
[2024-11-09T20:43:57.333+0000] {processor.py:839} INFO - DAG(s) dict_keys(['latest_only']) retrieved from /home/airflow/.local/lib/python3.8/site-packages/airflow/example_dags/example_latest_only.py
[2024-11-09T20:43:57.342+0000] {logging_mixin.py:154} INFO - [2024-11-09T20:43:57.342+0000] {dag.py:2941} INFO - Sync 1 DAGs
[2024-11-09T20:43:57.350+0000] {logging_mixin.py:154} INFO - [2024-11-09T20:43:57.350+0000] {dag.py:3722} INFO - Setting next_dagrun for latest_only to 2024-11-09T16:43:57.349971+00:00, run_after=2024-11-09T20:43:57.349971+00:00
[2024-11-09T20:43:57.356+0000] {processor.py:179} INFO - Processing /home/airflow/.local/lib/python3.8/site-packages/airflow/example_dags/example_latest_only.py took 0.027 seconds
[2024-11-09T20:44:27.766+0000] {processor.py:157} INFO - Started process (PID=758) to work on /home/airflow/.local/lib/python3.8/site-packages/airflow/example_dags/example_latest_only.py
[2024-11-09T20:44:27.767+0000] {processor.py:829} INFO - Processing file /home/airflow/.local/lib/python3.8/site-packages/airflow/example_dags/example_latest_only.py for tasks to queue
[2024-11-09T20:44:27.768+0000] {logging_mixin.py:154} INFO - [2024-11-09T20:44:27.768+0000] {dagbag.py:536} INFO - Filling up the DagBag from /home/airflow/.local/lib/python3.8/site-packages/airflow/example_dags/example_latest_only.py
[2024-11-09T20:44:27.771+0000] {processor.py:839} INFO - DAG(s) dict_keys(['latest_only']) retrieved from /home/airflow/.local/lib/python3.8/site-packages/airflow/example_dags/example_latest_only.py
[2024-11-09T20:44:27.781+0000] {logging_mixin.py:154} INFO - [2024-11-09T20:44:27.781+0000] {dag.py:2941} INFO - Sync 1 DAGs
[2024-11-09T20:44:27.791+0000] {logging_mixin.py:154} INFO - [2024-11-09T20:44:27.791+0000] {dag.py:3722} INFO - Setting next_dagrun for latest_only to 2024-11-09T16:44:27.791522+00:00, run_after=2024-11-09T20:44:27.791522+00:00
[2024-11-09T20:44:27.800+0000] {processor.py:179} INFO - Processing /home/airflow/.local/lib/python3.8/site-packages/airflow/example_dags/example_latest_only.py took 0.035 seconds
[2024-11-09T20:44:58.194+0000] {processor.py:157} INFO - Started process (PID=996) to work on /home/airflow/.local/lib/python3.8/site-packages/airflow/example_dags/example_latest_only.py
[2024-11-09T20:44:58.196+0000] {processor.py:829} INFO - Processing file /home/airflow/.local/lib/python3.8/site-packages/airflow/example_dags/example_latest_only.py for tasks to queue
[2024-11-09T20:44:58.197+0000] {logging_mixin.py:154} INFO - [2024-11-09T20:44:58.197+0000] {dagbag.py:536} INFO - Filling up the DagBag from /home/airflow/.local/lib/python3.8/site-packages/airflow/example_dags/example_latest_only.py
[2024-11-09T20:44:58.200+0000] {processor.py:839} INFO - DAG(s) dict_keys(['latest_only']) retrieved from /home/airflow/.local/lib/python3.8/site-packages/airflow/example_dags/example_latest_only.py
[2024-11-09T20:44:58.209+0000] {logging_mixin.py:154} INFO - [2024-11-09T20:44:58.209+0000] {dag.py:2941} INFO - Sync 1 DAGs
[2024-11-09T20:44:58.220+0000] {logging_mixin.py:154} INFO - [2024-11-09T20:44:58.220+0000] {dag.py:3722} INFO - Setting next_dagrun for latest_only to 2024-11-09T16:44:58.220586+00:00, run_after=2024-11-09T20:44:58.220586+00:00
[2024-11-09T20:44:58.229+0000] {processor.py:179} INFO - Processing /home/airflow/.local/lib/python3.8/site-packages/airflow/example_dags/example_latest_only.py took 0.037 seconds
[2024-11-09T20:45:28.646+0000] {processor.py:157} INFO - Started process (PID=1236) to work on /home/airflow/.local/lib/python3.8/site-packages/airflow/example_dags/example_latest_only.py
[2024-11-09T20:45:28.646+0000] {processor.py:829} INFO - Processing file /home/airflow/.local/lib/python3.8/site-packages/airflow/example_dags/example_latest_only.py for tasks to queue
[2024-11-09T20:45:28.647+0000] {logging_mixin.py:154} INFO - [2024-11-09T20:45:28.647+0000] {dagbag.py:536} INFO - Filling up the DagBag from /home/airflow/.local/lib/python3.8/site-packages/airflow/example_dags/example_latest_only.py
[2024-11-09T20:45:28.649+0000] {processor.py:839} INFO - DAG(s) dict_keys(['latest_only']) retrieved from /home/airflow/.local/lib/python3.8/site-packages/airflow/example_dags/example_latest_only.py
[2024-11-09T20:45:28.660+0000] {logging_mixin.py:154} INFO - [2024-11-09T20:45:28.660+0000] {dag.py:2941} INFO - Sync 1 DAGs
[2024-11-09T20:45:28.673+0000] {logging_mixin.py:154} INFO - [2024-11-09T20:45:28.673+0000] {dag.py:3722} INFO - Setting next_dagrun for latest_only to 2024-11-09T16:45:28.673780+00:00, run_after=2024-11-09T20:45:28.673780+00:00
[2024-11-09T20:45:28.683+0000] {processor.py:179} INFO - Processing /home/airflow/.local/lib/python3.8/site-packages/airflow/example_dags/example_latest_only.py took 0.038 seconds
[2024-11-09T20:45:59.116+0000] {processor.py:157} INFO - Started process (PID=1472) to work on /home/airflow/.local/lib/python3.8/site-packages/airflow/example_dags/example_latest_only.py
[2024-11-09T20:45:59.119+0000] {processor.py:829} INFO - Processing file /home/airflow/.local/lib/python3.8/site-packages/airflow/example_dags/example_latest_only.py for tasks to queue
[2024-11-09T20:45:59.119+0000] {logging_mixin.py:154} INFO - [2024-11-09T20:45:59.119+0000] {dagbag.py:536} INFO - Filling up the DagBag from /home/airflow/.local/lib/python3.8/site-packages/airflow/example_dags/example_latest_only.py
[2024-11-09T20:45:59.122+0000] {processor.py:839} INFO - DAG(s) dict_keys(['latest_only']) retrieved from /home/airflow/.local/lib/python3.8/site-packages/airflow/example_dags/example_latest_only.py
[2024-11-09T20:45:59.133+0000] {logging_mixin.py:154} INFO - [2024-11-09T20:45:59.133+0000] {dag.py:2941} INFO - Sync 1 DAGs
[2024-11-09T20:45:59.142+0000] {logging_mixin.py:154} INFO - [2024-11-09T20:45:59.142+0000] {dag.py:3722} INFO - Setting next_dagrun for latest_only to 2024-11-09T16:45:59.141974+00:00, run_after=2024-11-09T20:45:59.141974+00:00
[2024-11-09T20:45:59.151+0000] {processor.py:179} INFO - Processing /home/airflow/.local/lib/python3.8/site-packages/airflow/example_dags/example_latest_only.py took 0.036 seconds
[2024-11-09T20:46:29.456+0000] {processor.py:157} INFO - Started process (PID=1710) to work on /home/airflow/.local/lib/python3.8/site-packages/airflow/example_dags/example_latest_only.py
[2024-11-09T20:46:29.457+0000] {processor.py:829} INFO - Processing file /home/airflow/.local/lib/python3.8/site-packages/airflow/example_dags/example_latest_only.py for tasks to queue
[2024-11-09T20:46:29.458+0000] {logging_mixin.py:154} INFO - [2024-11-09T20:46:29.458+0000] {dagbag.py:536} INFO - Filling up the DagBag from /home/airflow/.local/lib/python3.8/site-packages/airflow/example_dags/example_latest_only.py
[2024-11-09T20:46:29.460+0000] {processor.py:839} INFO - DAG(s) dict_keys(['latest_only']) retrieved from /home/airflow/.local/lib/python3.8/site-packages/airflow/example_dags/example_latest_only.py
[2024-11-09T20:46:29.470+0000] {logging_mixin.py:154} INFO - [2024-11-09T20:46:29.470+0000] {dag.py:2941} INFO - Sync 1 DAGs
[2024-11-09T20:46:29.478+0000] {logging_mixin.py:154} INFO - [2024-11-09T20:46:29.478+0000] {dag.py:3722} INFO - Setting next_dagrun for latest_only to 2024-11-09T16:46:29.478681+00:00, run_after=2024-11-09T20:46:29.478681+00:00
[2024-11-09T20:46:29.487+0000] {processor.py:179} INFO - Processing /home/airflow/.local/lib/python3.8/site-packages/airflow/example_dags/example_latest_only.py took 0.032 seconds
[2024-11-09T20:46:59.865+0000] {processor.py:157} INFO - Started process (PID=1948) to work on /home/airflow/.local/lib/python3.8/site-packages/airflow/example_dags/example_latest_only.py
[2024-11-09T20:46:59.866+0000] {processor.py:829} INFO - Processing file /home/airflow/.local/lib/python3.8/site-packages/airflow/example_dags/example_latest_only.py for tasks to queue
[2024-11-09T20:46:59.866+0000] {logging_mixin.py:154} INFO - [2024-11-09T20:46:59.866+0000] {dagbag.py:536} INFO - Filling up the DagBag from /home/airflow/.local/lib/python3.8/site-packages/airflow/example_dags/example_latest_only.py
[2024-11-09T20:46:59.870+0000] {processor.py:839} INFO - DAG(s) dict_keys(['latest_only']) retrieved from /home/airflow/.local/lib/python3.8/site-packages/airflow/example_dags/example_latest_only.py
[2024-11-09T20:46:59.880+0000] {logging_mixin.py:154} INFO - [2024-11-09T20:46:59.880+0000] {dag.py:2941} INFO - Sync 1 DAGs
[2024-11-09T20:46:59.889+0000] {logging_mixin.py:154} INFO - [2024-11-09T20:46:59.889+0000] {dag.py:3722} INFO - Setting next_dagrun for latest_only to 2024-11-09T16:46:59.889327+00:00, run_after=2024-11-09T20:46:59.889327+00:00
[2024-11-09T20:46:59.896+0000] {processor.py:179} INFO - Processing /home/airflow/.local/lib/python3.8/site-packages/airflow/example_dags/example_latest_only.py took 0.033 seconds
[2024-11-09T20:47:30.282+0000] {processor.py:157} INFO - Started process (PID=2186) to work on /home/airflow/.local/lib/python3.8/site-packages/airflow/example_dags/example_latest_only.py
[2024-11-09T20:47:30.282+0000] {processor.py:829} INFO - Processing file /home/airflow/.local/lib/python3.8/site-packages/airflow/example_dags/example_latest_only.py for tasks to queue
[2024-11-09T20:47:30.283+0000] {logging_mixin.py:154} INFO - [2024-11-09T20:47:30.283+0000] {dagbag.py:536} INFO - Filling up the DagBag from /home/airflow/.local/lib/python3.8/site-packages/airflow/example_dags/example_latest_only.py
[2024-11-09T20:47:30.288+0000] {processor.py:839} INFO - DAG(s) dict_keys(['latest_only']) retrieved from /home/airflow/.local/lib/python3.8/site-packages/airflow/example_dags/example_latest_only.py
[2024-11-09T20:47:30.298+0000] {logging_mixin.py:154} INFO - [2024-11-09T20:47:30.298+0000] {dag.py:2941} INFO - Sync 1 DAGs
[2024-11-09T20:47:30.308+0000] {logging_mixin.py:154} INFO - [2024-11-09T20:47:30.308+0000] {dag.py:3722} INFO - Setting next_dagrun for latest_only to 2024-11-09T16:47:30.308379+00:00, run_after=2024-11-09T20:47:30.308379+00:00
[2024-11-09T20:47:30.316+0000] {processor.py:179} INFO - Processing /home/airflow/.local/lib/python3.8/site-packages/airflow/example_dags/example_latest_only.py took 0.036 seconds
