[2024-11-09T20:43:27.103+0000] {processor.py:157} INFO - Started process (PID=332) to work on /home/airflow/.local/lib/python3.8/site-packages/airflow/example_dags/example_nested_branch_dag.py
[2024-11-09T20:43:27.105+0000] {processor.py:829} INFO - Processing file /home/airflow/.local/lib/python3.8/site-packages/airflow/example_dags/example_nested_branch_dag.py for tasks to queue
[2024-11-09T20:43:27.106+0000] {logging_mixin.py:154} INFO - [2024-11-09T20:43:27.106+0000] {dagbag.py:536} INFO - Filling up the DagBag from /home/airflow/.local/lib/python3.8/site-packages/airflow/example_dags/example_nested_branch_dag.py
[2024-11-09T20:43:27.114+0000] {processor.py:839} INFO - DAG(s) dict_keys(['example_nested_branch_dag']) retrieved from /home/airflow/.local/lib/python3.8/site-packages/airflow/example_dags/example_nested_branch_dag.py
[2024-11-09T20:43:27.168+0000] {logging_mixin.py:154} INFO - [2024-11-09T20:43:27.168+0000] {manager.py:499} INFO - Created Permission View: %s
[2024-11-09T20:43:27.172+0000] {logging_mixin.py:154} INFO - [2024-11-09T20:43:27.172+0000] {manager.py:499} INFO - Created Permission View: %s
[2024-11-09T20:43:27.174+0000] {logging_mixin.py:154} INFO - [2024-11-09T20:43:27.174+0000] {manager.py:499} INFO - Created Permission View: %s
[2024-11-09T20:43:27.174+0000] {logging_mixin.py:154} INFO - [2024-11-09T20:43:27.174+0000] {dag.py:2941} INFO - Sync 1 DAGs
[2024-11-09T20:43:27.180+0000] {logging_mixin.py:154} INFO - [2024-11-09T20:43:27.180+0000] {dag.py:2963} INFO - Creating ORM DAG for example_nested_branch_dag
[2024-11-09T20:43:27.189+0000] {logging_mixin.py:154} INFO - [2024-11-09T20:43:27.189+0000] {dag.py:3722} INFO - Setting next_dagrun for example_nested_branch_dag to 2024-11-08T00:00:00+00:00, run_after=2024-11-09T00:00:00+00:00
[2024-11-09T20:43:27.198+0000] {processor.py:179} INFO - Processing /home/airflow/.local/lib/python3.8/site-packages/airflow/example_dags/example_nested_branch_dag.py took 0.097 seconds
[2024-11-09T20:43:57.569+0000] {processor.py:157} INFO - Started process (PID=570) to work on /home/airflow/.local/lib/python3.8/site-packages/airflow/example_dags/example_nested_branch_dag.py
[2024-11-09T20:43:57.572+0000] {processor.py:829} INFO - Processing file /home/airflow/.local/lib/python3.8/site-packages/airflow/example_dags/example_nested_branch_dag.py for tasks to queue
[2024-11-09T20:43:57.572+0000] {logging_mixin.py:154} INFO - [2024-11-09T20:43:57.572+0000] {dagbag.py:536} INFO - Filling up the DagBag from /home/airflow/.local/lib/python3.8/site-packages/airflow/example_dags/example_nested_branch_dag.py
[2024-11-09T20:43:57.577+0000] {processor.py:839} INFO - DAG(s) dict_keys(['example_nested_branch_dag']) retrieved from /home/airflow/.local/lib/python3.8/site-packages/airflow/example_dags/example_nested_branch_dag.py
[2024-11-09T20:43:57.587+0000] {logging_mixin.py:154} INFO - [2024-11-09T20:43:57.587+0000] {dag.py:2941} INFO - Sync 1 DAGs
[2024-11-09T20:43:57.597+0000] {logging_mixin.py:154} INFO - [2024-11-09T20:43:57.597+0000] {dag.py:3722} INFO - Setting next_dagrun for example_nested_branch_dag to 2024-11-08T00:00:00+00:00, run_after=2024-11-09T00:00:00+00:00
[2024-11-09T20:43:57.611+0000] {processor.py:179} INFO - Processing /home/airflow/.local/lib/python3.8/site-packages/airflow/example_dags/example_nested_branch_dag.py took 0.044 seconds
[2024-11-09T20:44:28.017+0000] {processor.py:157} INFO - Started process (PID=808) to work on /home/airflow/.local/lib/python3.8/site-packages/airflow/example_dags/example_nested_branch_dag.py
[2024-11-09T20:44:28.018+0000] {processor.py:829} INFO - Processing file /home/airflow/.local/lib/python3.8/site-packages/airflow/example_dags/example_nested_branch_dag.py for tasks to queue
[2024-11-09T20:44:28.018+0000] {logging_mixin.py:154} INFO - [2024-11-09T20:44:28.018+0000] {dagbag.py:536} INFO - Filling up the DagBag from /home/airflow/.local/lib/python3.8/site-packages/airflow/example_dags/example_nested_branch_dag.py
[2024-11-09T20:44:28.023+0000] {processor.py:839} INFO - DAG(s) dict_keys(['example_nested_branch_dag']) retrieved from /home/airflow/.local/lib/python3.8/site-packages/airflow/example_dags/example_nested_branch_dag.py
[2024-11-09T20:44:28.032+0000] {logging_mixin.py:154} INFO - [2024-11-09T20:44:28.032+0000] {dag.py:2941} INFO - Sync 1 DAGs
[2024-11-09T20:44:28.042+0000] {logging_mixin.py:154} INFO - [2024-11-09T20:44:28.042+0000] {dag.py:3722} INFO - Setting next_dagrun for example_nested_branch_dag to 2024-11-08T00:00:00+00:00, run_after=2024-11-09T00:00:00+00:00
[2024-11-09T20:44:28.050+0000] {processor.py:179} INFO - Processing /home/airflow/.local/lib/python3.8/site-packages/airflow/example_dags/example_nested_branch_dag.py took 0.034 seconds
[2024-11-09T20:44:58.506+0000] {processor.py:157} INFO - Started process (PID=1046) to work on /home/airflow/.local/lib/python3.8/site-packages/airflow/example_dags/example_nested_branch_dag.py
[2024-11-09T20:44:58.507+0000] {processor.py:829} INFO - Processing file /home/airflow/.local/lib/python3.8/site-packages/airflow/example_dags/example_nested_branch_dag.py for tasks to queue
[2024-11-09T20:44:58.507+0000] {logging_mixin.py:154} INFO - [2024-11-09T20:44:58.507+0000] {dagbag.py:536} INFO - Filling up the DagBag from /home/airflow/.local/lib/python3.8/site-packages/airflow/example_dags/example_nested_branch_dag.py
[2024-11-09T20:44:58.511+0000] {processor.py:839} INFO - DAG(s) dict_keys(['example_nested_branch_dag']) retrieved from /home/airflow/.local/lib/python3.8/site-packages/airflow/example_dags/example_nested_branch_dag.py
[2024-11-09T20:44:58.524+0000] {logging_mixin.py:154} INFO - [2024-11-09T20:44:58.524+0000] {dag.py:2941} INFO - Sync 1 DAGs
[2024-11-09T20:44:58.535+0000] {logging_mixin.py:154} INFO - [2024-11-09T20:44:58.535+0000] {dag.py:3722} INFO - Setting next_dagrun for example_nested_branch_dag to 2024-11-08T00:00:00+00:00, run_after=2024-11-09T00:00:00+00:00
[2024-11-09T20:44:58.544+0000] {processor.py:179} INFO - Processing /home/airflow/.local/lib/python3.8/site-packages/airflow/example_dags/example_nested_branch_dag.py took 0.040 seconds
[2024-11-09T20:45:28.903+0000] {processor.py:157} INFO - Started process (PID=1284) to work on /home/airflow/.local/lib/python3.8/site-packages/airflow/example_dags/example_nested_branch_dag.py
[2024-11-09T20:45:28.903+0000] {processor.py:829} INFO - Processing file /home/airflow/.local/lib/python3.8/site-packages/airflow/example_dags/example_nested_branch_dag.py for tasks to queue
[2024-11-09T20:45:28.904+0000] {logging_mixin.py:154} INFO - [2024-11-09T20:45:28.904+0000] {dagbag.py:536} INFO - Filling up the DagBag from /home/airflow/.local/lib/python3.8/site-packages/airflow/example_dags/example_nested_branch_dag.py
[2024-11-09T20:45:28.908+0000] {processor.py:839} INFO - DAG(s) dict_keys(['example_nested_branch_dag']) retrieved from /home/airflow/.local/lib/python3.8/site-packages/airflow/example_dags/example_nested_branch_dag.py
[2024-11-09T20:45:28.919+0000] {logging_mixin.py:154} INFO - [2024-11-09T20:45:28.919+0000] {dag.py:2941} INFO - Sync 1 DAGs
[2024-11-09T20:45:28.929+0000] {logging_mixin.py:154} INFO - [2024-11-09T20:45:28.929+0000] {dag.py:3722} INFO - Setting next_dagrun for example_nested_branch_dag to 2024-11-08T00:00:00+00:00, run_after=2024-11-09T00:00:00+00:00
[2024-11-09T20:45:28.940+0000] {processor.py:179} INFO - Processing /home/airflow/.local/lib/python3.8/site-packages/airflow/example_dags/example_nested_branch_dag.py took 0.039 seconds
[2024-11-09T20:45:59.362+0000] {processor.py:157} INFO - Started process (PID=1522) to work on /home/airflow/.local/lib/python3.8/site-packages/airflow/example_dags/example_nested_branch_dag.py
[2024-11-09T20:45:59.364+0000] {processor.py:829} INFO - Processing file /home/airflow/.local/lib/python3.8/site-packages/airflow/example_dags/example_nested_branch_dag.py for tasks to queue
[2024-11-09T20:45:59.364+0000] {logging_mixin.py:154} INFO - [2024-11-09T20:45:59.364+0000] {dagbag.py:536} INFO - Filling up the DagBag from /home/airflow/.local/lib/python3.8/site-packages/airflow/example_dags/example_nested_branch_dag.py
[2024-11-09T20:45:59.369+0000] {processor.py:839} INFO - DAG(s) dict_keys(['example_nested_branch_dag']) retrieved from /home/airflow/.local/lib/python3.8/site-packages/airflow/example_dags/example_nested_branch_dag.py
[2024-11-09T20:45:59.379+0000] {logging_mixin.py:154} INFO - [2024-11-09T20:45:59.379+0000] {dag.py:2941} INFO - Sync 1 DAGs
[2024-11-09T20:45:59.389+0000] {logging_mixin.py:154} INFO - [2024-11-09T20:45:59.389+0000] {dag.py:3722} INFO - Setting next_dagrun for example_nested_branch_dag to 2024-11-08T00:00:00+00:00, run_after=2024-11-09T00:00:00+00:00
[2024-11-09T20:45:59.400+0000] {processor.py:179} INFO - Processing /home/airflow/.local/lib/python3.8/site-packages/airflow/example_dags/example_nested_branch_dag.py took 0.039 seconds
[2024-11-09T20:46:29.715+0000] {processor.py:157} INFO - Started process (PID=1760) to work on /home/airflow/.local/lib/python3.8/site-packages/airflow/example_dags/example_nested_branch_dag.py
[2024-11-09T20:46:29.715+0000] {processor.py:829} INFO - Processing file /home/airflow/.local/lib/python3.8/site-packages/airflow/example_dags/example_nested_branch_dag.py for tasks to queue
[2024-11-09T20:46:29.716+0000] {logging_mixin.py:154} INFO - [2024-11-09T20:46:29.716+0000] {dagbag.py:536} INFO - Filling up the DagBag from /home/airflow/.local/lib/python3.8/site-packages/airflow/example_dags/example_nested_branch_dag.py
[2024-11-09T20:46:29.721+0000] {processor.py:839} INFO - DAG(s) dict_keys(['example_nested_branch_dag']) retrieved from /home/airflow/.local/lib/python3.8/site-packages/airflow/example_dags/example_nested_branch_dag.py
[2024-11-09T20:46:29.730+0000] {logging_mixin.py:154} INFO - [2024-11-09T20:46:29.730+0000] {dag.py:2941} INFO - Sync 1 DAGs
[2024-11-09T20:46:29.739+0000] {logging_mixin.py:154} INFO - [2024-11-09T20:46:29.739+0000] {dag.py:3722} INFO - Setting next_dagrun for example_nested_branch_dag to 2024-11-08T00:00:00+00:00, run_after=2024-11-09T00:00:00+00:00
[2024-11-09T20:46:29.746+0000] {processor.py:179} INFO - Processing /home/airflow/.local/lib/python3.8/site-packages/airflow/example_dags/example_nested_branch_dag.py took 0.033 seconds
[2024-11-09T20:47:00.121+0000] {processor.py:157} INFO - Started process (PID=1998) to work on /home/airflow/.local/lib/python3.8/site-packages/airflow/example_dags/example_nested_branch_dag.py
[2024-11-09T20:47:00.121+0000] {processor.py:829} INFO - Processing file /home/airflow/.local/lib/python3.8/site-packages/airflow/example_dags/example_nested_branch_dag.py for tasks to queue
[2024-11-09T20:47:00.123+0000] {logging_mixin.py:154} INFO - [2024-11-09T20:47:00.122+0000] {dagbag.py:536} INFO - Filling up the DagBag from /home/airflow/.local/lib/python3.8/site-packages/airflow/example_dags/example_nested_branch_dag.py
[2024-11-09T20:47:00.127+0000] {processor.py:839} INFO - DAG(s) dict_keys(['example_nested_branch_dag']) retrieved from /home/airflow/.local/lib/python3.8/site-packages/airflow/example_dags/example_nested_branch_dag.py
[2024-11-09T20:47:00.137+0000] {logging_mixin.py:154} INFO - [2024-11-09T20:47:00.137+0000] {dag.py:2941} INFO - Sync 1 DAGs
[2024-11-09T20:47:00.147+0000] {logging_mixin.py:154} INFO - [2024-11-09T20:47:00.147+0000] {dag.py:3722} INFO - Setting next_dagrun for example_nested_branch_dag to 2024-11-08T00:00:00+00:00, run_after=2024-11-09T00:00:00+00:00
[2024-11-09T20:47:00.159+0000] {processor.py:179} INFO - Processing /home/airflow/.local/lib/python3.8/site-packages/airflow/example_dags/example_nested_branch_dag.py took 0.040 seconds
[2024-11-09T20:47:30.536+0000] {processor.py:157} INFO - Started process (PID=2236) to work on /home/airflow/.local/lib/python3.8/site-packages/airflow/example_dags/example_nested_branch_dag.py
[2024-11-09T20:47:30.537+0000] {processor.py:829} INFO - Processing file /home/airflow/.local/lib/python3.8/site-packages/airflow/example_dags/example_nested_branch_dag.py for tasks to queue
[2024-11-09T20:47:30.537+0000] {logging_mixin.py:154} INFO - [2024-11-09T20:47:30.537+0000] {dagbag.py:536} INFO - Filling up the DagBag from /home/airflow/.local/lib/python3.8/site-packages/airflow/example_dags/example_nested_branch_dag.py
[2024-11-09T20:47:30.542+0000] {processor.py:839} INFO - DAG(s) dict_keys(['example_nested_branch_dag']) retrieved from /home/airflow/.local/lib/python3.8/site-packages/airflow/example_dags/example_nested_branch_dag.py
[2024-11-09T20:47:30.554+0000] {logging_mixin.py:154} INFO - [2024-11-09T20:47:30.554+0000] {dag.py:2941} INFO - Sync 1 DAGs
[2024-11-09T20:47:30.564+0000] {logging_mixin.py:154} INFO - [2024-11-09T20:47:30.564+0000] {dag.py:3722} INFO - Setting next_dagrun for example_nested_branch_dag to 2024-11-08T00:00:00+00:00, run_after=2024-11-09T00:00:00+00:00
[2024-11-09T20:47:30.572+0000] {processor.py:179} INFO - Processing /home/airflow/.local/lib/python3.8/site-packages/airflow/example_dags/example_nested_branch_dag.py took 0.038 seconds
