[2024-11-09T20:43:27.509+0000] {processor.py:157} INFO - Started process (PID=372) to work on /home/airflow/.local/lib/python3.8/site-packages/airflow/example_dags/example_task_group.py
[2024-11-09T20:43:27.510+0000] {processor.py:829} INFO - Processing file /home/airflow/.local/lib/python3.8/site-packages/airflow/example_dags/example_task_group.py for tasks to queue
[2024-11-09T20:43:27.511+0000] {logging_mixin.py:154} INFO - [2024-11-09T20:43:27.511+0000] {dagbag.py:536} INFO - Filling up the DagBag from /home/airflow/.local/lib/python3.8/site-packages/airflow/example_dags/example_task_group.py
[2024-11-09T20:43:27.515+0000] {processor.py:839} INFO - DAG(s) dict_keys(['example_task_group']) retrieved from /home/airflow/.local/lib/python3.8/site-packages/airflow/example_dags/example_task_group.py
[2024-11-09T20:43:27.565+0000] {logging_mixin.py:154} INFO - [2024-11-09T20:43:27.565+0000] {manager.py:499} INFO - Created Permission View: %s
[2024-11-09T20:43:27.571+0000] {logging_mixin.py:154} INFO - [2024-11-09T20:43:27.571+0000] {manager.py:499} INFO - Created Permission View: %s
[2024-11-09T20:43:27.574+0000] {logging_mixin.py:154} INFO - [2024-11-09T20:43:27.574+0000] {manager.py:499} INFO - Created Permission View: %s
[2024-11-09T20:43:27.575+0000] {logging_mixin.py:154} INFO - [2024-11-09T20:43:27.575+0000] {dag.py:2941} INFO - Sync 1 DAGs
[2024-11-09T20:43:27.579+0000] {logging_mixin.py:154} INFO - [2024-11-09T20:43:27.579+0000] {dag.py:2963} INFO - Creating ORM DAG for example_task_group
[2024-11-09T20:43:27.585+0000] {logging_mixin.py:154} INFO - [2024-11-09T20:43:27.585+0000] {dag.py:3722} INFO - Setting next_dagrun for example_task_group to 2024-11-08T20:43:27.585326+00:00, run_after=2024-11-09T20:43:27.585326+00:00
[2024-11-09T20:43:27.593+0000] {processor.py:179} INFO - Processing /home/airflow/.local/lib/python3.8/site-packages/airflow/example_dags/example_task_group.py took 0.086 seconds
[2024-11-09T20:43:57.769+0000] {processor.py:157} INFO - Started process (PID=610) to work on /home/airflow/.local/lib/python3.8/site-packages/airflow/example_dags/example_task_group.py
[2024-11-09T20:43:57.770+0000] {processor.py:829} INFO - Processing file /home/airflow/.local/lib/python3.8/site-packages/airflow/example_dags/example_task_group.py for tasks to queue
[2024-11-09T20:43:57.771+0000] {logging_mixin.py:154} INFO - [2024-11-09T20:43:57.771+0000] {dagbag.py:536} INFO - Filling up the DagBag from /home/airflow/.local/lib/python3.8/site-packages/airflow/example_dags/example_task_group.py
[2024-11-09T20:43:57.775+0000] {processor.py:839} INFO - DAG(s) dict_keys(['example_task_group']) retrieved from /home/airflow/.local/lib/python3.8/site-packages/airflow/example_dags/example_task_group.py
[2024-11-09T20:43:57.786+0000] {logging_mixin.py:154} INFO - [2024-11-09T20:43:57.786+0000] {dag.py:2941} INFO - Sync 1 DAGs
[2024-11-09T20:43:57.798+0000] {logging_mixin.py:154} INFO - [2024-11-09T20:43:57.797+0000] {dag.py:3722} INFO - Setting next_dagrun for example_task_group to 2024-11-08T20:43:57.797888+00:00, run_after=2024-11-09T20:43:57.797888+00:00
[2024-11-09T20:43:57.806+0000] {processor.py:179} INFO - Processing /home/airflow/.local/lib/python3.8/site-packages/airflow/example_dags/example_task_group.py took 0.038 seconds
[2024-11-09T20:44:28.265+0000] {processor.py:157} INFO - Started process (PID=850) to work on /home/airflow/.local/lib/python3.8/site-packages/airflow/example_dags/example_task_group.py
[2024-11-09T20:44:28.266+0000] {processor.py:829} INFO - Processing file /home/airflow/.local/lib/python3.8/site-packages/airflow/example_dags/example_task_group.py for tasks to queue
[2024-11-09T20:44:28.266+0000] {logging_mixin.py:154} INFO - [2024-11-09T20:44:28.266+0000] {dagbag.py:536} INFO - Filling up the DagBag from /home/airflow/.local/lib/python3.8/site-packages/airflow/example_dags/example_task_group.py
[2024-11-09T20:44:28.269+0000] {processor.py:839} INFO - DAG(s) dict_keys(['example_task_group']) retrieved from /home/airflow/.local/lib/python3.8/site-packages/airflow/example_dags/example_task_group.py
[2024-11-09T20:44:28.278+0000] {logging_mixin.py:154} INFO - [2024-11-09T20:44:28.278+0000] {dag.py:2941} INFO - Sync 1 DAGs
[2024-11-09T20:44:28.286+0000] {logging_mixin.py:154} INFO - [2024-11-09T20:44:28.286+0000] {dag.py:3722} INFO - Setting next_dagrun for example_task_group to 2024-11-08T20:44:28.286515+00:00, run_after=2024-11-09T20:44:28.286515+00:00
[2024-11-09T20:44:28.292+0000] {processor.py:179} INFO - Processing /home/airflow/.local/lib/python3.8/site-packages/airflow/example_dags/example_task_group.py took 0.028 seconds
[2024-11-09T20:44:58.698+0000] {processor.py:157} INFO - Started process (PID=1086) to work on /home/airflow/.local/lib/python3.8/site-packages/airflow/example_dags/example_task_group.py
[2024-11-09T20:44:58.699+0000] {processor.py:829} INFO - Processing file /home/airflow/.local/lib/python3.8/site-packages/airflow/example_dags/example_task_group.py for tasks to queue
[2024-11-09T20:44:58.700+0000] {logging_mixin.py:154} INFO - [2024-11-09T20:44:58.699+0000] {dagbag.py:536} INFO - Filling up the DagBag from /home/airflow/.local/lib/python3.8/site-packages/airflow/example_dags/example_task_group.py
[2024-11-09T20:44:58.704+0000] {processor.py:839} INFO - DAG(s) dict_keys(['example_task_group']) retrieved from /home/airflow/.local/lib/python3.8/site-packages/airflow/example_dags/example_task_group.py
[2024-11-09T20:44:58.717+0000] {logging_mixin.py:154} INFO - [2024-11-09T20:44:58.717+0000] {dag.py:2941} INFO - Sync 1 DAGs
[2024-11-09T20:44:58.726+0000] {logging_mixin.py:154} INFO - [2024-11-09T20:44:58.726+0000] {dag.py:3722} INFO - Setting next_dagrun for example_task_group to 2024-11-08T20:44:58.726011+00:00, run_after=2024-11-09T20:44:58.726011+00:00
[2024-11-09T20:44:58.733+0000] {processor.py:179} INFO - Processing /home/airflow/.local/lib/python3.8/site-packages/airflow/example_dags/example_task_group.py took 0.036 seconds
[2024-11-09T20:45:29.129+0000] {processor.py:157} INFO - Started process (PID=1324) to work on /home/airflow/.local/lib/python3.8/site-packages/airflow/example_dags/example_task_group.py
[2024-11-09T20:45:29.129+0000] {processor.py:829} INFO - Processing file /home/airflow/.local/lib/python3.8/site-packages/airflow/example_dags/example_task_group.py for tasks to queue
[2024-11-09T20:45:29.129+0000] {logging_mixin.py:154} INFO - [2024-11-09T20:45:29.129+0000] {dagbag.py:536} INFO - Filling up the DagBag from /home/airflow/.local/lib/python3.8/site-packages/airflow/example_dags/example_task_group.py
[2024-11-09T20:45:29.134+0000] {processor.py:839} INFO - DAG(s) dict_keys(['example_task_group']) retrieved from /home/airflow/.local/lib/python3.8/site-packages/airflow/example_dags/example_task_group.py
[2024-11-09T20:45:29.145+0000] {logging_mixin.py:154} INFO - [2024-11-09T20:45:29.145+0000] {dag.py:2941} INFO - Sync 1 DAGs
[2024-11-09T20:45:29.154+0000] {logging_mixin.py:154} INFO - [2024-11-09T20:45:29.154+0000] {dag.py:3722} INFO - Setting next_dagrun for example_task_group to 2024-11-08T20:45:29.153918+00:00, run_after=2024-11-09T20:45:29.153918+00:00
[2024-11-09T20:45:29.163+0000] {processor.py:179} INFO - Processing /home/airflow/.local/lib/python3.8/site-packages/airflow/example_dags/example_task_group.py took 0.036 seconds
[2024-11-09T20:45:59.561+0000] {processor.py:157} INFO - Started process (PID=1562) to work on /home/airflow/.local/lib/python3.8/site-packages/airflow/example_dags/example_task_group.py
[2024-11-09T20:45:59.562+0000] {processor.py:829} INFO - Processing file /home/airflow/.local/lib/python3.8/site-packages/airflow/example_dags/example_task_group.py for tasks to queue
[2024-11-09T20:45:59.562+0000] {logging_mixin.py:154} INFO - [2024-11-09T20:45:59.562+0000] {dagbag.py:536} INFO - Filling up the DagBag from /home/airflow/.local/lib/python3.8/site-packages/airflow/example_dags/example_task_group.py
[2024-11-09T20:45:59.567+0000] {processor.py:839} INFO - DAG(s) dict_keys(['example_task_group']) retrieved from /home/airflow/.local/lib/python3.8/site-packages/airflow/example_dags/example_task_group.py
[2024-11-09T20:45:59.576+0000] {logging_mixin.py:154} INFO - [2024-11-09T20:45:59.576+0000] {dag.py:2941} INFO - Sync 1 DAGs
[2024-11-09T20:45:59.585+0000] {logging_mixin.py:154} INFO - [2024-11-09T20:45:59.585+0000] {dag.py:3722} INFO - Setting next_dagrun for example_task_group to 2024-11-08T20:45:59.585637+00:00, run_after=2024-11-09T20:45:59.585637+00:00
[2024-11-09T20:45:59.595+0000] {processor.py:179} INFO - Processing /home/airflow/.local/lib/python3.8/site-packages/airflow/example_dags/example_task_group.py took 0.035 seconds
[2024-11-09T20:46:29.899+0000] {processor.py:157} INFO - Started process (PID=1800) to work on /home/airflow/.local/lib/python3.8/site-packages/airflow/example_dags/example_task_group.py
[2024-11-09T20:46:29.899+0000] {processor.py:829} INFO - Processing file /home/airflow/.local/lib/python3.8/site-packages/airflow/example_dags/example_task_group.py for tasks to queue
[2024-11-09T20:46:29.900+0000] {logging_mixin.py:154} INFO - [2024-11-09T20:46:29.900+0000] {dagbag.py:536} INFO - Filling up the DagBag from /home/airflow/.local/lib/python3.8/site-packages/airflow/example_dags/example_task_group.py
[2024-11-09T20:46:29.904+0000] {processor.py:839} INFO - DAG(s) dict_keys(['example_task_group']) retrieved from /home/airflow/.local/lib/python3.8/site-packages/airflow/example_dags/example_task_group.py
[2024-11-09T20:46:29.917+0000] {logging_mixin.py:154} INFO - [2024-11-09T20:46:29.917+0000] {dag.py:2941} INFO - Sync 1 DAGs
[2024-11-09T20:46:29.925+0000] {logging_mixin.py:154} INFO - [2024-11-09T20:46:29.925+0000] {dag.py:3722} INFO - Setting next_dagrun for example_task_group to 2024-11-08T20:46:29.925785+00:00, run_after=2024-11-09T20:46:29.925785+00:00
[2024-11-09T20:46:29.932+0000] {processor.py:179} INFO - Processing /home/airflow/.local/lib/python3.8/site-packages/airflow/example_dags/example_task_group.py took 0.035 seconds
[2024-11-09T20:47:00.319+0000] {processor.py:157} INFO - Started process (PID=2038) to work on /home/airflow/.local/lib/python3.8/site-packages/airflow/example_dags/example_task_group.py
[2024-11-09T20:47:00.322+0000] {processor.py:829} INFO - Processing file /home/airflow/.local/lib/python3.8/site-packages/airflow/example_dags/example_task_group.py for tasks to queue
[2024-11-09T20:47:00.322+0000] {logging_mixin.py:154} INFO - [2024-11-09T20:47:00.322+0000] {dagbag.py:536} INFO - Filling up the DagBag from /home/airflow/.local/lib/python3.8/site-packages/airflow/example_dags/example_task_group.py
[2024-11-09T20:47:00.327+0000] {processor.py:839} INFO - DAG(s) dict_keys(['example_task_group']) retrieved from /home/airflow/.local/lib/python3.8/site-packages/airflow/example_dags/example_task_group.py
[2024-11-09T20:47:00.338+0000] {logging_mixin.py:154} INFO - [2024-11-09T20:47:00.338+0000] {dag.py:2941} INFO - Sync 1 DAGs
[2024-11-09T20:47:00.346+0000] {logging_mixin.py:154} INFO - [2024-11-09T20:47:00.346+0000] {dag.py:3722} INFO - Setting next_dagrun for example_task_group to 2024-11-08T20:47:00.346546+00:00, run_after=2024-11-09T20:47:00.346546+00:00
[2024-11-09T20:47:00.356+0000] {processor.py:179} INFO - Processing /home/airflow/.local/lib/python3.8/site-packages/airflow/example_dags/example_task_group.py took 0.039 seconds
[2024-11-09T20:47:30.757+0000] {processor.py:157} INFO - Started process (PID=2277) to work on /home/airflow/.local/lib/python3.8/site-packages/airflow/example_dags/example_task_group.py
[2024-11-09T20:47:30.757+0000] {processor.py:829} INFO - Processing file /home/airflow/.local/lib/python3.8/site-packages/airflow/example_dags/example_task_group.py for tasks to queue
[2024-11-09T20:47:30.758+0000] {logging_mixin.py:154} INFO - [2024-11-09T20:47:30.757+0000] {dagbag.py:536} INFO - Filling up the DagBag from /home/airflow/.local/lib/python3.8/site-packages/airflow/example_dags/example_task_group.py
[2024-11-09T20:47:30.761+0000] {processor.py:839} INFO - DAG(s) dict_keys(['example_task_group']) retrieved from /home/airflow/.local/lib/python3.8/site-packages/airflow/example_dags/example_task_group.py
[2024-11-09T20:47:30.771+0000] {logging_mixin.py:154} INFO - [2024-11-09T20:47:30.771+0000] {dag.py:2941} INFO - Sync 1 DAGs
[2024-11-09T20:47:30.781+0000] {logging_mixin.py:154} INFO - [2024-11-09T20:47:30.781+0000] {dag.py:3722} INFO - Setting next_dagrun for example_task_group to 2024-11-08T20:47:30.781095+00:00, run_after=2024-11-09T20:47:30.781095+00:00
[2024-11-09T20:47:30.790+0000] {processor.py:179} INFO - Processing /home/airflow/.local/lib/python3.8/site-packages/airflow/example_dags/example_task_group.py took 0.034 seconds
