[2024-11-09T20:43:25.922+0000] {processor.py:157} INFO - Started process (PID=232) to work on /home/airflow/.local/lib/python3.8/site-packages/airflow/example_dags/example_short_circuit_operator.py
[2024-11-09T20:43:25.923+0000] {processor.py:829} INFO - Processing file /home/airflow/.local/lib/python3.8/site-packages/airflow/example_dags/example_short_circuit_operator.py for tasks to queue
[2024-11-09T20:43:25.923+0000] {logging_mixin.py:154} INFO - [2024-11-09T20:43:25.923+0000] {dagbag.py:536} INFO - Filling up the DagBag from /home/airflow/.local/lib/python3.8/site-packages/airflow/example_dags/example_short_circuit_operator.py
[2024-11-09T20:43:25.929+0000] {processor.py:839} INFO - DAG(s) dict_keys(['example_short_circuit_operator']) retrieved from /home/airflow/.local/lib/python3.8/site-packages/airflow/example_dags/example_short_circuit_operator.py
[2024-11-09T20:43:25.983+0000] {logging_mixin.py:154} INFO - [2024-11-09T20:43:25.983+0000] {manager.py:499} INFO - Created Permission View: %s
[2024-11-09T20:43:25.994+0000] {logging_mixin.py:154} INFO - [2024-11-09T20:43:25.994+0000] {manager.py:499} INFO - Created Permission View: %s
[2024-11-09T20:43:26.000+0000] {logging_mixin.py:154} INFO - [2024-11-09T20:43:26.000+0000] {manager.py:499} INFO - Created Permission View: %s
[2024-11-09T20:43:26.002+0000] {logging_mixin.py:154} INFO - [2024-11-09T20:43:26.002+0000] {dag.py:2941} INFO - Sync 1 DAGs
[2024-11-09T20:43:26.014+0000] {logging_mixin.py:154} INFO - [2024-11-09T20:43:26.014+0000] {dag.py:2963} INFO - Creating ORM DAG for example_short_circuit_operator
[2024-11-09T20:43:26.025+0000] {logging_mixin.py:154} INFO - [2024-11-09T20:43:26.025+0000] {dag.py:3722} INFO - Setting next_dagrun for example_short_circuit_operator to 2024-11-08T20:43:26.025619+00:00, run_after=2024-11-09T20:43:26.025619+00:00
[2024-11-09T20:43:26.054+0000] {processor.py:179} INFO - Processing /home/airflow/.local/lib/python3.8/site-packages/airflow/example_dags/example_short_circuit_operator.py took 0.134 seconds
[2024-11-09T20:43:56.980+0000] {processor.py:157} INFO - Started process (PID=470) to work on /home/airflow/.local/lib/python3.8/site-packages/airflow/example_dags/example_short_circuit_operator.py
[2024-11-09T20:43:56.981+0000] {processor.py:829} INFO - Processing file /home/airflow/.local/lib/python3.8/site-packages/airflow/example_dags/example_short_circuit_operator.py for tasks to queue
[2024-11-09T20:43:56.982+0000] {logging_mixin.py:154} INFO - [2024-11-09T20:43:56.982+0000] {dagbag.py:536} INFO - Filling up the DagBag from /home/airflow/.local/lib/python3.8/site-packages/airflow/example_dags/example_short_circuit_operator.py
[2024-11-09T20:43:56.992+0000] {processor.py:839} INFO - DAG(s) dict_keys(['example_short_circuit_operator']) retrieved from /home/airflow/.local/lib/python3.8/site-packages/airflow/example_dags/example_short_circuit_operator.py
[2024-11-09T20:43:57.005+0000] {logging_mixin.py:154} INFO - [2024-11-09T20:43:57.004+0000] {dag.py:2941} INFO - Sync 1 DAGs
[2024-11-09T20:43:57.014+0000] {logging_mixin.py:154} INFO - [2024-11-09T20:43:57.014+0000] {dag.py:3722} INFO - Setting next_dagrun for example_short_circuit_operator to 2024-11-08T20:43:57.014447+00:00, run_after=2024-11-09T20:43:57.014447+00:00
[2024-11-09T20:43:57.027+0000] {processor.py:179} INFO - Processing /home/airflow/.local/lib/python3.8/site-packages/airflow/example_dags/example_short_circuit_operator.py took 0.049 seconds
[2024-11-09T20:44:27.448+0000] {processor.py:157} INFO - Started process (PID=708) to work on /home/airflow/.local/lib/python3.8/site-packages/airflow/example_dags/example_short_circuit_operator.py
[2024-11-09T20:44:27.452+0000] {processor.py:829} INFO - Processing file /home/airflow/.local/lib/python3.8/site-packages/airflow/example_dags/example_short_circuit_operator.py for tasks to queue
[2024-11-09T20:44:27.452+0000] {logging_mixin.py:154} INFO - [2024-11-09T20:44:27.452+0000] {dagbag.py:536} INFO - Filling up the DagBag from /home/airflow/.local/lib/python3.8/site-packages/airflow/example_dags/example_short_circuit_operator.py
[2024-11-09T20:44:27.459+0000] {processor.py:839} INFO - DAG(s) dict_keys(['example_short_circuit_operator']) retrieved from /home/airflow/.local/lib/python3.8/site-packages/airflow/example_dags/example_short_circuit_operator.py
[2024-11-09T20:44:27.476+0000] {logging_mixin.py:154} INFO - [2024-11-09T20:44:27.476+0000] {dag.py:2941} INFO - Sync 1 DAGs
[2024-11-09T20:44:27.487+0000] {logging_mixin.py:154} INFO - [2024-11-09T20:44:27.487+0000] {dag.py:3722} INFO - Setting next_dagrun for example_short_circuit_operator to 2024-11-08T20:44:27.487214+00:00, run_after=2024-11-09T20:44:27.487214+00:00
[2024-11-09T20:44:27.497+0000] {processor.py:179} INFO - Processing /home/airflow/.local/lib/python3.8/site-packages/airflow/example_dags/example_short_circuit_operator.py took 0.052 seconds
[2024-11-09T20:44:57.867+0000] {processor.py:157} INFO - Started process (PID=946) to work on /home/airflow/.local/lib/python3.8/site-packages/airflow/example_dags/example_short_circuit_operator.py
[2024-11-09T20:44:57.871+0000] {processor.py:829} INFO - Processing file /home/airflow/.local/lib/python3.8/site-packages/airflow/example_dags/example_short_circuit_operator.py for tasks to queue
[2024-11-09T20:44:57.871+0000] {logging_mixin.py:154} INFO - [2024-11-09T20:44:57.871+0000] {dagbag.py:536} INFO - Filling up the DagBag from /home/airflow/.local/lib/python3.8/site-packages/airflow/example_dags/example_short_circuit_operator.py
[2024-11-09T20:44:57.877+0000] {processor.py:839} INFO - DAG(s) dict_keys(['example_short_circuit_operator']) retrieved from /home/airflow/.local/lib/python3.8/site-packages/airflow/example_dags/example_short_circuit_operator.py
[2024-11-09T20:44:57.891+0000] {logging_mixin.py:154} INFO - [2024-11-09T20:44:57.891+0000] {dag.py:2941} INFO - Sync 1 DAGs
[2024-11-09T20:44:57.900+0000] {logging_mixin.py:154} INFO - [2024-11-09T20:44:57.900+0000] {dag.py:3722} INFO - Setting next_dagrun for example_short_circuit_operator to 2024-11-08T20:44:57.900757+00:00, run_after=2024-11-09T20:44:57.900757+00:00
[2024-11-09T20:44:57.911+0000] {processor.py:179} INFO - Processing /home/airflow/.local/lib/python3.8/site-packages/airflow/example_dags/example_short_circuit_operator.py took 0.046 seconds
[2024-11-09T20:45:28.331+0000] {processor.py:157} INFO - Started process (PID=1184) to work on /home/airflow/.local/lib/python3.8/site-packages/airflow/example_dags/example_short_circuit_operator.py
[2024-11-09T20:45:28.332+0000] {processor.py:829} INFO - Processing file /home/airflow/.local/lib/python3.8/site-packages/airflow/example_dags/example_short_circuit_operator.py for tasks to queue
[2024-11-09T20:45:28.332+0000] {logging_mixin.py:154} INFO - [2024-11-09T20:45:28.332+0000] {dagbag.py:536} INFO - Filling up the DagBag from /home/airflow/.local/lib/python3.8/site-packages/airflow/example_dags/example_short_circuit_operator.py
[2024-11-09T20:45:28.338+0000] {processor.py:839} INFO - DAG(s) dict_keys(['example_short_circuit_operator']) retrieved from /home/airflow/.local/lib/python3.8/site-packages/airflow/example_dags/example_short_circuit_operator.py
[2024-11-09T20:45:28.353+0000] {logging_mixin.py:154} INFO - [2024-11-09T20:45:28.353+0000] {dag.py:2941} INFO - Sync 1 DAGs
[2024-11-09T20:45:28.364+0000] {logging_mixin.py:154} INFO - [2024-11-09T20:45:28.363+0000] {dag.py:3722} INFO - Setting next_dagrun for example_short_circuit_operator to 2024-11-08T20:45:28.363772+00:00, run_after=2024-11-09T20:45:28.363772+00:00
[2024-11-09T20:45:28.374+0000] {processor.py:179} INFO - Processing /home/airflow/.local/lib/python3.8/site-packages/airflow/example_dags/example_short_circuit_operator.py took 0.045 seconds
[2024-11-09T20:45:58.797+0000] {processor.py:157} INFO - Started process (PID=1422) to work on /home/airflow/.local/lib/python3.8/site-packages/airflow/example_dags/example_short_circuit_operator.py
[2024-11-09T20:45:58.797+0000] {processor.py:829} INFO - Processing file /home/airflow/.local/lib/python3.8/site-packages/airflow/example_dags/example_short_circuit_operator.py for tasks to queue
[2024-11-09T20:45:58.798+0000] {logging_mixin.py:154} INFO - [2024-11-09T20:45:58.798+0000] {dagbag.py:536} INFO - Filling up the DagBag from /home/airflow/.local/lib/python3.8/site-packages/airflow/example_dags/example_short_circuit_operator.py
[2024-11-09T20:45:58.803+0000] {processor.py:839} INFO - DAG(s) dict_keys(['example_short_circuit_operator']) retrieved from /home/airflow/.local/lib/python3.8/site-packages/airflow/example_dags/example_short_circuit_operator.py
[2024-11-09T20:45:58.816+0000] {logging_mixin.py:154} INFO - [2024-11-09T20:45:58.816+0000] {dag.py:2941} INFO - Sync 1 DAGs
[2024-11-09T20:45:58.825+0000] {logging_mixin.py:154} INFO - [2024-11-09T20:45:58.825+0000] {dag.py:3722} INFO - Setting next_dagrun for example_short_circuit_operator to 2024-11-08T20:45:58.825587+00:00, run_after=2024-11-09T20:45:58.825587+00:00
[2024-11-09T20:45:58.838+0000] {processor.py:179} INFO - Processing /home/airflow/.local/lib/python3.8/site-packages/airflow/example_dags/example_short_circuit_operator.py took 0.042 seconds
[2024-11-09T20:46:29.143+0000] {processor.py:157} INFO - Started process (PID=1660) to work on /home/airflow/.local/lib/python3.8/site-packages/airflow/example_dags/example_short_circuit_operator.py
[2024-11-09T20:46:29.145+0000] {processor.py:829} INFO - Processing file /home/airflow/.local/lib/python3.8/site-packages/airflow/example_dags/example_short_circuit_operator.py for tasks to queue
[2024-11-09T20:46:29.145+0000] {logging_mixin.py:154} INFO - [2024-11-09T20:46:29.145+0000] {dagbag.py:536} INFO - Filling up the DagBag from /home/airflow/.local/lib/python3.8/site-packages/airflow/example_dags/example_short_circuit_operator.py
[2024-11-09T20:46:29.149+0000] {processor.py:839} INFO - DAG(s) dict_keys(['example_short_circuit_operator']) retrieved from /home/airflow/.local/lib/python3.8/site-packages/airflow/example_dags/example_short_circuit_operator.py
[2024-11-09T20:46:29.161+0000] {logging_mixin.py:154} INFO - [2024-11-09T20:46:29.161+0000] {dag.py:2941} INFO - Sync 1 DAGs
[2024-11-09T20:46:29.170+0000] {logging_mixin.py:154} INFO - [2024-11-09T20:46:29.170+0000] {dag.py:3722} INFO - Setting next_dagrun for example_short_circuit_operator to 2024-11-08T20:46:29.170336+00:00, run_after=2024-11-09T20:46:29.170336+00:00
[2024-11-09T20:46:29.181+0000] {processor.py:179} INFO - Processing /home/airflow/.local/lib/python3.8/site-packages/airflow/example_dags/example_short_circuit_operator.py took 0.039 seconds
[2024-11-09T20:46:59.576+0000] {processor.py:157} INFO - Started process (PID=1898) to work on /home/airflow/.local/lib/python3.8/site-packages/airflow/example_dags/example_short_circuit_operator.py
[2024-11-09T20:46:59.577+0000] {processor.py:829} INFO - Processing file /home/airflow/.local/lib/python3.8/site-packages/airflow/example_dags/example_short_circuit_operator.py for tasks to queue
[2024-11-09T20:46:59.579+0000] {logging_mixin.py:154} INFO - [2024-11-09T20:46:59.579+0000] {dagbag.py:536} INFO - Filling up the DagBag from /home/airflow/.local/lib/python3.8/site-packages/airflow/example_dags/example_short_circuit_operator.py
[2024-11-09T20:46:59.584+0000] {processor.py:839} INFO - DAG(s) dict_keys(['example_short_circuit_operator']) retrieved from /home/airflow/.local/lib/python3.8/site-packages/airflow/example_dags/example_short_circuit_operator.py
[2024-11-09T20:46:59.596+0000] {logging_mixin.py:154} INFO - [2024-11-09T20:46:59.596+0000] {dag.py:2941} INFO - Sync 1 DAGs
[2024-11-09T20:46:59.606+0000] {logging_mixin.py:154} INFO - [2024-11-09T20:46:59.606+0000] {dag.py:3722} INFO - Setting next_dagrun for example_short_circuit_operator to 2024-11-08T20:46:59.605911+00:00, run_after=2024-11-09T20:46:59.605911+00:00
[2024-11-09T20:46:59.614+0000] {processor.py:179} INFO - Processing /home/airflow/.local/lib/python3.8/site-packages/airflow/example_dags/example_short_circuit_operator.py took 0.040 seconds
[2024-11-09T20:47:29.960+0000] {processor.py:157} INFO - Started process (PID=2136) to work on /home/airflow/.local/lib/python3.8/site-packages/airflow/example_dags/example_short_circuit_operator.py
[2024-11-09T20:47:29.965+0000] {processor.py:829} INFO - Processing file /home/airflow/.local/lib/python3.8/site-packages/airflow/example_dags/example_short_circuit_operator.py for tasks to queue
[2024-11-09T20:47:29.966+0000] {logging_mixin.py:154} INFO - [2024-11-09T20:47:29.965+0000] {dagbag.py:536} INFO - Filling up the DagBag from /home/airflow/.local/lib/python3.8/site-packages/airflow/example_dags/example_short_circuit_operator.py
[2024-11-09T20:47:29.970+0000] {processor.py:839} INFO - DAG(s) dict_keys(['example_short_circuit_operator']) retrieved from /home/airflow/.local/lib/python3.8/site-packages/airflow/example_dags/example_short_circuit_operator.py
[2024-11-09T20:47:29.987+0000] {logging_mixin.py:154} INFO - [2024-11-09T20:47:29.987+0000] {dag.py:2941} INFO - Sync 1 DAGs
[2024-11-09T20:47:29.997+0000] {logging_mixin.py:154} INFO - [2024-11-09T20:47:29.997+0000] {dag.py:3722} INFO - Setting next_dagrun for example_short_circuit_operator to 2024-11-08T20:47:29.997127+00:00, run_after=2024-11-09T20:47:29.997127+00:00
[2024-11-09T20:47:30.006+0000] {processor.py:179} INFO - Processing /home/airflow/.local/lib/python3.8/site-packages/airflow/example_dags/example_short_circuit_operator.py took 0.050 seconds
