[2024-11-09T20:43:26.389+0000] {processor.py:157} INFO - Started process (PID=267) to work on /home/airflow/.local/lib/python3.8/site-packages/airflow/example_dags/example_sensor_decorator.py
[2024-11-09T20:43:26.390+0000] {processor.py:829} INFO - Processing file /home/airflow/.local/lib/python3.8/site-packages/airflow/example_dags/example_sensor_decorator.py for tasks to queue
[2024-11-09T20:43:26.390+0000] {logging_mixin.py:154} INFO - [2024-11-09T20:43:26.390+0000] {dagbag.py:536} INFO - Filling up the DagBag from /home/airflow/.local/lib/python3.8/site-packages/airflow/example_dags/example_sensor_decorator.py
[2024-11-09T20:43:26.395+0000] {processor.py:839} INFO - DAG(s) dict_keys(['example_sensor_decorator']) retrieved from /home/airflow/.local/lib/python3.8/site-packages/airflow/example_dags/example_sensor_decorator.py
[2024-11-09T20:43:26.446+0000] {logging_mixin.py:154} INFO - [2024-11-09T20:43:26.446+0000] {manager.py:499} INFO - Created Permission View: %s
[2024-11-09T20:43:26.454+0000] {logging_mixin.py:154} INFO - [2024-11-09T20:43:26.454+0000] {manager.py:499} INFO - Created Permission View: %s
[2024-11-09T20:43:26.461+0000] {logging_mixin.py:154} INFO - [2024-11-09T20:43:26.461+0000] {manager.py:499} INFO - Created Permission View: %s
[2024-11-09T20:43:26.461+0000] {logging_mixin.py:154} INFO - [2024-11-09T20:43:26.461+0000] {dag.py:2941} INFO - Sync 1 DAGs
[2024-11-09T20:43:26.467+0000] {logging_mixin.py:154} INFO - [2024-11-09T20:43:26.467+0000] {dag.py:2963} INFO - Creating ORM DAG for example_sensor_decorator
[2024-11-09T20:43:26.469+0000] {logging_mixin.py:154} INFO - [2024-11-09T20:43:26.469+0000] {dag.py:3722} INFO - Setting next_dagrun for example_sensor_decorator to None, run_after=None
[2024-11-09T20:43:26.475+0000] {processor.py:179} INFO - Processing /home/airflow/.local/lib/python3.8/site-packages/airflow/example_dags/example_sensor_decorator.py took 0.088 seconds
[2024-11-09T20:43:57.224+0000] {processor.py:157} INFO - Started process (PID=505) to work on /home/airflow/.local/lib/python3.8/site-packages/airflow/example_dags/example_sensor_decorator.py
[2024-11-09T20:43:57.225+0000] {processor.py:829} INFO - Processing file /home/airflow/.local/lib/python3.8/site-packages/airflow/example_dags/example_sensor_decorator.py for tasks to queue
[2024-11-09T20:43:57.225+0000] {logging_mixin.py:154} INFO - [2024-11-09T20:43:57.225+0000] {dagbag.py:536} INFO - Filling up the DagBag from /home/airflow/.local/lib/python3.8/site-packages/airflow/example_dags/example_sensor_decorator.py
[2024-11-09T20:43:57.229+0000] {processor.py:839} INFO - DAG(s) dict_keys(['example_sensor_decorator']) retrieved from /home/airflow/.local/lib/python3.8/site-packages/airflow/example_dags/example_sensor_decorator.py
[2024-11-09T20:43:57.241+0000] {logging_mixin.py:154} INFO - [2024-11-09T20:43:57.241+0000] {dag.py:2941} INFO - Sync 1 DAGs
[2024-11-09T20:43:57.247+0000] {logging_mixin.py:154} INFO - [2024-11-09T20:43:57.247+0000] {dag.py:3722} INFO - Setting next_dagrun for example_sensor_decorator to None, run_after=None
[2024-11-09T20:43:57.258+0000] {processor.py:179} INFO - Processing /home/airflow/.local/lib/python3.8/site-packages/airflow/example_dags/example_sensor_decorator.py took 0.035 seconds
[2024-11-09T20:44:27.701+0000] {processor.py:157} INFO - Started process (PID=745) to work on /home/airflow/.local/lib/python3.8/site-packages/airflow/example_dags/example_sensor_decorator.py
[2024-11-09T20:44:27.702+0000] {processor.py:829} INFO - Processing file /home/airflow/.local/lib/python3.8/site-packages/airflow/example_dags/example_sensor_decorator.py for tasks to queue
[2024-11-09T20:44:27.702+0000] {logging_mixin.py:154} INFO - [2024-11-09T20:44:27.702+0000] {dagbag.py:536} INFO - Filling up the DagBag from /home/airflow/.local/lib/python3.8/site-packages/airflow/example_dags/example_sensor_decorator.py
[2024-11-09T20:44:27.705+0000] {processor.py:839} INFO - DAG(s) dict_keys(['example_sensor_decorator']) retrieved from /home/airflow/.local/lib/python3.8/site-packages/airflow/example_dags/example_sensor_decorator.py
[2024-11-09T20:44:27.715+0000] {logging_mixin.py:154} INFO - [2024-11-09T20:44:27.715+0000] {dag.py:2941} INFO - Sync 1 DAGs
[2024-11-09T20:44:27.722+0000] {logging_mixin.py:154} INFO - [2024-11-09T20:44:27.722+0000] {dag.py:3722} INFO - Setting next_dagrun for example_sensor_decorator to None, run_after=None
[2024-11-09T20:44:27.731+0000] {processor.py:179} INFO - Processing /home/airflow/.local/lib/python3.8/site-packages/airflow/example_dags/example_sensor_decorator.py took 0.032 seconds
[2024-11-09T20:44:58.102+0000] {processor.py:157} INFO - Started process (PID=981) to work on /home/airflow/.local/lib/python3.8/site-packages/airflow/example_dags/example_sensor_decorator.py
[2024-11-09T20:44:58.103+0000] {processor.py:829} INFO - Processing file /home/airflow/.local/lib/python3.8/site-packages/airflow/example_dags/example_sensor_decorator.py for tasks to queue
[2024-11-09T20:44:58.105+0000] {logging_mixin.py:154} INFO - [2024-11-09T20:44:58.105+0000] {dagbag.py:536} INFO - Filling up the DagBag from /home/airflow/.local/lib/python3.8/site-packages/airflow/example_dags/example_sensor_decorator.py
[2024-11-09T20:44:58.110+0000] {processor.py:839} INFO - DAG(s) dict_keys(['example_sensor_decorator']) retrieved from /home/airflow/.local/lib/python3.8/site-packages/airflow/example_dags/example_sensor_decorator.py
[2024-11-09T20:44:58.120+0000] {logging_mixin.py:154} INFO - [2024-11-09T20:44:58.120+0000] {dag.py:2941} INFO - Sync 1 DAGs
[2024-11-09T20:44:58.127+0000] {logging_mixin.py:154} INFO - [2024-11-09T20:44:58.127+0000] {dag.py:3722} INFO - Setting next_dagrun for example_sensor_decorator to None, run_after=None
[2024-11-09T20:44:58.134+0000] {processor.py:179} INFO - Processing /home/airflow/.local/lib/python3.8/site-packages/airflow/example_dags/example_sensor_decorator.py took 0.033 seconds
[2024-11-09T20:45:28.556+0000] {processor.py:157} INFO - Started process (PID=1219) to work on /home/airflow/.local/lib/python3.8/site-packages/airflow/example_dags/example_sensor_decorator.py
[2024-11-09T20:45:28.556+0000] {processor.py:829} INFO - Processing file /home/airflow/.local/lib/python3.8/site-packages/airflow/example_dags/example_sensor_decorator.py for tasks to queue
[2024-11-09T20:45:28.556+0000] {logging_mixin.py:154} INFO - [2024-11-09T20:45:28.556+0000] {dagbag.py:536} INFO - Filling up the DagBag from /home/airflow/.local/lib/python3.8/site-packages/airflow/example_dags/example_sensor_decorator.py
[2024-11-09T20:45:28.560+0000] {processor.py:839} INFO - DAG(s) dict_keys(['example_sensor_decorator']) retrieved from /home/airflow/.local/lib/python3.8/site-packages/airflow/example_dags/example_sensor_decorator.py
[2024-11-09T20:45:28.570+0000] {logging_mixin.py:154} INFO - [2024-11-09T20:45:28.570+0000] {dag.py:2941} INFO - Sync 1 DAGs
[2024-11-09T20:45:28.576+0000] {logging_mixin.py:154} INFO - [2024-11-09T20:45:28.575+0000] {dag.py:3722} INFO - Setting next_dagrun for example_sensor_decorator to None, run_after=None
[2024-11-09T20:45:28.584+0000] {processor.py:179} INFO - Processing /home/airflow/.local/lib/python3.8/site-packages/airflow/example_dags/example_sensor_decorator.py took 0.030 seconds
[2024-11-09T20:45:59.028+0000] {processor.py:157} INFO - Started process (PID=1457) to work on /home/airflow/.local/lib/python3.8/site-packages/airflow/example_dags/example_sensor_decorator.py
[2024-11-09T20:45:59.029+0000] {processor.py:829} INFO - Processing file /home/airflow/.local/lib/python3.8/site-packages/airflow/example_dags/example_sensor_decorator.py for tasks to queue
[2024-11-09T20:45:59.030+0000] {logging_mixin.py:154} INFO - [2024-11-09T20:45:59.030+0000] {dagbag.py:536} INFO - Filling up the DagBag from /home/airflow/.local/lib/python3.8/site-packages/airflow/example_dags/example_sensor_decorator.py
[2024-11-09T20:45:59.033+0000] {processor.py:839} INFO - DAG(s) dict_keys(['example_sensor_decorator']) retrieved from /home/airflow/.local/lib/python3.8/site-packages/airflow/example_dags/example_sensor_decorator.py
[2024-11-09T20:45:59.043+0000] {logging_mixin.py:154} INFO - [2024-11-09T20:45:59.043+0000] {dag.py:2941} INFO - Sync 1 DAGs
[2024-11-09T20:45:59.049+0000] {logging_mixin.py:154} INFO - [2024-11-09T20:45:59.049+0000] {dag.py:3722} INFO - Setting next_dagrun for example_sensor_decorator to None, run_after=None
[2024-11-09T20:45:59.059+0000] {processor.py:179} INFO - Processing /home/airflow/.local/lib/python3.8/site-packages/airflow/example_dags/example_sensor_decorator.py took 0.033 seconds
[2024-11-09T20:46:29.366+0000] {processor.py:157} INFO - Started process (PID=1697) to work on /home/airflow/.local/lib/python3.8/site-packages/airflow/example_dags/example_sensor_decorator.py
[2024-11-09T20:46:29.367+0000] {processor.py:829} INFO - Processing file /home/airflow/.local/lib/python3.8/site-packages/airflow/example_dags/example_sensor_decorator.py for tasks to queue
[2024-11-09T20:46:29.367+0000] {logging_mixin.py:154} INFO - [2024-11-09T20:46:29.367+0000] {dagbag.py:536} INFO - Filling up the DagBag from /home/airflow/.local/lib/python3.8/site-packages/airflow/example_dags/example_sensor_decorator.py
[2024-11-09T20:46:29.369+0000] {processor.py:839} INFO - DAG(s) dict_keys(['example_sensor_decorator']) retrieved from /home/airflow/.local/lib/python3.8/site-packages/airflow/example_dags/example_sensor_decorator.py
[2024-11-09T20:46:29.378+0000] {logging_mixin.py:154} INFO - [2024-11-09T20:46:29.378+0000] {dag.py:2941} INFO - Sync 1 DAGs
[2024-11-09T20:46:29.382+0000] {logging_mixin.py:154} INFO - [2024-11-09T20:46:29.382+0000] {dag.py:3722} INFO - Setting next_dagrun for example_sensor_decorator to None, run_after=None
[2024-11-09T20:46:29.389+0000] {processor.py:179} INFO - Processing /home/airflow/.local/lib/python3.8/site-packages/airflow/example_dags/example_sensor_decorator.py took 0.024 seconds
[2024-11-09T20:46:59.802+0000] {processor.py:157} INFO - Started process (PID=1935) to work on /home/airflow/.local/lib/python3.8/site-packages/airflow/example_dags/example_sensor_decorator.py
[2024-11-09T20:46:59.803+0000] {processor.py:829} INFO - Processing file /home/airflow/.local/lib/python3.8/site-packages/airflow/example_dags/example_sensor_decorator.py for tasks to queue
[2024-11-09T20:46:59.803+0000] {logging_mixin.py:154} INFO - [2024-11-09T20:46:59.803+0000] {dagbag.py:536} INFO - Filling up the DagBag from /home/airflow/.local/lib/python3.8/site-packages/airflow/example_dags/example_sensor_decorator.py
[2024-11-09T20:46:59.806+0000] {processor.py:839} INFO - DAG(s) dict_keys(['example_sensor_decorator']) retrieved from /home/airflow/.local/lib/python3.8/site-packages/airflow/example_dags/example_sensor_decorator.py
[2024-11-09T20:46:59.817+0000] {logging_mixin.py:154} INFO - [2024-11-09T20:46:59.817+0000] {dag.py:2941} INFO - Sync 1 DAGs
[2024-11-09T20:46:59.823+0000] {logging_mixin.py:154} INFO - [2024-11-09T20:46:59.823+0000] {dag.py:3722} INFO - Setting next_dagrun for example_sensor_decorator to None, run_after=None
[2024-11-09T20:46:59.831+0000] {processor.py:179} INFO - Processing /home/airflow/.local/lib/python3.8/site-packages/airflow/example_dags/example_sensor_decorator.py took 0.030 seconds
[2024-11-09T20:47:30.213+0000] {processor.py:157} INFO - Started process (PID=2171) to work on /home/airflow/.local/lib/python3.8/site-packages/airflow/example_dags/example_sensor_decorator.py
[2024-11-09T20:47:30.213+0000] {processor.py:829} INFO - Processing file /home/airflow/.local/lib/python3.8/site-packages/airflow/example_dags/example_sensor_decorator.py for tasks to queue
[2024-11-09T20:47:30.214+0000] {logging_mixin.py:154} INFO - [2024-11-09T20:47:30.214+0000] {dagbag.py:536} INFO - Filling up the DagBag from /home/airflow/.local/lib/python3.8/site-packages/airflow/example_dags/example_sensor_decorator.py
[2024-11-09T20:47:30.217+0000] {processor.py:839} INFO - DAG(s) dict_keys(['example_sensor_decorator']) retrieved from /home/airflow/.local/lib/python3.8/site-packages/airflow/example_dags/example_sensor_decorator.py
[2024-11-09T20:47:30.225+0000] {logging_mixin.py:154} INFO - [2024-11-09T20:47:30.225+0000] {dag.py:2941} INFO - Sync 1 DAGs
[2024-11-09T20:47:30.230+0000] {logging_mixin.py:154} INFO - [2024-11-09T20:47:30.230+0000] {dag.py:3722} INFO - Setting next_dagrun for example_sensor_decorator to None, run_after=None
[2024-11-09T20:47:30.240+0000] {processor.py:179} INFO - Processing /home/airflow/.local/lib/python3.8/site-packages/airflow/example_dags/example_sensor_decorator.py took 0.028 seconds
