[2024-11-09T20:43:26.897+0000] {processor.py:157} INFO - Started process (PID=317) to work on /home/airflow/.local/lib/python3.8/site-packages/airflow/example_dags/example_datasets.py
[2024-11-09T20:43:26.898+0000] {processor.py:829} INFO - Processing file /home/airflow/.local/lib/python3.8/site-packages/airflow/example_dags/example_datasets.py for tasks to queue
[2024-11-09T20:43:26.898+0000] {logging_mixin.py:154} INFO - [2024-11-09T20:43:26.898+0000] {dagbag.py:536} INFO - Filling up the DagBag from /home/airflow/.local/lib/python3.8/site-packages/airflow/example_dags/example_datasets.py
[2024-11-09T20:43:26.905+0000] {processor.py:839} INFO - DAG(s) dict_keys(['dataset_consumes_unknown_never_scheduled', 'dataset_consumes_1_and_2', 'dataset_produces_1', 'dataset_consumes_1', 'dataset_consumes_1_never_scheduled', 'dataset_produces_2']) retrieved from /home/airflow/.local/lib/python3.8/site-packages/airflow/example_dags/example_datasets.py
[2024-11-09T20:43:26.960+0000] {logging_mixin.py:154} INFO - [2024-11-09T20:43:26.960+0000] {manager.py:499} INFO - Created Permission View: %s
[2024-11-09T20:43:26.966+0000] {logging_mixin.py:154} INFO - [2024-11-09T20:43:26.966+0000] {manager.py:499} INFO - Created Permission View: %s
[2024-11-09T20:43:26.969+0000] {logging_mixin.py:154} INFO - [2024-11-09T20:43:26.969+0000] {manager.py:499} INFO - Created Permission View: %s
[2024-11-09T20:43:26.975+0000] {logging_mixin.py:154} INFO - [2024-11-09T20:43:26.975+0000] {manager.py:499} INFO - Created Permission View: %s
[2024-11-09T20:43:26.980+0000] {logging_mixin.py:154} INFO - [2024-11-09T20:43:26.979+0000] {manager.py:499} INFO - Created Permission View: %s
[2024-11-09T20:43:26.986+0000] {logging_mixin.py:154} INFO - [2024-11-09T20:43:26.986+0000] {manager.py:499} INFO - Created Permission View: %s
[2024-11-09T20:43:26.996+0000] {logging_mixin.py:154} INFO - [2024-11-09T20:43:26.996+0000] {manager.py:499} INFO - Created Permission View: %s
[2024-11-09T20:43:27.003+0000] {logging_mixin.py:154} INFO - [2024-11-09T20:43:27.003+0000] {manager.py:499} INFO - Created Permission View: %s
[2024-11-09T20:43:27.008+0000] {logging_mixin.py:154} INFO - [2024-11-09T20:43:27.008+0000] {manager.py:499} INFO - Created Permission View: %s
[2024-11-09T20:43:27.018+0000] {logging_mixin.py:154} INFO - [2024-11-09T20:43:27.018+0000] {manager.py:499} INFO - Created Permission View: %s
[2024-11-09T20:43:27.024+0000] {logging_mixin.py:154} INFO - [2024-11-09T20:43:27.024+0000] {manager.py:499} INFO - Created Permission View: %s
[2024-11-09T20:43:27.028+0000] {logging_mixin.py:154} INFO - [2024-11-09T20:43:27.028+0000] {manager.py:499} INFO - Created Permission View: %s
[2024-11-09T20:43:27.035+0000] {logging_mixin.py:154} INFO - [2024-11-09T20:43:27.035+0000] {manager.py:499} INFO - Created Permission View: %s
[2024-11-09T20:43:27.038+0000] {logging_mixin.py:154} INFO - [2024-11-09T20:43:27.038+0000] {manager.py:499} INFO - Created Permission View: %s
[2024-11-09T20:43:27.043+0000] {logging_mixin.py:154} INFO - [2024-11-09T20:43:27.042+0000] {manager.py:499} INFO - Created Permission View: %s
[2024-11-09T20:43:27.051+0000] {logging_mixin.py:154} INFO - [2024-11-09T20:43:27.050+0000] {manager.py:499} INFO - Created Permission View: %s
[2024-11-09T20:43:27.053+0000] {logging_mixin.py:154} INFO - [2024-11-09T20:43:27.053+0000] {manager.py:499} INFO - Created Permission View: %s
[2024-11-09T20:43:27.057+0000] {logging_mixin.py:154} INFO - [2024-11-09T20:43:27.057+0000] {manager.py:499} INFO - Created Permission View: %s
[2024-11-09T20:43:27.057+0000] {logging_mixin.py:154} INFO - [2024-11-09T20:43:27.057+0000] {dag.py:2941} INFO - Sync 6 DAGs
[2024-11-09T20:43:27.062+0000] {logging_mixin.py:154} INFO - [2024-11-09T20:43:27.062+0000] {dag.py:2963} INFO - Creating ORM DAG for dataset_produces_2
[2024-11-09T20:43:27.062+0000] {logging_mixin.py:154} INFO - [2024-11-09T20:43:27.062+0000] {dag.py:2963} INFO - Creating ORM DAG for dataset_consumes_1_never_scheduled
[2024-11-09T20:43:27.063+0000] {logging_mixin.py:154} INFO - [2024-11-09T20:43:27.063+0000] {dag.py:2963} INFO - Creating ORM DAG for dataset_consumes_1
[2024-11-09T20:43:27.063+0000] {logging_mixin.py:154} INFO - [2024-11-09T20:43:27.063+0000] {dag.py:2963} INFO - Creating ORM DAG for dataset_produces_1
[2024-11-09T20:43:27.064+0000] {logging_mixin.py:154} INFO - [2024-11-09T20:43:27.063+0000] {dag.py:2963} INFO - Creating ORM DAG for dataset_consumes_unknown_never_scheduled
[2024-11-09T20:43:27.064+0000] {logging_mixin.py:154} INFO - [2024-11-09T20:43:27.064+0000] {dag.py:2963} INFO - Creating ORM DAG for dataset_consumes_1_and_2
[2024-11-09T20:43:27.068+0000] {logging_mixin.py:154} INFO - [2024-11-09T20:43:27.068+0000] {dag.py:3722} INFO - Setting next_dagrun for dataset_consumes_1 to None, run_after=None
[2024-11-09T20:43:27.068+0000] {logging_mixin.py:154} INFO - [2024-11-09T20:43:27.068+0000] {dag.py:3722} INFO - Setting next_dagrun for dataset_consumes_1_and_2 to None, run_after=None
[2024-11-09T20:43:27.068+0000] {logging_mixin.py:154} INFO - [2024-11-09T20:43:27.068+0000] {dag.py:3722} INFO - Setting next_dagrun for dataset_consumes_1_never_scheduled to None, run_after=None
[2024-11-09T20:43:27.069+0000] {logging_mixin.py:154} INFO - [2024-11-09T20:43:27.069+0000] {dag.py:3722} INFO - Setting next_dagrun for dataset_consumes_unknown_never_scheduled to None, run_after=None
[2024-11-09T20:43:27.071+0000] {logging_mixin.py:154} INFO - [2024-11-09T20:43:27.070+0000] {dag.py:3722} INFO - Setting next_dagrun for dataset_produces_1 to 2024-11-08T00:00:00+00:00, run_after=2024-11-09T00:00:00+00:00
[2024-11-09T20:43:27.071+0000] {logging_mixin.py:154} INFO - [2024-11-09T20:43:27.071+0000] {dag.py:3722} INFO - Setting next_dagrun for dataset_produces_2 to None, run_after=None
[2024-11-09T20:43:27.086+0000] {processor.py:179} INFO - Processing /home/airflow/.local/lib/python3.8/site-packages/airflow/example_dags/example_datasets.py took 0.190 seconds
[2024-11-09T20:43:57.490+0000] {processor.py:157} INFO - Started process (PID=555) to work on /home/airflow/.local/lib/python3.8/site-packages/airflow/example_dags/example_datasets.py
[2024-11-09T20:43:57.490+0000] {processor.py:829} INFO - Processing file /home/airflow/.local/lib/python3.8/site-packages/airflow/example_dags/example_datasets.py for tasks to queue
[2024-11-09T20:43:57.490+0000] {logging_mixin.py:154} INFO - [2024-11-09T20:43:57.490+0000] {dagbag.py:536} INFO - Filling up the DagBag from /home/airflow/.local/lib/python3.8/site-packages/airflow/example_dags/example_datasets.py
[2024-11-09T20:43:57.495+0000] {processor.py:839} INFO - DAG(s) dict_keys(['dataset_produces_2', 'dataset_consumes_unknown_never_scheduled', 'dataset_consumes_1_never_scheduled', 'dataset_consumes_1_and_2', 'dataset_consumes_1', 'dataset_produces_1']) retrieved from /home/airflow/.local/lib/python3.8/site-packages/airflow/example_dags/example_datasets.py
[2024-11-09T20:43:57.510+0000] {logging_mixin.py:154} INFO - [2024-11-09T20:43:57.510+0000] {dag.py:2941} INFO - Sync 6 DAGs
[2024-11-09T20:43:57.519+0000] {logging_mixin.py:154} INFO - [2024-11-09T20:43:57.519+0000] {dag.py:3722} INFO - Setting next_dagrun for dataset_consumes_1 to None, run_after=None
[2024-11-09T20:43:57.521+0000] {logging_mixin.py:154} INFO - [2024-11-09T20:43:57.521+0000] {dag.py:3722} INFO - Setting next_dagrun for dataset_consumes_1_and_2 to None, run_after=None
[2024-11-09T20:43:57.521+0000] {logging_mixin.py:154} INFO - [2024-11-09T20:43:57.521+0000] {dag.py:3722} INFO - Setting next_dagrun for dataset_consumes_1_never_scheduled to None, run_after=None
[2024-11-09T20:43:57.522+0000] {logging_mixin.py:154} INFO - [2024-11-09T20:43:57.522+0000] {dag.py:3722} INFO - Setting next_dagrun for dataset_consumes_unknown_never_scheduled to None, run_after=None
[2024-11-09T20:43:57.523+0000] {logging_mixin.py:154} INFO - [2024-11-09T20:43:57.523+0000] {dag.py:3722} INFO - Setting next_dagrun for dataset_produces_1 to 2024-11-08T00:00:00+00:00, run_after=2024-11-09T00:00:00+00:00
[2024-11-09T20:43:57.523+0000] {logging_mixin.py:154} INFO - [2024-11-09T20:43:57.523+0000] {dag.py:3722} INFO - Setting next_dagrun for dataset_produces_2 to None, run_after=None
[2024-11-09T20:43:57.535+0000] {processor.py:179} INFO - Processing /home/airflow/.local/lib/python3.8/site-packages/airflow/example_dags/example_datasets.py took 0.047 seconds
[2024-11-09T20:44:27.936+0000] {processor.py:157} INFO - Started process (PID=793) to work on /home/airflow/.local/lib/python3.8/site-packages/airflow/example_dags/example_datasets.py
[2024-11-09T20:44:27.936+0000] {processor.py:829} INFO - Processing file /home/airflow/.local/lib/python3.8/site-packages/airflow/example_dags/example_datasets.py for tasks to queue
[2024-11-09T20:44:27.937+0000] {logging_mixin.py:154} INFO - [2024-11-09T20:44:27.937+0000] {dagbag.py:536} INFO - Filling up the DagBag from /home/airflow/.local/lib/python3.8/site-packages/airflow/example_dags/example_datasets.py
[2024-11-09T20:44:27.941+0000] {processor.py:839} INFO - DAG(s) dict_keys(['dataset_consumes_1', 'dataset_consumes_1_and_2', 'dataset_consumes_unknown_never_scheduled', 'dataset_consumes_1_never_scheduled', 'dataset_produces_1', 'dataset_produces_2']) retrieved from /home/airflow/.local/lib/python3.8/site-packages/airflow/example_dags/example_datasets.py
[2024-11-09T20:44:27.965+0000] {logging_mixin.py:154} INFO - [2024-11-09T20:44:27.965+0000] {dag.py:2941} INFO - Sync 6 DAGs
[2024-11-09T20:44:27.975+0000] {logging_mixin.py:154} INFO - [2024-11-09T20:44:27.975+0000] {dag.py:3722} INFO - Setting next_dagrun for dataset_consumes_1 to None, run_after=None
[2024-11-09T20:44:27.978+0000] {logging_mixin.py:154} INFO - [2024-11-09T20:44:27.978+0000] {dag.py:3722} INFO - Setting next_dagrun for dataset_consumes_1_and_2 to None, run_after=None
[2024-11-09T20:44:27.979+0000] {logging_mixin.py:154} INFO - [2024-11-09T20:44:27.979+0000] {dag.py:3722} INFO - Setting next_dagrun for dataset_consumes_1_never_scheduled to None, run_after=None
[2024-11-09T20:44:27.979+0000] {logging_mixin.py:154} INFO - [2024-11-09T20:44:27.979+0000] {dag.py:3722} INFO - Setting next_dagrun for dataset_consumes_unknown_never_scheduled to None, run_after=None
[2024-11-09T20:44:27.981+0000] {logging_mixin.py:154} INFO - [2024-11-09T20:44:27.981+0000] {dag.py:3722} INFO - Setting next_dagrun for dataset_produces_1 to 2024-11-08T00:00:00+00:00, run_after=2024-11-09T00:00:00+00:00
[2024-11-09T20:44:27.982+0000] {logging_mixin.py:154} INFO - [2024-11-09T20:44:27.982+0000] {dag.py:3722} INFO - Setting next_dagrun for dataset_produces_2 to None, run_after=None
[2024-11-09T20:44:27.996+0000] {processor.py:179} INFO - Processing /home/airflow/.local/lib/python3.8/site-packages/airflow/example_dags/example_datasets.py took 0.062 seconds
[2024-11-09T20:44:58.410+0000] {processor.py:157} INFO - Started process (PID=1033) to work on /home/airflow/.local/lib/python3.8/site-packages/airflow/example_dags/example_datasets.py
[2024-11-09T20:44:58.410+0000] {processor.py:829} INFO - Processing file /home/airflow/.local/lib/python3.8/site-packages/airflow/example_dags/example_datasets.py for tasks to queue
[2024-11-09T20:44:58.411+0000] {logging_mixin.py:154} INFO - [2024-11-09T20:44:58.410+0000] {dagbag.py:536} INFO - Filling up the DagBag from /home/airflow/.local/lib/python3.8/site-packages/airflow/example_dags/example_datasets.py
[2024-11-09T20:44:58.415+0000] {processor.py:839} INFO - DAG(s) dict_keys(['dataset_produces_1', 'dataset_consumes_1_and_2', 'dataset_consumes_1', 'dataset_consumes_unknown_never_scheduled', 'dataset_produces_2', 'dataset_consumes_1_never_scheduled']) retrieved from /home/airflow/.local/lib/python3.8/site-packages/airflow/example_dags/example_datasets.py
[2024-11-09T20:44:58.428+0000] {logging_mixin.py:154} INFO - [2024-11-09T20:44:58.428+0000] {dag.py:2941} INFO - Sync 6 DAGs
[2024-11-09T20:44:58.436+0000] {logging_mixin.py:154} INFO - [2024-11-09T20:44:58.436+0000] {dag.py:3722} INFO - Setting next_dagrun for dataset_consumes_1 to None, run_after=None
[2024-11-09T20:44:58.437+0000] {logging_mixin.py:154} INFO - [2024-11-09T20:44:58.437+0000] {dag.py:3722} INFO - Setting next_dagrun for dataset_consumes_1_and_2 to None, run_after=None
[2024-11-09T20:44:58.438+0000] {logging_mixin.py:154} INFO - [2024-11-09T20:44:58.438+0000] {dag.py:3722} INFO - Setting next_dagrun for dataset_consumes_1_never_scheduled to None, run_after=None
[2024-11-09T20:44:58.438+0000] {logging_mixin.py:154} INFO - [2024-11-09T20:44:58.438+0000] {dag.py:3722} INFO - Setting next_dagrun for dataset_consumes_unknown_never_scheduled to None, run_after=None
[2024-11-09T20:44:58.439+0000] {logging_mixin.py:154} INFO - [2024-11-09T20:44:58.439+0000] {dag.py:3722} INFO - Setting next_dagrun for dataset_produces_1 to 2024-11-08T00:00:00+00:00, run_after=2024-11-09T00:00:00+00:00
[2024-11-09T20:44:58.440+0000] {logging_mixin.py:154} INFO - [2024-11-09T20:44:58.440+0000] {dag.py:3722} INFO - Setting next_dagrun for dataset_produces_2 to None, run_after=None
[2024-11-09T20:44:58.451+0000] {processor.py:179} INFO - Processing /home/airflow/.local/lib/python3.8/site-packages/airflow/example_dags/example_datasets.py took 0.042 seconds
[2024-11-09T20:45:28.827+0000] {processor.py:157} INFO - Started process (PID=1269) to work on /home/airflow/.local/lib/python3.8/site-packages/airflow/example_dags/example_datasets.py
[2024-11-09T20:45:28.828+0000] {processor.py:829} INFO - Processing file /home/airflow/.local/lib/python3.8/site-packages/airflow/example_dags/example_datasets.py for tasks to queue
[2024-11-09T20:45:28.829+0000] {logging_mixin.py:154} INFO - [2024-11-09T20:45:28.829+0000] {dagbag.py:536} INFO - Filling up the DagBag from /home/airflow/.local/lib/python3.8/site-packages/airflow/example_dags/example_datasets.py
[2024-11-09T20:45:28.834+0000] {processor.py:839} INFO - DAG(s) dict_keys(['dataset_produces_1', 'dataset_produces_2', 'dataset_consumes_unknown_never_scheduled', 'dataset_consumes_1_and_2', 'dataset_consumes_1_never_scheduled', 'dataset_consumes_1']) retrieved from /home/airflow/.local/lib/python3.8/site-packages/airflow/example_dags/example_datasets.py
[2024-11-09T20:45:28.853+0000] {logging_mixin.py:154} INFO - [2024-11-09T20:45:28.853+0000] {dag.py:2941} INFO - Sync 6 DAGs
[2024-11-09T20:45:28.863+0000] {logging_mixin.py:154} INFO - [2024-11-09T20:45:28.863+0000] {dag.py:3722} INFO - Setting next_dagrun for dataset_consumes_1 to None, run_after=None
[2024-11-09T20:45:28.865+0000] {logging_mixin.py:154} INFO - [2024-11-09T20:45:28.865+0000] {dag.py:3722} INFO - Setting next_dagrun for dataset_consumes_1_and_2 to None, run_after=None
[2024-11-09T20:45:28.866+0000] {logging_mixin.py:154} INFO - [2024-11-09T20:45:28.866+0000] {dag.py:3722} INFO - Setting next_dagrun for dataset_consumes_1_never_scheduled to None, run_after=None
[2024-11-09T20:45:28.866+0000] {logging_mixin.py:154} INFO - [2024-11-09T20:45:28.866+0000] {dag.py:3722} INFO - Setting next_dagrun for dataset_consumes_unknown_never_scheduled to None, run_after=None
[2024-11-09T20:45:28.867+0000] {logging_mixin.py:154} INFO - [2024-11-09T20:45:28.867+0000] {dag.py:3722} INFO - Setting next_dagrun for dataset_produces_1 to 2024-11-08T00:00:00+00:00, run_after=2024-11-09T00:00:00+00:00
[2024-11-09T20:45:28.868+0000] {logging_mixin.py:154} INFO - [2024-11-09T20:45:28.868+0000] {dag.py:3722} INFO - Setting next_dagrun for dataset_produces_2 to None, run_after=None
[2024-11-09T20:45:28.882+0000] {processor.py:179} INFO - Processing /home/airflow/.local/lib/python3.8/site-packages/airflow/example_dags/example_datasets.py took 0.056 seconds
[2024-11-09T20:45:59.274+0000] {processor.py:157} INFO - Started process (PID=1507) to work on /home/airflow/.local/lib/python3.8/site-packages/airflow/example_dags/example_datasets.py
[2024-11-09T20:45:59.274+0000] {processor.py:829} INFO - Processing file /home/airflow/.local/lib/python3.8/site-packages/airflow/example_dags/example_datasets.py for tasks to queue
[2024-11-09T20:45:59.275+0000] {logging_mixin.py:154} INFO - [2024-11-09T20:45:59.275+0000] {dagbag.py:536} INFO - Filling up the DagBag from /home/airflow/.local/lib/python3.8/site-packages/airflow/example_dags/example_datasets.py
[2024-11-09T20:45:59.279+0000] {processor.py:839} INFO - DAG(s) dict_keys(['dataset_produces_1', 'dataset_consumes_1_never_scheduled', 'dataset_consumes_1_and_2', 'dataset_consumes_1', 'dataset_produces_2', 'dataset_consumes_unknown_never_scheduled']) retrieved from /home/airflow/.local/lib/python3.8/site-packages/airflow/example_dags/example_datasets.py
[2024-11-09T20:45:59.293+0000] {logging_mixin.py:154} INFO - [2024-11-09T20:45:59.293+0000] {dag.py:2941} INFO - Sync 6 DAGs
[2024-11-09T20:45:59.303+0000] {logging_mixin.py:154} INFO - [2024-11-09T20:45:59.303+0000] {dag.py:3722} INFO - Setting next_dagrun for dataset_consumes_1 to None, run_after=None
[2024-11-09T20:45:59.304+0000] {logging_mixin.py:154} INFO - [2024-11-09T20:45:59.304+0000] {dag.py:3722} INFO - Setting next_dagrun for dataset_consumes_1_and_2 to None, run_after=None
[2024-11-09T20:45:59.305+0000] {logging_mixin.py:154} INFO - [2024-11-09T20:45:59.305+0000] {dag.py:3722} INFO - Setting next_dagrun for dataset_consumes_1_never_scheduled to None, run_after=None
[2024-11-09T20:45:59.306+0000] {logging_mixin.py:154} INFO - [2024-11-09T20:45:59.305+0000] {dag.py:3722} INFO - Setting next_dagrun for dataset_consumes_unknown_never_scheduled to None, run_after=None
[2024-11-09T20:45:59.308+0000] {logging_mixin.py:154} INFO - [2024-11-09T20:45:59.308+0000] {dag.py:3722} INFO - Setting next_dagrun for dataset_produces_1 to 2024-11-08T00:00:00+00:00, run_after=2024-11-09T00:00:00+00:00
[2024-11-09T20:45:59.308+0000] {logging_mixin.py:154} INFO - [2024-11-09T20:45:59.308+0000] {dag.py:3722} INFO - Setting next_dagrun for dataset_produces_2 to None, run_after=None
[2024-11-09T20:45:59.320+0000] {processor.py:179} INFO - Processing /home/airflow/.local/lib/python3.8/site-packages/airflow/example_dags/example_datasets.py took 0.048 seconds
[2024-11-09T20:46:29.633+0000] {processor.py:157} INFO - Started process (PID=1745) to work on /home/airflow/.local/lib/python3.8/site-packages/airflow/example_dags/example_datasets.py
[2024-11-09T20:46:29.634+0000] {processor.py:829} INFO - Processing file /home/airflow/.local/lib/python3.8/site-packages/airflow/example_dags/example_datasets.py for tasks to queue
[2024-11-09T20:46:29.635+0000] {logging_mixin.py:154} INFO - [2024-11-09T20:46:29.635+0000] {dagbag.py:536} INFO - Filling up the DagBag from /home/airflow/.local/lib/python3.8/site-packages/airflow/example_dags/example_datasets.py
[2024-11-09T20:46:29.639+0000] {processor.py:839} INFO - DAG(s) dict_keys(['dataset_consumes_unknown_never_scheduled', 'dataset_consumes_1_and_2', 'dataset_consumes_1_never_scheduled', 'dataset_produces_1', 'dataset_consumes_1', 'dataset_produces_2']) retrieved from /home/airflow/.local/lib/python3.8/site-packages/airflow/example_dags/example_datasets.py
[2024-11-09T20:46:29.657+0000] {logging_mixin.py:154} INFO - [2024-11-09T20:46:29.656+0000] {dag.py:2941} INFO - Sync 6 DAGs
[2024-11-09T20:46:29.665+0000] {logging_mixin.py:154} INFO - [2024-11-09T20:46:29.665+0000] {dag.py:3722} INFO - Setting next_dagrun for dataset_consumes_1 to None, run_after=None
[2024-11-09T20:46:29.667+0000] {logging_mixin.py:154} INFO - [2024-11-09T20:46:29.667+0000] {dag.py:3722} INFO - Setting next_dagrun for dataset_consumes_1_and_2 to None, run_after=None
[2024-11-09T20:46:29.667+0000] {logging_mixin.py:154} INFO - [2024-11-09T20:46:29.667+0000] {dag.py:3722} INFO - Setting next_dagrun for dataset_consumes_1_never_scheduled to None, run_after=None
[2024-11-09T20:46:29.668+0000] {logging_mixin.py:154} INFO - [2024-11-09T20:46:29.668+0000] {dag.py:3722} INFO - Setting next_dagrun for dataset_consumes_unknown_never_scheduled to None, run_after=None
[2024-11-09T20:46:29.669+0000] {logging_mixin.py:154} INFO - [2024-11-09T20:46:29.669+0000] {dag.py:3722} INFO - Setting next_dagrun for dataset_produces_1 to 2024-11-08T00:00:00+00:00, run_after=2024-11-09T00:00:00+00:00
[2024-11-09T20:46:29.669+0000] {logging_mixin.py:154} INFO - [2024-11-09T20:46:29.669+0000] {dag.py:3722} INFO - Setting next_dagrun for dataset_produces_2 to None, run_after=None
[2024-11-09T20:46:29.685+0000] {processor.py:179} INFO - Processing /home/airflow/.local/lib/python3.8/site-packages/airflow/example_dags/example_datasets.py took 0.053 seconds
[2024-11-09T20:47:00.053+0000] {processor.py:157} INFO - Started process (PID=1985) to work on /home/airflow/.local/lib/python3.8/site-packages/airflow/example_dags/example_datasets.py
[2024-11-09T20:47:00.053+0000] {processor.py:829} INFO - Processing file /home/airflow/.local/lib/python3.8/site-packages/airflow/example_dags/example_datasets.py for tasks to queue
[2024-11-09T20:47:00.053+0000] {logging_mixin.py:154} INFO - [2024-11-09T20:47:00.053+0000] {dagbag.py:536} INFO - Filling up the DagBag from /home/airflow/.local/lib/python3.8/site-packages/airflow/example_dags/example_datasets.py
[2024-11-09T20:47:00.057+0000] {processor.py:839} INFO - DAG(s) dict_keys(['dataset_consumes_unknown_never_scheduled', 'dataset_produces_1', 'dataset_consumes_1_never_scheduled', 'dataset_consumes_1_and_2', 'dataset_produces_2', 'dataset_consumes_1']) retrieved from /home/airflow/.local/lib/python3.8/site-packages/airflow/example_dags/example_datasets.py
[2024-11-09T20:47:00.074+0000] {logging_mixin.py:154} INFO - [2024-11-09T20:47:00.074+0000] {dag.py:2941} INFO - Sync 6 DAGs
[2024-11-09T20:47:00.084+0000] {logging_mixin.py:154} INFO - [2024-11-09T20:47:00.084+0000] {dag.py:3722} INFO - Setting next_dagrun for dataset_consumes_1 to None, run_after=None
[2024-11-09T20:47:00.085+0000] {logging_mixin.py:154} INFO - [2024-11-09T20:47:00.085+0000] {dag.py:3722} INFO - Setting next_dagrun for dataset_consumes_1_and_2 to None, run_after=None
[2024-11-09T20:47:00.086+0000] {logging_mixin.py:154} INFO - [2024-11-09T20:47:00.086+0000] {dag.py:3722} INFO - Setting next_dagrun for dataset_consumes_1_never_scheduled to None, run_after=None
[2024-11-09T20:47:00.087+0000] {logging_mixin.py:154} INFO - [2024-11-09T20:47:00.087+0000] {dag.py:3722} INFO - Setting next_dagrun for dataset_consumes_unknown_never_scheduled to None, run_after=None
[2024-11-09T20:47:00.088+0000] {logging_mixin.py:154} INFO - [2024-11-09T20:47:00.088+0000] {dag.py:3722} INFO - Setting next_dagrun for dataset_produces_1 to 2024-11-08T00:00:00+00:00, run_after=2024-11-09T00:00:00+00:00
[2024-11-09T20:47:00.090+0000] {logging_mixin.py:154} INFO - [2024-11-09T20:47:00.090+0000] {dag.py:3722} INFO - Setting next_dagrun for dataset_produces_2 to None, run_after=None
[2024-11-09T20:47:00.107+0000] {processor.py:179} INFO - Processing /home/airflow/.local/lib/python3.8/site-packages/airflow/example_dags/example_datasets.py took 0.056 seconds
[2024-11-09T20:47:30.463+0000] {processor.py:157} INFO - Started process (PID=2223) to work on /home/airflow/.local/lib/python3.8/site-packages/airflow/example_dags/example_datasets.py
[2024-11-09T20:47:30.464+0000] {processor.py:829} INFO - Processing file /home/airflow/.local/lib/python3.8/site-packages/airflow/example_dags/example_datasets.py for tasks to queue
[2024-11-09T20:47:30.464+0000] {logging_mixin.py:154} INFO - [2024-11-09T20:47:30.464+0000] {dagbag.py:536} INFO - Filling up the DagBag from /home/airflow/.local/lib/python3.8/site-packages/airflow/example_dags/example_datasets.py
[2024-11-09T20:47:30.469+0000] {processor.py:839} INFO - DAG(s) dict_keys(['dataset_produces_1', 'dataset_consumes_1_never_scheduled', 'dataset_consumes_unknown_never_scheduled', 'dataset_consumes_1', 'dataset_consumes_1_and_2', 'dataset_produces_2']) retrieved from /home/airflow/.local/lib/python3.8/site-packages/airflow/example_dags/example_datasets.py
[2024-11-09T20:47:30.489+0000] {logging_mixin.py:154} INFO - [2024-11-09T20:47:30.489+0000] {dag.py:2941} INFO - Sync 6 DAGs
[2024-11-09T20:47:30.498+0000] {logging_mixin.py:154} INFO - [2024-11-09T20:47:30.498+0000] {dag.py:3722} INFO - Setting next_dagrun for dataset_consumes_1 to None, run_after=None
[2024-11-09T20:47:30.500+0000] {logging_mixin.py:154} INFO - [2024-11-09T20:47:30.499+0000] {dag.py:3722} INFO - Setting next_dagrun for dataset_consumes_1_and_2 to None, run_after=None
[2024-11-09T20:47:30.500+0000] {logging_mixin.py:154} INFO - [2024-11-09T20:47:30.500+0000] {dag.py:3722} INFO - Setting next_dagrun for dataset_consumes_1_never_scheduled to None, run_after=None
[2024-11-09T20:47:30.500+0000] {logging_mixin.py:154} INFO - [2024-11-09T20:47:30.500+0000] {dag.py:3722} INFO - Setting next_dagrun for dataset_consumes_unknown_never_scheduled to None, run_after=None
[2024-11-09T20:47:30.502+0000] {logging_mixin.py:154} INFO - [2024-11-09T20:47:30.502+0000] {dag.py:3722} INFO - Setting next_dagrun for dataset_produces_1 to 2024-11-08T00:00:00+00:00, run_after=2024-11-09T00:00:00+00:00
[2024-11-09T20:47:30.503+0000] {logging_mixin.py:154} INFO - [2024-11-09T20:47:30.503+0000] {dag.py:3722} INFO - Setting next_dagrun for dataset_produces_2 to None, run_after=None
[2024-11-09T20:47:30.521+0000] {processor.py:179} INFO - Processing /home/airflow/.local/lib/python3.8/site-packages/airflow/example_dags/example_datasets.py took 0.059 seconds
