[2024-11-09T20:43:26.625+0000] {processor.py:157} INFO - Started process (PID=292) to work on /home/airflow/.local/lib/python3.8/site-packages/airflow/example_dags/example_trigger_target_dag.py
[2024-11-09T20:43:26.625+0000] {processor.py:829} INFO - Processing file /home/airflow/.local/lib/python3.8/site-packages/airflow/example_dags/example_trigger_target_dag.py for tasks to queue
[2024-11-09T20:43:26.626+0000] {logging_mixin.py:154} INFO - [2024-11-09T20:43:26.626+0000] {dagbag.py:536} INFO - Filling up the DagBag from /home/airflow/.local/lib/python3.8/site-packages/airflow/example_dags/example_trigger_target_dag.py
[2024-11-09T20:43:26.630+0000] {processor.py:839} INFO - DAG(s) dict_keys(['example_trigger_target_dag']) retrieved from /home/airflow/.local/lib/python3.8/site-packages/airflow/example_dags/example_trigger_target_dag.py
[2024-11-09T20:43:26.677+0000] {logging_mixin.py:154} INFO - [2024-11-09T20:43:26.676+0000] {manager.py:499} INFO - Created Permission View: %s
[2024-11-09T20:43:26.682+0000] {logging_mixin.py:154} INFO - [2024-11-09T20:43:26.682+0000] {manager.py:499} INFO - Created Permission View: %s
[2024-11-09T20:43:26.687+0000] {logging_mixin.py:154} INFO - [2024-11-09T20:43:26.687+0000] {manager.py:499} INFO - Created Permission View: %s
[2024-11-09T20:43:26.687+0000] {logging_mixin.py:154} INFO - [2024-11-09T20:43:26.687+0000] {dag.py:2941} INFO - Sync 1 DAGs
[2024-11-09T20:43:26.693+0000] {logging_mixin.py:154} INFO - [2024-11-09T20:43:26.692+0000] {dag.py:2963} INFO - Creating ORM DAG for example_trigger_target_dag
[2024-11-09T20:43:26.693+0000] {logging_mixin.py:154} INFO - [2024-11-09T20:43:26.693+0000] {dag.py:3722} INFO - Setting next_dagrun for example_trigger_target_dag to None, run_after=None
[2024-11-09T20:43:26.711+0000] {processor.py:179} INFO - Processing /home/airflow/.local/lib/python3.8/site-packages/airflow/example_dags/example_trigger_target_dag.py took 0.088 seconds
[2024-11-09T20:43:57.368+0000] {processor.py:157} INFO - Started process (PID=530) to work on /home/airflow/.local/lib/python3.8/site-packages/airflow/example_dags/example_trigger_target_dag.py
[2024-11-09T20:43:57.369+0000] {processor.py:829} INFO - Processing file /home/airflow/.local/lib/python3.8/site-packages/airflow/example_dags/example_trigger_target_dag.py for tasks to queue
[2024-11-09T20:43:57.369+0000] {logging_mixin.py:154} INFO - [2024-11-09T20:43:57.369+0000] {dagbag.py:536} INFO - Filling up the DagBag from /home/airflow/.local/lib/python3.8/site-packages/airflow/example_dags/example_trigger_target_dag.py
[2024-11-09T20:43:57.373+0000] {processor.py:839} INFO - DAG(s) dict_keys(['example_trigger_target_dag']) retrieved from /home/airflow/.local/lib/python3.8/site-packages/airflow/example_dags/example_trigger_target_dag.py
[2024-11-09T20:43:57.382+0000] {logging_mixin.py:154} INFO - [2024-11-09T20:43:57.381+0000] {dag.py:2941} INFO - Sync 1 DAGs
[2024-11-09T20:43:57.389+0000] {logging_mixin.py:154} INFO - [2024-11-09T20:43:57.389+0000] {dag.py:3722} INFO - Setting next_dagrun for example_trigger_target_dag to None, run_after=None
[2024-11-09T20:43:57.400+0000] {processor.py:179} INFO - Processing /home/airflow/.local/lib/python3.8/site-packages/airflow/example_dags/example_trigger_target_dag.py took 0.034 seconds
[2024-11-09T20:44:27.814+0000] {processor.py:157} INFO - Started process (PID=768) to work on /home/airflow/.local/lib/python3.8/site-packages/airflow/example_dags/example_trigger_target_dag.py
[2024-11-09T20:44:27.815+0000] {processor.py:829} INFO - Processing file /home/airflow/.local/lib/python3.8/site-packages/airflow/example_dags/example_trigger_target_dag.py for tasks to queue
[2024-11-09T20:44:27.815+0000] {logging_mixin.py:154} INFO - [2024-11-09T20:44:27.815+0000] {dagbag.py:536} INFO - Filling up the DagBag from /home/airflow/.local/lib/python3.8/site-packages/airflow/example_dags/example_trigger_target_dag.py
[2024-11-09T20:44:27.819+0000] {processor.py:839} INFO - DAG(s) dict_keys(['example_trigger_target_dag']) retrieved from /home/airflow/.local/lib/python3.8/site-packages/airflow/example_dags/example_trigger_target_dag.py
[2024-11-09T20:44:27.833+0000] {logging_mixin.py:154} INFO - [2024-11-09T20:44:27.833+0000] {dag.py:2941} INFO - Sync 1 DAGs
[2024-11-09T20:44:27.840+0000] {logging_mixin.py:154} INFO - [2024-11-09T20:44:27.840+0000] {dag.py:3722} INFO - Setting next_dagrun for example_trigger_target_dag to None, run_after=None
[2024-11-09T20:44:27.847+0000] {processor.py:179} INFO - Processing /home/airflow/.local/lib/python3.8/site-packages/airflow/example_dags/example_trigger_target_dag.py took 0.034 seconds
[2024-11-09T20:44:58.271+0000] {processor.py:157} INFO - Started process (PID=1008) to work on /home/airflow/.local/lib/python3.8/site-packages/airflow/example_dags/example_trigger_target_dag.py
[2024-11-09T20:44:58.272+0000] {processor.py:829} INFO - Processing file /home/airflow/.local/lib/python3.8/site-packages/airflow/example_dags/example_trigger_target_dag.py for tasks to queue
[2024-11-09T20:44:58.272+0000] {logging_mixin.py:154} INFO - [2024-11-09T20:44:58.272+0000] {dagbag.py:536} INFO - Filling up the DagBag from /home/airflow/.local/lib/python3.8/site-packages/airflow/example_dags/example_trigger_target_dag.py
[2024-11-09T20:44:58.274+0000] {processor.py:839} INFO - DAG(s) dict_keys(['example_trigger_target_dag']) retrieved from /home/airflow/.local/lib/python3.8/site-packages/airflow/example_dags/example_trigger_target_dag.py
[2024-11-09T20:44:58.286+0000] {logging_mixin.py:154} INFO - [2024-11-09T20:44:58.286+0000] {dag.py:2941} INFO - Sync 1 DAGs
[2024-11-09T20:44:58.291+0000] {logging_mixin.py:154} INFO - [2024-11-09T20:44:58.291+0000] {dag.py:3722} INFO - Setting next_dagrun for example_trigger_target_dag to None, run_after=None
[2024-11-09T20:44:58.301+0000] {processor.py:179} INFO - Processing /home/airflow/.local/lib/python3.8/site-packages/airflow/example_dags/example_trigger_target_dag.py took 0.032 seconds
[2024-11-09T20:45:28.693+0000] {processor.py:157} INFO - Started process (PID=1246) to work on /home/airflow/.local/lib/python3.8/site-packages/airflow/example_dags/example_trigger_target_dag.py
[2024-11-09T20:45:28.693+0000] {processor.py:829} INFO - Processing file /home/airflow/.local/lib/python3.8/site-packages/airflow/example_dags/example_trigger_target_dag.py for tasks to queue
[2024-11-09T20:45:28.693+0000] {logging_mixin.py:154} INFO - [2024-11-09T20:45:28.693+0000] {dagbag.py:536} INFO - Filling up the DagBag from /home/airflow/.local/lib/python3.8/site-packages/airflow/example_dags/example_trigger_target_dag.py
[2024-11-09T20:45:28.696+0000] {processor.py:839} INFO - DAG(s) dict_keys(['example_trigger_target_dag']) retrieved from /home/airflow/.local/lib/python3.8/site-packages/airflow/example_dags/example_trigger_target_dag.py
[2024-11-09T20:45:28.707+0000] {logging_mixin.py:154} INFO - [2024-11-09T20:45:28.707+0000] {dag.py:2941} INFO - Sync 1 DAGs
[2024-11-09T20:45:28.712+0000] {logging_mixin.py:154} INFO - [2024-11-09T20:45:28.712+0000] {dag.py:3722} INFO - Setting next_dagrun for example_trigger_target_dag to None, run_after=None
[2024-11-09T20:45:28.720+0000] {processor.py:179} INFO - Processing /home/airflow/.local/lib/python3.8/site-packages/airflow/example_dags/example_trigger_target_dag.py took 0.029 seconds
[2024-11-09T20:45:59.163+0000] {processor.py:157} INFO - Started process (PID=1482) to work on /home/airflow/.local/lib/python3.8/site-packages/airflow/example_dags/example_trigger_target_dag.py
[2024-11-09T20:45:59.164+0000] {processor.py:829} INFO - Processing file /home/airflow/.local/lib/python3.8/site-packages/airflow/example_dags/example_trigger_target_dag.py for tasks to queue
[2024-11-09T20:45:59.164+0000] {logging_mixin.py:154} INFO - [2024-11-09T20:45:59.164+0000] {dagbag.py:536} INFO - Filling up the DagBag from /home/airflow/.local/lib/python3.8/site-packages/airflow/example_dags/example_trigger_target_dag.py
[2024-11-09T20:45:59.167+0000] {processor.py:839} INFO - DAG(s) dict_keys(['example_trigger_target_dag']) retrieved from /home/airflow/.local/lib/python3.8/site-packages/airflow/example_dags/example_trigger_target_dag.py
[2024-11-09T20:45:59.176+0000] {logging_mixin.py:154} INFO - [2024-11-09T20:45:59.176+0000] {dag.py:2941} INFO - Sync 1 DAGs
[2024-11-09T20:45:59.182+0000] {logging_mixin.py:154} INFO - [2024-11-09T20:45:59.182+0000] {dag.py:3722} INFO - Setting next_dagrun for example_trigger_target_dag to None, run_after=None
[2024-11-09T20:45:59.190+0000] {processor.py:179} INFO - Processing /home/airflow/.local/lib/python3.8/site-packages/airflow/example_dags/example_trigger_target_dag.py took 0.028 seconds
[2024-11-09T20:46:29.503+0000] {processor.py:157} INFO - Started process (PID=1720) to work on /home/airflow/.local/lib/python3.8/site-packages/airflow/example_dags/example_trigger_target_dag.py
[2024-11-09T20:46:29.503+0000] {processor.py:829} INFO - Processing file /home/airflow/.local/lib/python3.8/site-packages/airflow/example_dags/example_trigger_target_dag.py for tasks to queue
[2024-11-09T20:46:29.504+0000] {logging_mixin.py:154} INFO - [2024-11-09T20:46:29.503+0000] {dagbag.py:536} INFO - Filling up the DagBag from /home/airflow/.local/lib/python3.8/site-packages/airflow/example_dags/example_trigger_target_dag.py
[2024-11-09T20:46:29.506+0000] {processor.py:839} INFO - DAG(s) dict_keys(['example_trigger_target_dag']) retrieved from /home/airflow/.local/lib/python3.8/site-packages/airflow/example_dags/example_trigger_target_dag.py
[2024-11-09T20:46:29.515+0000] {logging_mixin.py:154} INFO - [2024-11-09T20:46:29.514+0000] {dag.py:2941} INFO - Sync 1 DAGs
[2024-11-09T20:46:29.519+0000] {logging_mixin.py:154} INFO - [2024-11-09T20:46:29.519+0000] {dag.py:3722} INFO - Setting next_dagrun for example_trigger_target_dag to None, run_after=None
[2024-11-09T20:46:29.529+0000] {processor.py:179} INFO - Processing /home/airflow/.local/lib/python3.8/site-packages/airflow/example_dags/example_trigger_target_dag.py took 0.028 seconds
[2024-11-09T20:46:59.912+0000] {processor.py:157} INFO - Started process (PID=1958) to work on /home/airflow/.local/lib/python3.8/site-packages/airflow/example_dags/example_trigger_target_dag.py
[2024-11-09T20:46:59.912+0000] {processor.py:829} INFO - Processing file /home/airflow/.local/lib/python3.8/site-packages/airflow/example_dags/example_trigger_target_dag.py for tasks to queue
[2024-11-09T20:46:59.913+0000] {logging_mixin.py:154} INFO - [2024-11-09T20:46:59.913+0000] {dagbag.py:536} INFO - Filling up the DagBag from /home/airflow/.local/lib/python3.8/site-packages/airflow/example_dags/example_trigger_target_dag.py
[2024-11-09T20:46:59.916+0000] {processor.py:839} INFO - DAG(s) dict_keys(['example_trigger_target_dag']) retrieved from /home/airflow/.local/lib/python3.8/site-packages/airflow/example_dags/example_trigger_target_dag.py
[2024-11-09T20:46:59.926+0000] {logging_mixin.py:154} INFO - [2024-11-09T20:46:59.926+0000] {dag.py:2941} INFO - Sync 1 DAGs
[2024-11-09T20:46:59.933+0000] {logging_mixin.py:154} INFO - [2024-11-09T20:46:59.933+0000] {dag.py:3722} INFO - Setting next_dagrun for example_trigger_target_dag to None, run_after=None
[2024-11-09T20:46:59.940+0000] {processor.py:179} INFO - Processing /home/airflow/.local/lib/python3.8/site-packages/airflow/example_dags/example_trigger_target_dag.py took 0.030 seconds
[2024-11-09T20:47:30.327+0000] {processor.py:157} INFO - Started process (PID=2196) to work on /home/airflow/.local/lib/python3.8/site-packages/airflow/example_dags/example_trigger_target_dag.py
[2024-11-09T20:47:30.328+0000] {processor.py:829} INFO - Processing file /home/airflow/.local/lib/python3.8/site-packages/airflow/example_dags/example_trigger_target_dag.py for tasks to queue
[2024-11-09T20:47:30.328+0000] {logging_mixin.py:154} INFO - [2024-11-09T20:47:30.328+0000] {dagbag.py:536} INFO - Filling up the DagBag from /home/airflow/.local/lib/python3.8/site-packages/airflow/example_dags/example_trigger_target_dag.py
[2024-11-09T20:47:30.331+0000] {processor.py:839} INFO - DAG(s) dict_keys(['example_trigger_target_dag']) retrieved from /home/airflow/.local/lib/python3.8/site-packages/airflow/example_dags/example_trigger_target_dag.py
[2024-11-09T20:47:30.339+0000] {logging_mixin.py:154} INFO - [2024-11-09T20:47:30.339+0000] {dag.py:2941} INFO - Sync 1 DAGs
[2024-11-09T20:47:30.344+0000] {logging_mixin.py:154} INFO - [2024-11-09T20:47:30.344+0000] {dag.py:3722} INFO - Setting next_dagrun for example_trigger_target_dag to None, run_after=None
[2024-11-09T20:47:30.351+0000] {processor.py:179} INFO - Processing /home/airflow/.local/lib/python3.8/site-packages/airflow/example_dags/example_trigger_target_dag.py took 0.026 seconds
