[2024-11-09T20:43:27.606+0000] {processor.py:157} INFO - Started process (PID=382) to work on /home/airflow/.local/lib/python3.8/site-packages/airflow/example_dags/example_kubernetes_executor.py
[2024-11-09T20:43:27.607+0000] {processor.py:829} INFO - Processing file /home/airflow/.local/lib/python3.8/site-packages/airflow/example_dags/example_kubernetes_executor.py for tasks to queue
[2024-11-09T20:43:27.607+0000] {logging_mixin.py:154} INFO - [2024-11-09T20:43:27.607+0000] {dagbag.py:536} INFO - Filling up the DagBag from /home/airflow/.local/lib/python3.8/site-packages/airflow/example_dags/example_kubernetes_executor.py
[2024-11-09T20:43:27.616+0000] {processor.py:839} INFO - DAG(s) dict_keys(['example_kubernetes_executor']) retrieved from /home/airflow/.local/lib/python3.8/site-packages/airflow/example_dags/example_kubernetes_executor.py
[2024-11-09T20:43:27.669+0000] {logging_mixin.py:154} INFO - [2024-11-09T20:43:27.669+0000] {manager.py:499} INFO - Created Permission View: %s
[2024-11-09T20:43:27.673+0000] {logging_mixin.py:154} INFO - [2024-11-09T20:43:27.673+0000] {manager.py:499} INFO - Created Permission View: %s
[2024-11-09T20:43:27.676+0000] {logging_mixin.py:154} INFO - [2024-11-09T20:43:27.676+0000] {manager.py:499} INFO - Created Permission View: %s
[2024-11-09T20:43:27.676+0000] {logging_mixin.py:154} INFO - [2024-11-09T20:43:27.676+0000] {dag.py:2941} INFO - Sync 1 DAGs
[2024-11-09T20:43:27.681+0000] {logging_mixin.py:154} INFO - [2024-11-09T20:43:27.681+0000] {dag.py:2963} INFO - Creating ORM DAG for example_kubernetes_executor
[2024-11-09T20:43:27.681+0000] {logging_mixin.py:154} INFO - [2024-11-09T20:43:27.681+0000] {dag.py:3722} INFO - Setting next_dagrun for example_kubernetes_executor to None, run_after=None
[2024-11-09T20:43:27.688+0000] {processor.py:179} INFO - Processing /home/airflow/.local/lib/python3.8/site-packages/airflow/example_dags/example_kubernetes_executor.py took 0.084 seconds
[2024-11-09T20:43:57.820+0000] {processor.py:157} INFO - Started process (PID=620) to work on /home/airflow/.local/lib/python3.8/site-packages/airflow/example_dags/example_kubernetes_executor.py
[2024-11-09T20:43:57.820+0000] {processor.py:829} INFO - Processing file /home/airflow/.local/lib/python3.8/site-packages/airflow/example_dags/example_kubernetes_executor.py for tasks to queue
[2024-11-09T20:43:57.821+0000] {logging_mixin.py:154} INFO - [2024-11-09T20:43:57.821+0000] {dagbag.py:536} INFO - Filling up the DagBag from /home/airflow/.local/lib/python3.8/site-packages/airflow/example_dags/example_kubernetes_executor.py
[2024-11-09T20:43:57.827+0000] {processor.py:839} INFO - DAG(s) dict_keys(['example_kubernetes_executor']) retrieved from /home/airflow/.local/lib/python3.8/site-packages/airflow/example_dags/example_kubernetes_executor.py
[2024-11-09T20:43:57.845+0000] {logging_mixin.py:154} INFO - [2024-11-09T20:43:57.845+0000] {dag.py:2941} INFO - Sync 1 DAGs
[2024-11-09T20:43:57.850+0000] {logging_mixin.py:154} INFO - [2024-11-09T20:43:57.850+0000] {dag.py:3722} INFO - Setting next_dagrun for example_kubernetes_executor to None, run_after=None
[2024-11-09T20:43:57.859+0000] {processor.py:179} INFO - Processing /home/airflow/.local/lib/python3.8/site-packages/airflow/example_dags/example_kubernetes_executor.py took 0.041 seconds
[2024-11-09T20:44:28.304+0000] {processor.py:157} INFO - Started process (PID=858) to work on /home/airflow/.local/lib/python3.8/site-packages/airflow/example_dags/example_kubernetes_executor.py
[2024-11-09T20:44:28.306+0000] {processor.py:829} INFO - Processing file /home/airflow/.local/lib/python3.8/site-packages/airflow/example_dags/example_kubernetes_executor.py for tasks to queue
[2024-11-09T20:44:28.306+0000] {logging_mixin.py:154} INFO - [2024-11-09T20:44:28.306+0000] {dagbag.py:536} INFO - Filling up the DagBag from /home/airflow/.local/lib/python3.8/site-packages/airflow/example_dags/example_kubernetes_executor.py
[2024-11-09T20:44:28.312+0000] {processor.py:839} INFO - DAG(s) dict_keys(['example_kubernetes_executor']) retrieved from /home/airflow/.local/lib/python3.8/site-packages/airflow/example_dags/example_kubernetes_executor.py
[2024-11-09T20:44:28.330+0000] {logging_mixin.py:154} INFO - [2024-11-09T20:44:28.329+0000] {dag.py:2941} INFO - Sync 1 DAGs
[2024-11-09T20:44:28.336+0000] {logging_mixin.py:154} INFO - [2024-11-09T20:44:28.336+0000] {dag.py:3722} INFO - Setting next_dagrun for example_kubernetes_executor to None, run_after=None
[2024-11-09T20:44:28.343+0000] {processor.py:179} INFO - Processing /home/airflow/.local/lib/python3.8/site-packages/airflow/example_dags/example_kubernetes_executor.py took 0.040 seconds
[2024-11-09T20:44:58.747+0000] {processor.py:157} INFO - Started process (PID=1096) to work on /home/airflow/.local/lib/python3.8/site-packages/airflow/example_dags/example_kubernetes_executor.py
[2024-11-09T20:44:58.747+0000] {processor.py:829} INFO - Processing file /home/airflow/.local/lib/python3.8/site-packages/airflow/example_dags/example_kubernetes_executor.py for tasks to queue
[2024-11-09T20:44:58.748+0000] {logging_mixin.py:154} INFO - [2024-11-09T20:44:58.748+0000] {dagbag.py:536} INFO - Filling up the DagBag from /home/airflow/.local/lib/python3.8/site-packages/airflow/example_dags/example_kubernetes_executor.py
[2024-11-09T20:44:58.754+0000] {processor.py:839} INFO - DAG(s) dict_keys(['example_kubernetes_executor']) retrieved from /home/airflow/.local/lib/python3.8/site-packages/airflow/example_dags/example_kubernetes_executor.py
[2024-11-09T20:44:58.772+0000] {logging_mixin.py:154} INFO - [2024-11-09T20:44:58.772+0000] {dag.py:2941} INFO - Sync 1 DAGs
[2024-11-09T20:44:58.777+0000] {logging_mixin.py:154} INFO - [2024-11-09T20:44:58.777+0000] {dag.py:3722} INFO - Setting next_dagrun for example_kubernetes_executor to None, run_after=None
[2024-11-09T20:44:58.784+0000] {processor.py:179} INFO - Processing /home/airflow/.local/lib/python3.8/site-packages/airflow/example_dags/example_kubernetes_executor.py took 0.039 seconds
[2024-11-09T20:45:29.211+0000] {processor.py:157} INFO - Started process (PID=1336) to work on /home/airflow/.local/lib/python3.8/site-packages/airflow/example_dags/example_kubernetes_executor.py
[2024-11-09T20:45:29.212+0000] {processor.py:829} INFO - Processing file /home/airflow/.local/lib/python3.8/site-packages/airflow/example_dags/example_kubernetes_executor.py for tasks to queue
[2024-11-09T20:45:29.212+0000] {logging_mixin.py:154} INFO - [2024-11-09T20:45:29.212+0000] {dagbag.py:536} INFO - Filling up the DagBag from /home/airflow/.local/lib/python3.8/site-packages/airflow/example_dags/example_kubernetes_executor.py
[2024-11-09T20:45:29.219+0000] {processor.py:839} INFO - DAG(s) dict_keys(['example_kubernetes_executor']) retrieved from /home/airflow/.local/lib/python3.8/site-packages/airflow/example_dags/example_kubernetes_executor.py
[2024-11-09T20:45:29.235+0000] {logging_mixin.py:154} INFO - [2024-11-09T20:45:29.235+0000] {dag.py:2941} INFO - Sync 1 DAGs
[2024-11-09T20:45:29.241+0000] {logging_mixin.py:154} INFO - [2024-11-09T20:45:29.241+0000] {dag.py:3722} INFO - Setting next_dagrun for example_kubernetes_executor to None, run_after=None
[2024-11-09T20:45:29.251+0000] {processor.py:179} INFO - Processing /home/airflow/.local/lib/python3.8/site-packages/airflow/example_dags/example_kubernetes_executor.py took 0.041 seconds
[2024-11-09T20:45:59.607+0000] {processor.py:157} INFO - Started process (PID=1572) to work on /home/airflow/.local/lib/python3.8/site-packages/airflow/example_dags/example_kubernetes_executor.py
[2024-11-09T20:45:59.607+0000] {processor.py:829} INFO - Processing file /home/airflow/.local/lib/python3.8/site-packages/airflow/example_dags/example_kubernetes_executor.py for tasks to queue
[2024-11-09T20:45:59.608+0000] {logging_mixin.py:154} INFO - [2024-11-09T20:45:59.608+0000] {dagbag.py:536} INFO - Filling up the DagBag from /home/airflow/.local/lib/python3.8/site-packages/airflow/example_dags/example_kubernetes_executor.py
[2024-11-09T20:45:59.615+0000] {processor.py:839} INFO - DAG(s) dict_keys(['example_kubernetes_executor']) retrieved from /home/airflow/.local/lib/python3.8/site-packages/airflow/example_dags/example_kubernetes_executor.py
[2024-11-09T20:45:59.632+0000] {logging_mixin.py:154} INFO - [2024-11-09T20:45:59.631+0000] {dag.py:2941} INFO - Sync 1 DAGs
[2024-11-09T20:45:59.637+0000] {logging_mixin.py:154} INFO - [2024-11-09T20:45:59.637+0000] {dag.py:3722} INFO - Setting next_dagrun for example_kubernetes_executor to None, run_after=None
[2024-11-09T20:45:59.647+0000] {processor.py:179} INFO - Processing /home/airflow/.local/lib/python3.8/site-packages/airflow/example_dags/example_kubernetes_executor.py took 0.042 seconds
[2024-11-09T20:46:29.947+0000] {processor.py:157} INFO - Started process (PID=1810) to work on /home/airflow/.local/lib/python3.8/site-packages/airflow/example_dags/example_kubernetes_executor.py
[2024-11-09T20:46:29.948+0000] {processor.py:829} INFO - Processing file /home/airflow/.local/lib/python3.8/site-packages/airflow/example_dags/example_kubernetes_executor.py for tasks to queue
[2024-11-09T20:46:29.948+0000] {logging_mixin.py:154} INFO - [2024-11-09T20:46:29.948+0000] {dagbag.py:536} INFO - Filling up the DagBag from /home/airflow/.local/lib/python3.8/site-packages/airflow/example_dags/example_kubernetes_executor.py
[2024-11-09T20:46:29.954+0000] {processor.py:839} INFO - DAG(s) dict_keys(['example_kubernetes_executor']) retrieved from /home/airflow/.local/lib/python3.8/site-packages/airflow/example_dags/example_kubernetes_executor.py
[2024-11-09T20:46:29.971+0000] {logging_mixin.py:154} INFO - [2024-11-09T20:46:29.971+0000] {dag.py:2941} INFO - Sync 1 DAGs
[2024-11-09T20:46:29.978+0000] {logging_mixin.py:154} INFO - [2024-11-09T20:46:29.978+0000] {dag.py:3722} INFO - Setting next_dagrun for example_kubernetes_executor to None, run_after=None
[2024-11-09T20:46:29.987+0000] {processor.py:179} INFO - Processing /home/airflow/.local/lib/python3.8/site-packages/airflow/example_dags/example_kubernetes_executor.py took 0.042 seconds
[2024-11-09T20:47:00.401+0000] {processor.py:157} INFO - Started process (PID=2050) to work on /home/airflow/.local/lib/python3.8/site-packages/airflow/example_dags/example_kubernetes_executor.py
[2024-11-09T20:47:00.402+0000] {processor.py:829} INFO - Processing file /home/airflow/.local/lib/python3.8/site-packages/airflow/example_dags/example_kubernetes_executor.py for tasks to queue
[2024-11-09T20:47:00.402+0000] {logging_mixin.py:154} INFO - [2024-11-09T20:47:00.402+0000] {dagbag.py:536} INFO - Filling up the DagBag from /home/airflow/.local/lib/python3.8/site-packages/airflow/example_dags/example_kubernetes_executor.py
[2024-11-09T20:47:00.408+0000] {processor.py:839} INFO - DAG(s) dict_keys(['example_kubernetes_executor']) retrieved from /home/airflow/.local/lib/python3.8/site-packages/airflow/example_dags/example_kubernetes_executor.py
[2024-11-09T20:47:00.425+0000] {logging_mixin.py:154} INFO - [2024-11-09T20:47:00.425+0000] {dag.py:2941} INFO - Sync 1 DAGs
[2024-11-09T20:47:00.431+0000] {logging_mixin.py:154} INFO - [2024-11-09T20:47:00.430+0000] {dag.py:3722} INFO - Setting next_dagrun for example_kubernetes_executor to None, run_after=None
[2024-11-09T20:47:00.443+0000] {processor.py:179} INFO - Processing /home/airflow/.local/lib/python3.8/site-packages/airflow/example_dags/example_kubernetes_executor.py took 0.044 seconds
[2024-11-09T20:47:30.802+0000] {processor.py:157} INFO - Started process (PID=2288) to work on /home/airflow/.local/lib/python3.8/site-packages/airflow/example_dags/example_kubernetes_executor.py
[2024-11-09T20:47:30.802+0000] {processor.py:829} INFO - Processing file /home/airflow/.local/lib/python3.8/site-packages/airflow/example_dags/example_kubernetes_executor.py for tasks to queue
[2024-11-09T20:47:30.803+0000] {logging_mixin.py:154} INFO - [2024-11-09T20:47:30.803+0000] {dagbag.py:536} INFO - Filling up the DagBag from /home/airflow/.local/lib/python3.8/site-packages/airflow/example_dags/example_kubernetes_executor.py
[2024-11-09T20:47:30.809+0000] {processor.py:839} INFO - DAG(s) dict_keys(['example_kubernetes_executor']) retrieved from /home/airflow/.local/lib/python3.8/site-packages/airflow/example_dags/example_kubernetes_executor.py
[2024-11-09T20:47:30.826+0000] {logging_mixin.py:154} INFO - [2024-11-09T20:47:30.826+0000] {dag.py:2941} INFO - Sync 1 DAGs
[2024-11-09T20:47:30.832+0000] {logging_mixin.py:154} INFO - [2024-11-09T20:47:30.832+0000] {dag.py:3722} INFO - Setting next_dagrun for example_kubernetes_executor to None, run_after=None
[2024-11-09T20:47:30.842+0000] {processor.py:179} INFO - Processing /home/airflow/.local/lib/python3.8/site-packages/airflow/example_dags/example_kubernetes_executor.py took 0.042 seconds
