[2024-11-09T20:43:26.290+0000] {processor.py:157} INFO - Started process (PID=257) to work on /home/airflow/.local/lib/python3.8/site-packages/airflow/example_dags/example_sensors.py
[2024-11-09T20:43:26.291+0000] {processor.py:829} INFO - Processing file /home/airflow/.local/lib/python3.8/site-packages/airflow/example_dags/example_sensors.py for tasks to queue
[2024-11-09T20:43:26.291+0000] {logging_mixin.py:154} INFO - [2024-11-09T20:43:26.291+0000] {dagbag.py:536} INFO - Filling up the DagBag from /home/airflow/.local/lib/python3.8/site-packages/airflow/example_dags/example_sensors.py
[2024-11-09T20:43:26.299+0000] {processor.py:839} INFO - DAG(s) dict_keys(['example_sensors']) retrieved from /home/airflow/.local/lib/python3.8/site-packages/airflow/example_dags/example_sensors.py
[2024-11-09T20:43:26.352+0000] {logging_mixin.py:154} INFO - [2024-11-09T20:43:26.352+0000] {manager.py:499} INFO - Created Permission View: %s
[2024-11-09T20:43:26.357+0000] {logging_mixin.py:154} INFO - [2024-11-09T20:43:26.357+0000] {manager.py:499} INFO - Created Permission View: %s
[2024-11-09T20:43:26.362+0000] {logging_mixin.py:154} INFO - [2024-11-09T20:43:26.362+0000] {manager.py:499} INFO - Created Permission View: %s
[2024-11-09T20:43:26.363+0000] {logging_mixin.py:154} INFO - [2024-11-09T20:43:26.363+0000] {dag.py:2941} INFO - Sync 1 DAGs
[2024-11-09T20:43:26.368+0000] {logging_mixin.py:154} INFO - [2024-11-09T20:43:26.367+0000] {dag.py:2963} INFO - Creating ORM DAG for example_sensors
[2024-11-09T20:43:26.368+0000] {logging_mixin.py:154} INFO - [2024-11-09T20:43:26.368+0000] {dag.py:3722} INFO - Setting next_dagrun for example_sensors to None, run_after=None
[2024-11-09T20:43:26.377+0000] {processor.py:179} INFO - Processing /home/airflow/.local/lib/python3.8/site-packages/airflow/example_dags/example_sensors.py took 0.088 seconds
[2024-11-09T20:43:57.182+0000] {processor.py:157} INFO - Started process (PID=497) to work on /home/airflow/.local/lib/python3.8/site-packages/airflow/example_dags/example_sensors.py
[2024-11-09T20:43:57.183+0000] {processor.py:829} INFO - Processing file /home/airflow/.local/lib/python3.8/site-packages/airflow/example_dags/example_sensors.py for tasks to queue
[2024-11-09T20:43:57.183+0000] {logging_mixin.py:154} INFO - [2024-11-09T20:43:57.183+0000] {dagbag.py:536} INFO - Filling up the DagBag from /home/airflow/.local/lib/python3.8/site-packages/airflow/example_dags/example_sensors.py
[2024-11-09T20:43:57.187+0000] {processor.py:839} INFO - DAG(s) dict_keys(['example_sensors']) retrieved from /home/airflow/.local/lib/python3.8/site-packages/airflow/example_dags/example_sensors.py
[2024-11-09T20:43:57.198+0000] {logging_mixin.py:154} INFO - [2024-11-09T20:43:57.198+0000] {dag.py:2941} INFO - Sync 1 DAGs
[2024-11-09T20:43:57.203+0000] {logging_mixin.py:154} INFO - [2024-11-09T20:43:57.203+0000] {dag.py:3722} INFO - Setting next_dagrun for example_sensors to None, run_after=None
[2024-11-09T20:43:57.210+0000] {processor.py:179} INFO - Processing /home/airflow/.local/lib/python3.8/site-packages/airflow/example_dags/example_sensors.py took 0.029 seconds
[2024-11-09T20:44:27.657+0000] {processor.py:157} INFO - Started process (PID=735) to work on /home/airflow/.local/lib/python3.8/site-packages/airflow/example_dags/example_sensors.py
[2024-11-09T20:44:27.657+0000] {processor.py:829} INFO - Processing file /home/airflow/.local/lib/python3.8/site-packages/airflow/example_dags/example_sensors.py for tasks to queue
[2024-11-09T20:44:27.658+0000] {logging_mixin.py:154} INFO - [2024-11-09T20:44:27.658+0000] {dagbag.py:536} INFO - Filling up the DagBag from /home/airflow/.local/lib/python3.8/site-packages/airflow/example_dags/example_sensors.py
[2024-11-09T20:44:27.662+0000] {processor.py:839} INFO - DAG(s) dict_keys(['example_sensors']) retrieved from /home/airflow/.local/lib/python3.8/site-packages/airflow/example_dags/example_sensors.py
[2024-11-09T20:44:27.674+0000] {logging_mixin.py:154} INFO - [2024-11-09T20:44:27.674+0000] {dag.py:2941} INFO - Sync 1 DAGs
[2024-11-09T20:44:27.681+0000] {logging_mixin.py:154} INFO - [2024-11-09T20:44:27.681+0000] {dag.py:3722} INFO - Setting next_dagrun for example_sensors to None, run_after=None
[2024-11-09T20:44:27.690+0000] {processor.py:179} INFO - Processing /home/airflow/.local/lib/python3.8/site-packages/airflow/example_dags/example_sensors.py took 0.035 seconds
[2024-11-09T20:44:58.066+0000] {processor.py:157} INFO - Started process (PID=973) to work on /home/airflow/.local/lib/python3.8/site-packages/airflow/example_dags/example_sensors.py
[2024-11-09T20:44:58.066+0000] {processor.py:829} INFO - Processing file /home/airflow/.local/lib/python3.8/site-packages/airflow/example_dags/example_sensors.py for tasks to queue
[2024-11-09T20:44:58.066+0000] {logging_mixin.py:154} INFO - [2024-11-09T20:44:58.066+0000] {dagbag.py:536} INFO - Filling up the DagBag from /home/airflow/.local/lib/python3.8/site-packages/airflow/example_dags/example_sensors.py
[2024-11-09T20:44:58.070+0000] {processor.py:839} INFO - DAG(s) dict_keys(['example_sensors']) retrieved from /home/airflow/.local/lib/python3.8/site-packages/airflow/example_dags/example_sensors.py
[2024-11-09T20:44:58.080+0000] {logging_mixin.py:154} INFO - [2024-11-09T20:44:58.080+0000] {dag.py:2941} INFO - Sync 1 DAGs
[2024-11-09T20:44:58.085+0000] {logging_mixin.py:154} INFO - [2024-11-09T20:44:58.084+0000] {dag.py:3722} INFO - Setting next_dagrun for example_sensors to None, run_after=None
[2024-11-09T20:44:58.091+0000] {processor.py:179} INFO - Processing /home/airflow/.local/lib/python3.8/site-packages/airflow/example_dags/example_sensors.py took 0.026 seconds
[2024-11-09T20:45:28.520+0000] {processor.py:157} INFO - Started process (PID=1211) to work on /home/airflow/.local/lib/python3.8/site-packages/airflow/example_dags/example_sensors.py
[2024-11-09T20:45:28.521+0000] {processor.py:829} INFO - Processing file /home/airflow/.local/lib/python3.8/site-packages/airflow/example_dags/example_sensors.py for tasks to queue
[2024-11-09T20:45:28.521+0000] {logging_mixin.py:154} INFO - [2024-11-09T20:45:28.521+0000] {dagbag.py:536} INFO - Filling up the DagBag from /home/airflow/.local/lib/python3.8/site-packages/airflow/example_dags/example_sensors.py
[2024-11-09T20:45:28.525+0000] {processor.py:839} INFO - DAG(s) dict_keys(['example_sensors']) retrieved from /home/airflow/.local/lib/python3.8/site-packages/airflow/example_dags/example_sensors.py
[2024-11-09T20:45:28.535+0000] {logging_mixin.py:154} INFO - [2024-11-09T20:45:28.535+0000] {dag.py:2941} INFO - Sync 1 DAGs
[2024-11-09T20:45:28.540+0000] {logging_mixin.py:154} INFO - [2024-11-09T20:45:28.540+0000] {dag.py:3722} INFO - Setting next_dagrun for example_sensors to None, run_after=None
[2024-11-09T20:45:28.546+0000] {processor.py:179} INFO - Processing /home/airflow/.local/lib/python3.8/site-packages/airflow/example_dags/example_sensors.py took 0.027 seconds
[2024-11-09T20:45:58.991+0000] {processor.py:157} INFO - Started process (PID=1449) to work on /home/airflow/.local/lib/python3.8/site-packages/airflow/example_dags/example_sensors.py
[2024-11-09T20:45:58.991+0000] {processor.py:829} INFO - Processing file /home/airflow/.local/lib/python3.8/site-packages/airflow/example_dags/example_sensors.py for tasks to queue
[2024-11-09T20:45:58.992+0000] {logging_mixin.py:154} INFO - [2024-11-09T20:45:58.992+0000] {dagbag.py:536} INFO - Filling up the DagBag from /home/airflow/.local/lib/python3.8/site-packages/airflow/example_dags/example_sensors.py
[2024-11-09T20:45:58.996+0000] {processor.py:839} INFO - DAG(s) dict_keys(['example_sensors']) retrieved from /home/airflow/.local/lib/python3.8/site-packages/airflow/example_dags/example_sensors.py
[2024-11-09T20:45:59.005+0000] {logging_mixin.py:154} INFO - [2024-11-09T20:45:59.005+0000] {dag.py:2941} INFO - Sync 1 DAGs
[2024-11-09T20:45:59.010+0000] {logging_mixin.py:154} INFO - [2024-11-09T20:45:59.010+0000] {dag.py:3722} INFO - Setting next_dagrun for example_sensors to None, run_after=None
[2024-11-09T20:45:59.016+0000] {processor.py:179} INFO - Processing /home/airflow/.local/lib/python3.8/site-packages/airflow/example_dags/example_sensors.py took 0.027 seconds
[2024-11-09T20:46:29.322+0000] {processor.py:157} INFO - Started process (PID=1687) to work on /home/airflow/.local/lib/python3.8/site-packages/airflow/example_dags/example_sensors.py
[2024-11-09T20:46:29.323+0000] {processor.py:829} INFO - Processing file /home/airflow/.local/lib/python3.8/site-packages/airflow/example_dags/example_sensors.py for tasks to queue
[2024-11-09T20:46:29.323+0000] {logging_mixin.py:154} INFO - [2024-11-09T20:46:29.323+0000] {dagbag.py:536} INFO - Filling up the DagBag from /home/airflow/.local/lib/python3.8/site-packages/airflow/example_dags/example_sensors.py
[2024-11-09T20:46:29.328+0000] {processor.py:839} INFO - DAG(s) dict_keys(['example_sensors']) retrieved from /home/airflow/.local/lib/python3.8/site-packages/airflow/example_dags/example_sensors.py
[2024-11-09T20:46:29.339+0000] {logging_mixin.py:154} INFO - [2024-11-09T20:46:29.339+0000] {dag.py:2941} INFO - Sync 1 DAGs
[2024-11-09T20:46:29.347+0000] {logging_mixin.py:154} INFO - [2024-11-09T20:46:29.347+0000] {dag.py:3722} INFO - Setting next_dagrun for example_sensors to None, run_after=None
[2024-11-09T20:46:29.357+0000] {processor.py:179} INFO - Processing /home/airflow/.local/lib/python3.8/site-packages/airflow/example_dags/example_sensors.py took 0.037 seconds
[2024-11-09T20:46:59.725+0000] {processor.py:157} INFO - Started process (PID=1923) to work on /home/airflow/.local/lib/python3.8/site-packages/airflow/example_dags/example_sensors.py
[2024-11-09T20:46:59.726+0000] {processor.py:829} INFO - Processing file /home/airflow/.local/lib/python3.8/site-packages/airflow/example_dags/example_sensors.py for tasks to queue
[2024-11-09T20:46:59.726+0000] {logging_mixin.py:154} INFO - [2024-11-09T20:46:59.726+0000] {dagbag.py:536} INFO - Filling up the DagBag from /home/airflow/.local/lib/python3.8/site-packages/airflow/example_dags/example_sensors.py
[2024-11-09T20:46:59.731+0000] {processor.py:839} INFO - DAG(s) dict_keys(['example_sensors']) retrieved from /home/airflow/.local/lib/python3.8/site-packages/airflow/example_dags/example_sensors.py
[2024-11-09T20:46:59.741+0000] {logging_mixin.py:154} INFO - [2024-11-09T20:46:59.741+0000] {dag.py:2941} INFO - Sync 1 DAGs
[2024-11-09T20:46:59.747+0000] {logging_mixin.py:154} INFO - [2024-11-09T20:46:59.747+0000] {dag.py:3722} INFO - Setting next_dagrun for example_sensors to None, run_after=None
[2024-11-09T20:46:59.756+0000] {processor.py:179} INFO - Processing /home/airflow/.local/lib/python3.8/site-packages/airflow/example_dags/example_sensors.py took 0.032 seconds
[2024-11-09T20:47:30.165+0000] {processor.py:157} INFO - Started process (PID=2163) to work on /home/airflow/.local/lib/python3.8/site-packages/airflow/example_dags/example_sensors.py
[2024-11-09T20:47:30.165+0000] {processor.py:829} INFO - Processing file /home/airflow/.local/lib/python3.8/site-packages/airflow/example_dags/example_sensors.py for tasks to queue
[2024-11-09T20:47:30.166+0000] {logging_mixin.py:154} INFO - [2024-11-09T20:47:30.166+0000] {dagbag.py:536} INFO - Filling up the DagBag from /home/airflow/.local/lib/python3.8/site-packages/airflow/example_dags/example_sensors.py
[2024-11-09T20:47:30.171+0000] {processor.py:839} INFO - DAG(s) dict_keys(['example_sensors']) retrieved from /home/airflow/.local/lib/python3.8/site-packages/airflow/example_dags/example_sensors.py
[2024-11-09T20:47:30.183+0000] {logging_mixin.py:154} INFO - [2024-11-09T20:47:30.183+0000] {dag.py:2941} INFO - Sync 1 DAGs
[2024-11-09T20:47:30.188+0000] {logging_mixin.py:154} INFO - [2024-11-09T20:47:30.188+0000] {dag.py:3722} INFO - Setting next_dagrun for example_sensors to None, run_after=None
[2024-11-09T20:47:30.199+0000] {processor.py:179} INFO - Processing /home/airflow/.local/lib/python3.8/site-packages/airflow/example_dags/example_sensors.py took 0.035 seconds
