[2024-11-09T20:43:26.487+0000] {processor.py:157} INFO - Started process (PID=277) to work on /home/airflow/.local/lib/python3.8/site-packages/airflow/example_dags/example_short_circuit_decorator.py
[2024-11-09T20:43:26.488+0000] {processor.py:829} INFO - Processing file /home/airflow/.local/lib/python3.8/site-packages/airflow/example_dags/example_short_circuit_decorator.py for tasks to queue
[2024-11-09T20:43:26.488+0000] {logging_mixin.py:154} INFO - [2024-11-09T20:43:26.488+0000] {dagbag.py:536} INFO - Filling up the DagBag from /home/airflow/.local/lib/python3.8/site-packages/airflow/example_dags/example_short_circuit_decorator.py
[2024-11-09T20:43:26.494+0000] {processor.py:839} INFO - DAG(s) dict_keys(['example_short_circuit_decorator']) retrieved from /home/airflow/.local/lib/python3.8/site-packages/airflow/example_dags/example_short_circuit_decorator.py
[2024-11-09T20:43:26.540+0000] {logging_mixin.py:154} INFO - [2024-11-09T20:43:26.540+0000] {manager.py:499} INFO - Created Permission View: %s
[2024-11-09T20:43:26.549+0000] {logging_mixin.py:154} INFO - [2024-11-09T20:43:26.549+0000] {manager.py:499} INFO - Created Permission View: %s
[2024-11-09T20:43:26.554+0000] {logging_mixin.py:154} INFO - [2024-11-09T20:43:26.554+0000] {manager.py:499} INFO - Created Permission View: %s
[2024-11-09T20:43:26.555+0000] {logging_mixin.py:154} INFO - [2024-11-09T20:43:26.554+0000] {dag.py:2941} INFO - Sync 1 DAGs
[2024-11-09T20:43:26.560+0000] {logging_mixin.py:154} INFO - [2024-11-09T20:43:26.560+0000] {dag.py:2963} INFO - Creating ORM DAG for example_short_circuit_decorator
[2024-11-09T20:43:26.565+0000] {logging_mixin.py:154} INFO - [2024-11-09T20:43:26.565+0000] {dag.py:3722} INFO - Setting next_dagrun for example_short_circuit_decorator to 2024-11-08T20:43:26.565453+00:00, run_after=2024-11-09T20:43:26.565453+00:00
[2024-11-09T20:43:26.576+0000] {processor.py:179} INFO - Processing /home/airflow/.local/lib/python3.8/site-packages/airflow/example_dags/example_short_circuit_decorator.py took 0.091 seconds
[2024-11-09T20:43:57.277+0000] {processor.py:157} INFO - Started process (PID=515) to work on /home/airflow/.local/lib/python3.8/site-packages/airflow/example_dags/example_short_circuit_decorator.py
[2024-11-09T20:43:57.278+0000] {processor.py:829} INFO - Processing file /home/airflow/.local/lib/python3.8/site-packages/airflow/example_dags/example_short_circuit_decorator.py for tasks to queue
[2024-11-09T20:43:57.279+0000] {logging_mixin.py:154} INFO - [2024-11-09T20:43:57.279+0000] {dagbag.py:536} INFO - Filling up the DagBag from /home/airflow/.local/lib/python3.8/site-packages/airflow/example_dags/example_short_circuit_decorator.py
[2024-11-09T20:43:57.286+0000] {processor.py:839} INFO - DAG(s) dict_keys(['example_short_circuit_decorator']) retrieved from /home/airflow/.local/lib/python3.8/site-packages/airflow/example_dags/example_short_circuit_decorator.py
[2024-11-09T20:43:57.298+0000] {logging_mixin.py:154} INFO - [2024-11-09T20:43:57.298+0000] {dag.py:2941} INFO - Sync 1 DAGs
[2024-11-09T20:43:57.310+0000] {logging_mixin.py:154} INFO - [2024-11-09T20:43:57.310+0000] {dag.py:3722} INFO - Setting next_dagrun for example_short_circuit_decorator to 2024-11-08T20:43:57.310392+00:00, run_after=2024-11-09T20:43:57.310392+00:00
[2024-11-09T20:43:57.320+0000] {processor.py:179} INFO - Processing /home/airflow/.local/lib/python3.8/site-packages/airflow/example_dags/example_short_circuit_decorator.py took 0.045 seconds
[2024-11-09T20:44:27.746+0000] {processor.py:157} INFO - Started process (PID=753) to work on /home/airflow/.local/lib/python3.8/site-packages/airflow/example_dags/example_short_circuit_decorator.py
[2024-11-09T20:44:27.747+0000] {processor.py:829} INFO - Processing file /home/airflow/.local/lib/python3.8/site-packages/airflow/example_dags/example_short_circuit_decorator.py for tasks to queue
[2024-11-09T20:44:27.748+0000] {logging_mixin.py:154} INFO - [2024-11-09T20:44:27.747+0000] {dagbag.py:536} INFO - Filling up the DagBag from /home/airflow/.local/lib/python3.8/site-packages/airflow/example_dags/example_short_circuit_decorator.py
[2024-11-09T20:44:27.753+0000] {processor.py:839} INFO - DAG(s) dict_keys(['example_short_circuit_decorator']) retrieved from /home/airflow/.local/lib/python3.8/site-packages/airflow/example_dags/example_short_circuit_decorator.py
[2024-11-09T20:44:27.764+0000] {logging_mixin.py:154} INFO - [2024-11-09T20:44:27.764+0000] {dag.py:2941} INFO - Sync 1 DAGs
[2024-11-09T20:44:27.775+0000] {logging_mixin.py:154} INFO - [2024-11-09T20:44:27.775+0000] {dag.py:3722} INFO - Setting next_dagrun for example_short_circuit_decorator to 2024-11-08T20:44:27.775791+00:00, run_after=2024-11-09T20:44:27.775791+00:00
[2024-11-09T20:44:27.786+0000] {processor.py:179} INFO - Processing /home/airflow/.local/lib/python3.8/site-packages/airflow/example_dags/example_short_circuit_decorator.py took 0.041 seconds
[2024-11-09T20:44:58.191+0000] {processor.py:157} INFO - Started process (PID=993) to work on /home/airflow/.local/lib/python3.8/site-packages/airflow/example_dags/example_short_circuit_decorator.py
[2024-11-09T20:44:58.192+0000] {processor.py:829} INFO - Processing file /home/airflow/.local/lib/python3.8/site-packages/airflow/example_dags/example_short_circuit_decorator.py for tasks to queue
[2024-11-09T20:44:58.192+0000] {logging_mixin.py:154} INFO - [2024-11-09T20:44:58.192+0000] {dagbag.py:536} INFO - Filling up the DagBag from /home/airflow/.local/lib/python3.8/site-packages/airflow/example_dags/example_short_circuit_decorator.py
[2024-11-09T20:44:58.197+0000] {processor.py:839} INFO - DAG(s) dict_keys(['example_short_circuit_decorator']) retrieved from /home/airflow/.local/lib/python3.8/site-packages/airflow/example_dags/example_short_circuit_decorator.py
[2024-11-09T20:44:58.208+0000] {logging_mixin.py:154} INFO - [2024-11-09T20:44:58.208+0000] {dag.py:2941} INFO - Sync 1 DAGs
[2024-11-09T20:44:58.218+0000] {logging_mixin.py:154} INFO - [2024-11-09T20:44:58.218+0000] {dag.py:3722} INFO - Setting next_dagrun for example_short_circuit_decorator to 2024-11-08T20:44:58.218035+00:00, run_after=2024-11-09T20:44:58.218035+00:00
[2024-11-09T20:44:58.228+0000] {processor.py:179} INFO - Processing /home/airflow/.local/lib/python3.8/site-packages/airflow/example_dags/example_short_circuit_decorator.py took 0.038 seconds
[2024-11-09T20:45:28.602+0000] {processor.py:157} INFO - Started process (PID=1229) to work on /home/airflow/.local/lib/python3.8/site-packages/airflow/example_dags/example_short_circuit_decorator.py
[2024-11-09T20:45:28.603+0000] {processor.py:829} INFO - Processing file /home/airflow/.local/lib/python3.8/site-packages/airflow/example_dags/example_short_circuit_decorator.py for tasks to queue
[2024-11-09T20:45:28.604+0000] {logging_mixin.py:154} INFO - [2024-11-09T20:45:28.603+0000] {dagbag.py:536} INFO - Filling up the DagBag from /home/airflow/.local/lib/python3.8/site-packages/airflow/example_dags/example_short_circuit_decorator.py
[2024-11-09T20:45:28.608+0000] {processor.py:839} INFO - DAG(s) dict_keys(['example_short_circuit_decorator']) retrieved from /home/airflow/.local/lib/python3.8/site-packages/airflow/example_dags/example_short_circuit_decorator.py
[2024-11-09T20:45:28.617+0000] {logging_mixin.py:154} INFO - [2024-11-09T20:45:28.617+0000] {dag.py:2941} INFO - Sync 1 DAGs
[2024-11-09T20:45:28.626+0000] {logging_mixin.py:154} INFO - [2024-11-09T20:45:28.626+0000] {dag.py:3722} INFO - Setting next_dagrun for example_short_circuit_decorator to 2024-11-08T20:45:28.626117+00:00, run_after=2024-11-09T20:45:28.626117+00:00
[2024-11-09T20:45:28.635+0000] {processor.py:179} INFO - Processing /home/airflow/.local/lib/python3.8/site-packages/airflow/example_dags/example_short_circuit_decorator.py took 0.035 seconds
[2024-11-09T20:45:59.115+0000] {processor.py:157} INFO - Started process (PID=1469) to work on /home/airflow/.local/lib/python3.8/site-packages/airflow/example_dags/example_short_circuit_decorator.py
[2024-11-09T20:45:59.115+0000] {processor.py:829} INFO - Processing file /home/airflow/.local/lib/python3.8/site-packages/airflow/example_dags/example_short_circuit_decorator.py for tasks to queue
[2024-11-09T20:45:59.115+0000] {logging_mixin.py:154} INFO - [2024-11-09T20:45:59.115+0000] {dagbag.py:536} INFO - Filling up the DagBag from /home/airflow/.local/lib/python3.8/site-packages/airflow/example_dags/example_short_circuit_decorator.py
[2024-11-09T20:45:59.120+0000] {processor.py:839} INFO - DAG(s) dict_keys(['example_short_circuit_decorator']) retrieved from /home/airflow/.local/lib/python3.8/site-packages/airflow/example_dags/example_short_circuit_decorator.py
[2024-11-09T20:45:59.130+0000] {logging_mixin.py:154} INFO - [2024-11-09T20:45:59.130+0000] {dag.py:2941} INFO - Sync 1 DAGs
[2024-11-09T20:45:59.139+0000] {logging_mixin.py:154} INFO - [2024-11-09T20:45:59.139+0000] {dag.py:3722} INFO - Setting next_dagrun for example_short_circuit_decorator to 2024-11-08T20:45:59.139247+00:00, run_after=2024-11-09T20:45:59.139247+00:00
[2024-11-09T20:45:59.147+0000] {processor.py:179} INFO - Processing /home/airflow/.local/lib/python3.8/site-packages/airflow/example_dags/example_short_circuit_decorator.py took 0.034 seconds
[2024-11-09T20:46:29.454+0000] {processor.py:157} INFO - Started process (PID=1707) to work on /home/airflow/.local/lib/python3.8/site-packages/airflow/example_dags/example_short_circuit_decorator.py
[2024-11-09T20:46:29.454+0000] {processor.py:829} INFO - Processing file /home/airflow/.local/lib/python3.8/site-packages/airflow/example_dags/example_short_circuit_decorator.py for tasks to queue
[2024-11-09T20:46:29.455+0000] {logging_mixin.py:154} INFO - [2024-11-09T20:46:29.455+0000] {dagbag.py:536} INFO - Filling up the DagBag from /home/airflow/.local/lib/python3.8/site-packages/airflow/example_dags/example_short_circuit_decorator.py
[2024-11-09T20:46:29.460+0000] {processor.py:839} INFO - DAG(s) dict_keys(['example_short_circuit_decorator']) retrieved from /home/airflow/.local/lib/python3.8/site-packages/airflow/example_dags/example_short_circuit_decorator.py
[2024-11-09T20:46:29.473+0000] {logging_mixin.py:154} INFO - [2024-11-09T20:46:29.473+0000] {dag.py:2941} INFO - Sync 1 DAGs
[2024-11-09T20:46:29.482+0000] {logging_mixin.py:154} INFO - [2024-11-09T20:46:29.482+0000] {dag.py:3722} INFO - Setting next_dagrun for example_short_circuit_decorator to 2024-11-08T20:46:29.482290+00:00, run_after=2024-11-09T20:46:29.482290+00:00
[2024-11-09T20:46:29.492+0000] {processor.py:179} INFO - Processing /home/airflow/.local/lib/python3.8/site-packages/airflow/example_dags/example_short_circuit_decorator.py took 0.040 seconds
[2024-11-09T20:46:59.844+0000] {processor.py:157} INFO - Started process (PID=1943) to work on /home/airflow/.local/lib/python3.8/site-packages/airflow/example_dags/example_short_circuit_decorator.py
[2024-11-09T20:46:59.845+0000] {processor.py:829} INFO - Processing file /home/airflow/.local/lib/python3.8/site-packages/airflow/example_dags/example_short_circuit_decorator.py for tasks to queue
[2024-11-09T20:46:59.846+0000] {logging_mixin.py:154} INFO - [2024-11-09T20:46:59.845+0000] {dagbag.py:536} INFO - Filling up the DagBag from /home/airflow/.local/lib/python3.8/site-packages/airflow/example_dags/example_short_circuit_decorator.py
[2024-11-09T20:46:59.851+0000] {processor.py:839} INFO - DAG(s) dict_keys(['example_short_circuit_decorator']) retrieved from /home/airflow/.local/lib/python3.8/site-packages/airflow/example_dags/example_short_circuit_decorator.py
[2024-11-09T20:46:59.863+0000] {logging_mixin.py:154} INFO - [2024-11-09T20:46:59.863+0000] {dag.py:2941} INFO - Sync 1 DAGs
[2024-11-09T20:46:59.875+0000] {logging_mixin.py:154} INFO - [2024-11-09T20:46:59.874+0000] {dag.py:3722} INFO - Setting next_dagrun for example_short_circuit_decorator to 2024-11-08T20:46:59.874828+00:00, run_after=2024-11-09T20:46:59.874828+00:00
[2024-11-09T20:46:59.883+0000] {processor.py:179} INFO - Processing /home/airflow/.local/lib/python3.8/site-packages/airflow/example_dags/example_short_circuit_decorator.py took 0.040 seconds
[2024-11-09T20:47:30.253+0000] {processor.py:157} INFO - Started process (PID=2181) to work on /home/airflow/.local/lib/python3.8/site-packages/airflow/example_dags/example_short_circuit_decorator.py
[2024-11-09T20:47:30.256+0000] {processor.py:829} INFO - Processing file /home/airflow/.local/lib/python3.8/site-packages/airflow/example_dags/example_short_circuit_decorator.py for tasks to queue
[2024-11-09T20:47:30.256+0000] {logging_mixin.py:154} INFO - [2024-11-09T20:47:30.256+0000] {dagbag.py:536} INFO - Filling up the DagBag from /home/airflow/.local/lib/python3.8/site-packages/airflow/example_dags/example_short_circuit_decorator.py
[2024-11-09T20:47:30.260+0000] {processor.py:839} INFO - DAG(s) dict_keys(['example_short_circuit_decorator']) retrieved from /home/airflow/.local/lib/python3.8/site-packages/airflow/example_dags/example_short_circuit_decorator.py
[2024-11-09T20:47:30.271+0000] {logging_mixin.py:154} INFO - [2024-11-09T20:47:30.271+0000] {dag.py:2941} INFO - Sync 1 DAGs
[2024-11-09T20:47:30.280+0000] {logging_mixin.py:154} INFO - [2024-11-09T20:47:30.280+0000] {dag.py:3722} INFO - Setting next_dagrun for example_short_circuit_decorator to 2024-11-08T20:47:30.279970+00:00, run_after=2024-11-09T20:47:30.279970+00:00
[2024-11-09T20:47:30.290+0000] {processor.py:179} INFO - Processing /home/airflow/.local/lib/python3.8/site-packages/airflow/example_dags/example_short_circuit_decorator.py took 0.039 seconds
