[2024-11-09T20:43:27.176+0000] {processor.py:157} INFO - Started process (PID=337) to work on /home/airflow/.local/lib/python3.8/site-packages/airflow/example_dags/example_setup_teardown.py
[2024-11-09T20:43:27.179+0000] {processor.py:829} INFO - Processing file /home/airflow/.local/lib/python3.8/site-packages/airflow/example_dags/example_setup_teardown.py for tasks to queue
[2024-11-09T20:43:27.180+0000] {logging_mixin.py:154} INFO - [2024-11-09T20:43:27.180+0000] {dagbag.py:536} INFO - Filling up the DagBag from /home/airflow/.local/lib/python3.8/site-packages/airflow/example_dags/example_setup_teardown.py
[2024-11-09T20:43:27.186+0000] {processor.py:839} INFO - DAG(s) dict_keys(['example_setup_teardown']) retrieved from /home/airflow/.local/lib/python3.8/site-packages/airflow/example_dags/example_setup_teardown.py
[2024-11-09T20:43:27.233+0000] {logging_mixin.py:154} INFO - [2024-11-09T20:43:27.233+0000] {manager.py:499} INFO - Created Permission View: %s
[2024-11-09T20:43:27.239+0000] {logging_mixin.py:154} INFO - [2024-11-09T20:43:27.239+0000] {manager.py:499} INFO - Created Permission View: %s
[2024-11-09T20:43:27.241+0000] {logging_mixin.py:154} INFO - [2024-11-09T20:43:27.241+0000] {manager.py:499} INFO - Created Permission View: %s
[2024-11-09T20:43:27.242+0000] {logging_mixin.py:154} INFO - [2024-11-09T20:43:27.242+0000] {dag.py:2941} INFO - Sync 1 DAGs
[2024-11-09T20:43:27.246+0000] {logging_mixin.py:154} INFO - [2024-11-09T20:43:27.246+0000] {dag.py:2963} INFO - Creating ORM DAG for example_setup_teardown
[2024-11-09T20:43:27.250+0000] {logging_mixin.py:154} INFO - [2024-11-09T20:43:27.250+0000] {dag.py:3722} INFO - Setting next_dagrun for example_setup_teardown to 2024-11-08T20:43:27.250018+00:00, run_after=2024-11-09T20:43:27.250018+00:00
[2024-11-09T20:43:27.257+0000] {processor.py:179} INFO - Processing /home/airflow/.local/lib/python3.8/site-packages/airflow/example_dags/example_setup_teardown.py took 0.084 seconds
[2024-11-09T20:43:57.595+0000] {processor.py:157} INFO - Started process (PID=575) to work on /home/airflow/.local/lib/python3.8/site-packages/airflow/example_dags/example_setup_teardown.py
[2024-11-09T20:43:57.596+0000] {processor.py:829} INFO - Processing file /home/airflow/.local/lib/python3.8/site-packages/airflow/example_dags/example_setup_teardown.py for tasks to queue
[2024-11-09T20:43:57.596+0000] {logging_mixin.py:154} INFO - [2024-11-09T20:43:57.596+0000] {dagbag.py:536} INFO - Filling up the DagBag from /home/airflow/.local/lib/python3.8/site-packages/airflow/example_dags/example_setup_teardown.py
[2024-11-09T20:43:57.600+0000] {processor.py:839} INFO - DAG(s) dict_keys(['example_setup_teardown']) retrieved from /home/airflow/.local/lib/python3.8/site-packages/airflow/example_dags/example_setup_teardown.py
[2024-11-09T20:43:57.611+0000] {logging_mixin.py:154} INFO - [2024-11-09T20:43:57.611+0000] {dag.py:2941} INFO - Sync 1 DAGs
[2024-11-09T20:43:57.622+0000] {logging_mixin.py:154} INFO - [2024-11-09T20:43:57.622+0000] {dag.py:3722} INFO - Setting next_dagrun for example_setup_teardown to 2024-11-08T20:43:57.622260+00:00, run_after=2024-11-09T20:43:57.622260+00:00
[2024-11-09T20:43:57.629+0000] {processor.py:179} INFO - Processing /home/airflow/.local/lib/python3.8/site-packages/airflow/example_dags/example_setup_teardown.py took 0.035 seconds
[2024-11-09T20:44:28.059+0000] {processor.py:157} INFO - Started process (PID=815) to work on /home/airflow/.local/lib/python3.8/site-packages/airflow/example_dags/example_setup_teardown.py
[2024-11-09T20:44:28.059+0000] {processor.py:829} INFO - Processing file /home/airflow/.local/lib/python3.8/site-packages/airflow/example_dags/example_setup_teardown.py for tasks to queue
[2024-11-09T20:44:28.059+0000] {logging_mixin.py:154} INFO - [2024-11-09T20:44:28.059+0000] {dagbag.py:536} INFO - Filling up the DagBag from /home/airflow/.local/lib/python3.8/site-packages/airflow/example_dags/example_setup_teardown.py
[2024-11-09T20:44:28.062+0000] {processor.py:839} INFO - DAG(s) dict_keys(['example_setup_teardown']) retrieved from /home/airflow/.local/lib/python3.8/site-packages/airflow/example_dags/example_setup_teardown.py
[2024-11-09T20:44:28.071+0000] {logging_mixin.py:154} INFO - [2024-11-09T20:44:28.070+0000] {dag.py:2941} INFO - Sync 1 DAGs
[2024-11-09T20:44:28.079+0000] {logging_mixin.py:154} INFO - [2024-11-09T20:44:28.079+0000] {dag.py:3722} INFO - Setting next_dagrun for example_setup_teardown to 2024-11-08T20:44:28.079118+00:00, run_after=2024-11-09T20:44:28.079118+00:00
[2024-11-09T20:44:28.085+0000] {processor.py:179} INFO - Processing /home/airflow/.local/lib/python3.8/site-packages/airflow/example_dags/example_setup_teardown.py took 0.027 seconds
[2024-11-09T20:44:58.514+0000] {processor.py:157} INFO - Started process (PID=1051) to work on /home/airflow/.local/lib/python3.8/site-packages/airflow/example_dags/example_setup_teardown.py
[2024-11-09T20:44:58.514+0000] {processor.py:829} INFO - Processing file /home/airflow/.local/lib/python3.8/site-packages/airflow/example_dags/example_setup_teardown.py for tasks to queue
[2024-11-09T20:44:58.515+0000] {logging_mixin.py:154} INFO - [2024-11-09T20:44:58.515+0000] {dagbag.py:536} INFO - Filling up the DagBag from /home/airflow/.local/lib/python3.8/site-packages/airflow/example_dags/example_setup_teardown.py
[2024-11-09T20:44:58.518+0000] {processor.py:839} INFO - DAG(s) dict_keys(['example_setup_teardown']) retrieved from /home/airflow/.local/lib/python3.8/site-packages/airflow/example_dags/example_setup_teardown.py
[2024-11-09T20:44:58.527+0000] {logging_mixin.py:154} INFO - [2024-11-09T20:44:58.527+0000] {dag.py:2941} INFO - Sync 1 DAGs
[2024-11-09T20:44:58.536+0000] {logging_mixin.py:154} INFO - [2024-11-09T20:44:58.536+0000] {dag.py:3722} INFO - Setting next_dagrun for example_setup_teardown to 2024-11-08T20:44:58.536610+00:00, run_after=2024-11-09T20:44:58.536610+00:00
[2024-11-09T20:44:58.546+0000] {processor.py:179} INFO - Processing /home/airflow/.local/lib/python3.8/site-packages/airflow/example_dags/example_setup_teardown.py took 0.034 seconds
[2024-11-09T20:45:28.951+0000] {processor.py:157} INFO - Started process (PID=1291) to work on /home/airflow/.local/lib/python3.8/site-packages/airflow/example_dags/example_setup_teardown.py
[2024-11-09T20:45:28.951+0000] {processor.py:829} INFO - Processing file /home/airflow/.local/lib/python3.8/site-packages/airflow/example_dags/example_setup_teardown.py for tasks to queue
[2024-11-09T20:45:28.952+0000] {logging_mixin.py:154} INFO - [2024-11-09T20:45:28.952+0000] {dagbag.py:536} INFO - Filling up the DagBag from /home/airflow/.local/lib/python3.8/site-packages/airflow/example_dags/example_setup_teardown.py
[2024-11-09T20:45:28.955+0000] {processor.py:839} INFO - DAG(s) dict_keys(['example_setup_teardown']) retrieved from /home/airflow/.local/lib/python3.8/site-packages/airflow/example_dags/example_setup_teardown.py
[2024-11-09T20:45:28.964+0000] {logging_mixin.py:154} INFO - [2024-11-09T20:45:28.964+0000] {dag.py:2941} INFO - Sync 1 DAGs
[2024-11-09T20:45:28.972+0000] {logging_mixin.py:154} INFO - [2024-11-09T20:45:28.972+0000] {dag.py:3722} INFO - Setting next_dagrun for example_setup_teardown to 2024-11-08T20:45:28.972305+00:00, run_after=2024-11-09T20:45:28.972305+00:00
[2024-11-09T20:45:28.978+0000] {processor.py:179} INFO - Processing /home/airflow/.local/lib/python3.8/site-packages/airflow/example_dags/example_setup_teardown.py took 0.029 seconds
[2024-11-09T20:45:59.381+0000] {processor.py:157} INFO - Started process (PID=1527) to work on /home/airflow/.local/lib/python3.8/site-packages/airflow/example_dags/example_setup_teardown.py
[2024-11-09T20:45:59.382+0000] {processor.py:829} INFO - Processing file /home/airflow/.local/lib/python3.8/site-packages/airflow/example_dags/example_setup_teardown.py for tasks to queue
[2024-11-09T20:45:59.383+0000] {logging_mixin.py:154} INFO - [2024-11-09T20:45:59.383+0000] {dagbag.py:536} INFO - Filling up the DagBag from /home/airflow/.local/lib/python3.8/site-packages/airflow/example_dags/example_setup_teardown.py
[2024-11-09T20:45:59.387+0000] {processor.py:839} INFO - DAG(s) dict_keys(['example_setup_teardown']) retrieved from /home/airflow/.local/lib/python3.8/site-packages/airflow/example_dags/example_setup_teardown.py
[2024-11-09T20:45:59.400+0000] {logging_mixin.py:154} INFO - [2024-11-09T20:45:59.400+0000] {dag.py:2941} INFO - Sync 1 DAGs
[2024-11-09T20:45:59.411+0000] {logging_mixin.py:154} INFO - [2024-11-09T20:45:59.411+0000] {dag.py:3722} INFO - Setting next_dagrun for example_setup_teardown to 2024-11-08T20:45:59.410915+00:00, run_after=2024-11-09T20:45:59.410915+00:00
[2024-11-09T20:45:59.419+0000] {processor.py:179} INFO - Processing /home/airflow/.local/lib/python3.8/site-packages/airflow/example_dags/example_setup_teardown.py took 0.040 seconds
[2024-11-09T20:46:29.746+0000] {processor.py:157} INFO - Started process (PID=1765) to work on /home/airflow/.local/lib/python3.8/site-packages/airflow/example_dags/example_setup_teardown.py
[2024-11-09T20:46:29.747+0000] {processor.py:829} INFO - Processing file /home/airflow/.local/lib/python3.8/site-packages/airflow/example_dags/example_setup_teardown.py for tasks to queue
[2024-11-09T20:46:29.747+0000] {logging_mixin.py:154} INFO - [2024-11-09T20:46:29.747+0000] {dagbag.py:536} INFO - Filling up the DagBag from /home/airflow/.local/lib/python3.8/site-packages/airflow/example_dags/example_setup_teardown.py
[2024-11-09T20:46:29.750+0000] {processor.py:839} INFO - DAG(s) dict_keys(['example_setup_teardown']) retrieved from /home/airflow/.local/lib/python3.8/site-packages/airflow/example_dags/example_setup_teardown.py
[2024-11-09T20:46:29.760+0000] {logging_mixin.py:154} INFO - [2024-11-09T20:46:29.760+0000] {dag.py:2941} INFO - Sync 1 DAGs
[2024-11-09T20:46:29.773+0000] {logging_mixin.py:154} INFO - [2024-11-09T20:46:29.772+0000] {dag.py:3722} INFO - Setting next_dagrun for example_setup_teardown to 2024-11-08T20:46:29.772878+00:00, run_after=2024-11-09T20:46:29.772878+00:00
[2024-11-09T20:46:29.782+0000] {processor.py:179} INFO - Processing /home/airflow/.local/lib/python3.8/site-packages/airflow/example_dags/example_setup_teardown.py took 0.037 seconds
[2024-11-09T20:47:00.146+0000] {processor.py:157} INFO - Started process (PID=2003) to work on /home/airflow/.local/lib/python3.8/site-packages/airflow/example_dags/example_setup_teardown.py
[2024-11-09T20:47:00.146+0000] {processor.py:829} INFO - Processing file /home/airflow/.local/lib/python3.8/site-packages/airflow/example_dags/example_setup_teardown.py for tasks to queue
[2024-11-09T20:47:00.147+0000] {logging_mixin.py:154} INFO - [2024-11-09T20:47:00.147+0000] {dagbag.py:536} INFO - Filling up the DagBag from /home/airflow/.local/lib/python3.8/site-packages/airflow/example_dags/example_setup_teardown.py
[2024-11-09T20:47:00.150+0000] {processor.py:839} INFO - DAG(s) dict_keys(['example_setup_teardown']) retrieved from /home/airflow/.local/lib/python3.8/site-packages/airflow/example_dags/example_setup_teardown.py
[2024-11-09T20:47:00.159+0000] {logging_mixin.py:154} INFO - [2024-11-09T20:47:00.159+0000] {dag.py:2941} INFO - Sync 1 DAGs
[2024-11-09T20:47:00.167+0000] {logging_mixin.py:154} INFO - [2024-11-09T20:47:00.167+0000] {dag.py:3722} INFO - Setting next_dagrun for example_setup_teardown to 2024-11-08T20:47:00.167218+00:00, run_after=2024-11-09T20:47:00.167218+00:00
[2024-11-09T20:47:00.173+0000] {processor.py:179} INFO - Processing /home/airflow/.local/lib/python3.8/site-packages/airflow/example_dags/example_setup_teardown.py took 0.029 seconds
[2024-11-09T20:47:30.565+0000] {processor.py:157} INFO - Started process (PID=2241) to work on /home/airflow/.local/lib/python3.8/site-packages/airflow/example_dags/example_setup_teardown.py
[2024-11-09T20:47:30.566+0000] {processor.py:829} INFO - Processing file /home/airflow/.local/lib/python3.8/site-packages/airflow/example_dags/example_setup_teardown.py for tasks to queue
[2024-11-09T20:47:30.566+0000] {logging_mixin.py:154} INFO - [2024-11-09T20:47:30.566+0000] {dagbag.py:536} INFO - Filling up the DagBag from /home/airflow/.local/lib/python3.8/site-packages/airflow/example_dags/example_setup_teardown.py
[2024-11-09T20:47:30.570+0000] {processor.py:839} INFO - DAG(s) dict_keys(['example_setup_teardown']) retrieved from /home/airflow/.local/lib/python3.8/site-packages/airflow/example_dags/example_setup_teardown.py
[2024-11-09T20:47:30.580+0000] {logging_mixin.py:154} INFO - [2024-11-09T20:47:30.580+0000] {dag.py:2941} INFO - Sync 1 DAGs
[2024-11-09T20:47:30.591+0000] {logging_mixin.py:154} INFO - [2024-11-09T20:47:30.590+0000] {dag.py:3722} INFO - Setting next_dagrun for example_setup_teardown to 2024-11-08T20:47:30.590872+00:00, run_after=2024-11-09T20:47:30.590872+00:00
[2024-11-09T20:47:30.600+0000] {processor.py:179} INFO - Processing /home/airflow/.local/lib/python3.8/site-packages/airflow/example_dags/example_setup_teardown.py took 0.037 seconds
