[2024-11-09T20:43:27.271+0000] {processor.py:157} INFO - Started process (PID=347) to work on /home/airflow/.local/lib/python3.8/site-packages/airflow/example_dags/example_branch_datetime_operator.py
[2024-11-09T20:43:27.271+0000] {processor.py:829} INFO - Processing file /home/airflow/.local/lib/python3.8/site-packages/airflow/example_dags/example_branch_datetime_operator.py for tasks to queue
[2024-11-09T20:43:27.272+0000] {logging_mixin.py:154} INFO - [2024-11-09T20:43:27.272+0000] {dagbag.py:536} INFO - Filling up the DagBag from /home/airflow/.local/lib/python3.8/site-packages/airflow/example_dags/example_branch_datetime_operator.py
[2024-11-09T20:43:27.277+0000] {processor.py:839} INFO - DAG(s) dict_keys(['example_branch_datetime_operator_2', 'example_branch_datetime_operator_3', 'example_branch_datetime_operator']) retrieved from /home/airflow/.local/lib/python3.8/site-packages/airflow/example_dags/example_branch_datetime_operator.py
[2024-11-09T20:43:27.326+0000] {logging_mixin.py:154} INFO - [2024-11-09T20:43:27.325+0000] {manager.py:499} INFO - Created Permission View: %s
[2024-11-09T20:43:27.330+0000] {logging_mixin.py:154} INFO - [2024-11-09T20:43:27.330+0000] {manager.py:499} INFO - Created Permission View: %s
[2024-11-09T20:43:27.332+0000] {logging_mixin.py:154} INFO - [2024-11-09T20:43:27.332+0000] {manager.py:499} INFO - Created Permission View: %s
[2024-11-09T20:43:27.337+0000] {logging_mixin.py:154} INFO - [2024-11-09T20:43:27.337+0000] {manager.py:499} INFO - Created Permission View: %s
[2024-11-09T20:43:27.339+0000] {logging_mixin.py:154} INFO - [2024-11-09T20:43:27.339+0000] {manager.py:499} INFO - Created Permission View: %s
[2024-11-09T20:43:27.341+0000] {logging_mixin.py:154} INFO - [2024-11-09T20:43:27.341+0000] {manager.py:499} INFO - Created Permission View: %s
[2024-11-09T20:43:27.345+0000] {logging_mixin.py:154} INFO - [2024-11-09T20:43:27.345+0000] {manager.py:499} INFO - Created Permission View: %s
[2024-11-09T20:43:27.347+0000] {logging_mixin.py:154} INFO - [2024-11-09T20:43:27.347+0000] {manager.py:499} INFO - Created Permission View: %s
[2024-11-09T20:43:27.349+0000] {logging_mixin.py:154} INFO - [2024-11-09T20:43:27.349+0000] {manager.py:499} INFO - Created Permission View: %s
[2024-11-09T20:43:27.349+0000] {logging_mixin.py:154} INFO - [2024-11-09T20:43:27.349+0000] {dag.py:2941} INFO - Sync 3 DAGs
[2024-11-09T20:43:27.354+0000] {logging_mixin.py:154} INFO - [2024-11-09T20:43:27.354+0000] {dag.py:2963} INFO - Creating ORM DAG for example_branch_datetime_operator
[2024-11-09T20:43:27.354+0000] {logging_mixin.py:154} INFO - [2024-11-09T20:43:27.354+0000] {dag.py:2963} INFO - Creating ORM DAG for example_branch_datetime_operator_2
[2024-11-09T20:43:27.354+0000] {logging_mixin.py:154} INFO - [2024-11-09T20:43:27.354+0000] {dag.py:2963} INFO - Creating ORM DAG for example_branch_datetime_operator_3
[2024-11-09T20:43:27.359+0000] {logging_mixin.py:154} INFO - [2024-11-09T20:43:27.359+0000] {dag.py:3722} INFO - Setting next_dagrun for example_branch_datetime_operator to 2024-11-08T00:00:00+00:00, run_after=2024-11-09T00:00:00+00:00
[2024-11-09T20:43:27.359+0000] {logging_mixin.py:154} INFO - [2024-11-09T20:43:27.359+0000] {dag.py:3722} INFO - Setting next_dagrun for example_branch_datetime_operator_2 to 2024-11-08T00:00:00+00:00, run_after=2024-11-09T00:00:00+00:00
[2024-11-09T20:43:27.361+0000] {logging_mixin.py:154} INFO - [2024-11-09T20:43:27.361+0000] {dag.py:3722} INFO - Setting next_dagrun for example_branch_datetime_operator_3 to 2024-11-08T00:00:00+00:00, run_after=2024-11-09T00:00:00+00:00
[2024-11-09T20:43:27.368+0000] {processor.py:179} INFO - Processing /home/airflow/.local/lib/python3.8/site-packages/airflow/example_dags/example_branch_datetime_operator.py took 0.099 seconds
[2024-11-09T20:43:57.643+0000] {processor.py:157} INFO - Started process (PID=585) to work on /home/airflow/.local/lib/python3.8/site-packages/airflow/example_dags/example_branch_datetime_operator.py
[2024-11-09T20:43:57.644+0000] {processor.py:829} INFO - Processing file /home/airflow/.local/lib/python3.8/site-packages/airflow/example_dags/example_branch_datetime_operator.py for tasks to queue
[2024-11-09T20:43:57.646+0000] {logging_mixin.py:154} INFO - [2024-11-09T20:43:57.646+0000] {dagbag.py:536} INFO - Filling up the DagBag from /home/airflow/.local/lib/python3.8/site-packages/airflow/example_dags/example_branch_datetime_operator.py
[2024-11-09T20:43:57.651+0000] {processor.py:839} INFO - DAG(s) dict_keys(['example_branch_datetime_operator', 'example_branch_datetime_operator_2', 'example_branch_datetime_operator_3']) retrieved from /home/airflow/.local/lib/python3.8/site-packages/airflow/example_dags/example_branch_datetime_operator.py
[2024-11-09T20:43:57.663+0000] {logging_mixin.py:154} INFO - [2024-11-09T20:43:57.663+0000] {dag.py:2941} INFO - Sync 3 DAGs
[2024-11-09T20:43:57.675+0000] {logging_mixin.py:154} INFO - [2024-11-09T20:43:57.675+0000] {dag.py:3722} INFO - Setting next_dagrun for example_branch_datetime_operator to 2024-11-08T00:00:00+00:00, run_after=2024-11-09T00:00:00+00:00
[2024-11-09T20:43:57.677+0000] {logging_mixin.py:154} INFO - [2024-11-09T20:43:57.677+0000] {dag.py:3722} INFO - Setting next_dagrun for example_branch_datetime_operator_2 to 2024-11-08T00:00:00+00:00, run_after=2024-11-09T00:00:00+00:00
[2024-11-09T20:43:57.678+0000] {logging_mixin.py:154} INFO - [2024-11-09T20:43:57.678+0000] {dag.py:3722} INFO - Setting next_dagrun for example_branch_datetime_operator_3 to 2024-11-08T00:00:00+00:00, run_after=2024-11-09T00:00:00+00:00
[2024-11-09T20:43:57.684+0000] {processor.py:179} INFO - Processing /home/airflow/.local/lib/python3.8/site-packages/airflow/example_dags/example_branch_datetime_operator.py took 0.042 seconds
[2024-11-09T20:44:28.096+0000] {processor.py:157} INFO - Started process (PID=823) to work on /home/airflow/.local/lib/python3.8/site-packages/airflow/example_dags/example_branch_datetime_operator.py
[2024-11-09T20:44:28.096+0000] {processor.py:829} INFO - Processing file /home/airflow/.local/lib/python3.8/site-packages/airflow/example_dags/example_branch_datetime_operator.py for tasks to queue
[2024-11-09T20:44:28.097+0000] {logging_mixin.py:154} INFO - [2024-11-09T20:44:28.097+0000] {dagbag.py:536} INFO - Filling up the DagBag from /home/airflow/.local/lib/python3.8/site-packages/airflow/example_dags/example_branch_datetime_operator.py
[2024-11-09T20:44:28.102+0000] {processor.py:839} INFO - DAG(s) dict_keys(['example_branch_datetime_operator_3', 'example_branch_datetime_operator', 'example_branch_datetime_operator_2']) retrieved from /home/airflow/.local/lib/python3.8/site-packages/airflow/example_dags/example_branch_datetime_operator.py
[2024-11-09T20:44:28.113+0000] {logging_mixin.py:154} INFO - [2024-11-09T20:44:28.113+0000] {dag.py:2941} INFO - Sync 3 DAGs
[2024-11-09T20:44:28.124+0000] {logging_mixin.py:154} INFO - [2024-11-09T20:44:28.124+0000] {dag.py:3722} INFO - Setting next_dagrun for example_branch_datetime_operator to 2024-11-08T00:00:00+00:00, run_after=2024-11-09T00:00:00+00:00
[2024-11-09T20:44:28.126+0000] {logging_mixin.py:154} INFO - [2024-11-09T20:44:28.126+0000] {dag.py:3722} INFO - Setting next_dagrun for example_branch_datetime_operator_2 to 2024-11-08T00:00:00+00:00, run_after=2024-11-09T00:00:00+00:00
[2024-11-09T20:44:28.127+0000] {logging_mixin.py:154} INFO - [2024-11-09T20:44:28.127+0000] {dag.py:3722} INFO - Setting next_dagrun for example_branch_datetime_operator_3 to 2024-11-08T00:00:00+00:00, run_after=2024-11-09T00:00:00+00:00
[2024-11-09T20:44:28.135+0000] {processor.py:179} INFO - Processing /home/airflow/.local/lib/python3.8/site-packages/airflow/example_dags/example_branch_datetime_operator.py took 0.040 seconds
[2024-11-09T20:44:58.600+0000] {processor.py:157} INFO - Started process (PID=1063) to work on /home/airflow/.local/lib/python3.8/site-packages/airflow/example_dags/example_branch_datetime_operator.py
[2024-11-09T20:44:58.601+0000] {processor.py:829} INFO - Processing file /home/airflow/.local/lib/python3.8/site-packages/airflow/example_dags/example_branch_datetime_operator.py for tasks to queue
[2024-11-09T20:44:58.601+0000] {logging_mixin.py:154} INFO - [2024-11-09T20:44:58.601+0000] {dagbag.py:536} INFO - Filling up the DagBag from /home/airflow/.local/lib/python3.8/site-packages/airflow/example_dags/example_branch_datetime_operator.py
[2024-11-09T20:44:58.606+0000] {processor.py:839} INFO - DAG(s) dict_keys(['example_branch_datetime_operator_2', 'example_branch_datetime_operator_3', 'example_branch_datetime_operator']) retrieved from /home/airflow/.local/lib/python3.8/site-packages/airflow/example_dags/example_branch_datetime_operator.py
[2024-11-09T20:44:58.620+0000] {logging_mixin.py:154} INFO - [2024-11-09T20:44:58.620+0000] {dag.py:2941} INFO - Sync 3 DAGs
[2024-11-09T20:44:58.633+0000] {logging_mixin.py:154} INFO - [2024-11-09T20:44:58.633+0000] {dag.py:3722} INFO - Setting next_dagrun for example_branch_datetime_operator to 2024-11-08T00:00:00+00:00, run_after=2024-11-09T00:00:00+00:00
[2024-11-09T20:44:58.635+0000] {logging_mixin.py:154} INFO - [2024-11-09T20:44:58.635+0000] {dag.py:3722} INFO - Setting next_dagrun for example_branch_datetime_operator_2 to 2024-11-08T00:00:00+00:00, run_after=2024-11-09T00:00:00+00:00
[2024-11-09T20:44:58.636+0000] {logging_mixin.py:154} INFO - [2024-11-09T20:44:58.636+0000] {dag.py:3722} INFO - Setting next_dagrun for example_branch_datetime_operator_3 to 2024-11-08T00:00:00+00:00, run_after=2024-11-09T00:00:00+00:00
[2024-11-09T20:44:58.645+0000] {processor.py:179} INFO - Processing /home/airflow/.local/lib/python3.8/site-packages/airflow/example_dags/example_branch_datetime_operator.py took 0.046 seconds
[2024-11-09T20:45:28.990+0000] {processor.py:157} INFO - Started process (PID=1299) to work on /home/airflow/.local/lib/python3.8/site-packages/airflow/example_dags/example_branch_datetime_operator.py
[2024-11-09T20:45:28.993+0000] {processor.py:829} INFO - Processing file /home/airflow/.local/lib/python3.8/site-packages/airflow/example_dags/example_branch_datetime_operator.py for tasks to queue
[2024-11-09T20:45:28.993+0000] {logging_mixin.py:154} INFO - [2024-11-09T20:45:28.993+0000] {dagbag.py:536} INFO - Filling up the DagBag from /home/airflow/.local/lib/python3.8/site-packages/airflow/example_dags/example_branch_datetime_operator.py
[2024-11-09T20:45:28.997+0000] {processor.py:839} INFO - DAG(s) dict_keys(['example_branch_datetime_operator', 'example_branch_datetime_operator_3', 'example_branch_datetime_operator_2']) retrieved from /home/airflow/.local/lib/python3.8/site-packages/airflow/example_dags/example_branch_datetime_operator.py
[2024-11-09T20:45:29.011+0000] {logging_mixin.py:154} INFO - [2024-11-09T20:45:29.011+0000] {dag.py:2941} INFO - Sync 3 DAGs
[2024-11-09T20:45:29.020+0000] {logging_mixin.py:154} INFO - [2024-11-09T20:45:29.020+0000] {dag.py:3722} INFO - Setting next_dagrun for example_branch_datetime_operator to 2024-11-08T00:00:00+00:00, run_after=2024-11-09T00:00:00+00:00
[2024-11-09T20:45:29.021+0000] {logging_mixin.py:154} INFO - [2024-11-09T20:45:29.021+0000] {dag.py:3722} INFO - Setting next_dagrun for example_branch_datetime_operator_2 to 2024-11-08T00:00:00+00:00, run_after=2024-11-09T00:00:00+00:00
[2024-11-09T20:45:29.023+0000] {logging_mixin.py:154} INFO - [2024-11-09T20:45:29.023+0000] {dag.py:3722} INFO - Setting next_dagrun for example_branch_datetime_operator_3 to 2024-11-08T00:00:00+00:00, run_after=2024-11-09T00:00:00+00:00
[2024-11-09T20:45:29.032+0000] {processor.py:179} INFO - Processing /home/airflow/.local/lib/python3.8/site-packages/airflow/example_dags/example_branch_datetime_operator.py took 0.044 seconds
[2024-11-09T20:45:59.433+0000] {processor.py:157} INFO - Started process (PID=1537) to work on /home/airflow/.local/lib/python3.8/site-packages/airflow/example_dags/example_branch_datetime_operator.py
[2024-11-09T20:45:59.437+0000] {processor.py:829} INFO - Processing file /home/airflow/.local/lib/python3.8/site-packages/airflow/example_dags/example_branch_datetime_operator.py for tasks to queue
[2024-11-09T20:45:59.437+0000] {logging_mixin.py:154} INFO - [2024-11-09T20:45:59.437+0000] {dagbag.py:536} INFO - Filling up the DagBag from /home/airflow/.local/lib/python3.8/site-packages/airflow/example_dags/example_branch_datetime_operator.py
[2024-11-09T20:45:59.442+0000] {processor.py:839} INFO - DAG(s) dict_keys(['example_branch_datetime_operator_2', 'example_branch_datetime_operator', 'example_branch_datetime_operator_3']) retrieved from /home/airflow/.local/lib/python3.8/site-packages/airflow/example_dags/example_branch_datetime_operator.py
[2024-11-09T20:45:59.456+0000] {logging_mixin.py:154} INFO - [2024-11-09T20:45:59.456+0000] {dag.py:2941} INFO - Sync 3 DAGs
[2024-11-09T20:45:59.466+0000] {logging_mixin.py:154} INFO - [2024-11-09T20:45:59.466+0000] {dag.py:3722} INFO - Setting next_dagrun for example_branch_datetime_operator to 2024-11-08T00:00:00+00:00, run_after=2024-11-09T00:00:00+00:00
[2024-11-09T20:45:59.468+0000] {logging_mixin.py:154} INFO - [2024-11-09T20:45:59.468+0000] {dag.py:3722} INFO - Setting next_dagrun for example_branch_datetime_operator_2 to 2024-11-08T00:00:00+00:00, run_after=2024-11-09T00:00:00+00:00
[2024-11-09T20:45:59.469+0000] {logging_mixin.py:154} INFO - [2024-11-09T20:45:59.469+0000] {dag.py:3722} INFO - Setting next_dagrun for example_branch_datetime_operator_3 to 2024-11-08T00:00:00+00:00, run_after=2024-11-09T00:00:00+00:00
[2024-11-09T20:45:59.475+0000] {processor.py:179} INFO - Processing /home/airflow/.local/lib/python3.8/site-packages/airflow/example_dags/example_branch_datetime_operator.py took 0.043 seconds
[2024-11-09T20:46:29.793+0000] {processor.py:157} INFO - Started process (PID=1775) to work on /home/airflow/.local/lib/python3.8/site-packages/airflow/example_dags/example_branch_datetime_operator.py
[2024-11-09T20:46:29.794+0000] {processor.py:829} INFO - Processing file /home/airflow/.local/lib/python3.8/site-packages/airflow/example_dags/example_branch_datetime_operator.py for tasks to queue
[2024-11-09T20:46:29.794+0000] {logging_mixin.py:154} INFO - [2024-11-09T20:46:29.794+0000] {dagbag.py:536} INFO - Filling up the DagBag from /home/airflow/.local/lib/python3.8/site-packages/airflow/example_dags/example_branch_datetime_operator.py
[2024-11-09T20:46:29.801+0000] {processor.py:839} INFO - DAG(s) dict_keys(['example_branch_datetime_operator_2', 'example_branch_datetime_operator', 'example_branch_datetime_operator_3']) retrieved from /home/airflow/.local/lib/python3.8/site-packages/airflow/example_dags/example_branch_datetime_operator.py
[2024-11-09T20:46:29.812+0000] {logging_mixin.py:154} INFO - [2024-11-09T20:46:29.812+0000] {dag.py:2941} INFO - Sync 3 DAGs
[2024-11-09T20:46:29.823+0000] {logging_mixin.py:154} INFO - [2024-11-09T20:46:29.823+0000] {dag.py:3722} INFO - Setting next_dagrun for example_branch_datetime_operator to 2024-11-08T00:00:00+00:00, run_after=2024-11-09T00:00:00+00:00
[2024-11-09T20:46:29.826+0000] {logging_mixin.py:154} INFO - [2024-11-09T20:46:29.825+0000] {dag.py:3722} INFO - Setting next_dagrun for example_branch_datetime_operator_2 to 2024-11-08T00:00:00+00:00, run_after=2024-11-09T00:00:00+00:00
[2024-11-09T20:46:29.827+0000] {logging_mixin.py:154} INFO - [2024-11-09T20:46:29.827+0000] {dag.py:3722} INFO - Setting next_dagrun for example_branch_datetime_operator_3 to 2024-11-08T00:00:00+00:00, run_after=2024-11-09T00:00:00+00:00
[2024-11-09T20:46:29.834+0000] {processor.py:179} INFO - Processing /home/airflow/.local/lib/python3.8/site-packages/airflow/example_dags/example_branch_datetime_operator.py took 0.043 seconds
[2024-11-09T20:47:00.185+0000] {processor.py:157} INFO - Started process (PID=2013) to work on /home/airflow/.local/lib/python3.8/site-packages/airflow/example_dags/example_branch_datetime_operator.py
[2024-11-09T20:47:00.186+0000] {processor.py:829} INFO - Processing file /home/airflow/.local/lib/python3.8/site-packages/airflow/example_dags/example_branch_datetime_operator.py for tasks to queue
[2024-11-09T20:47:00.186+0000] {logging_mixin.py:154} INFO - [2024-11-09T20:47:00.186+0000] {dagbag.py:536} INFO - Filling up the DagBag from /home/airflow/.local/lib/python3.8/site-packages/airflow/example_dags/example_branch_datetime_operator.py
[2024-11-09T20:47:00.190+0000] {processor.py:839} INFO - DAG(s) dict_keys(['example_branch_datetime_operator', 'example_branch_datetime_operator_2', 'example_branch_datetime_operator_3']) retrieved from /home/airflow/.local/lib/python3.8/site-packages/airflow/example_dags/example_branch_datetime_operator.py
[2024-11-09T20:47:00.203+0000] {logging_mixin.py:154} INFO - [2024-11-09T20:47:00.203+0000] {dag.py:2941} INFO - Sync 3 DAGs
[2024-11-09T20:47:00.213+0000] {logging_mixin.py:154} INFO - [2024-11-09T20:47:00.213+0000] {dag.py:3722} INFO - Setting next_dagrun for example_branch_datetime_operator to 2024-11-08T00:00:00+00:00, run_after=2024-11-09T00:00:00+00:00
[2024-11-09T20:47:00.216+0000] {logging_mixin.py:154} INFO - [2024-11-09T20:47:00.216+0000] {dag.py:3722} INFO - Setting next_dagrun for example_branch_datetime_operator_2 to 2024-11-08T00:00:00+00:00, run_after=2024-11-09T00:00:00+00:00
[2024-11-09T20:47:00.218+0000] {logging_mixin.py:154} INFO - [2024-11-09T20:47:00.218+0000] {dag.py:3722} INFO - Setting next_dagrun for example_branch_datetime_operator_3 to 2024-11-08T00:00:00+00:00, run_after=2024-11-09T00:00:00+00:00
[2024-11-09T20:47:00.226+0000] {processor.py:179} INFO - Processing /home/airflow/.local/lib/python3.8/site-packages/airflow/example_dags/example_branch_datetime_operator.py took 0.042 seconds
[2024-11-09T20:47:30.616+0000] {processor.py:157} INFO - Started process (PID=2251) to work on /home/airflow/.local/lib/python3.8/site-packages/airflow/example_dags/example_branch_datetime_operator.py
[2024-11-09T20:47:30.618+0000] {processor.py:829} INFO - Processing file /home/airflow/.local/lib/python3.8/site-packages/airflow/example_dags/example_branch_datetime_operator.py for tasks to queue
[2024-11-09T20:47:30.619+0000] {logging_mixin.py:154} INFO - [2024-11-09T20:47:30.618+0000] {dagbag.py:536} INFO - Filling up the DagBag from /home/airflow/.local/lib/python3.8/site-packages/airflow/example_dags/example_branch_datetime_operator.py
[2024-11-09T20:47:30.623+0000] {processor.py:839} INFO - DAG(s) dict_keys(['example_branch_datetime_operator_2', 'example_branch_datetime_operator', 'example_branch_datetime_operator_3']) retrieved from /home/airflow/.local/lib/python3.8/site-packages/airflow/example_dags/example_branch_datetime_operator.py
[2024-11-09T20:47:30.639+0000] {logging_mixin.py:154} INFO - [2024-11-09T20:47:30.639+0000] {dag.py:2941} INFO - Sync 3 DAGs
[2024-11-09T20:47:30.649+0000] {logging_mixin.py:154} INFO - [2024-11-09T20:47:30.649+0000] {dag.py:3722} INFO - Setting next_dagrun for example_branch_datetime_operator to 2024-11-08T00:00:00+00:00, run_after=2024-11-09T00:00:00+00:00
[2024-11-09T20:47:30.651+0000] {logging_mixin.py:154} INFO - [2024-11-09T20:47:30.651+0000] {dag.py:3722} INFO - Setting next_dagrun for example_branch_datetime_operator_2 to 2024-11-08T00:00:00+00:00, run_after=2024-11-09T00:00:00+00:00
[2024-11-09T20:47:30.652+0000] {logging_mixin.py:154} INFO - [2024-11-09T20:47:30.652+0000] {dag.py:3722} INFO - Setting next_dagrun for example_branch_datetime_operator_3 to 2024-11-08T00:00:00+00:00, run_after=2024-11-09T00:00:00+00:00
[2024-11-09T20:47:30.660+0000] {processor.py:179} INFO - Processing /home/airflow/.local/lib/python3.8/site-packages/airflow/example_dags/example_branch_datetime_operator.py took 0.045 seconds
