[2024-11-09T20:43:25.389+0000] {processor.py:157} INFO - Started process (PID=185) to work on /home/airflow/.local/lib/python3.8/site-packages/airflow/example_dags/example_skip_dag.py
[2024-11-09T20:43:25.390+0000] {processor.py:829} INFO - Processing file /home/airflow/.local/lib/python3.8/site-packages/airflow/example_dags/example_skip_dag.py for tasks to queue
[2024-11-09T20:43:25.391+0000] {logging_mixin.py:154} INFO - [2024-11-09T20:43:25.390+0000] {dagbag.py:536} INFO - Filling up the DagBag from /home/airflow/.local/lib/python3.8/site-packages/airflow/example_dags/example_skip_dag.py
[2024-11-09T20:43:25.396+0000] {processor.py:839} INFO - DAG(s) dict_keys(['example_skip_dag']) retrieved from /home/airflow/.local/lib/python3.8/site-packages/airflow/example_dags/example_skip_dag.py
[2024-11-09T20:43:25.443+0000] {logging_mixin.py:154} INFO - [2024-11-09T20:43:25.443+0000] {manager.py:499} INFO - Created Permission View: %s
[2024-11-09T20:43:25.448+0000] {logging_mixin.py:154} INFO - [2024-11-09T20:43:25.447+0000] {manager.py:499} INFO - Created Permission View: %s
[2024-11-09T20:43:25.450+0000] {logging_mixin.py:154} INFO - [2024-11-09T20:43:25.450+0000] {manager.py:499} INFO - Created Permission View: %s
[2024-11-09T20:43:25.450+0000] {logging_mixin.py:154} INFO - [2024-11-09T20:43:25.450+0000] {dag.py:2941} INFO - Sync 1 DAGs
[2024-11-09T20:43:25.457+0000] {logging_mixin.py:154} INFO - [2024-11-09T20:43:25.457+0000] {dag.py:2963} INFO - Creating ORM DAG for example_skip_dag
[2024-11-09T20:43:25.463+0000] {logging_mixin.py:154} INFO - [2024-11-09T20:43:25.463+0000] {dag.py:3722} INFO - Setting next_dagrun for example_skip_dag to 2024-11-08T20:43:25.462605+00:00, run_after=2024-11-09T20:43:25.462605+00:00
[2024-11-09T20:43:25.470+0000] {processor.py:179} INFO - Processing /home/airflow/.local/lib/python3.8/site-packages/airflow/example_dags/example_skip_dag.py took 0.083 seconds
[2024-11-09T20:43:55.794+0000] {processor.py:157} INFO - Started process (PID=432) to work on /home/airflow/.local/lib/python3.8/site-packages/airflow/example_dags/example_skip_dag.py
[2024-11-09T20:43:55.795+0000] {processor.py:829} INFO - Processing file /home/airflow/.local/lib/python3.8/site-packages/airflow/example_dags/example_skip_dag.py for tasks to queue
[2024-11-09T20:43:55.795+0000] {logging_mixin.py:154} INFO - [2024-11-09T20:43:55.795+0000] {dagbag.py:536} INFO - Filling up the DagBag from /home/airflow/.local/lib/python3.8/site-packages/airflow/example_dags/example_skip_dag.py
[2024-11-09T20:43:55.798+0000] {processor.py:839} INFO - DAG(s) dict_keys(['example_skip_dag']) retrieved from /home/airflow/.local/lib/python3.8/site-packages/airflow/example_dags/example_skip_dag.py
[2024-11-09T20:43:55.810+0000] {logging_mixin.py:154} INFO - [2024-11-09T20:43:55.810+0000] {dag.py:2941} INFO - Sync 1 DAGs
[2024-11-09T20:43:55.819+0000] {logging_mixin.py:154} INFO - [2024-11-09T20:43:55.819+0000] {dag.py:3722} INFO - Setting next_dagrun for example_skip_dag to 2024-11-08T20:43:55.819644+00:00, run_after=2024-11-09T20:43:55.819644+00:00
[2024-11-09T20:43:55.830+0000] {processor.py:179} INFO - Processing /home/airflow/.local/lib/python3.8/site-packages/airflow/example_dags/example_skip_dag.py took 0.037 seconds
[2024-11-09T20:44:26.254+0000] {processor.py:157} INFO - Started process (PID=670) to work on /home/airflow/.local/lib/python3.8/site-packages/airflow/example_dags/example_skip_dag.py
[2024-11-09T20:44:26.255+0000] {processor.py:829} INFO - Processing file /home/airflow/.local/lib/python3.8/site-packages/airflow/example_dags/example_skip_dag.py for tasks to queue
[2024-11-09T20:44:26.255+0000] {logging_mixin.py:154} INFO - [2024-11-09T20:44:26.255+0000] {dagbag.py:536} INFO - Filling up the DagBag from /home/airflow/.local/lib/python3.8/site-packages/airflow/example_dags/example_skip_dag.py
[2024-11-09T20:44:26.258+0000] {processor.py:839} INFO - DAG(s) dict_keys(['example_skip_dag']) retrieved from /home/airflow/.local/lib/python3.8/site-packages/airflow/example_dags/example_skip_dag.py
[2024-11-09T20:44:26.271+0000] {logging_mixin.py:154} INFO - [2024-11-09T20:44:26.271+0000] {dag.py:2941} INFO - Sync 1 DAGs
[2024-11-09T20:44:26.280+0000] {logging_mixin.py:154} INFO - [2024-11-09T20:44:26.280+0000] {dag.py:3722} INFO - Setting next_dagrun for example_skip_dag to 2024-11-08T20:44:26.280023+00:00, run_after=2024-11-09T20:44:26.280023+00:00
[2024-11-09T20:44:26.288+0000] {processor.py:179} INFO - Processing /home/airflow/.local/lib/python3.8/site-packages/airflow/example_dags/example_skip_dag.py took 0.036 seconds
[2024-11-09T20:44:56.682+0000] {processor.py:157} INFO - Started process (PID=906) to work on /home/airflow/.local/lib/python3.8/site-packages/airflow/example_dags/example_skip_dag.py
[2024-11-09T20:44:56.683+0000] {processor.py:829} INFO - Processing file /home/airflow/.local/lib/python3.8/site-packages/airflow/example_dags/example_skip_dag.py for tasks to queue
[2024-11-09T20:44:56.683+0000] {logging_mixin.py:154} INFO - [2024-11-09T20:44:56.683+0000] {dagbag.py:536} INFO - Filling up the DagBag from /home/airflow/.local/lib/python3.8/site-packages/airflow/example_dags/example_skip_dag.py
[2024-11-09T20:44:56.687+0000] {processor.py:839} INFO - DAG(s) dict_keys(['example_skip_dag']) retrieved from /home/airflow/.local/lib/python3.8/site-packages/airflow/example_dags/example_skip_dag.py
[2024-11-09T20:44:56.698+0000] {logging_mixin.py:154} INFO - [2024-11-09T20:44:56.698+0000] {dag.py:2941} INFO - Sync 1 DAGs
[2024-11-09T20:44:56.708+0000] {logging_mixin.py:154} INFO - [2024-11-09T20:44:56.708+0000] {dag.py:3722} INFO - Setting next_dagrun for example_skip_dag to 2024-11-08T20:44:56.708762+00:00, run_after=2024-11-09T20:44:56.708762+00:00
[2024-11-09T20:44:56.720+0000] {processor.py:179} INFO - Processing /home/airflow/.local/lib/python3.8/site-packages/airflow/example_dags/example_skip_dag.py took 0.040 seconds
[2024-11-09T20:45:27.153+0000] {processor.py:157} INFO - Started process (PID=1146) to work on /home/airflow/.local/lib/python3.8/site-packages/airflow/example_dags/example_skip_dag.py
[2024-11-09T20:45:27.153+0000] {processor.py:829} INFO - Processing file /home/airflow/.local/lib/python3.8/site-packages/airflow/example_dags/example_skip_dag.py for tasks to queue
[2024-11-09T20:45:27.154+0000] {logging_mixin.py:154} INFO - [2024-11-09T20:45:27.154+0000] {dagbag.py:536} INFO - Filling up the DagBag from /home/airflow/.local/lib/python3.8/site-packages/airflow/example_dags/example_skip_dag.py
[2024-11-09T20:45:27.157+0000] {processor.py:839} INFO - DAG(s) dict_keys(['example_skip_dag']) retrieved from /home/airflow/.local/lib/python3.8/site-packages/airflow/example_dags/example_skip_dag.py
[2024-11-09T20:45:27.168+0000] {logging_mixin.py:154} INFO - [2024-11-09T20:45:27.168+0000] {dag.py:2941} INFO - Sync 1 DAGs
[2024-11-09T20:45:27.177+0000] {logging_mixin.py:154} INFO - [2024-11-09T20:45:27.177+0000] {dag.py:3722} INFO - Setting next_dagrun for example_skip_dag to 2024-11-08T20:45:27.176893+00:00, run_after=2024-11-09T20:45:27.176893+00:00
[2024-11-09T20:45:27.186+0000] {processor.py:179} INFO - Processing /home/airflow/.local/lib/python3.8/site-packages/airflow/example_dags/example_skip_dag.py took 0.034 seconds
[2024-11-09T20:45:57.621+0000] {processor.py:157} INFO - Started process (PID=1384) to work on /home/airflow/.local/lib/python3.8/site-packages/airflow/example_dags/example_skip_dag.py
[2024-11-09T20:45:57.621+0000] {processor.py:829} INFO - Processing file /home/airflow/.local/lib/python3.8/site-packages/airflow/example_dags/example_skip_dag.py for tasks to queue
[2024-11-09T20:45:57.622+0000] {logging_mixin.py:154} INFO - [2024-11-09T20:45:57.622+0000] {dagbag.py:536} INFO - Filling up the DagBag from /home/airflow/.local/lib/python3.8/site-packages/airflow/example_dags/example_skip_dag.py
[2024-11-09T20:45:57.625+0000] {processor.py:839} INFO - DAG(s) dict_keys(['example_skip_dag']) retrieved from /home/airflow/.local/lib/python3.8/site-packages/airflow/example_dags/example_skip_dag.py
[2024-11-09T20:45:57.638+0000] {logging_mixin.py:154} INFO - [2024-11-09T20:45:57.638+0000] {dag.py:2941} INFO - Sync 1 DAGs
[2024-11-09T20:45:57.648+0000] {logging_mixin.py:154} INFO - [2024-11-09T20:45:57.647+0000] {dag.py:3722} INFO - Setting next_dagrun for example_skip_dag to 2024-11-08T20:45:57.647842+00:00, run_after=2024-11-09T20:45:57.647842+00:00
[2024-11-09T20:45:57.656+0000] {processor.py:179} INFO - Processing /home/airflow/.local/lib/python3.8/site-packages/airflow/example_dags/example_skip_dag.py took 0.037 seconds
[2024-11-09T20:46:27.927+0000] {processor.py:157} INFO - Started process (PID=1620) to work on /home/airflow/.local/lib/python3.8/site-packages/airflow/example_dags/example_skip_dag.py
[2024-11-09T20:46:27.928+0000] {processor.py:829} INFO - Processing file /home/airflow/.local/lib/python3.8/site-packages/airflow/example_dags/example_skip_dag.py for tasks to queue
[2024-11-09T20:46:27.928+0000] {logging_mixin.py:154} INFO - [2024-11-09T20:46:27.928+0000] {dagbag.py:536} INFO - Filling up the DagBag from /home/airflow/.local/lib/python3.8/site-packages/airflow/example_dags/example_skip_dag.py
[2024-11-09T20:46:27.932+0000] {processor.py:839} INFO - DAG(s) dict_keys(['example_skip_dag']) retrieved from /home/airflow/.local/lib/python3.8/site-packages/airflow/example_dags/example_skip_dag.py
[2024-11-09T20:46:27.942+0000] {logging_mixin.py:154} INFO - [2024-11-09T20:46:27.942+0000] {dag.py:2941} INFO - Sync 1 DAGs
[2024-11-09T20:46:27.953+0000] {logging_mixin.py:154} INFO - [2024-11-09T20:46:27.953+0000] {dag.py:3722} INFO - Setting next_dagrun for example_skip_dag to 2024-11-08T20:46:27.953151+00:00, run_after=2024-11-09T20:46:27.953151+00:00
[2024-11-09T20:46:27.964+0000] {processor.py:179} INFO - Processing /home/airflow/.local/lib/python3.8/site-packages/airflow/example_dags/example_skip_dag.py took 0.038 seconds
[2024-11-09T20:46:58.393+0000] {processor.py:157} INFO - Started process (PID=1860) to work on /home/airflow/.local/lib/python3.8/site-packages/airflow/example_dags/example_skip_dag.py
[2024-11-09T20:46:58.393+0000] {processor.py:829} INFO - Processing file /home/airflow/.local/lib/python3.8/site-packages/airflow/example_dags/example_skip_dag.py for tasks to queue
[2024-11-09T20:46:58.394+0000] {logging_mixin.py:154} INFO - [2024-11-09T20:46:58.393+0000] {dagbag.py:536} INFO - Filling up the DagBag from /home/airflow/.local/lib/python3.8/site-packages/airflow/example_dags/example_skip_dag.py
[2024-11-09T20:46:58.397+0000] {processor.py:839} INFO - DAG(s) dict_keys(['example_skip_dag']) retrieved from /home/airflow/.local/lib/python3.8/site-packages/airflow/example_dags/example_skip_dag.py
[2024-11-09T20:46:58.409+0000] {logging_mixin.py:154} INFO - [2024-11-09T20:46:58.409+0000] {dag.py:2941} INFO - Sync 1 DAGs
[2024-11-09T20:46:58.419+0000] {logging_mixin.py:154} INFO - [2024-11-09T20:46:58.419+0000] {dag.py:3722} INFO - Setting next_dagrun for example_skip_dag to 2024-11-08T20:46:58.419768+00:00, run_after=2024-11-09T20:46:58.419768+00:00
[2024-11-09T20:46:58.430+0000] {processor.py:179} INFO - Processing /home/airflow/.local/lib/python3.8/site-packages/airflow/example_dags/example_skip_dag.py took 0.039 seconds
[2024-11-09T20:47:28.783+0000] {processor.py:157} INFO - Started process (PID=2096) to work on /home/airflow/.local/lib/python3.8/site-packages/airflow/example_dags/example_skip_dag.py
[2024-11-09T20:47:28.783+0000] {processor.py:829} INFO - Processing file /home/airflow/.local/lib/python3.8/site-packages/airflow/example_dags/example_skip_dag.py for tasks to queue
[2024-11-09T20:47:28.784+0000] {logging_mixin.py:154} INFO - [2024-11-09T20:47:28.784+0000] {dagbag.py:536} INFO - Filling up the DagBag from /home/airflow/.local/lib/python3.8/site-packages/airflow/example_dags/example_skip_dag.py
[2024-11-09T20:47:28.788+0000] {processor.py:839} INFO - DAG(s) dict_keys(['example_skip_dag']) retrieved from /home/airflow/.local/lib/python3.8/site-packages/airflow/example_dags/example_skip_dag.py
[2024-11-09T20:47:28.802+0000] {logging_mixin.py:154} INFO - [2024-11-09T20:47:28.801+0000] {dag.py:2941} INFO - Sync 1 DAGs
[2024-11-09T20:47:28.811+0000] {logging_mixin.py:154} INFO - [2024-11-09T20:47:28.811+0000] {dag.py:3722} INFO - Setting next_dagrun for example_skip_dag to 2024-11-08T20:47:28.811774+00:00, run_after=2024-11-09T20:47:28.811774+00:00
[2024-11-09T20:47:28.820+0000] {processor.py:179} INFO - Processing /home/airflow/.local/lib/python3.8/site-packages/airflow/example_dags/example_skip_dag.py took 0.039 seconds
