[2024-11-09T20:43:27.381+0000] {processor.py:157} INFO - Started process (PID=357) to work on /home/airflow/.local/lib/python3.8/site-packages/airflow/example_dags/example_time_delta_sensor_async.py
[2024-11-09T20:43:27.383+0000] {processor.py:829} INFO - Processing file /home/airflow/.local/lib/python3.8/site-packages/airflow/example_dags/example_time_delta_sensor_async.py for tasks to queue
[2024-11-09T20:43:27.384+0000] {logging_mixin.py:154} INFO - [2024-11-09T20:43:27.384+0000] {dagbag.py:536} INFO - Filling up the DagBag from /home/airflow/.local/lib/python3.8/site-packages/airflow/example_dags/example_time_delta_sensor_async.py
[2024-11-09T20:43:27.387+0000] {processor.py:839} INFO - DAG(s) dict_keys(['example_time_delta_sensor_async']) retrieved from /home/airflow/.local/lib/python3.8/site-packages/airflow/example_dags/example_time_delta_sensor_async.py
[2024-11-09T20:43:27.435+0000] {logging_mixin.py:154} INFO - [2024-11-09T20:43:27.435+0000] {manager.py:499} INFO - Created Permission View: %s
[2024-11-09T20:43:27.446+0000] {logging_mixin.py:154} INFO - [2024-11-09T20:43:27.446+0000] {manager.py:499} INFO - Created Permission View: %s
[2024-11-09T20:43:27.451+0000] {logging_mixin.py:154} INFO - [2024-11-09T20:43:27.451+0000] {manager.py:499} INFO - Created Permission View: %s
[2024-11-09T20:43:27.451+0000] {logging_mixin.py:154} INFO - [2024-11-09T20:43:27.451+0000] {dag.py:2941} INFO - Sync 1 DAGs
[2024-11-09T20:43:27.456+0000] {logging_mixin.py:154} INFO - [2024-11-09T20:43:27.456+0000] {dag.py:2963} INFO - Creating ORM DAG for example_time_delta_sensor_async
[2024-11-09T20:43:27.457+0000] {logging_mixin.py:154} INFO - [2024-11-09T20:43:27.457+0000] {dag.py:3722} INFO - Setting next_dagrun for example_time_delta_sensor_async to None, run_after=None
[2024-11-09T20:43:27.463+0000] {processor.py:179} INFO - Processing /home/airflow/.local/lib/python3.8/site-packages/airflow/example_dags/example_time_delta_sensor_async.py took 0.084 seconds
[2024-11-09T20:43:57.694+0000] {processor.py:157} INFO - Started process (PID=595) to work on /home/airflow/.local/lib/python3.8/site-packages/airflow/example_dags/example_time_delta_sensor_async.py
[2024-11-09T20:43:57.695+0000] {processor.py:829} INFO - Processing file /home/airflow/.local/lib/python3.8/site-packages/airflow/example_dags/example_time_delta_sensor_async.py for tasks to queue
[2024-11-09T20:43:57.695+0000] {logging_mixin.py:154} INFO - [2024-11-09T20:43:57.695+0000] {dagbag.py:536} INFO - Filling up the DagBag from /home/airflow/.local/lib/python3.8/site-packages/airflow/example_dags/example_time_delta_sensor_async.py
[2024-11-09T20:43:57.697+0000] {processor.py:839} INFO - DAG(s) dict_keys(['example_time_delta_sensor_async']) retrieved from /home/airflow/.local/lib/python3.8/site-packages/airflow/example_dags/example_time_delta_sensor_async.py
[2024-11-09T20:43:57.706+0000] {logging_mixin.py:154} INFO - [2024-11-09T20:43:57.706+0000] {dag.py:2941} INFO - Sync 1 DAGs
[2024-11-09T20:43:57.711+0000] {logging_mixin.py:154} INFO - [2024-11-09T20:43:57.711+0000] {dag.py:3722} INFO - Setting next_dagrun for example_time_delta_sensor_async to None, run_after=None
[2024-11-09T20:43:57.719+0000] {processor.py:179} INFO - Processing /home/airflow/.local/lib/python3.8/site-packages/airflow/example_dags/example_time_delta_sensor_async.py took 0.027 seconds
[2024-11-09T20:44:28.185+0000] {processor.py:157} INFO - Started process (PID=835) to work on /home/airflow/.local/lib/python3.8/site-packages/airflow/example_dags/example_time_delta_sensor_async.py
[2024-11-09T20:44:28.186+0000] {processor.py:829} INFO - Processing file /home/airflow/.local/lib/python3.8/site-packages/airflow/example_dags/example_time_delta_sensor_async.py for tasks to queue
[2024-11-09T20:44:28.186+0000] {logging_mixin.py:154} INFO - [2024-11-09T20:44:28.186+0000] {dagbag.py:536} INFO - Filling up the DagBag from /home/airflow/.local/lib/python3.8/site-packages/airflow/example_dags/example_time_delta_sensor_async.py
[2024-11-09T20:44:28.190+0000] {processor.py:839} INFO - DAG(s) dict_keys(['example_time_delta_sensor_async']) retrieved from /home/airflow/.local/lib/python3.8/site-packages/airflow/example_dags/example_time_delta_sensor_async.py
[2024-11-09T20:44:28.202+0000] {logging_mixin.py:154} INFO - [2024-11-09T20:44:28.202+0000] {dag.py:2941} INFO - Sync 1 DAGs
[2024-11-09T20:44:28.209+0000] {logging_mixin.py:154} INFO - [2024-11-09T20:44:28.209+0000] {dag.py:3722} INFO - Setting next_dagrun for example_time_delta_sensor_async to None, run_after=None
[2024-11-09T20:44:28.220+0000] {processor.py:179} INFO - Processing /home/airflow/.local/lib/python3.8/site-packages/airflow/example_dags/example_time_delta_sensor_async.py took 0.037 seconds
[2024-11-09T20:44:58.651+0000] {processor.py:157} INFO - Started process (PID=1073) to work on /home/airflow/.local/lib/python3.8/site-packages/airflow/example_dags/example_time_delta_sensor_async.py
[2024-11-09T20:44:58.651+0000] {processor.py:829} INFO - Processing file /home/airflow/.local/lib/python3.8/site-packages/airflow/example_dags/example_time_delta_sensor_async.py for tasks to queue
[2024-11-09T20:44:58.651+0000] {logging_mixin.py:154} INFO - [2024-11-09T20:44:58.651+0000] {dagbag.py:536} INFO - Filling up the DagBag from /home/airflow/.local/lib/python3.8/site-packages/airflow/example_dags/example_time_delta_sensor_async.py
[2024-11-09T20:44:58.654+0000] {processor.py:839} INFO - DAG(s) dict_keys(['example_time_delta_sensor_async']) retrieved from /home/airflow/.local/lib/python3.8/site-packages/airflow/example_dags/example_time_delta_sensor_async.py
[2024-11-09T20:44:58.664+0000] {logging_mixin.py:154} INFO - [2024-11-09T20:44:58.663+0000] {dag.py:2941} INFO - Sync 1 DAGs
[2024-11-09T20:44:58.669+0000] {logging_mixin.py:154} INFO - [2024-11-09T20:44:58.668+0000] {dag.py:3722} INFO - Setting next_dagrun for example_time_delta_sensor_async to None, run_after=None
[2024-11-09T20:44:58.678+0000] {processor.py:179} INFO - Processing /home/airflow/.local/lib/python3.8/site-packages/airflow/example_dags/example_time_delta_sensor_async.py took 0.029 seconds
[2024-11-09T20:45:29.049+0000] {processor.py:157} INFO - Started process (PID=1309) to work on /home/airflow/.local/lib/python3.8/site-packages/airflow/example_dags/example_time_delta_sensor_async.py
[2024-11-09T20:45:29.050+0000] {processor.py:829} INFO - Processing file /home/airflow/.local/lib/python3.8/site-packages/airflow/example_dags/example_time_delta_sensor_async.py for tasks to queue
[2024-11-09T20:45:29.050+0000] {logging_mixin.py:154} INFO - [2024-11-09T20:45:29.050+0000] {dagbag.py:536} INFO - Filling up the DagBag from /home/airflow/.local/lib/python3.8/site-packages/airflow/example_dags/example_time_delta_sensor_async.py
[2024-11-09T20:45:29.052+0000] {processor.py:839} INFO - DAG(s) dict_keys(['example_time_delta_sensor_async']) retrieved from /home/airflow/.local/lib/python3.8/site-packages/airflow/example_dags/example_time_delta_sensor_async.py
[2024-11-09T20:45:29.066+0000] {logging_mixin.py:154} INFO - [2024-11-09T20:45:29.066+0000] {dag.py:2941} INFO - Sync 1 DAGs
[2024-11-09T20:45:29.072+0000] {logging_mixin.py:154} INFO - [2024-11-09T20:45:29.072+0000] {dag.py:3722} INFO - Setting next_dagrun for example_time_delta_sensor_async to None, run_after=None
[2024-11-09T20:45:29.082+0000] {processor.py:179} INFO - Processing /home/airflow/.local/lib/python3.8/site-packages/airflow/example_dags/example_time_delta_sensor_async.py took 0.034 seconds
[2024-11-09T20:45:59.488+0000] {processor.py:157} INFO - Started process (PID=1547) to work on /home/airflow/.local/lib/python3.8/site-packages/airflow/example_dags/example_time_delta_sensor_async.py
[2024-11-09T20:45:59.488+0000] {processor.py:829} INFO - Processing file /home/airflow/.local/lib/python3.8/site-packages/airflow/example_dags/example_time_delta_sensor_async.py for tasks to queue
[2024-11-09T20:45:59.489+0000] {logging_mixin.py:154} INFO - [2024-11-09T20:45:59.489+0000] {dagbag.py:536} INFO - Filling up the DagBag from /home/airflow/.local/lib/python3.8/site-packages/airflow/example_dags/example_time_delta_sensor_async.py
[2024-11-09T20:45:59.491+0000] {processor.py:839} INFO - DAG(s) dict_keys(['example_time_delta_sensor_async']) retrieved from /home/airflow/.local/lib/python3.8/site-packages/airflow/example_dags/example_time_delta_sensor_async.py
[2024-11-09T20:45:59.502+0000] {logging_mixin.py:154} INFO - [2024-11-09T20:45:59.502+0000] {dag.py:2941} INFO - Sync 1 DAGs
[2024-11-09T20:45:59.507+0000] {logging_mixin.py:154} INFO - [2024-11-09T20:45:59.507+0000] {dag.py:3722} INFO - Setting next_dagrun for example_time_delta_sensor_async to None, run_after=None
[2024-11-09T20:45:59.514+0000] {processor.py:179} INFO - Processing /home/airflow/.local/lib/python3.8/site-packages/airflow/example_dags/example_time_delta_sensor_async.py took 0.028 seconds
[2024-11-09T20:46:29.847+0000] {processor.py:157} INFO - Started process (PID=1785) to work on /home/airflow/.local/lib/python3.8/site-packages/airflow/example_dags/example_time_delta_sensor_async.py
[2024-11-09T20:46:29.847+0000] {processor.py:829} INFO - Processing file /home/airflow/.local/lib/python3.8/site-packages/airflow/example_dags/example_time_delta_sensor_async.py for tasks to queue
[2024-11-09T20:46:29.847+0000] {logging_mixin.py:154} INFO - [2024-11-09T20:46:29.847+0000] {dagbag.py:536} INFO - Filling up the DagBag from /home/airflow/.local/lib/python3.8/site-packages/airflow/example_dags/example_time_delta_sensor_async.py
[2024-11-09T20:46:29.850+0000] {processor.py:839} INFO - DAG(s) dict_keys(['example_time_delta_sensor_async']) retrieved from /home/airflow/.local/lib/python3.8/site-packages/airflow/example_dags/example_time_delta_sensor_async.py
[2024-11-09T20:46:29.859+0000] {logging_mixin.py:154} INFO - [2024-11-09T20:46:29.858+0000] {dag.py:2941} INFO - Sync 1 DAGs
[2024-11-09T20:46:29.864+0000] {logging_mixin.py:154} INFO - [2024-11-09T20:46:29.864+0000] {dag.py:3722} INFO - Setting next_dagrun for example_time_delta_sensor_async to None, run_after=None
[2024-11-09T20:46:29.873+0000] {processor.py:179} INFO - Processing /home/airflow/.local/lib/python3.8/site-packages/airflow/example_dags/example_time_delta_sensor_async.py took 0.028 seconds
[2024-11-09T20:47:00.238+0000] {processor.py:157} INFO - Started process (PID=2023) to work on /home/airflow/.local/lib/python3.8/site-packages/airflow/example_dags/example_time_delta_sensor_async.py
[2024-11-09T20:47:00.239+0000] {processor.py:829} INFO - Processing file /home/airflow/.local/lib/python3.8/site-packages/airflow/example_dags/example_time_delta_sensor_async.py for tasks to queue
[2024-11-09T20:47:00.240+0000] {logging_mixin.py:154} INFO - [2024-11-09T20:47:00.239+0000] {dagbag.py:536} INFO - Filling up the DagBag from /home/airflow/.local/lib/python3.8/site-packages/airflow/example_dags/example_time_delta_sensor_async.py
[2024-11-09T20:47:00.242+0000] {processor.py:839} INFO - DAG(s) dict_keys(['example_time_delta_sensor_async']) retrieved from /home/airflow/.local/lib/python3.8/site-packages/airflow/example_dags/example_time_delta_sensor_async.py
[2024-11-09T20:47:00.254+0000] {logging_mixin.py:154} INFO - [2024-11-09T20:47:00.254+0000] {dag.py:2941} INFO - Sync 1 DAGs
[2024-11-09T20:47:00.260+0000] {logging_mixin.py:154} INFO - [2024-11-09T20:47:00.260+0000] {dag.py:3722} INFO - Setting next_dagrun for example_time_delta_sensor_async to None, run_after=None
[2024-11-09T20:47:00.269+0000] {processor.py:179} INFO - Processing /home/airflow/.local/lib/python3.8/site-packages/airflow/example_dags/example_time_delta_sensor_async.py took 0.033 seconds
[2024-11-09T20:47:30.672+0000] {processor.py:157} INFO - Started process (PID=2261) to work on /home/airflow/.local/lib/python3.8/site-packages/airflow/example_dags/example_time_delta_sensor_async.py
[2024-11-09T20:47:30.672+0000] {processor.py:829} INFO - Processing file /home/airflow/.local/lib/python3.8/site-packages/airflow/example_dags/example_time_delta_sensor_async.py for tasks to queue
[2024-11-09T20:47:30.673+0000] {logging_mixin.py:154} INFO - [2024-11-09T20:47:30.673+0000] {dagbag.py:536} INFO - Filling up the DagBag from /home/airflow/.local/lib/python3.8/site-packages/airflow/example_dags/example_time_delta_sensor_async.py
[2024-11-09T20:47:30.675+0000] {processor.py:839} INFO - DAG(s) dict_keys(['example_time_delta_sensor_async']) retrieved from /home/airflow/.local/lib/python3.8/site-packages/airflow/example_dags/example_time_delta_sensor_async.py
[2024-11-09T20:47:30.686+0000] {logging_mixin.py:154} INFO - [2024-11-09T20:47:30.686+0000] {dag.py:2941} INFO - Sync 1 DAGs
[2024-11-09T20:47:30.692+0000] {logging_mixin.py:154} INFO - [2024-11-09T20:47:30.692+0000] {dag.py:3722} INFO - Setting next_dagrun for example_time_delta_sensor_async to None, run_after=None
[2024-11-09T20:47:30.702+0000] {processor.py:179} INFO - Processing /home/airflow/.local/lib/python3.8/site-packages/airflow/example_dags/example_time_delta_sensor_async.py took 0.032 seconds
