[2024-11-09T20:43:26.727+0000] {processor.py:157} INFO - Started process (PID=302) to work on /home/airflow/.local/lib/python3.8/site-packages/airflow/example_dags/example_params_ui_tutorial.py
[2024-11-09T20:43:26.728+0000] {processor.py:829} INFO - Processing file /home/airflow/.local/lib/python3.8/site-packages/airflow/example_dags/example_params_ui_tutorial.py for tasks to queue
[2024-11-09T20:43:26.728+0000] {logging_mixin.py:154} INFO - [2024-11-09T20:43:26.728+0000] {dagbag.py:536} INFO - Filling up the DagBag from /home/airflow/.local/lib/python3.8/site-packages/airflow/example_dags/example_params_ui_tutorial.py
[2024-11-09T20:43:26.748+0000] {processor.py:839} INFO - DAG(s) dict_keys(['example_params_ui_tutorial']) retrieved from /home/airflow/.local/lib/python3.8/site-packages/airflow/example_dags/example_params_ui_tutorial.py
[2024-11-09T20:43:26.816+0000] {logging_mixin.py:154} INFO - [2024-11-09T20:43:26.815+0000] {manager.py:499} INFO - Created Permission View: %s
[2024-11-09T20:43:26.822+0000] {logging_mixin.py:154} INFO - [2024-11-09T20:43:26.822+0000] {manager.py:499} INFO - Created Permission View: %s
[2024-11-09T20:43:26.826+0000] {logging_mixin.py:154} INFO - [2024-11-09T20:43:26.826+0000] {manager.py:499} INFO - Created Permission View: %s
[2024-11-09T20:43:26.829+0000] {logging_mixin.py:154} INFO - [2024-11-09T20:43:26.829+0000] {dag.py:2941} INFO - Sync 1 DAGs
[2024-11-09T20:43:26.835+0000] {logging_mixin.py:154} INFO - [2024-11-09T20:43:26.835+0000] {dag.py:2963} INFO - Creating ORM DAG for example_params_ui_tutorial
[2024-11-09T20:43:26.836+0000] {logging_mixin.py:154} INFO - [2024-11-09T20:43:26.836+0000] {dag.py:3722} INFO - Setting next_dagrun for example_params_ui_tutorial to None, run_after=None
[2024-11-09T20:43:26.844+0000] {processor.py:179} INFO - Processing /home/airflow/.local/lib/python3.8/site-packages/airflow/example_dags/example_params_ui_tutorial.py took 0.118 seconds
[2024-11-09T20:43:57.413+0000] {processor.py:157} INFO - Started process (PID=540) to work on /home/airflow/.local/lib/python3.8/site-packages/airflow/example_dags/example_params_ui_tutorial.py
[2024-11-09T20:43:57.414+0000] {processor.py:829} INFO - Processing file /home/airflow/.local/lib/python3.8/site-packages/airflow/example_dags/example_params_ui_tutorial.py for tasks to queue
[2024-11-09T20:43:57.414+0000] {logging_mixin.py:154} INFO - [2024-11-09T20:43:57.414+0000] {dagbag.py:536} INFO - Filling up the DagBag from /home/airflow/.local/lib/python3.8/site-packages/airflow/example_dags/example_params_ui_tutorial.py
[2024-11-09T20:43:57.430+0000] {processor.py:839} INFO - DAG(s) dict_keys(['example_params_ui_tutorial']) retrieved from /home/airflow/.local/lib/python3.8/site-packages/airflow/example_dags/example_params_ui_tutorial.py
[2024-11-09T20:43:57.454+0000] {logging_mixin.py:154} INFO - [2024-11-09T20:43:57.454+0000] {dag.py:2941} INFO - Sync 1 DAGs
[2024-11-09T20:43:57.459+0000] {logging_mixin.py:154} INFO - [2024-11-09T20:43:57.459+0000] {dag.py:3722} INFO - Setting next_dagrun for example_params_ui_tutorial to None, run_after=None
[2024-11-09T20:43:57.469+0000] {processor.py:179} INFO - Processing /home/airflow/.local/lib/python3.8/site-packages/airflow/example_dags/example_params_ui_tutorial.py took 0.058 seconds
[2024-11-09T20:44:27.859+0000] {processor.py:157} INFO - Started process (PID=778) to work on /home/airflow/.local/lib/python3.8/site-packages/airflow/example_dags/example_params_ui_tutorial.py
[2024-11-09T20:44:27.862+0000] {processor.py:829} INFO - Processing file /home/airflow/.local/lib/python3.8/site-packages/airflow/example_dags/example_params_ui_tutorial.py for tasks to queue
[2024-11-09T20:44:27.862+0000] {logging_mixin.py:154} INFO - [2024-11-09T20:44:27.862+0000] {dagbag.py:536} INFO - Filling up the DagBag from /home/airflow/.local/lib/python3.8/site-packages/airflow/example_dags/example_params_ui_tutorial.py
[2024-11-09T20:44:27.878+0000] {processor.py:839} INFO - DAG(s) dict_keys(['example_params_ui_tutorial']) retrieved from /home/airflow/.local/lib/python3.8/site-packages/airflow/example_dags/example_params_ui_tutorial.py
[2024-11-09T20:44:27.898+0000] {logging_mixin.py:154} INFO - [2024-11-09T20:44:27.898+0000] {dag.py:2941} INFO - Sync 1 DAGs
[2024-11-09T20:44:27.903+0000] {logging_mixin.py:154} INFO - [2024-11-09T20:44:27.903+0000] {dag.py:3722} INFO - Setting next_dagrun for example_params_ui_tutorial to None, run_after=None
[2024-11-09T20:44:27.917+0000] {processor.py:179} INFO - Processing /home/airflow/.local/lib/python3.8/site-packages/airflow/example_dags/example_params_ui_tutorial.py took 0.060 seconds
[2024-11-09T20:44:58.312+0000] {processor.py:157} INFO - Started process (PID=1018) to work on /home/airflow/.local/lib/python3.8/site-packages/airflow/example_dags/example_params_ui_tutorial.py
[2024-11-09T20:44:58.313+0000] {processor.py:829} INFO - Processing file /home/airflow/.local/lib/python3.8/site-packages/airflow/example_dags/example_params_ui_tutorial.py for tasks to queue
[2024-11-09T20:44:58.313+0000] {logging_mixin.py:154} INFO - [2024-11-09T20:44:58.313+0000] {dagbag.py:536} INFO - Filling up the DagBag from /home/airflow/.local/lib/python3.8/site-packages/airflow/example_dags/example_params_ui_tutorial.py
[2024-11-09T20:44:58.327+0000] {processor.py:839} INFO - DAG(s) dict_keys(['example_params_ui_tutorial']) retrieved from /home/airflow/.local/lib/python3.8/site-packages/airflow/example_dags/example_params_ui_tutorial.py
[2024-11-09T20:44:58.346+0000] {logging_mixin.py:154} INFO - [2024-11-09T20:44:58.346+0000] {dag.py:2941} INFO - Sync 1 DAGs
[2024-11-09T20:44:58.351+0000] {logging_mixin.py:154} INFO - [2024-11-09T20:44:58.351+0000] {dag.py:3722} INFO - Setting next_dagrun for example_params_ui_tutorial to None, run_after=None
[2024-11-09T20:44:58.357+0000] {processor.py:179} INFO - Processing /home/airflow/.local/lib/python3.8/site-packages/airflow/example_dags/example_params_ui_tutorial.py took 0.046 seconds
[2024-11-09T20:45:28.763+0000] {processor.py:157} INFO - Started process (PID=1256) to work on /home/airflow/.local/lib/python3.8/site-packages/airflow/example_dags/example_params_ui_tutorial.py
[2024-11-09T20:45:28.763+0000] {processor.py:829} INFO - Processing file /home/airflow/.local/lib/python3.8/site-packages/airflow/example_dags/example_params_ui_tutorial.py for tasks to queue
[2024-11-09T20:45:28.764+0000] {logging_mixin.py:154} INFO - [2024-11-09T20:45:28.764+0000] {dagbag.py:536} INFO - Filling up the DagBag from /home/airflow/.local/lib/python3.8/site-packages/airflow/example_dags/example_params_ui_tutorial.py
[2024-11-09T20:45:28.778+0000] {processor.py:839} INFO - DAG(s) dict_keys(['example_params_ui_tutorial']) retrieved from /home/airflow/.local/lib/python3.8/site-packages/airflow/example_dags/example_params_ui_tutorial.py
[2024-11-09T20:45:28.802+0000] {logging_mixin.py:154} INFO - [2024-11-09T20:45:28.802+0000] {dag.py:2941} INFO - Sync 1 DAGs
[2024-11-09T20:45:28.807+0000] {logging_mixin.py:154} INFO - [2024-11-09T20:45:28.807+0000] {dag.py:3722} INFO - Setting next_dagrun for example_params_ui_tutorial to None, run_after=None
[2024-11-09T20:45:28.814+0000] {processor.py:179} INFO - Processing /home/airflow/.local/lib/python3.8/site-packages/airflow/example_dags/example_params_ui_tutorial.py took 0.052 seconds
[2024-11-09T20:45:59.202+0000] {processor.py:157} INFO - Started process (PID=1492) to work on /home/airflow/.local/lib/python3.8/site-packages/airflow/example_dags/example_params_ui_tutorial.py
[2024-11-09T20:45:59.203+0000] {processor.py:829} INFO - Processing file /home/airflow/.local/lib/python3.8/site-packages/airflow/example_dags/example_params_ui_tutorial.py for tasks to queue
[2024-11-09T20:45:59.203+0000] {logging_mixin.py:154} INFO - [2024-11-09T20:45:59.203+0000] {dagbag.py:536} INFO - Filling up the DagBag from /home/airflow/.local/lib/python3.8/site-packages/airflow/example_dags/example_params_ui_tutorial.py
[2024-11-09T20:45:59.219+0000] {processor.py:839} INFO - DAG(s) dict_keys(['example_params_ui_tutorial']) retrieved from /home/airflow/.local/lib/python3.8/site-packages/airflow/example_dags/example_params_ui_tutorial.py
[2024-11-09T20:45:59.241+0000] {logging_mixin.py:154} INFO - [2024-11-09T20:45:59.241+0000] {dag.py:2941} INFO - Sync 1 DAGs
[2024-11-09T20:45:59.246+0000] {logging_mixin.py:154} INFO - [2024-11-09T20:45:59.246+0000] {dag.py:3722} INFO - Setting next_dagrun for example_params_ui_tutorial to None, run_after=None
[2024-11-09T20:45:59.255+0000] {processor.py:179} INFO - Processing /home/airflow/.local/lib/python3.8/site-packages/airflow/example_dags/example_params_ui_tutorial.py took 0.054 seconds
[2024-11-09T20:46:29.571+0000] {processor.py:157} INFO - Started process (PID=1732) to work on /home/airflow/.local/lib/python3.8/site-packages/airflow/example_dags/example_params_ui_tutorial.py
[2024-11-09T20:46:29.571+0000] {processor.py:829} INFO - Processing file /home/airflow/.local/lib/python3.8/site-packages/airflow/example_dags/example_params_ui_tutorial.py for tasks to queue
[2024-11-09T20:46:29.571+0000] {logging_mixin.py:154} INFO - [2024-11-09T20:46:29.571+0000] {dagbag.py:536} INFO - Filling up the DagBag from /home/airflow/.local/lib/python3.8/site-packages/airflow/example_dags/example_params_ui_tutorial.py
[2024-11-09T20:46:29.587+0000] {processor.py:839} INFO - DAG(s) dict_keys(['example_params_ui_tutorial']) retrieved from /home/airflow/.local/lib/python3.8/site-packages/airflow/example_dags/example_params_ui_tutorial.py
[2024-11-09T20:46:29.610+0000] {logging_mixin.py:154} INFO - [2024-11-09T20:46:29.610+0000] {dag.py:2941} INFO - Sync 1 DAGs
[2024-11-09T20:46:29.615+0000] {logging_mixin.py:154} INFO - [2024-11-09T20:46:29.615+0000] {dag.py:3722} INFO - Setting next_dagrun for example_params_ui_tutorial to None, run_after=None
[2024-11-09T20:46:29.621+0000] {processor.py:179} INFO - Processing /home/airflow/.local/lib/python3.8/site-packages/airflow/example_dags/example_params_ui_tutorial.py took 0.052 seconds
[2024-11-09T20:46:59.955+0000] {processor.py:157} INFO - Started process (PID=1968) to work on /home/airflow/.local/lib/python3.8/site-packages/airflow/example_dags/example_params_ui_tutorial.py
[2024-11-09T20:46:59.956+0000] {processor.py:829} INFO - Processing file /home/airflow/.local/lib/python3.8/site-packages/airflow/example_dags/example_params_ui_tutorial.py for tasks to queue
[2024-11-09T20:46:59.957+0000] {logging_mixin.py:154} INFO - [2024-11-09T20:46:59.957+0000] {dagbag.py:536} INFO - Filling up the DagBag from /home/airflow/.local/lib/python3.8/site-packages/airflow/example_dags/example_params_ui_tutorial.py
[2024-11-09T20:46:59.972+0000] {processor.py:839} INFO - DAG(s) dict_keys(['example_params_ui_tutorial']) retrieved from /home/airflow/.local/lib/python3.8/site-packages/airflow/example_dags/example_params_ui_tutorial.py
[2024-11-09T20:46:59.992+0000] {logging_mixin.py:154} INFO - [2024-11-09T20:46:59.992+0000] {dag.py:2941} INFO - Sync 1 DAGs
[2024-11-09T20:46:59.999+0000] {logging_mixin.py:154} INFO - [2024-11-09T20:46:59.999+0000] {dag.py:3722} INFO - Setting next_dagrun for example_params_ui_tutorial to None, run_after=None
[2024-11-09T20:47:00.008+0000] {processor.py:179} INFO - Processing /home/airflow/.local/lib/python3.8/site-packages/airflow/example_dags/example_params_ui_tutorial.py took 0.055 seconds
[2024-11-09T20:47:30.364+0000] {processor.py:157} INFO - Started process (PID=2206) to work on /home/airflow/.local/lib/python3.8/site-packages/airflow/example_dags/example_params_ui_tutorial.py
[2024-11-09T20:47:30.365+0000] {processor.py:829} INFO - Processing file /home/airflow/.local/lib/python3.8/site-packages/airflow/example_dags/example_params_ui_tutorial.py for tasks to queue
[2024-11-09T20:47:30.365+0000] {logging_mixin.py:154} INFO - [2024-11-09T20:47:30.365+0000] {dagbag.py:536} INFO - Filling up the DagBag from /home/airflow/.local/lib/python3.8/site-packages/airflow/example_dags/example_params_ui_tutorial.py
[2024-11-09T20:47:30.382+0000] {processor.py:839} INFO - DAG(s) dict_keys(['example_params_ui_tutorial']) retrieved from /home/airflow/.local/lib/python3.8/site-packages/airflow/example_dags/example_params_ui_tutorial.py
[2024-11-09T20:47:30.405+0000] {logging_mixin.py:154} INFO - [2024-11-09T20:47:30.405+0000] {dag.py:2941} INFO - Sync 1 DAGs
[2024-11-09T20:47:30.411+0000] {logging_mixin.py:154} INFO - [2024-11-09T20:47:30.411+0000] {dag.py:3722} INFO - Setting next_dagrun for example_params_ui_tutorial to None, run_after=None
[2024-11-09T20:47:30.420+0000] {processor.py:179} INFO - Processing /home/airflow/.local/lib/python3.8/site-packages/airflow/example_dags/example_params_ui_tutorial.py took 0.057 seconds
