[2024-11-09T20:43:27.315+0000] {processor.py:157} INFO - Started process (PID=352) to work on /home/airflow/.local/lib/python3.8/site-packages/airflow/example_dags/example_local_kubernetes_executor.py
[2024-11-09T20:43:27.316+0000] {processor.py:829} INFO - Processing file /home/airflow/.local/lib/python3.8/site-packages/airflow/example_dags/example_local_kubernetes_executor.py for tasks to queue
[2024-11-09T20:43:27.316+0000] {logging_mixin.py:154} INFO - [2024-11-09T20:43:27.316+0000] {dagbag.py:536} INFO - Filling up the DagBag from /home/airflow/.local/lib/python3.8/site-packages/airflow/example_dags/example_local_kubernetes_executor.py
[2024-11-09T20:43:27.321+0000] {processor.py:839} INFO - DAG(s) dict_keys(['example_local_kubernetes_executor']) retrieved from /home/airflow/.local/lib/python3.8/site-packages/airflow/example_dags/example_local_kubernetes_executor.py
[2024-11-09T20:43:27.373+0000] {logging_mixin.py:154} INFO - [2024-11-09T20:43:27.373+0000] {manager.py:499} INFO - Created Permission View: %s
[2024-11-09T20:43:27.377+0000] {logging_mixin.py:154} INFO - [2024-11-09T20:43:27.377+0000] {manager.py:499} INFO - Created Permission View: %s
[2024-11-09T20:43:27.379+0000] {logging_mixin.py:154} INFO - [2024-11-09T20:43:27.379+0000] {manager.py:499} INFO - Created Permission View: %s
[2024-11-09T20:43:27.380+0000] {logging_mixin.py:154} INFO - [2024-11-09T20:43:27.379+0000] {dag.py:2941} INFO - Sync 1 DAGs
[2024-11-09T20:43:27.384+0000] {logging_mixin.py:154} INFO - [2024-11-09T20:43:27.384+0000] {dag.py:2963} INFO - Creating ORM DAG for example_local_kubernetes_executor
[2024-11-09T20:43:27.385+0000] {logging_mixin.py:154} INFO - [2024-11-09T20:43:27.385+0000] {dag.py:3722} INFO - Setting next_dagrun for example_local_kubernetes_executor to None, run_after=None
[2024-11-09T20:43:27.395+0000] {processor.py:179} INFO - Processing /home/airflow/.local/lib/python3.8/site-packages/airflow/example_dags/example_local_kubernetes_executor.py took 0.082 seconds
[2024-11-09T20:43:57.685+0000] {processor.py:157} INFO - Started process (PID=590) to work on /home/airflow/.local/lib/python3.8/site-packages/airflow/example_dags/example_local_kubernetes_executor.py
[2024-11-09T20:43:57.686+0000] {processor.py:829} INFO - Processing file /home/airflow/.local/lib/python3.8/site-packages/airflow/example_dags/example_local_kubernetes_executor.py for tasks to queue
[2024-11-09T20:43:57.687+0000] {logging_mixin.py:154} INFO - [2024-11-09T20:43:57.686+0000] {dagbag.py:536} INFO - Filling up the DagBag from /home/airflow/.local/lib/python3.8/site-packages/airflow/example_dags/example_local_kubernetes_executor.py
[2024-11-09T20:43:57.690+0000] {processor.py:839} INFO - DAG(s) dict_keys(['example_local_kubernetes_executor']) retrieved from /home/airflow/.local/lib/python3.8/site-packages/airflow/example_dags/example_local_kubernetes_executor.py
[2024-11-09T20:43:57.705+0000] {logging_mixin.py:154} INFO - [2024-11-09T20:43:57.705+0000] {dag.py:2941} INFO - Sync 1 DAGs
[2024-11-09T20:43:57.711+0000] {logging_mixin.py:154} INFO - [2024-11-09T20:43:57.711+0000] {dag.py:3722} INFO - Setting next_dagrun for example_local_kubernetes_executor to None, run_after=None
[2024-11-09T20:43:57.720+0000] {processor.py:179} INFO - Processing /home/airflow/.local/lib/python3.8/site-packages/airflow/example_dags/example_local_kubernetes_executor.py took 0.036 seconds
[2024-11-09T20:44:28.145+0000] {processor.py:157} INFO - Started process (PID=830) to work on /home/airflow/.local/lib/python3.8/site-packages/airflow/example_dags/example_local_kubernetes_executor.py
[2024-11-09T20:44:28.145+0000] {processor.py:829} INFO - Processing file /home/airflow/.local/lib/python3.8/site-packages/airflow/example_dags/example_local_kubernetes_executor.py for tasks to queue
[2024-11-09T20:44:28.146+0000] {logging_mixin.py:154} INFO - [2024-11-09T20:44:28.146+0000] {dagbag.py:536} INFO - Filling up the DagBag from /home/airflow/.local/lib/python3.8/site-packages/airflow/example_dags/example_local_kubernetes_executor.py
[2024-11-09T20:44:28.149+0000] {processor.py:839} INFO - DAG(s) dict_keys(['example_local_kubernetes_executor']) retrieved from /home/airflow/.local/lib/python3.8/site-packages/airflow/example_dags/example_local_kubernetes_executor.py
[2024-11-09T20:44:28.163+0000] {logging_mixin.py:154} INFO - [2024-11-09T20:44:28.163+0000] {dag.py:2941} INFO - Sync 1 DAGs
[2024-11-09T20:44:28.168+0000] {logging_mixin.py:154} INFO - [2024-11-09T20:44:28.168+0000] {dag.py:3722} INFO - Setting next_dagrun for example_local_kubernetes_executor to None, run_after=None
[2024-11-09T20:44:28.174+0000] {processor.py:179} INFO - Processing /home/airflow/.local/lib/python3.8/site-packages/airflow/example_dags/example_local_kubernetes_executor.py took 0.031 seconds
[2024-11-09T20:44:58.602+0000] {processor.py:157} INFO - Started process (PID=1066) to work on /home/airflow/.local/lib/python3.8/site-packages/airflow/example_dags/example_local_kubernetes_executor.py
[2024-11-09T20:44:58.605+0000] {processor.py:829} INFO - Processing file /home/airflow/.local/lib/python3.8/site-packages/airflow/example_dags/example_local_kubernetes_executor.py for tasks to queue
[2024-11-09T20:44:58.606+0000] {logging_mixin.py:154} INFO - [2024-11-09T20:44:58.606+0000] {dagbag.py:536} INFO - Filling up the DagBag from /home/airflow/.local/lib/python3.8/site-packages/airflow/example_dags/example_local_kubernetes_executor.py
[2024-11-09T20:44:58.610+0000] {processor.py:839} INFO - DAG(s) dict_keys(['example_local_kubernetes_executor']) retrieved from /home/airflow/.local/lib/python3.8/site-packages/airflow/example_dags/example_local_kubernetes_executor.py
[2024-11-09T20:44:58.626+0000] {logging_mixin.py:154} INFO - [2024-11-09T20:44:58.625+0000] {dag.py:2941} INFO - Sync 1 DAGs
[2024-11-09T20:44:58.630+0000] {logging_mixin.py:154} INFO - [2024-11-09T20:44:58.630+0000] {dag.py:3722} INFO - Setting next_dagrun for example_local_kubernetes_executor to None, run_after=None
[2024-11-09T20:44:58.640+0000] {processor.py:179} INFO - Processing /home/airflow/.local/lib/python3.8/site-packages/airflow/example_dags/example_local_kubernetes_executor.py took 0.039 seconds
[2024-11-09T20:45:29.042+0000] {processor.py:157} INFO - Started process (PID=1306) to work on /home/airflow/.local/lib/python3.8/site-packages/airflow/example_dags/example_local_kubernetes_executor.py
[2024-11-09T20:45:29.043+0000] {processor.py:829} INFO - Processing file /home/airflow/.local/lib/python3.8/site-packages/airflow/example_dags/example_local_kubernetes_executor.py for tasks to queue
[2024-11-09T20:45:29.043+0000] {logging_mixin.py:154} INFO - [2024-11-09T20:45:29.043+0000] {dagbag.py:536} INFO - Filling up the DagBag from /home/airflow/.local/lib/python3.8/site-packages/airflow/example_dags/example_local_kubernetes_executor.py
[2024-11-09T20:45:29.047+0000] {processor.py:839} INFO - DAG(s) dict_keys(['example_local_kubernetes_executor']) retrieved from /home/airflow/.local/lib/python3.8/site-packages/airflow/example_dags/example_local_kubernetes_executor.py
[2024-11-09T20:45:29.064+0000] {logging_mixin.py:154} INFO - [2024-11-09T20:45:29.064+0000] {dag.py:2941} INFO - Sync 1 DAGs
[2024-11-09T20:45:29.069+0000] {logging_mixin.py:154} INFO - [2024-11-09T20:45:29.069+0000] {dag.py:3722} INFO - Setting next_dagrun for example_local_kubernetes_executor to None, run_after=None
[2024-11-09T20:45:29.078+0000] {processor.py:179} INFO - Processing /home/airflow/.local/lib/python3.8/site-packages/airflow/example_dags/example_local_kubernetes_executor.py took 0.038 seconds
[2024-11-09T20:45:59.472+0000] {processor.py:157} INFO - Started process (PID=1542) to work on /home/airflow/.local/lib/python3.8/site-packages/airflow/example_dags/example_local_kubernetes_executor.py
[2024-11-09T20:45:59.472+0000] {processor.py:829} INFO - Processing file /home/airflow/.local/lib/python3.8/site-packages/airflow/example_dags/example_local_kubernetes_executor.py for tasks to queue
[2024-11-09T20:45:59.473+0000] {logging_mixin.py:154} INFO - [2024-11-09T20:45:59.473+0000] {dagbag.py:536} INFO - Filling up the DagBag from /home/airflow/.local/lib/python3.8/site-packages/airflow/example_dags/example_local_kubernetes_executor.py
[2024-11-09T20:45:59.476+0000] {processor.py:839} INFO - DAG(s) dict_keys(['example_local_kubernetes_executor']) retrieved from /home/airflow/.local/lib/python3.8/site-packages/airflow/example_dags/example_local_kubernetes_executor.py
[2024-11-09T20:45:59.494+0000] {logging_mixin.py:154} INFO - [2024-11-09T20:45:59.493+0000] {dag.py:2941} INFO - Sync 1 DAGs
[2024-11-09T20:45:59.499+0000] {logging_mixin.py:154} INFO - [2024-11-09T20:45:59.499+0000] {dag.py:3722} INFO - Setting next_dagrun for example_local_kubernetes_executor to None, run_after=None
[2024-11-09T20:45:59.509+0000] {processor.py:179} INFO - Processing /home/airflow/.local/lib/python3.8/site-packages/airflow/example_dags/example_local_kubernetes_executor.py took 0.038 seconds
[2024-11-09T20:46:29.807+0000] {processor.py:157} INFO - Started process (PID=1780) to work on /home/airflow/.local/lib/python3.8/site-packages/airflow/example_dags/example_local_kubernetes_executor.py
[2024-11-09T20:46:29.809+0000] {processor.py:829} INFO - Processing file /home/airflow/.local/lib/python3.8/site-packages/airflow/example_dags/example_local_kubernetes_executor.py for tasks to queue
[2024-11-09T20:46:29.810+0000] {logging_mixin.py:154} INFO - [2024-11-09T20:46:29.809+0000] {dagbag.py:536} INFO - Filling up the DagBag from /home/airflow/.local/lib/python3.8/site-packages/airflow/example_dags/example_local_kubernetes_executor.py
[2024-11-09T20:46:29.813+0000] {processor.py:839} INFO - DAG(s) dict_keys(['example_local_kubernetes_executor']) retrieved from /home/airflow/.local/lib/python3.8/site-packages/airflow/example_dags/example_local_kubernetes_executor.py
[2024-11-09T20:46:29.827+0000] {logging_mixin.py:154} INFO - [2024-11-09T20:46:29.827+0000] {dag.py:2941} INFO - Sync 1 DAGs
[2024-11-09T20:46:29.832+0000] {logging_mixin.py:154} INFO - [2024-11-09T20:46:29.832+0000] {dag.py:3722} INFO - Setting next_dagrun for example_local_kubernetes_executor to None, run_after=None
[2024-11-09T20:46:29.841+0000] {processor.py:179} INFO - Processing /home/airflow/.local/lib/python3.8/site-packages/airflow/example_dags/example_local_kubernetes_executor.py took 0.035 seconds
[2024-11-09T20:47:00.232+0000] {processor.py:157} INFO - Started process (PID=2018) to work on /home/airflow/.local/lib/python3.8/site-packages/airflow/example_dags/example_local_kubernetes_executor.py
[2024-11-09T20:47:00.232+0000] {processor.py:829} INFO - Processing file /home/airflow/.local/lib/python3.8/site-packages/airflow/example_dags/example_local_kubernetes_executor.py for tasks to queue
[2024-11-09T20:47:00.233+0000] {logging_mixin.py:154} INFO - [2024-11-09T20:47:00.233+0000] {dagbag.py:536} INFO - Filling up the DagBag from /home/airflow/.local/lib/python3.8/site-packages/airflow/example_dags/example_local_kubernetes_executor.py
[2024-11-09T20:47:00.237+0000] {processor.py:839} INFO - DAG(s) dict_keys(['example_local_kubernetes_executor']) retrieved from /home/airflow/.local/lib/python3.8/site-packages/airflow/example_dags/example_local_kubernetes_executor.py
[2024-11-09T20:47:00.257+0000] {logging_mixin.py:154} INFO - [2024-11-09T20:47:00.257+0000] {dag.py:2941} INFO - Sync 1 DAGs
[2024-11-09T20:47:00.263+0000] {logging_mixin.py:154} INFO - [2024-11-09T20:47:00.263+0000] {dag.py:3722} INFO - Setting next_dagrun for example_local_kubernetes_executor to None, run_after=None
[2024-11-09T20:47:00.273+0000] {processor.py:179} INFO - Processing /home/airflow/.local/lib/python3.8/site-packages/airflow/example_dags/example_local_kubernetes_executor.py took 0.043 seconds
[2024-11-09T20:47:30.651+0000] {processor.py:157} INFO - Started process (PID=2256) to work on /home/airflow/.local/lib/python3.8/site-packages/airflow/example_dags/example_local_kubernetes_executor.py
[2024-11-09T20:47:30.651+0000] {processor.py:829} INFO - Processing file /home/airflow/.local/lib/python3.8/site-packages/airflow/example_dags/example_local_kubernetes_executor.py for tasks to queue
[2024-11-09T20:47:30.652+0000] {logging_mixin.py:154} INFO - [2024-11-09T20:47:30.652+0000] {dagbag.py:536} INFO - Filling up the DagBag from /home/airflow/.local/lib/python3.8/site-packages/airflow/example_dags/example_local_kubernetes_executor.py
[2024-11-09T20:47:30.657+0000] {processor.py:839} INFO - DAG(s) dict_keys(['example_local_kubernetes_executor']) retrieved from /home/airflow/.local/lib/python3.8/site-packages/airflow/example_dags/example_local_kubernetes_executor.py
[2024-11-09T20:47:30.674+0000] {logging_mixin.py:154} INFO - [2024-11-09T20:47:30.674+0000] {dag.py:2941} INFO - Sync 1 DAGs
[2024-11-09T20:47:30.682+0000] {logging_mixin.py:154} INFO - [2024-11-09T20:47:30.682+0000] {dag.py:3722} INFO - Setting next_dagrun for example_local_kubernetes_executor to None, run_after=None
[2024-11-09T20:47:30.691+0000] {processor.py:179} INFO - Processing /home/airflow/.local/lib/python3.8/site-packages/airflow/example_dags/example_local_kubernetes_executor.py took 0.042 seconds
