[2024-11-09T20:43:27.596+0000] {processor.py:157} INFO - Started process (PID=377) to work on /home/airflow/.local/lib/python3.8/site-packages/airflow/example_dags/example_dynamic_task_mapping_with_no_taskflow_operators.py
[2024-11-09T20:43:27.597+0000] {processor.py:829} INFO - Processing file /home/airflow/.local/lib/python3.8/site-packages/airflow/example_dags/example_dynamic_task_mapping_with_no_taskflow_operators.py for tasks to queue
[2024-11-09T20:43:27.597+0000] {logging_mixin.py:154} INFO - [2024-11-09T20:43:27.597+0000] {dagbag.py:536} INFO - Filling up the DagBag from /home/airflow/.local/lib/python3.8/site-packages/airflow/example_dags/example_dynamic_task_mapping_with_no_taskflow_operators.py
[2024-11-09T20:43:27.602+0000] {processor.py:839} INFO - DAG(s) dict_keys(['example_dynamic_task_mapping_with_no_taskflow_operators']) retrieved from /home/airflow/.local/lib/python3.8/site-packages/airflow/example_dags/example_dynamic_task_mapping_with_no_taskflow_operators.py
[2024-11-09T20:43:27.646+0000] {logging_mixin.py:154} INFO - [2024-11-09T20:43:27.646+0000] {manager.py:499} INFO - Created Permission View: %s
[2024-11-09T20:43:27.650+0000] {logging_mixin.py:154} INFO - [2024-11-09T20:43:27.650+0000] {manager.py:499} INFO - Created Permission View: %s
[2024-11-09T20:43:27.652+0000] {logging_mixin.py:154} INFO - [2024-11-09T20:43:27.652+0000] {manager.py:499} INFO - Created Permission View: %s
[2024-11-09T20:43:27.652+0000] {logging_mixin.py:154} INFO - [2024-11-09T20:43:27.652+0000] {dag.py:2941} INFO - Sync 1 DAGs
[2024-11-09T20:43:27.656+0000] {logging_mixin.py:154} INFO - [2024-11-09T20:43:27.656+0000] {dag.py:2963} INFO - Creating ORM DAG for example_dynamic_task_mapping_with_no_taskflow_operators
[2024-11-09T20:43:27.661+0000] {logging_mixin.py:154} INFO - [2024-11-09T20:43:27.661+0000] {dag.py:3722} INFO - Setting next_dagrun for example_dynamic_task_mapping_with_no_taskflow_operators to 2024-11-08T20:43:27.661520+00:00, run_after=2024-11-09T20:43:27.661520+00:00
[2024-11-09T20:43:27.668+0000] {processor.py:179} INFO - Processing /home/airflow/.local/lib/python3.8/site-packages/airflow/example_dags/example_dynamic_task_mapping_with_no_taskflow_operators.py took 0.074 seconds
[2024-11-09T20:43:57.812+0000] {processor.py:157} INFO - Started process (PID=617) to work on /home/airflow/.local/lib/python3.8/site-packages/airflow/example_dags/example_dynamic_task_mapping_with_no_taskflow_operators.py
[2024-11-09T20:43:57.812+0000] {processor.py:829} INFO - Processing file /home/airflow/.local/lib/python3.8/site-packages/airflow/example_dags/example_dynamic_task_mapping_with_no_taskflow_operators.py for tasks to queue
[2024-11-09T20:43:57.813+0000] {logging_mixin.py:154} INFO - [2024-11-09T20:43:57.812+0000] {dagbag.py:536} INFO - Filling up the DagBag from /home/airflow/.local/lib/python3.8/site-packages/airflow/example_dags/example_dynamic_task_mapping_with_no_taskflow_operators.py
[2024-11-09T20:43:57.816+0000] {processor.py:839} INFO - DAG(s) dict_keys(['example_dynamic_task_mapping_with_no_taskflow_operators']) retrieved from /home/airflow/.local/lib/python3.8/site-packages/airflow/example_dags/example_dynamic_task_mapping_with_no_taskflow_operators.py
[2024-11-09T20:43:57.826+0000] {logging_mixin.py:154} INFO - [2024-11-09T20:43:57.825+0000] {dag.py:2941} INFO - Sync 1 DAGs
[2024-11-09T20:43:57.836+0000] {logging_mixin.py:154} INFO - [2024-11-09T20:43:57.836+0000] {dag.py:3722} INFO - Setting next_dagrun for example_dynamic_task_mapping_with_no_taskflow_operators to 2024-11-08T20:43:57.835992+00:00, run_after=2024-11-09T20:43:57.835992+00:00
[2024-11-09T20:43:57.847+0000] {processor.py:179} INFO - Processing /home/airflow/.local/lib/python3.8/site-packages/airflow/example_dags/example_dynamic_task_mapping_with_no_taskflow_operators.py took 0.037 seconds
[2024-11-09T20:44:28.301+0000] {processor.py:157} INFO - Started process (PID=855) to work on /home/airflow/.local/lib/python3.8/site-packages/airflow/example_dags/example_dynamic_task_mapping_with_no_taskflow_operators.py
[2024-11-09T20:44:28.302+0000] {processor.py:829} INFO - Processing file /home/airflow/.local/lib/python3.8/site-packages/airflow/example_dags/example_dynamic_task_mapping_with_no_taskflow_operators.py for tasks to queue
[2024-11-09T20:44:28.302+0000] {logging_mixin.py:154} INFO - [2024-11-09T20:44:28.302+0000] {dagbag.py:536} INFO - Filling up the DagBag from /home/airflow/.local/lib/python3.8/site-packages/airflow/example_dags/example_dynamic_task_mapping_with_no_taskflow_operators.py
[2024-11-09T20:44:28.305+0000] {processor.py:839} INFO - DAG(s) dict_keys(['example_dynamic_task_mapping_with_no_taskflow_operators']) retrieved from /home/airflow/.local/lib/python3.8/site-packages/airflow/example_dags/example_dynamic_task_mapping_with_no_taskflow_operators.py
[2024-11-09T20:44:28.316+0000] {logging_mixin.py:154} INFO - [2024-11-09T20:44:28.316+0000] {dag.py:2941} INFO - Sync 1 DAGs
[2024-11-09T20:44:28.325+0000] {logging_mixin.py:154} INFO - [2024-11-09T20:44:28.325+0000] {dag.py:3722} INFO - Setting next_dagrun for example_dynamic_task_mapping_with_no_taskflow_operators to 2024-11-08T20:44:28.325077+00:00, run_after=2024-11-09T20:44:28.325077+00:00
[2024-11-09T20:44:28.332+0000] {processor.py:179} INFO - Processing /home/airflow/.local/lib/python3.8/site-packages/airflow/example_dags/example_dynamic_task_mapping_with_no_taskflow_operators.py took 0.032 seconds
[2024-11-09T20:44:58.732+0000] {processor.py:157} INFO - Started process (PID=1091) to work on /home/airflow/.local/lib/python3.8/site-packages/airflow/example_dags/example_dynamic_task_mapping_with_no_taskflow_operators.py
[2024-11-09T20:44:58.732+0000] {processor.py:829} INFO - Processing file /home/airflow/.local/lib/python3.8/site-packages/airflow/example_dags/example_dynamic_task_mapping_with_no_taskflow_operators.py for tasks to queue
[2024-11-09T20:44:58.733+0000] {logging_mixin.py:154} INFO - [2024-11-09T20:44:58.733+0000] {dagbag.py:536} INFO - Filling up the DagBag from /home/airflow/.local/lib/python3.8/site-packages/airflow/example_dags/example_dynamic_task_mapping_with_no_taskflow_operators.py
[2024-11-09T20:44:58.737+0000] {processor.py:839} INFO - DAG(s) dict_keys(['example_dynamic_task_mapping_with_no_taskflow_operators']) retrieved from /home/airflow/.local/lib/python3.8/site-packages/airflow/example_dags/example_dynamic_task_mapping_with_no_taskflow_operators.py
[2024-11-09T20:44:58.745+0000] {logging_mixin.py:154} INFO - [2024-11-09T20:44:58.744+0000] {dag.py:2941} INFO - Sync 1 DAGs
[2024-11-09T20:44:58.755+0000] {logging_mixin.py:154} INFO - [2024-11-09T20:44:58.755+0000] {dag.py:3722} INFO - Setting next_dagrun for example_dynamic_task_mapping_with_no_taskflow_operators to 2024-11-08T20:44:58.755746+00:00, run_after=2024-11-09T20:44:58.755746+00:00
[2024-11-09T20:44:58.766+0000] {processor.py:179} INFO - Processing /home/airflow/.local/lib/python3.8/site-packages/airflow/example_dags/example_dynamic_task_mapping_with_no_taskflow_operators.py took 0.036 seconds
[2024-11-09T20:45:29.175+0000] {processor.py:157} INFO - Started process (PID=1331) to work on /home/airflow/.local/lib/python3.8/site-packages/airflow/example_dags/example_dynamic_task_mapping_with_no_taskflow_operators.py
[2024-11-09T20:45:29.175+0000] {processor.py:829} INFO - Processing file /home/airflow/.local/lib/python3.8/site-packages/airflow/example_dags/example_dynamic_task_mapping_with_no_taskflow_operators.py for tasks to queue
[2024-11-09T20:45:29.175+0000] {logging_mixin.py:154} INFO - [2024-11-09T20:45:29.175+0000] {dagbag.py:536} INFO - Filling up the DagBag from /home/airflow/.local/lib/python3.8/site-packages/airflow/example_dags/example_dynamic_task_mapping_with_no_taskflow_operators.py
[2024-11-09T20:45:29.179+0000] {processor.py:839} INFO - DAG(s) dict_keys(['example_dynamic_task_mapping_with_no_taskflow_operators']) retrieved from /home/airflow/.local/lib/python3.8/site-packages/airflow/example_dags/example_dynamic_task_mapping_with_no_taskflow_operators.py
[2024-11-09T20:45:29.187+0000] {logging_mixin.py:154} INFO - [2024-11-09T20:45:29.187+0000] {dag.py:2941} INFO - Sync 1 DAGs
[2024-11-09T20:45:29.195+0000] {logging_mixin.py:154} INFO - [2024-11-09T20:45:29.195+0000] {dag.py:3722} INFO - Setting next_dagrun for example_dynamic_task_mapping_with_no_taskflow_operators to 2024-11-08T20:45:29.195781+00:00, run_after=2024-11-09T20:45:29.195781+00:00
[2024-11-09T20:45:29.201+0000] {processor.py:179} INFO - Processing /home/airflow/.local/lib/python3.8/site-packages/airflow/example_dags/example_dynamic_task_mapping_with_no_taskflow_operators.py took 0.028 seconds
[2024-11-09T20:45:59.573+0000] {processor.py:157} INFO - Started process (PID=1567) to work on /home/airflow/.local/lib/python3.8/site-packages/airflow/example_dags/example_dynamic_task_mapping_with_no_taskflow_operators.py
[2024-11-09T20:45:59.576+0000] {processor.py:829} INFO - Processing file /home/airflow/.local/lib/python3.8/site-packages/airflow/example_dags/example_dynamic_task_mapping_with_no_taskflow_operators.py for tasks to queue
[2024-11-09T20:45:59.576+0000] {logging_mixin.py:154} INFO - [2024-11-09T20:45:59.576+0000] {dagbag.py:536} INFO - Filling up the DagBag from /home/airflow/.local/lib/python3.8/site-packages/airflow/example_dags/example_dynamic_task_mapping_with_no_taskflow_operators.py
[2024-11-09T20:45:59.581+0000] {processor.py:839} INFO - DAG(s) dict_keys(['example_dynamic_task_mapping_with_no_taskflow_operators']) retrieved from /home/airflow/.local/lib/python3.8/site-packages/airflow/example_dags/example_dynamic_task_mapping_with_no_taskflow_operators.py
[2024-11-09T20:45:59.592+0000] {logging_mixin.py:154} INFO - [2024-11-09T20:45:59.592+0000] {dag.py:2941} INFO - Sync 1 DAGs
[2024-11-09T20:45:59.601+0000] {logging_mixin.py:154} INFO - [2024-11-09T20:45:59.601+0000] {dag.py:3722} INFO - Setting next_dagrun for example_dynamic_task_mapping_with_no_taskflow_operators to 2024-11-08T20:45:59.601030+00:00, run_after=2024-11-09T20:45:59.601030+00:00
[2024-11-09T20:45:59.607+0000] {processor.py:179} INFO - Processing /home/airflow/.local/lib/python3.8/site-packages/airflow/example_dags/example_dynamic_task_mapping_with_no_taskflow_operators.py took 0.036 seconds
[2024-11-09T20:46:29.931+0000] {processor.py:157} INFO - Started process (PID=1805) to work on /home/airflow/.local/lib/python3.8/site-packages/airflow/example_dags/example_dynamic_task_mapping_with_no_taskflow_operators.py
[2024-11-09T20:46:29.932+0000] {processor.py:829} INFO - Processing file /home/airflow/.local/lib/python3.8/site-packages/airflow/example_dags/example_dynamic_task_mapping_with_no_taskflow_operators.py for tasks to queue
[2024-11-09T20:46:29.933+0000] {logging_mixin.py:154} INFO - [2024-11-09T20:46:29.932+0000] {dagbag.py:536} INFO - Filling up the DagBag from /home/airflow/.local/lib/python3.8/site-packages/airflow/example_dags/example_dynamic_task_mapping_with_no_taskflow_operators.py
[2024-11-09T20:46:29.937+0000] {processor.py:839} INFO - DAG(s) dict_keys(['example_dynamic_task_mapping_with_no_taskflow_operators']) retrieved from /home/airflow/.local/lib/python3.8/site-packages/airflow/example_dags/example_dynamic_task_mapping_with_no_taskflow_operators.py
[2024-11-09T20:46:29.945+0000] {logging_mixin.py:154} INFO - [2024-11-09T20:46:29.945+0000] {dag.py:2941} INFO - Sync 1 DAGs
[2024-11-09T20:46:29.955+0000] {logging_mixin.py:154} INFO - [2024-11-09T20:46:29.955+0000] {dag.py:3722} INFO - Setting next_dagrun for example_dynamic_task_mapping_with_no_taskflow_operators to 2024-11-08T20:46:29.955633+00:00, run_after=2024-11-09T20:46:29.955633+00:00
[2024-11-09T20:46:29.962+0000] {processor.py:179} INFO - Processing /home/airflow/.local/lib/python3.8/site-packages/airflow/example_dags/example_dynamic_task_mapping_with_no_taskflow_operators.py took 0.033 seconds
[2024-11-09T20:47:00.364+0000] {processor.py:157} INFO - Started process (PID=2045) to work on /home/airflow/.local/lib/python3.8/site-packages/airflow/example_dags/example_dynamic_task_mapping_with_no_taskflow_operators.py
[2024-11-09T20:47:00.364+0000] {processor.py:829} INFO - Processing file /home/airflow/.local/lib/python3.8/site-packages/airflow/example_dags/example_dynamic_task_mapping_with_no_taskflow_operators.py for tasks to queue
[2024-11-09T20:47:00.365+0000] {logging_mixin.py:154} INFO - [2024-11-09T20:47:00.364+0000] {dagbag.py:536} INFO - Filling up the DagBag from /home/airflow/.local/lib/python3.8/site-packages/airflow/example_dags/example_dynamic_task_mapping_with_no_taskflow_operators.py
[2024-11-09T20:47:00.368+0000] {processor.py:839} INFO - DAG(s) dict_keys(['example_dynamic_task_mapping_with_no_taskflow_operators']) retrieved from /home/airflow/.local/lib/python3.8/site-packages/airflow/example_dags/example_dynamic_task_mapping_with_no_taskflow_operators.py
[2024-11-09T20:47:00.377+0000] {logging_mixin.py:154} INFO - [2024-11-09T20:47:00.377+0000] {dag.py:2941} INFO - Sync 1 DAGs
[2024-11-09T20:47:00.385+0000] {logging_mixin.py:154} INFO - [2024-11-09T20:47:00.385+0000] {dag.py:3722} INFO - Setting next_dagrun for example_dynamic_task_mapping_with_no_taskflow_operators to 2024-11-08T20:47:00.385019+00:00, run_after=2024-11-09T20:47:00.385019+00:00
[2024-11-09T20:47:00.391+0000] {processor.py:179} INFO - Processing /home/airflow/.local/lib/python3.8/site-packages/airflow/example_dags/example_dynamic_task_mapping_with_no_taskflow_operators.py took 0.029 seconds
[2024-11-09T20:47:30.765+0000] {processor.py:157} INFO - Started process (PID=2281) to work on /home/airflow/.local/lib/python3.8/site-packages/airflow/example_dags/example_dynamic_task_mapping_with_no_taskflow_operators.py
[2024-11-09T20:47:30.765+0000] {processor.py:829} INFO - Processing file /home/airflow/.local/lib/python3.8/site-packages/airflow/example_dags/example_dynamic_task_mapping_with_no_taskflow_operators.py for tasks to queue
[2024-11-09T20:47:30.766+0000] {logging_mixin.py:154} INFO - [2024-11-09T20:47:30.766+0000] {dagbag.py:536} INFO - Filling up the DagBag from /home/airflow/.local/lib/python3.8/site-packages/airflow/example_dags/example_dynamic_task_mapping_with_no_taskflow_operators.py
[2024-11-09T20:47:30.769+0000] {processor.py:839} INFO - DAG(s) dict_keys(['example_dynamic_task_mapping_with_no_taskflow_operators']) retrieved from /home/airflow/.local/lib/python3.8/site-packages/airflow/example_dags/example_dynamic_task_mapping_with_no_taskflow_operators.py
[2024-11-09T20:47:30.778+0000] {logging_mixin.py:154} INFO - [2024-11-09T20:47:30.778+0000] {dag.py:2941} INFO - Sync 1 DAGs
[2024-11-09T20:47:30.787+0000] {logging_mixin.py:154} INFO - [2024-11-09T20:47:30.787+0000] {dag.py:3722} INFO - Setting next_dagrun for example_dynamic_task_mapping_with_no_taskflow_operators to 2024-11-08T20:47:30.787411+00:00, run_after=2024-11-09T20:47:30.787411+00:00
[2024-11-09T20:47:30.794+0000] {processor.py:179} INFO - Processing /home/airflow/.local/lib/python3.8/site-packages/airflow/example_dags/example_dynamic_task_mapping_with_no_taskflow_operators.py took 0.031 seconds
