[2024-11-09T20:43:25.727+0000] {processor.py:157} INFO - Started process (PID=219) to work on /home/airflow/.local/lib/python3.8/site-packages/airflow/example_dags/example_branch_day_of_week_operator.py
[2024-11-09T20:43:25.727+0000] {processor.py:829} INFO - Processing file /home/airflow/.local/lib/python3.8/site-packages/airflow/example_dags/example_branch_day_of_week_operator.py for tasks to queue
[2024-11-09T20:43:25.727+0000] {logging_mixin.py:154} INFO - [2024-11-09T20:43:25.727+0000] {dagbag.py:536} INFO - Filling up the DagBag from /home/airflow/.local/lib/python3.8/site-packages/airflow/example_dags/example_branch_day_of_week_operator.py
[2024-11-09T20:43:25.733+0000] {processor.py:839} INFO - DAG(s) dict_keys(['example_weekday_branch_operator']) retrieved from /home/airflow/.local/lib/python3.8/site-packages/airflow/example_dags/example_branch_day_of_week_operator.py
[2024-11-09T20:43:25.780+0000] {logging_mixin.py:154} INFO - [2024-11-09T20:43:25.780+0000] {manager.py:499} INFO - Created Permission View: %s
[2024-11-09T20:43:25.784+0000] {logging_mixin.py:154} INFO - [2024-11-09T20:43:25.784+0000] {manager.py:499} INFO - Created Permission View: %s
[2024-11-09T20:43:25.787+0000] {logging_mixin.py:154} INFO - [2024-11-09T20:43:25.787+0000] {manager.py:499} INFO - Created Permission View: %s
[2024-11-09T20:43:25.787+0000] {logging_mixin.py:154} INFO - [2024-11-09T20:43:25.787+0000] {dag.py:2941} INFO - Sync 1 DAGs
[2024-11-09T20:43:25.792+0000] {logging_mixin.py:154} INFO - [2024-11-09T20:43:25.792+0000] {dag.py:2963} INFO - Creating ORM DAG for example_weekday_branch_operator
[2024-11-09T20:43:25.796+0000] {logging_mixin.py:154} INFO - [2024-11-09T20:43:25.796+0000] {dag.py:3722} INFO - Setting next_dagrun for example_weekday_branch_operator to 2024-11-08T00:00:00+00:00, run_after=2024-11-09T00:00:00+00:00
[2024-11-09T20:43:25.803+0000] {processor.py:179} INFO - Processing /home/airflow/.local/lib/python3.8/site-packages/airflow/example_dags/example_branch_day_of_week_operator.py took 0.078 seconds
[2024-11-09T20:43:55.927+0000] {processor.py:157} INFO - Started process (PID=457) to work on /home/airflow/.local/lib/python3.8/site-packages/airflow/example_dags/example_branch_day_of_week_operator.py
[2024-11-09T20:43:55.927+0000] {processor.py:829} INFO - Processing file /home/airflow/.local/lib/python3.8/site-packages/airflow/example_dags/example_branch_day_of_week_operator.py for tasks to queue
[2024-11-09T20:43:55.927+0000] {logging_mixin.py:154} INFO - [2024-11-09T20:43:55.927+0000] {dagbag.py:536} INFO - Filling up the DagBag from /home/airflow/.local/lib/python3.8/site-packages/airflow/example_dags/example_branch_day_of_week_operator.py
[2024-11-09T20:43:55.930+0000] {processor.py:839} INFO - DAG(s) dict_keys(['example_weekday_branch_operator']) retrieved from /home/airflow/.local/lib/python3.8/site-packages/airflow/example_dags/example_branch_day_of_week_operator.py
[2024-11-09T20:43:55.940+0000] {logging_mixin.py:154} INFO - [2024-11-09T20:43:55.940+0000] {dag.py:2941} INFO - Sync 1 DAGs
[2024-11-09T20:43:55.948+0000] {logging_mixin.py:154} INFO - [2024-11-09T20:43:55.948+0000] {dag.py:3722} INFO - Setting next_dagrun for example_weekday_branch_operator to 2024-11-08T00:00:00+00:00, run_after=2024-11-09T00:00:00+00:00
[2024-11-09T20:43:55.955+0000] {processor.py:179} INFO - Processing /home/airflow/.local/lib/python3.8/site-packages/airflow/example_dags/example_branch_day_of_week_operator.py took 0.030 seconds
[2024-11-09T20:44:26.379+0000] {processor.py:157} INFO - Started process (PID=693) to work on /home/airflow/.local/lib/python3.8/site-packages/airflow/example_dags/example_branch_day_of_week_operator.py
[2024-11-09T20:44:26.379+0000] {processor.py:829} INFO - Processing file /home/airflow/.local/lib/python3.8/site-packages/airflow/example_dags/example_branch_day_of_week_operator.py for tasks to queue
[2024-11-09T20:44:26.380+0000] {logging_mixin.py:154} INFO - [2024-11-09T20:44:26.379+0000] {dagbag.py:536} INFO - Filling up the DagBag from /home/airflow/.local/lib/python3.8/site-packages/airflow/example_dags/example_branch_day_of_week_operator.py
[2024-11-09T20:44:26.384+0000] {processor.py:839} INFO - DAG(s) dict_keys(['example_weekday_branch_operator']) retrieved from /home/airflow/.local/lib/python3.8/site-packages/airflow/example_dags/example_branch_day_of_week_operator.py
[2024-11-09T20:44:26.394+0000] {logging_mixin.py:154} INFO - [2024-11-09T20:44:26.394+0000] {dag.py:2941} INFO - Sync 1 DAGs
[2024-11-09T20:44:26.406+0000] {logging_mixin.py:154} INFO - [2024-11-09T20:44:26.406+0000] {dag.py:3722} INFO - Setting next_dagrun for example_weekday_branch_operator to 2024-11-08T00:00:00+00:00, run_after=2024-11-09T00:00:00+00:00
[2024-11-09T20:44:26.415+0000] {processor.py:179} INFO - Processing /home/airflow/.local/lib/python3.8/site-packages/airflow/example_dags/example_branch_day_of_week_operator.py took 0.037 seconds
[2024-11-09T20:44:56.846+0000] {processor.py:157} INFO - Started process (PID=933) to work on /home/airflow/.local/lib/python3.8/site-packages/airflow/example_dags/example_branch_day_of_week_operator.py
[2024-11-09T20:44:56.846+0000] {processor.py:829} INFO - Processing file /home/airflow/.local/lib/python3.8/site-packages/airflow/example_dags/example_branch_day_of_week_operator.py for tasks to queue
[2024-11-09T20:44:56.847+0000] {logging_mixin.py:154} INFO - [2024-11-09T20:44:56.847+0000] {dagbag.py:536} INFO - Filling up the DagBag from /home/airflow/.local/lib/python3.8/site-packages/airflow/example_dags/example_branch_day_of_week_operator.py
[2024-11-09T20:44:56.850+0000] {processor.py:839} INFO - DAG(s) dict_keys(['example_weekday_branch_operator']) retrieved from /home/airflow/.local/lib/python3.8/site-packages/airflow/example_dags/example_branch_day_of_week_operator.py
[2024-11-09T20:44:56.861+0000] {logging_mixin.py:154} INFO - [2024-11-09T20:44:56.861+0000] {dag.py:2941} INFO - Sync 1 DAGs
[2024-11-09T20:44:56.870+0000] {logging_mixin.py:154} INFO - [2024-11-09T20:44:56.870+0000] {dag.py:3722} INFO - Setting next_dagrun for example_weekday_branch_operator to 2024-11-08T00:00:00+00:00, run_after=2024-11-09T00:00:00+00:00
[2024-11-09T20:44:56.880+0000] {processor.py:179} INFO - Processing /home/airflow/.local/lib/python3.8/site-packages/airflow/example_dags/example_branch_day_of_week_operator.py took 0.036 seconds
[2024-11-09T20:45:27.275+0000] {processor.py:157} INFO - Started process (PID=1171) to work on /home/airflow/.local/lib/python3.8/site-packages/airflow/example_dags/example_branch_day_of_week_operator.py
[2024-11-09T20:45:27.276+0000] {processor.py:829} INFO - Processing file /home/airflow/.local/lib/python3.8/site-packages/airflow/example_dags/example_branch_day_of_week_operator.py for tasks to queue
[2024-11-09T20:45:27.276+0000] {logging_mixin.py:154} INFO - [2024-11-09T20:45:27.276+0000] {dagbag.py:536} INFO - Filling up the DagBag from /home/airflow/.local/lib/python3.8/site-packages/airflow/example_dags/example_branch_day_of_week_operator.py
[2024-11-09T20:45:27.279+0000] {processor.py:839} INFO - DAG(s) dict_keys(['example_weekday_branch_operator']) retrieved from /home/airflow/.local/lib/python3.8/site-packages/airflow/example_dags/example_branch_day_of_week_operator.py
[2024-11-09T20:45:27.288+0000] {logging_mixin.py:154} INFO - [2024-11-09T20:45:27.288+0000] {dag.py:2941} INFO - Sync 1 DAGs
[2024-11-09T20:45:27.296+0000] {logging_mixin.py:154} INFO - [2024-11-09T20:45:27.296+0000] {dag.py:3722} INFO - Setting next_dagrun for example_weekday_branch_operator to 2024-11-08T00:00:00+00:00, run_after=2024-11-09T00:00:00+00:00
[2024-11-09T20:45:27.302+0000] {processor.py:179} INFO - Processing /home/airflow/.local/lib/python3.8/site-packages/airflow/example_dags/example_branch_day_of_week_operator.py took 0.029 seconds
[2024-11-09T20:45:57.745+0000] {processor.py:157} INFO - Started process (PID=1408) to work on /home/airflow/.local/lib/python3.8/site-packages/airflow/example_dags/example_branch_day_of_week_operator.py
[2024-11-09T20:45:57.746+0000] {processor.py:829} INFO - Processing file /home/airflow/.local/lib/python3.8/site-packages/airflow/example_dags/example_branch_day_of_week_operator.py for tasks to queue
[2024-11-09T20:45:57.746+0000] {logging_mixin.py:154} INFO - [2024-11-09T20:45:57.746+0000] {dagbag.py:536} INFO - Filling up the DagBag from /home/airflow/.local/lib/python3.8/site-packages/airflow/example_dags/example_branch_day_of_week_operator.py
[2024-11-09T20:45:57.750+0000] {processor.py:839} INFO - DAG(s) dict_keys(['example_weekday_branch_operator']) retrieved from /home/airflow/.local/lib/python3.8/site-packages/airflow/example_dags/example_branch_day_of_week_operator.py
[2024-11-09T20:45:57.760+0000] {logging_mixin.py:154} INFO - [2024-11-09T20:45:57.760+0000] {dag.py:2941} INFO - Sync 1 DAGs
[2024-11-09T20:45:57.770+0000] {logging_mixin.py:154} INFO - [2024-11-09T20:45:57.769+0000] {dag.py:3722} INFO - Setting next_dagrun for example_weekday_branch_operator to 2024-11-08T00:00:00+00:00, run_after=2024-11-09T00:00:00+00:00
[2024-11-09T20:45:57.779+0000] {processor.py:179} INFO - Processing /home/airflow/.local/lib/python3.8/site-packages/airflow/example_dags/example_branch_day_of_week_operator.py took 0.035 seconds
[2024-11-09T20:46:28.090+0000] {processor.py:157} INFO - Started process (PID=1647) to work on /home/airflow/.local/lib/python3.8/site-packages/airflow/example_dags/example_branch_day_of_week_operator.py
[2024-11-09T20:46:28.091+0000] {processor.py:829} INFO - Processing file /home/airflow/.local/lib/python3.8/site-packages/airflow/example_dags/example_branch_day_of_week_operator.py for tasks to queue
[2024-11-09T20:46:28.092+0000] {logging_mixin.py:154} INFO - [2024-11-09T20:46:28.092+0000] {dagbag.py:536} INFO - Filling up the DagBag from /home/airflow/.local/lib/python3.8/site-packages/airflow/example_dags/example_branch_day_of_week_operator.py
[2024-11-09T20:46:28.095+0000] {processor.py:839} INFO - DAG(s) dict_keys(['example_weekday_branch_operator']) retrieved from /home/airflow/.local/lib/python3.8/site-packages/airflow/example_dags/example_branch_day_of_week_operator.py
[2024-11-09T20:46:28.105+0000] {logging_mixin.py:154} INFO - [2024-11-09T20:46:28.105+0000] {dag.py:2941} INFO - Sync 1 DAGs
[2024-11-09T20:46:28.115+0000] {logging_mixin.py:154} INFO - [2024-11-09T20:46:28.115+0000] {dag.py:3722} INFO - Setting next_dagrun for example_weekday_branch_operator to 2024-11-08T00:00:00+00:00, run_after=2024-11-09T00:00:00+00:00
[2024-11-09T20:46:28.124+0000] {processor.py:179} INFO - Processing /home/airflow/.local/lib/python3.8/site-packages/airflow/example_dags/example_branch_day_of_week_operator.py took 0.035 seconds
[2024-11-09T20:46:58.527+0000] {processor.py:157} INFO - Started process (PID=1885) to work on /home/airflow/.local/lib/python3.8/site-packages/airflow/example_dags/example_branch_day_of_week_operator.py
[2024-11-09T20:46:58.527+0000] {processor.py:829} INFO - Processing file /home/airflow/.local/lib/python3.8/site-packages/airflow/example_dags/example_branch_day_of_week_operator.py for tasks to queue
[2024-11-09T20:46:58.527+0000] {logging_mixin.py:154} INFO - [2024-11-09T20:46:58.527+0000] {dagbag.py:536} INFO - Filling up the DagBag from /home/airflow/.local/lib/python3.8/site-packages/airflow/example_dags/example_branch_day_of_week_operator.py
[2024-11-09T20:46:58.531+0000] {processor.py:839} INFO - DAG(s) dict_keys(['example_weekday_branch_operator']) retrieved from /home/airflow/.local/lib/python3.8/site-packages/airflow/example_dags/example_branch_day_of_week_operator.py
[2024-11-09T20:46:58.539+0000] {logging_mixin.py:154} INFO - [2024-11-09T20:46:58.539+0000] {dag.py:2941} INFO - Sync 1 DAGs
[2024-11-09T20:46:58.548+0000] {logging_mixin.py:154} INFO - [2024-11-09T20:46:58.548+0000] {dag.py:3722} INFO - Setting next_dagrun for example_weekday_branch_operator to 2024-11-08T00:00:00+00:00, run_after=2024-11-09T00:00:00+00:00
[2024-11-09T20:46:58.554+0000] {processor.py:179} INFO - Processing /home/airflow/.local/lib/python3.8/site-packages/airflow/example_dags/example_branch_day_of_week_operator.py took 0.029 seconds
[2024-11-09T20:47:28.908+0000] {processor.py:157} INFO - Started process (PID=2123) to work on /home/airflow/.local/lib/python3.8/site-packages/airflow/example_dags/example_branch_day_of_week_operator.py
[2024-11-09T20:47:28.908+0000] {processor.py:829} INFO - Processing file /home/airflow/.local/lib/python3.8/site-packages/airflow/example_dags/example_branch_day_of_week_operator.py for tasks to queue
[2024-11-09T20:47:28.908+0000] {logging_mixin.py:154} INFO - [2024-11-09T20:47:28.908+0000] {dagbag.py:536} INFO - Filling up the DagBag from /home/airflow/.local/lib/python3.8/site-packages/airflow/example_dags/example_branch_day_of_week_operator.py
[2024-11-09T20:47:28.912+0000] {processor.py:839} INFO - DAG(s) dict_keys(['example_weekday_branch_operator']) retrieved from /home/airflow/.local/lib/python3.8/site-packages/airflow/example_dags/example_branch_day_of_week_operator.py
[2024-11-09T20:47:28.922+0000] {logging_mixin.py:154} INFO - [2024-11-09T20:47:28.922+0000] {dag.py:2941} INFO - Sync 1 DAGs
[2024-11-09T20:47:28.931+0000] {logging_mixin.py:154} INFO - [2024-11-09T20:47:28.931+0000] {dag.py:3722} INFO - Setting next_dagrun for example_weekday_branch_operator to 2024-11-08T00:00:00+00:00, run_after=2024-11-09T00:00:00+00:00
[2024-11-09T20:47:28.940+0000] {processor.py:179} INFO - Processing /home/airflow/.local/lib/python3.8/site-packages/airflow/example_dags/example_branch_day_of_week_operator.py took 0.034 seconds
