[2024-11-09T20:43:27.479+0000] {processor.py:157} INFO - Started process (PID=367) to work on /home/airflow/.local/lib/python3.8/site-packages/airflow/example_dags/example_external_task_marker_dag.py
[2024-11-09T20:43:27.480+0000] {processor.py:829} INFO - Processing file /home/airflow/.local/lib/python3.8/site-packages/airflow/example_dags/example_external_task_marker_dag.py for tasks to queue
[2024-11-09T20:43:27.481+0000] {logging_mixin.py:154} INFO - [2024-11-09T20:43:27.481+0000] {dagbag.py:536} INFO - Filling up the DagBag from /home/airflow/.local/lib/python3.8/site-packages/airflow/example_dags/example_external_task_marker_dag.py
[2024-11-09T20:43:27.484+0000] {processor.py:839} INFO - DAG(s) dict_keys(['example_external_task_marker_parent', 'example_external_task_marker_child']) retrieved from /home/airflow/.local/lib/python3.8/site-packages/airflow/example_dags/example_external_task_marker_dag.py
[2024-11-09T20:43:27.531+0000] {logging_mixin.py:154} INFO - [2024-11-09T20:43:27.531+0000] {manager.py:499} INFO - Created Permission View: %s
[2024-11-09T20:43:27.539+0000] {logging_mixin.py:154} INFO - [2024-11-09T20:43:27.538+0000] {manager.py:499} INFO - Created Permission View: %s
[2024-11-09T20:43:27.544+0000] {logging_mixin.py:154} INFO - [2024-11-09T20:43:27.544+0000] {manager.py:499} INFO - Created Permission View: %s
[2024-11-09T20:43:27.554+0000] {logging_mixin.py:154} INFO - [2024-11-09T20:43:27.554+0000] {manager.py:499} INFO - Created Permission View: %s
[2024-11-09T20:43:27.558+0000] {logging_mixin.py:154} INFO - [2024-11-09T20:43:27.558+0000] {manager.py:499} INFO - Created Permission View: %s
[2024-11-09T20:43:27.561+0000] {logging_mixin.py:154} INFO - [2024-11-09T20:43:27.561+0000] {manager.py:499} INFO - Created Permission View: %s
[2024-11-09T20:43:27.561+0000] {logging_mixin.py:154} INFO - [2024-11-09T20:43:27.561+0000] {dag.py:2941} INFO - Sync 2 DAGs
[2024-11-09T20:43:27.567+0000] {logging_mixin.py:154} INFO - [2024-11-09T20:43:27.567+0000] {dag.py:2963} INFO - Creating ORM DAG for example_external_task_marker_parent
[2024-11-09T20:43:27.568+0000] {logging_mixin.py:154} INFO - [2024-11-09T20:43:27.568+0000] {dag.py:2963} INFO - Creating ORM DAG for example_external_task_marker_child
[2024-11-09T20:43:27.568+0000] {logging_mixin.py:154} INFO - [2024-11-09T20:43:27.568+0000] {dag.py:3722} INFO - Setting next_dagrun for example_external_task_marker_child to None, run_after=None
[2024-11-09T20:43:27.569+0000] {logging_mixin.py:154} INFO - [2024-11-09T20:43:27.569+0000] {dag.py:3722} INFO - Setting next_dagrun for example_external_task_marker_parent to None, run_after=None
[2024-11-09T20:43:27.581+0000] {processor.py:179} INFO - Processing /home/airflow/.local/lib/python3.8/site-packages/airflow/example_dags/example_external_task_marker_dag.py took 0.104 seconds
[2024-11-09T20:43:57.767+0000] {processor.py:157} INFO - Started process (PID=607) to work on /home/airflow/.local/lib/python3.8/site-packages/airflow/example_dags/example_external_task_marker_dag.py
[2024-11-09T20:43:57.768+0000] {processor.py:829} INFO - Processing file /home/airflow/.local/lib/python3.8/site-packages/airflow/example_dags/example_external_task_marker_dag.py for tasks to queue
[2024-11-09T20:43:57.768+0000] {logging_mixin.py:154} INFO - [2024-11-09T20:43:57.768+0000] {dagbag.py:536} INFO - Filling up the DagBag from /home/airflow/.local/lib/python3.8/site-packages/airflow/example_dags/example_external_task_marker_dag.py
[2024-11-09T20:43:57.770+0000] {processor.py:839} INFO - DAG(s) dict_keys(['example_external_task_marker_child', 'example_external_task_marker_parent']) retrieved from /home/airflow/.local/lib/python3.8/site-packages/airflow/example_dags/example_external_task_marker_dag.py
[2024-11-09T20:43:57.786+0000] {logging_mixin.py:154} INFO - [2024-11-09T20:43:57.785+0000] {dag.py:2941} INFO - Sync 2 DAGs
[2024-11-09T20:43:57.791+0000] {logging_mixin.py:154} INFO - [2024-11-09T20:43:57.790+0000] {dag.py:3722} INFO - Setting next_dagrun for example_external_task_marker_child to None, run_after=None
[2024-11-09T20:43:57.792+0000] {logging_mixin.py:154} INFO - [2024-11-09T20:43:57.792+0000] {dag.py:3722} INFO - Setting next_dagrun for example_external_task_marker_parent to None, run_after=None
[2024-11-09T20:43:57.801+0000] {processor.py:179} INFO - Processing /home/airflow/.local/lib/python3.8/site-packages/airflow/example_dags/example_external_task_marker_dag.py took 0.035 seconds
[2024-11-09T20:44:28.231+0000] {processor.py:157} INFO - Started process (PID=845) to work on /home/airflow/.local/lib/python3.8/site-packages/airflow/example_dags/example_external_task_marker_dag.py
[2024-11-09T20:44:28.231+0000] {processor.py:829} INFO - Processing file /home/airflow/.local/lib/python3.8/site-packages/airflow/example_dags/example_external_task_marker_dag.py for tasks to queue
[2024-11-09T20:44:28.232+0000] {logging_mixin.py:154} INFO - [2024-11-09T20:44:28.232+0000] {dagbag.py:536} INFO - Filling up the DagBag from /home/airflow/.local/lib/python3.8/site-packages/airflow/example_dags/example_external_task_marker_dag.py
[2024-11-09T20:44:28.234+0000] {processor.py:839} INFO - DAG(s) dict_keys(['example_external_task_marker_parent', 'example_external_task_marker_child']) retrieved from /home/airflow/.local/lib/python3.8/site-packages/airflow/example_dags/example_external_task_marker_dag.py
[2024-11-09T20:44:28.244+0000] {logging_mixin.py:154} INFO - [2024-11-09T20:44:28.244+0000] {dag.py:2941} INFO - Sync 2 DAGs
[2024-11-09T20:44:28.249+0000] {logging_mixin.py:154} INFO - [2024-11-09T20:44:28.249+0000] {dag.py:3722} INFO - Setting next_dagrun for example_external_task_marker_child to None, run_after=None
[2024-11-09T20:44:28.250+0000] {logging_mixin.py:154} INFO - [2024-11-09T20:44:28.250+0000] {dag.py:3722} INFO - Setting next_dagrun for example_external_task_marker_parent to None, run_after=None
[2024-11-09T20:44:28.256+0000] {processor.py:179} INFO - Processing /home/airflow/.local/lib/python3.8/site-packages/airflow/example_dags/example_external_task_marker_dag.py took 0.027 seconds
[2024-11-09T20:44:58.689+0000] {processor.py:157} INFO - Started process (PID=1081) to work on /home/airflow/.local/lib/python3.8/site-packages/airflow/example_dags/example_external_task_marker_dag.py
[2024-11-09T20:44:58.690+0000] {processor.py:829} INFO - Processing file /home/airflow/.local/lib/python3.8/site-packages/airflow/example_dags/example_external_task_marker_dag.py for tasks to queue
[2024-11-09T20:44:58.690+0000] {logging_mixin.py:154} INFO - [2024-11-09T20:44:58.690+0000] {dagbag.py:536} INFO - Filling up the DagBag from /home/airflow/.local/lib/python3.8/site-packages/airflow/example_dags/example_external_task_marker_dag.py
[2024-11-09T20:44:58.693+0000] {processor.py:839} INFO - DAG(s) dict_keys(['example_external_task_marker_child', 'example_external_task_marker_parent']) retrieved from /home/airflow/.local/lib/python3.8/site-packages/airflow/example_dags/example_external_task_marker_dag.py
[2024-11-09T20:44:58.705+0000] {logging_mixin.py:154} INFO - [2024-11-09T20:44:58.705+0000] {dag.py:2941} INFO - Sync 2 DAGs
[2024-11-09T20:44:58.712+0000] {logging_mixin.py:154} INFO - [2024-11-09T20:44:58.712+0000] {dag.py:3722} INFO - Setting next_dagrun for example_external_task_marker_child to None, run_after=None
[2024-11-09T20:44:58.714+0000] {logging_mixin.py:154} INFO - [2024-11-09T20:44:58.713+0000] {dag.py:3722} INFO - Setting next_dagrun for example_external_task_marker_parent to None, run_after=None
[2024-11-09T20:44:58.721+0000] {processor.py:179} INFO - Processing /home/airflow/.local/lib/python3.8/site-packages/airflow/example_dags/example_external_task_marker_dag.py took 0.033 seconds
[2024-11-09T20:45:29.128+0000] {processor.py:157} INFO - Started process (PID=1321) to work on /home/airflow/.local/lib/python3.8/site-packages/airflow/example_dags/example_external_task_marker_dag.py
[2024-11-09T20:45:29.129+0000] {processor.py:829} INFO - Processing file /home/airflow/.local/lib/python3.8/site-packages/airflow/example_dags/example_external_task_marker_dag.py for tasks to queue
[2024-11-09T20:45:29.130+0000] {logging_mixin.py:154} INFO - [2024-11-09T20:45:29.130+0000] {dagbag.py:536} INFO - Filling up the DagBag from /home/airflow/.local/lib/python3.8/site-packages/airflow/example_dags/example_external_task_marker_dag.py
[2024-11-09T20:45:29.132+0000] {processor.py:839} INFO - DAG(s) dict_keys(['example_external_task_marker_child', 'example_external_task_marker_parent']) retrieved from /home/airflow/.local/lib/python3.8/site-packages/airflow/example_dags/example_external_task_marker_dag.py
[2024-11-09T20:45:29.146+0000] {logging_mixin.py:154} INFO - [2024-11-09T20:45:29.146+0000] {dag.py:2941} INFO - Sync 2 DAGs
[2024-11-09T20:45:29.151+0000] {logging_mixin.py:154} INFO - [2024-11-09T20:45:29.151+0000] {dag.py:3722} INFO - Setting next_dagrun for example_external_task_marker_child to None, run_after=None
[2024-11-09T20:45:29.153+0000] {logging_mixin.py:154} INFO - [2024-11-09T20:45:29.153+0000] {dag.py:3722} INFO - Setting next_dagrun for example_external_task_marker_parent to None, run_after=None
[2024-11-09T20:45:29.163+0000] {processor.py:179} INFO - Processing /home/airflow/.local/lib/python3.8/site-packages/airflow/example_dags/example_external_task_marker_dag.py took 0.036 seconds
[2024-11-09T20:45:59.528+0000] {processor.py:157} INFO - Started process (PID=1557) to work on /home/airflow/.local/lib/python3.8/site-packages/airflow/example_dags/example_external_task_marker_dag.py
[2024-11-09T20:45:59.529+0000] {processor.py:829} INFO - Processing file /home/airflow/.local/lib/python3.8/site-packages/airflow/example_dags/example_external_task_marker_dag.py for tasks to queue
[2024-11-09T20:45:59.529+0000] {logging_mixin.py:154} INFO - [2024-11-09T20:45:59.529+0000] {dagbag.py:536} INFO - Filling up the DagBag from /home/airflow/.local/lib/python3.8/site-packages/airflow/example_dags/example_external_task_marker_dag.py
[2024-11-09T20:45:59.534+0000] {processor.py:839} INFO - DAG(s) dict_keys(['example_external_task_marker_child', 'example_external_task_marker_parent']) retrieved from /home/airflow/.local/lib/python3.8/site-packages/airflow/example_dags/example_external_task_marker_dag.py
[2024-11-09T20:45:59.547+0000] {logging_mixin.py:154} INFO - [2024-11-09T20:45:59.547+0000] {dag.py:2941} INFO - Sync 2 DAGs
[2024-11-09T20:45:59.555+0000] {logging_mixin.py:154} INFO - [2024-11-09T20:45:59.555+0000] {dag.py:3722} INFO - Setting next_dagrun for example_external_task_marker_child to None, run_after=None
[2024-11-09T20:45:59.556+0000] {logging_mixin.py:154} INFO - [2024-11-09T20:45:59.556+0000] {dag.py:3722} INFO - Setting next_dagrun for example_external_task_marker_parent to None, run_after=None
[2024-11-09T20:45:59.562+0000] {processor.py:179} INFO - Processing /home/airflow/.local/lib/python3.8/site-packages/airflow/example_dags/example_external_task_marker_dag.py took 0.035 seconds
[2024-11-09T20:46:29.886+0000] {processor.py:157} INFO - Started process (PID=1795) to work on /home/airflow/.local/lib/python3.8/site-packages/airflow/example_dags/example_external_task_marker_dag.py
[2024-11-09T20:46:29.886+0000] {processor.py:829} INFO - Processing file /home/airflow/.local/lib/python3.8/site-packages/airflow/example_dags/example_external_task_marker_dag.py for tasks to queue
[2024-11-09T20:46:29.887+0000] {logging_mixin.py:154} INFO - [2024-11-09T20:46:29.887+0000] {dagbag.py:536} INFO - Filling up the DagBag from /home/airflow/.local/lib/python3.8/site-packages/airflow/example_dags/example_external_task_marker_dag.py
[2024-11-09T20:46:29.890+0000] {processor.py:839} INFO - DAG(s) dict_keys(['example_external_task_marker_parent', 'example_external_task_marker_child']) retrieved from /home/airflow/.local/lib/python3.8/site-packages/airflow/example_dags/example_external_task_marker_dag.py
[2024-11-09T20:46:29.902+0000] {logging_mixin.py:154} INFO - [2024-11-09T20:46:29.902+0000] {dag.py:2941} INFO - Sync 2 DAGs
[2024-11-09T20:46:29.908+0000] {logging_mixin.py:154} INFO - [2024-11-09T20:46:29.908+0000] {dag.py:3722} INFO - Setting next_dagrun for example_external_task_marker_child to None, run_after=None
[2024-11-09T20:46:29.909+0000] {logging_mixin.py:154} INFO - [2024-11-09T20:46:29.909+0000] {dag.py:3722} INFO - Setting next_dagrun for example_external_task_marker_parent to None, run_after=None
[2024-11-09T20:46:29.919+0000] {processor.py:179} INFO - Processing /home/airflow/.local/lib/python3.8/site-packages/airflow/example_dags/example_external_task_marker_dag.py took 0.034 seconds
[2024-11-09T20:47:00.318+0000] {processor.py:157} INFO - Started process (PID=2035) to work on /home/airflow/.local/lib/python3.8/site-packages/airflow/example_dags/example_external_task_marker_dag.py
[2024-11-09T20:47:00.318+0000] {processor.py:829} INFO - Processing file /home/airflow/.local/lib/python3.8/site-packages/airflow/example_dags/example_external_task_marker_dag.py for tasks to queue
[2024-11-09T20:47:00.319+0000] {logging_mixin.py:154} INFO - [2024-11-09T20:47:00.319+0000] {dagbag.py:536} INFO - Filling up the DagBag from /home/airflow/.local/lib/python3.8/site-packages/airflow/example_dags/example_external_task_marker_dag.py
[2024-11-09T20:47:00.321+0000] {processor.py:839} INFO - DAG(s) dict_keys(['example_external_task_marker_parent', 'example_external_task_marker_child']) retrieved from /home/airflow/.local/lib/python3.8/site-packages/airflow/example_dags/example_external_task_marker_dag.py
[2024-11-09T20:47:00.334+0000] {logging_mixin.py:154} INFO - [2024-11-09T20:47:00.334+0000] {dag.py:2941} INFO - Sync 2 DAGs
[2024-11-09T20:47:00.340+0000] {logging_mixin.py:154} INFO - [2024-11-09T20:47:00.340+0000] {dag.py:3722} INFO - Setting next_dagrun for example_external_task_marker_child to None, run_after=None
[2024-11-09T20:47:00.343+0000] {logging_mixin.py:154} INFO - [2024-11-09T20:47:00.343+0000] {dag.py:3722} INFO - Setting next_dagrun for example_external_task_marker_parent to None, run_after=None
[2024-11-09T20:47:00.353+0000] {processor.py:179} INFO - Processing /home/airflow/.local/lib/python3.8/site-packages/airflow/example_dags/example_external_task_marker_dag.py took 0.036 seconds
[2024-11-09T20:47:30.718+0000] {processor.py:157} INFO - Started process (PID=2271) to work on /home/airflow/.local/lib/python3.8/site-packages/airflow/example_dags/example_external_task_marker_dag.py
[2024-11-09T20:47:30.719+0000] {processor.py:829} INFO - Processing file /home/airflow/.local/lib/python3.8/site-packages/airflow/example_dags/example_external_task_marker_dag.py for tasks to queue
[2024-11-09T20:47:30.720+0000] {logging_mixin.py:154} INFO - [2024-11-09T20:47:30.720+0000] {dagbag.py:536} INFO - Filling up the DagBag from /home/airflow/.local/lib/python3.8/site-packages/airflow/example_dags/example_external_task_marker_dag.py
[2024-11-09T20:47:30.723+0000] {processor.py:839} INFO - DAG(s) dict_keys(['example_external_task_marker_parent', 'example_external_task_marker_child']) retrieved from /home/airflow/.local/lib/python3.8/site-packages/airflow/example_dags/example_external_task_marker_dag.py
[2024-11-09T20:47:30.736+0000] {logging_mixin.py:154} INFO - [2024-11-09T20:47:30.736+0000] {dag.py:2941} INFO - Sync 2 DAGs
[2024-11-09T20:47:30.741+0000] {logging_mixin.py:154} INFO - [2024-11-09T20:47:30.741+0000] {dag.py:3722} INFO - Setting next_dagrun for example_external_task_marker_child to None, run_after=None
[2024-11-09T20:47:30.743+0000] {logging_mixin.py:154} INFO - [2024-11-09T20:47:30.743+0000] {dag.py:3722} INFO - Setting next_dagrun for example_external_task_marker_parent to None, run_after=None
[2024-11-09T20:47:30.752+0000] {processor.py:179} INFO - Processing /home/airflow/.local/lib/python3.8/site-packages/airflow/example_dags/example_external_task_marker_dag.py took 0.035 seconds
