[2024-11-09T20:43:25.382+0000] {processor.py:157} INFO - Started process (PID=182) to work on /home/airflow/.local/lib/python3.8/site-packages/airflow/example_dags/example_branch_python_dop_operator_3.py
[2024-11-09T20:43:25.382+0000] {processor.py:829} INFO - Processing file /home/airflow/.local/lib/python3.8/site-packages/airflow/example_dags/example_branch_python_dop_operator_3.py for tasks to queue
[2024-11-09T20:43:25.383+0000] {logging_mixin.py:154} INFO - [2024-11-09T20:43:25.382+0000] {dagbag.py:536} INFO - Filling up the DagBag from /home/airflow/.local/lib/python3.8/site-packages/airflow/example_dags/example_branch_python_dop_operator_3.py
[2024-11-09T20:43:25.388+0000] {processor.py:839} INFO - DAG(s) dict_keys(['example_branch_dop_operator_v3']) retrieved from /home/airflow/.local/lib/python3.8/site-packages/airflow/example_dags/example_branch_python_dop_operator_3.py
[2024-11-09T20:43:25.437+0000] {logging_mixin.py:154} INFO - [2024-11-09T20:43:25.437+0000] {manager.py:499} INFO - Created Permission View: %s
[2024-11-09T20:43:25.441+0000] {logging_mixin.py:154} INFO - [2024-11-09T20:43:25.441+0000] {manager.py:499} INFO - Created Permission View: %s
[2024-11-09T20:43:25.444+0000] {logging_mixin.py:154} INFO - [2024-11-09T20:43:25.444+0000] {manager.py:499} INFO - Created Permission View: %s
[2024-11-09T20:43:25.444+0000] {logging_mixin.py:154} INFO - [2024-11-09T20:43:25.444+0000] {dag.py:2941} INFO - Sync 1 DAGs
[2024-11-09T20:43:25.450+0000] {logging_mixin.py:154} INFO - [2024-11-09T20:43:25.450+0000] {dag.py:2963} INFO - Creating ORM DAG for example_branch_dop_operator_v3
[2024-11-09T20:43:25.456+0000] {logging_mixin.py:154} INFO - [2024-11-09T20:43:25.456+0000] {dag.py:3722} INFO - Setting next_dagrun for example_branch_dop_operator_v3 to 2024-11-09T20:42:00+00:00, run_after=2024-11-09T20:43:00+00:00
[2024-11-09T20:43:25.465+0000] {processor.py:179} INFO - Processing /home/airflow/.local/lib/python3.8/site-packages/airflow/example_dags/example_branch_python_dop_operator_3.py took 0.085 seconds
[2024-11-09T20:43:55.744+0000] {processor.py:157} INFO - Started process (PID=427) to work on /home/airflow/.local/lib/python3.8/site-packages/airflow/example_dags/example_branch_python_dop_operator_3.py
[2024-11-09T20:43:55.744+0000] {processor.py:829} INFO - Processing file /home/airflow/.local/lib/python3.8/site-packages/airflow/example_dags/example_branch_python_dop_operator_3.py for tasks to queue
[2024-11-09T20:43:55.744+0000] {logging_mixin.py:154} INFO - [2024-11-09T20:43:55.744+0000] {dagbag.py:536} INFO - Filling up the DagBag from /home/airflow/.local/lib/python3.8/site-packages/airflow/example_dags/example_branch_python_dop_operator_3.py
[2024-11-09T20:43:55.749+0000] {processor.py:839} INFO - DAG(s) dict_keys(['example_branch_dop_operator_v3']) retrieved from /home/airflow/.local/lib/python3.8/site-packages/airflow/example_dags/example_branch_python_dop_operator_3.py
[2024-11-09T20:43:55.759+0000] {logging_mixin.py:154} INFO - [2024-11-09T20:43:55.759+0000] {dag.py:2941} INFO - Sync 1 DAGs
[2024-11-09T20:43:55.776+0000] {logging_mixin.py:154} INFO - [2024-11-09T20:43:55.776+0000] {dag.py:3722} INFO - Setting next_dagrun for example_branch_dop_operator_v3 to 2024-11-09T20:42:00+00:00, run_after=2024-11-09T20:43:00+00:00
[2024-11-09T20:43:55.785+0000] {processor.py:179} INFO - Processing /home/airflow/.local/lib/python3.8/site-packages/airflow/example_dags/example_branch_python_dop_operator_3.py took 0.043 seconds
[2024-11-09T20:44:26.214+0000] {processor.py:157} INFO - Started process (PID=665) to work on /home/airflow/.local/lib/python3.8/site-packages/airflow/example_dags/example_branch_python_dop_operator_3.py
[2024-11-09T20:44:26.215+0000] {processor.py:829} INFO - Processing file /home/airflow/.local/lib/python3.8/site-packages/airflow/example_dags/example_branch_python_dop_operator_3.py for tasks to queue
[2024-11-09T20:44:26.215+0000] {logging_mixin.py:154} INFO - [2024-11-09T20:44:26.215+0000] {dagbag.py:536} INFO - Filling up the DagBag from /home/airflow/.local/lib/python3.8/site-packages/airflow/example_dags/example_branch_python_dop_operator_3.py
[2024-11-09T20:44:26.220+0000] {processor.py:839} INFO - DAG(s) dict_keys(['example_branch_dop_operator_v3']) retrieved from /home/airflow/.local/lib/python3.8/site-packages/airflow/example_dags/example_branch_python_dop_operator_3.py
[2024-11-09T20:44:26.229+0000] {logging_mixin.py:154} INFO - [2024-11-09T20:44:26.229+0000] {dag.py:2941} INFO - Sync 1 DAGs
[2024-11-09T20:44:26.238+0000] {logging_mixin.py:154} INFO - [2024-11-09T20:44:26.238+0000] {dag.py:3722} INFO - Setting next_dagrun for example_branch_dop_operator_v3 to 2024-11-09T20:43:00+00:00, run_after=2024-11-09T20:44:00+00:00
[2024-11-09T20:44:26.245+0000] {processor.py:179} INFO - Processing /home/airflow/.local/lib/python3.8/site-packages/airflow/example_dags/example_branch_python_dop_operator_3.py took 0.032 seconds
[2024-11-09T20:44:56.675+0000] {processor.py:157} INFO - Started process (PID=903) to work on /home/airflow/.local/lib/python3.8/site-packages/airflow/example_dags/example_branch_python_dop_operator_3.py
[2024-11-09T20:44:56.676+0000] {processor.py:829} INFO - Processing file /home/airflow/.local/lib/python3.8/site-packages/airflow/example_dags/example_branch_python_dop_operator_3.py for tasks to queue
[2024-11-09T20:44:56.676+0000] {logging_mixin.py:154} INFO - [2024-11-09T20:44:56.676+0000] {dagbag.py:536} INFO - Filling up the DagBag from /home/airflow/.local/lib/python3.8/site-packages/airflow/example_dags/example_branch_python_dop_operator_3.py
[2024-11-09T20:44:56.680+0000] {processor.py:839} INFO - DAG(s) dict_keys(['example_branch_dop_operator_v3']) retrieved from /home/airflow/.local/lib/python3.8/site-packages/airflow/example_dags/example_branch_python_dop_operator_3.py
[2024-11-09T20:44:56.691+0000] {logging_mixin.py:154} INFO - [2024-11-09T20:44:56.691+0000] {dag.py:2941} INFO - Sync 1 DAGs
[2024-11-09T20:44:56.703+0000] {logging_mixin.py:154} INFO - [2024-11-09T20:44:56.703+0000] {dag.py:3722} INFO - Setting next_dagrun for example_branch_dop_operator_v3 to 2024-11-09T20:43:00+00:00, run_after=2024-11-09T20:44:00+00:00
[2024-11-09T20:44:56.715+0000] {processor.py:179} INFO - Processing /home/airflow/.local/lib/python3.8/site-packages/airflow/example_dags/example_branch_python_dop_operator_3.py took 0.041 seconds
[2024-11-09T20:45:27.113+0000] {processor.py:157} INFO - Started process (PID=1141) to work on /home/airflow/.local/lib/python3.8/site-packages/airflow/example_dags/example_branch_python_dop_operator_3.py
[2024-11-09T20:45:27.113+0000] {processor.py:829} INFO - Processing file /home/airflow/.local/lib/python3.8/site-packages/airflow/example_dags/example_branch_python_dop_operator_3.py for tasks to queue
[2024-11-09T20:45:27.114+0000] {logging_mixin.py:154} INFO - [2024-11-09T20:45:27.114+0000] {dagbag.py:536} INFO - Filling up the DagBag from /home/airflow/.local/lib/python3.8/site-packages/airflow/example_dags/example_branch_python_dop_operator_3.py
[2024-11-09T20:45:27.118+0000] {processor.py:839} INFO - DAG(s) dict_keys(['example_branch_dop_operator_v3']) retrieved from /home/airflow/.local/lib/python3.8/site-packages/airflow/example_dags/example_branch_python_dop_operator_3.py
[2024-11-09T20:45:27.127+0000] {logging_mixin.py:154} INFO - [2024-11-09T20:45:27.127+0000] {dag.py:2941} INFO - Sync 1 DAGs
[2024-11-09T20:45:27.137+0000] {logging_mixin.py:154} INFO - [2024-11-09T20:45:27.137+0000] {dag.py:3722} INFO - Setting next_dagrun for example_branch_dop_operator_v3 to 2024-11-09T20:44:00+00:00, run_after=2024-11-09T20:45:00+00:00
[2024-11-09T20:45:27.143+0000] {processor.py:179} INFO - Processing /home/airflow/.local/lib/python3.8/site-packages/airflow/example_dags/example_branch_python_dop_operator_3.py took 0.032 seconds
[2024-11-09T20:45:57.580+0000] {processor.py:157} INFO - Started process (PID=1379) to work on /home/airflow/.local/lib/python3.8/site-packages/airflow/example_dags/example_branch_python_dop_operator_3.py
[2024-11-09T20:45:57.580+0000] {processor.py:829} INFO - Processing file /home/airflow/.local/lib/python3.8/site-packages/airflow/example_dags/example_branch_python_dop_operator_3.py for tasks to queue
[2024-11-09T20:45:57.581+0000] {logging_mixin.py:154} INFO - [2024-11-09T20:45:57.581+0000] {dagbag.py:536} INFO - Filling up the DagBag from /home/airflow/.local/lib/python3.8/site-packages/airflow/example_dags/example_branch_python_dop_operator_3.py
[2024-11-09T20:45:57.585+0000] {processor.py:839} INFO - DAG(s) dict_keys(['example_branch_dop_operator_v3']) retrieved from /home/airflow/.local/lib/python3.8/site-packages/airflow/example_dags/example_branch_python_dop_operator_3.py
[2024-11-09T20:45:57.594+0000] {logging_mixin.py:154} INFO - [2024-11-09T20:45:57.594+0000] {dag.py:2941} INFO - Sync 1 DAGs
[2024-11-09T20:45:57.604+0000] {logging_mixin.py:154} INFO - [2024-11-09T20:45:57.604+0000] {dag.py:3722} INFO - Setting next_dagrun for example_branch_dop_operator_v3 to 2024-11-09T20:44:00+00:00, run_after=2024-11-09T20:45:00+00:00
[2024-11-09T20:45:57.611+0000] {processor.py:179} INFO - Processing /home/airflow/.local/lib/python3.8/site-packages/airflow/example_dags/example_branch_python_dop_operator_3.py took 0.033 seconds
[2024-11-09T20:46:27.921+0000] {processor.py:157} INFO - Started process (PID=1617) to work on /home/airflow/.local/lib/python3.8/site-packages/airflow/example_dags/example_branch_python_dop_operator_3.py
[2024-11-09T20:46:27.921+0000] {processor.py:829} INFO - Processing file /home/airflow/.local/lib/python3.8/site-packages/airflow/example_dags/example_branch_python_dop_operator_3.py for tasks to queue
[2024-11-09T20:46:27.921+0000] {logging_mixin.py:154} INFO - [2024-11-09T20:46:27.921+0000] {dagbag.py:536} INFO - Filling up the DagBag from /home/airflow/.local/lib/python3.8/site-packages/airflow/example_dags/example_branch_python_dop_operator_3.py
[2024-11-09T20:46:27.926+0000] {processor.py:839} INFO - DAG(s) dict_keys(['example_branch_dop_operator_v3']) retrieved from /home/airflow/.local/lib/python3.8/site-packages/airflow/example_dags/example_branch_python_dop_operator_3.py
[2024-11-09T20:46:27.937+0000] {logging_mixin.py:154} INFO - [2024-11-09T20:46:27.937+0000] {dag.py:2941} INFO - Sync 1 DAGs
[2024-11-09T20:46:27.949+0000] {logging_mixin.py:154} INFO - [2024-11-09T20:46:27.949+0000] {dag.py:3722} INFO - Setting next_dagrun for example_branch_dop_operator_v3 to 2024-11-09T20:45:00+00:00, run_after=2024-11-09T20:46:00+00:00
[2024-11-09T20:46:27.961+0000] {processor.py:179} INFO - Processing /home/airflow/.local/lib/python3.8/site-packages/airflow/example_dags/example_branch_python_dop_operator_3.py took 0.042 seconds
[2024-11-09T20:46:58.346+0000] {processor.py:157} INFO - Started process (PID=1855) to work on /home/airflow/.local/lib/python3.8/site-packages/airflow/example_dags/example_branch_python_dop_operator_3.py
[2024-11-09T20:46:58.347+0000] {processor.py:829} INFO - Processing file /home/airflow/.local/lib/python3.8/site-packages/airflow/example_dags/example_branch_python_dop_operator_3.py for tasks to queue
[2024-11-09T20:46:58.347+0000] {logging_mixin.py:154} INFO - [2024-11-09T20:46:58.347+0000] {dagbag.py:536} INFO - Filling up the DagBag from /home/airflow/.local/lib/python3.8/site-packages/airflow/example_dags/example_branch_python_dop_operator_3.py
[2024-11-09T20:46:58.351+0000] {processor.py:839} INFO - DAG(s) dict_keys(['example_branch_dop_operator_v3']) retrieved from /home/airflow/.local/lib/python3.8/site-packages/airflow/example_dags/example_branch_python_dop_operator_3.py
[2024-11-09T20:46:58.362+0000] {logging_mixin.py:154} INFO - [2024-11-09T20:46:58.362+0000] {dag.py:2941} INFO - Sync 1 DAGs
[2024-11-09T20:46:58.375+0000] {logging_mixin.py:154} INFO - [2024-11-09T20:46:58.375+0000] {dag.py:3722} INFO - Setting next_dagrun for example_branch_dop_operator_v3 to 2024-11-09T20:45:00+00:00, run_after=2024-11-09T20:46:00+00:00
[2024-11-09T20:46:58.382+0000] {processor.py:179} INFO - Processing /home/airflow/.local/lib/python3.8/site-packages/airflow/example_dags/example_branch_python_dop_operator_3.py took 0.038 seconds
[2024-11-09T20:47:28.774+0000] {processor.py:157} INFO - Started process (PID=2093) to work on /home/airflow/.local/lib/python3.8/site-packages/airflow/example_dags/example_branch_python_dop_operator_3.py
[2024-11-09T20:47:28.774+0000] {processor.py:829} INFO - Processing file /home/airflow/.local/lib/python3.8/site-packages/airflow/example_dags/example_branch_python_dop_operator_3.py for tasks to queue
[2024-11-09T20:47:28.775+0000] {logging_mixin.py:154} INFO - [2024-11-09T20:47:28.775+0000] {dagbag.py:536} INFO - Filling up the DagBag from /home/airflow/.local/lib/python3.8/site-packages/airflow/example_dags/example_branch_python_dop_operator_3.py
[2024-11-09T20:47:28.779+0000] {processor.py:839} INFO - DAG(s) dict_keys(['example_branch_dop_operator_v3']) retrieved from /home/airflow/.local/lib/python3.8/site-packages/airflow/example_dags/example_branch_python_dop_operator_3.py
[2024-11-09T20:47:28.790+0000] {logging_mixin.py:154} INFO - [2024-11-09T20:47:28.790+0000] {dag.py:2941} INFO - Sync 1 DAGs
[2024-11-09T20:47:28.801+0000] {logging_mixin.py:154} INFO - [2024-11-09T20:47:28.801+0000] {dag.py:3722} INFO - Setting next_dagrun for example_branch_dop_operator_v3 to 2024-11-09T20:46:00+00:00, run_after=2024-11-09T20:47:00+00:00
[2024-11-09T20:47:28.811+0000] {processor.py:179} INFO - Processing /home/airflow/.local/lib/python3.8/site-packages/airflow/example_dags/example_branch_python_dop_operator_3.py took 0.038 seconds
