[2024-11-09T20:43:26.970+0000] {processor.py:157} INFO - Started process (PID=322) to work on /home/airflow/.local/lib/python3.8/site-packages/airflow/example_dags/example_trigger_controller_dag.py
[2024-11-09T20:43:26.971+0000] {processor.py:829} INFO - Processing file /home/airflow/.local/lib/python3.8/site-packages/airflow/example_dags/example_trigger_controller_dag.py for tasks to queue
[2024-11-09T20:43:26.972+0000] {logging_mixin.py:154} INFO - [2024-11-09T20:43:26.971+0000] {dagbag.py:536} INFO - Filling up the DagBag from /home/airflow/.local/lib/python3.8/site-packages/airflow/example_dags/example_trigger_controller_dag.py
[2024-11-09T20:43:26.975+0000] {processor.py:839} INFO - DAG(s) dict_keys(['example_trigger_controller_dag']) retrieved from /home/airflow/.local/lib/python3.8/site-packages/airflow/example_dags/example_trigger_controller_dag.py
[2024-11-09T20:43:27.028+0000] {logging_mixin.py:154} INFO - [2024-11-09T20:43:27.028+0000] {manager.py:499} INFO - Created Permission View: %s
[2024-11-09T20:43:27.034+0000] {logging_mixin.py:154} INFO - [2024-11-09T20:43:27.033+0000] {manager.py:499} INFO - Created Permission View: %s
[2024-11-09T20:43:27.037+0000] {logging_mixin.py:154} INFO - [2024-11-09T20:43:27.037+0000] {manager.py:499} INFO - Created Permission View: %s
[2024-11-09T20:43:27.037+0000] {logging_mixin.py:154} INFO - [2024-11-09T20:43:27.037+0000] {dag.py:2941} INFO - Sync 1 DAGs
[2024-11-09T20:43:27.042+0000] {logging_mixin.py:154} INFO - [2024-11-09T20:43:27.042+0000] {dag.py:2963} INFO - Creating ORM DAG for example_trigger_controller_dag
[2024-11-09T20:43:27.048+0000] {logging_mixin.py:154} INFO - [2024-11-09T20:43:27.048+0000] {dag.py:3722} INFO - Setting next_dagrun for example_trigger_controller_dag to 2021-01-01T00:00:00+00:00, run_after=2021-01-01T00:00:00+00:00
[2024-11-09T20:43:27.059+0000] {processor.py:179} INFO - Processing /home/airflow/.local/lib/python3.8/site-packages/airflow/example_dags/example_trigger_controller_dag.py took 0.092 seconds
[2024-11-09T20:43:57.528+0000] {processor.py:157} INFO - Started process (PID=560) to work on /home/airflow/.local/lib/python3.8/site-packages/airflow/example_dags/example_trigger_controller_dag.py
[2024-11-09T20:43:57.529+0000] {processor.py:829} INFO - Processing file /home/airflow/.local/lib/python3.8/site-packages/airflow/example_dags/example_trigger_controller_dag.py for tasks to queue
[2024-11-09T20:43:57.529+0000] {logging_mixin.py:154} INFO - [2024-11-09T20:43:57.529+0000] {dagbag.py:536} INFO - Filling up the DagBag from /home/airflow/.local/lib/python3.8/site-packages/airflow/example_dags/example_trigger_controller_dag.py
[2024-11-09T20:43:57.531+0000] {processor.py:839} INFO - DAG(s) dict_keys(['example_trigger_controller_dag']) retrieved from /home/airflow/.local/lib/python3.8/site-packages/airflow/example_dags/example_trigger_controller_dag.py
[2024-11-09T20:43:57.541+0000] {logging_mixin.py:154} INFO - [2024-11-09T20:43:57.541+0000] {dag.py:2941} INFO - Sync 1 DAGs
[2024-11-09T20:43:57.550+0000] {logging_mixin.py:154} INFO - [2024-11-09T20:43:57.550+0000] {dag.py:3722} INFO - Setting next_dagrun for example_trigger_controller_dag to 2021-01-01T00:00:00+00:00, run_after=2021-01-01T00:00:00+00:00
[2024-11-09T20:43:57.557+0000] {processor.py:179} INFO - Processing /home/airflow/.local/lib/python3.8/site-packages/airflow/example_dags/example_trigger_controller_dag.py took 0.031 seconds
[2024-11-09T20:44:27.971+0000] {processor.py:157} INFO - Started process (PID=798) to work on /home/airflow/.local/lib/python3.8/site-packages/airflow/example_dags/example_trigger_controller_dag.py
[2024-11-09T20:44:27.973+0000] {processor.py:829} INFO - Processing file /home/airflow/.local/lib/python3.8/site-packages/airflow/example_dags/example_trigger_controller_dag.py for tasks to queue
[2024-11-09T20:44:27.973+0000] {logging_mixin.py:154} INFO - [2024-11-09T20:44:27.973+0000] {dagbag.py:536} INFO - Filling up the DagBag from /home/airflow/.local/lib/python3.8/site-packages/airflow/example_dags/example_trigger_controller_dag.py
[2024-11-09T20:44:27.976+0000] {processor.py:839} INFO - DAG(s) dict_keys(['example_trigger_controller_dag']) retrieved from /home/airflow/.local/lib/python3.8/site-packages/airflow/example_dags/example_trigger_controller_dag.py
[2024-11-09T20:44:27.986+0000] {logging_mixin.py:154} INFO - [2024-11-09T20:44:27.986+0000] {dag.py:2941} INFO - Sync 1 DAGs
[2024-11-09T20:44:27.996+0000] {logging_mixin.py:154} INFO - [2024-11-09T20:44:27.996+0000] {dag.py:3722} INFO - Setting next_dagrun for example_trigger_controller_dag to 2021-01-01T00:00:00+00:00, run_after=2021-01-01T00:00:00+00:00
[2024-11-09T20:44:28.005+0000] {processor.py:179} INFO - Processing /home/airflow/.local/lib/python3.8/site-packages/airflow/example_dags/example_trigger_controller_dag.py took 0.035 seconds
[2024-11-09T20:44:58.461+0000] {processor.py:157} INFO - Started process (PID=1038) to work on /home/airflow/.local/lib/python3.8/site-packages/airflow/example_dags/example_trigger_controller_dag.py
[2024-11-09T20:44:58.462+0000] {processor.py:829} INFO - Processing file /home/airflow/.local/lib/python3.8/site-packages/airflow/example_dags/example_trigger_controller_dag.py for tasks to queue
[2024-11-09T20:44:58.462+0000] {logging_mixin.py:154} INFO - [2024-11-09T20:44:58.462+0000] {dagbag.py:536} INFO - Filling up the DagBag from /home/airflow/.local/lib/python3.8/site-packages/airflow/example_dags/example_trigger_controller_dag.py
[2024-11-09T20:44:58.464+0000] {processor.py:839} INFO - DAG(s) dict_keys(['example_trigger_controller_dag']) retrieved from /home/airflow/.local/lib/python3.8/site-packages/airflow/example_dags/example_trigger_controller_dag.py
[2024-11-09T20:44:58.476+0000] {logging_mixin.py:154} INFO - [2024-11-09T20:44:58.476+0000] {dag.py:2941} INFO - Sync 1 DAGs
[2024-11-09T20:44:58.485+0000] {logging_mixin.py:154} INFO - [2024-11-09T20:44:58.485+0000] {dag.py:3722} INFO - Setting next_dagrun for example_trigger_controller_dag to 2021-01-01T00:00:00+00:00, run_after=2021-01-01T00:00:00+00:00
[2024-11-09T20:44:58.496+0000] {processor.py:179} INFO - Processing /home/airflow/.local/lib/python3.8/site-packages/airflow/example_dags/example_trigger_controller_dag.py took 0.036 seconds
[2024-11-09T20:45:28.859+0000] {processor.py:157} INFO - Started process (PID=1274) to work on /home/airflow/.local/lib/python3.8/site-packages/airflow/example_dags/example_trigger_controller_dag.py
[2024-11-09T20:45:28.861+0000] {processor.py:829} INFO - Processing file /home/airflow/.local/lib/python3.8/site-packages/airflow/example_dags/example_trigger_controller_dag.py for tasks to queue
[2024-11-09T20:45:28.861+0000] {logging_mixin.py:154} INFO - [2024-11-09T20:45:28.861+0000] {dagbag.py:536} INFO - Filling up the DagBag from /home/airflow/.local/lib/python3.8/site-packages/airflow/example_dags/example_trigger_controller_dag.py
[2024-11-09T20:45:28.864+0000] {processor.py:839} INFO - DAG(s) dict_keys(['example_trigger_controller_dag']) retrieved from /home/airflow/.local/lib/python3.8/site-packages/airflow/example_dags/example_trigger_controller_dag.py
[2024-11-09T20:45:28.874+0000] {logging_mixin.py:154} INFO - [2024-11-09T20:45:28.874+0000] {dag.py:2941} INFO - Sync 1 DAGs
[2024-11-09T20:45:28.883+0000] {logging_mixin.py:154} INFO - [2024-11-09T20:45:28.883+0000] {dag.py:3722} INFO - Setting next_dagrun for example_trigger_controller_dag to 2021-01-01T00:00:00+00:00, run_after=2021-01-01T00:00:00+00:00
[2024-11-09T20:45:28.892+0000] {processor.py:179} INFO - Processing /home/airflow/.local/lib/python3.8/site-packages/airflow/example_dags/example_trigger_controller_dag.py took 0.034 seconds
[2024-11-09T20:45:59.317+0000] {processor.py:157} INFO - Started process (PID=1512) to work on /home/airflow/.local/lib/python3.8/site-packages/airflow/example_dags/example_trigger_controller_dag.py
[2024-11-09T20:45:59.317+0000] {processor.py:829} INFO - Processing file /home/airflow/.local/lib/python3.8/site-packages/airflow/example_dags/example_trigger_controller_dag.py for tasks to queue
[2024-11-09T20:45:59.318+0000] {logging_mixin.py:154} INFO - [2024-11-09T20:45:59.318+0000] {dagbag.py:536} INFO - Filling up the DagBag from /home/airflow/.local/lib/python3.8/site-packages/airflow/example_dags/example_trigger_controller_dag.py
[2024-11-09T20:45:59.320+0000] {processor.py:839} INFO - DAG(s) dict_keys(['example_trigger_controller_dag']) retrieved from /home/airflow/.local/lib/python3.8/site-packages/airflow/example_dags/example_trigger_controller_dag.py
[2024-11-09T20:45:59.329+0000] {logging_mixin.py:154} INFO - [2024-11-09T20:45:59.329+0000] {dag.py:2941} INFO - Sync 1 DAGs
[2024-11-09T20:45:59.340+0000] {logging_mixin.py:154} INFO - [2024-11-09T20:45:59.340+0000] {dag.py:3722} INFO - Setting next_dagrun for example_trigger_controller_dag to 2021-01-01T00:00:00+00:00, run_after=2021-01-01T00:00:00+00:00
[2024-11-09T20:45:59.349+0000] {processor.py:179} INFO - Processing /home/airflow/.local/lib/python3.8/site-packages/airflow/example_dags/example_trigger_controller_dag.py took 0.034 seconds
[2024-11-09T20:46:29.669+0000] {processor.py:157} INFO - Started process (PID=1750) to work on /home/airflow/.local/lib/python3.8/site-packages/airflow/example_dags/example_trigger_controller_dag.py
[2024-11-09T20:46:29.669+0000] {processor.py:829} INFO - Processing file /home/airflow/.local/lib/python3.8/site-packages/airflow/example_dags/example_trigger_controller_dag.py for tasks to queue
[2024-11-09T20:46:29.670+0000] {logging_mixin.py:154} INFO - [2024-11-09T20:46:29.670+0000] {dagbag.py:536} INFO - Filling up the DagBag from /home/airflow/.local/lib/python3.8/site-packages/airflow/example_dags/example_trigger_controller_dag.py
[2024-11-09T20:46:29.672+0000] {processor.py:839} INFO - DAG(s) dict_keys(['example_trigger_controller_dag']) retrieved from /home/airflow/.local/lib/python3.8/site-packages/airflow/example_dags/example_trigger_controller_dag.py
[2024-11-09T20:46:29.684+0000] {logging_mixin.py:154} INFO - [2024-11-09T20:46:29.684+0000] {dag.py:2941} INFO - Sync 1 DAGs
[2024-11-09T20:46:29.692+0000] {logging_mixin.py:154} INFO - [2024-11-09T20:46:29.692+0000] {dag.py:3722} INFO - Setting next_dagrun for example_trigger_controller_dag to 2021-01-01T00:00:00+00:00, run_after=2021-01-01T00:00:00+00:00
[2024-11-09T20:46:29.699+0000] {processor.py:179} INFO - Processing /home/airflow/.local/lib/python3.8/site-packages/airflow/example_dags/example_trigger_controller_dag.py took 0.032 seconds
[2024-11-09T20:47:00.054+0000] {processor.py:157} INFO - Started process (PID=1988) to work on /home/airflow/.local/lib/python3.8/site-packages/airflow/example_dags/example_trigger_controller_dag.py
[2024-11-09T20:47:00.057+0000] {processor.py:829} INFO - Processing file /home/airflow/.local/lib/python3.8/site-packages/airflow/example_dags/example_trigger_controller_dag.py for tasks to queue
[2024-11-09T20:47:00.058+0000] {logging_mixin.py:154} INFO - [2024-11-09T20:47:00.057+0000] {dagbag.py:536} INFO - Filling up the DagBag from /home/airflow/.local/lib/python3.8/site-packages/airflow/example_dags/example_trigger_controller_dag.py
[2024-11-09T20:47:00.061+0000] {processor.py:839} INFO - DAG(s) dict_keys(['example_trigger_controller_dag']) retrieved from /home/airflow/.local/lib/python3.8/site-packages/airflow/example_dags/example_trigger_controller_dag.py
[2024-11-09T20:47:00.070+0000] {logging_mixin.py:154} INFO - [2024-11-09T20:47:00.070+0000] {dag.py:2941} INFO - Sync 1 DAGs
[2024-11-09T20:47:00.079+0000] {logging_mixin.py:154} INFO - [2024-11-09T20:47:00.079+0000] {dag.py:3722} INFO - Setting next_dagrun for example_trigger_controller_dag to 2021-01-01T00:00:00+00:00, run_after=2021-01-01T00:00:00+00:00
[2024-11-09T20:47:00.087+0000] {processor.py:179} INFO - Processing /home/airflow/.local/lib/python3.8/site-packages/airflow/example_dags/example_trigger_controller_dag.py took 0.034 seconds
[2024-11-09T20:47:30.464+0000] {processor.py:157} INFO - Started process (PID=2226) to work on /home/airflow/.local/lib/python3.8/site-packages/airflow/example_dags/example_trigger_controller_dag.py
[2024-11-09T20:47:30.467+0000] {processor.py:829} INFO - Processing file /home/airflow/.local/lib/python3.8/site-packages/airflow/example_dags/example_trigger_controller_dag.py for tasks to queue
[2024-11-09T20:47:30.469+0000] {logging_mixin.py:154} INFO - [2024-11-09T20:47:30.468+0000] {dagbag.py:536} INFO - Filling up the DagBag from /home/airflow/.local/lib/python3.8/site-packages/airflow/example_dags/example_trigger_controller_dag.py
[2024-11-09T20:47:30.471+0000] {processor.py:839} INFO - DAG(s) dict_keys(['example_trigger_controller_dag']) retrieved from /home/airflow/.local/lib/python3.8/site-packages/airflow/example_dags/example_trigger_controller_dag.py
[2024-11-09T20:47:30.482+0000] {logging_mixin.py:154} INFO - [2024-11-09T20:47:30.482+0000] {dag.py:2941} INFO - Sync 1 DAGs
[2024-11-09T20:47:30.492+0000] {logging_mixin.py:154} INFO - [2024-11-09T20:47:30.492+0000] {dag.py:3722} INFO - Setting next_dagrun for example_trigger_controller_dag to 2021-01-01T00:00:00+00:00, run_after=2021-01-01T00:00:00+00:00
[2024-11-09T20:47:30.501+0000] {processor.py:179} INFO - Processing /home/airflow/.local/lib/python3.8/site-packages/airflow/example_dags/example_trigger_controller_dag.py took 0.038 seconds
