[2024-11-09T20:43:26.309+0000] {processor.py:157} INFO - Started process (PID=262) to work on /home/airflow/.local/lib/python3.8/site-packages/airflow/example_dags/example_branch_operator.py
[2024-11-09T20:43:26.310+0000] {processor.py:829} INFO - Processing file /home/airflow/.local/lib/python3.8/site-packages/airflow/example_dags/example_branch_operator.py for tasks to queue
[2024-11-09T20:43:26.311+0000] {logging_mixin.py:154} INFO - [2024-11-09T20:43:26.311+0000] {dagbag.py:536} INFO - Filling up the DagBag from /home/airflow/.local/lib/python3.8/site-packages/airflow/example_dags/example_branch_operator.py
[2024-11-09T20:43:26.317+0000] {processor.py:839} INFO - DAG(s) dict_keys(['example_branch_operator']) retrieved from /home/airflow/.local/lib/python3.8/site-packages/airflow/example_dags/example_branch_operator.py
[2024-11-09T20:43:26.371+0000] {logging_mixin.py:154} INFO - [2024-11-09T20:43:26.371+0000] {manager.py:499} INFO - Created Permission View: %s
[2024-11-09T20:43:26.377+0000] {logging_mixin.py:154} INFO - [2024-11-09T20:43:26.377+0000] {manager.py:499} INFO - Created Permission View: %s
[2024-11-09T20:43:26.382+0000] {logging_mixin.py:154} INFO - [2024-11-09T20:43:26.382+0000] {manager.py:499} INFO - Created Permission View: %s
[2024-11-09T20:43:26.382+0000] {logging_mixin.py:154} INFO - [2024-11-09T20:43:26.382+0000] {dag.py:2941} INFO - Sync 1 DAGs
[2024-11-09T20:43:26.387+0000] {logging_mixin.py:154} INFO - [2024-11-09T20:43:26.386+0000] {dag.py:2963} INFO - Creating ORM DAG for example_branch_operator
[2024-11-09T20:43:26.391+0000] {logging_mixin.py:154} INFO - [2024-11-09T20:43:26.391+0000] {dag.py:3722} INFO - Setting next_dagrun for example_branch_operator to 2024-11-08T00:00:00+00:00, run_after=2024-11-09T00:00:00+00:00
[2024-11-09T20:43:26.408+0000] {processor.py:179} INFO - Processing /home/airflow/.local/lib/python3.8/site-packages/airflow/example_dags/example_branch_operator.py took 0.101 seconds
[2024-11-09T20:43:57.221+0000] {processor.py:157} INFO - Started process (PID=502) to work on /home/airflow/.local/lib/python3.8/site-packages/airflow/example_dags/example_branch_operator.py
[2024-11-09T20:43:57.222+0000] {processor.py:829} INFO - Processing file /home/airflow/.local/lib/python3.8/site-packages/airflow/example_dags/example_branch_operator.py for tasks to queue
[2024-11-09T20:43:57.222+0000] {logging_mixin.py:154} INFO - [2024-11-09T20:43:57.222+0000] {dagbag.py:536} INFO - Filling up the DagBag from /home/airflow/.local/lib/python3.8/site-packages/airflow/example_dags/example_branch_operator.py
[2024-11-09T20:43:57.227+0000] {processor.py:839} INFO - DAG(s) dict_keys(['example_branch_operator']) retrieved from /home/airflow/.local/lib/python3.8/site-packages/airflow/example_dags/example_branch_operator.py
[2024-11-09T20:43:57.241+0000] {logging_mixin.py:154} INFO - [2024-11-09T20:43:57.241+0000] {dag.py:2941} INFO - Sync 1 DAGs
[2024-11-09T20:43:57.253+0000] {logging_mixin.py:154} INFO - [2024-11-09T20:43:57.253+0000] {dag.py:3722} INFO - Setting next_dagrun for example_branch_operator to 2024-11-08T00:00:00+00:00, run_after=2024-11-09T00:00:00+00:00
[2024-11-09T20:43:57.264+0000] {processor.py:179} INFO - Processing /home/airflow/.local/lib/python3.8/site-packages/airflow/example_dags/example_branch_operator.py took 0.044 seconds
[2024-11-09T20:44:27.658+0000] {processor.py:157} INFO - Started process (PID=738) to work on /home/airflow/.local/lib/python3.8/site-packages/airflow/example_dags/example_branch_operator.py
[2024-11-09T20:44:27.662+0000] {processor.py:829} INFO - Processing file /home/airflow/.local/lib/python3.8/site-packages/airflow/example_dags/example_branch_operator.py for tasks to queue
[2024-11-09T20:44:27.662+0000] {logging_mixin.py:154} INFO - [2024-11-09T20:44:27.662+0000] {dagbag.py:536} INFO - Filling up the DagBag from /home/airflow/.local/lib/python3.8/site-packages/airflow/example_dags/example_branch_operator.py
[2024-11-09T20:44:27.667+0000] {processor.py:839} INFO - DAG(s) dict_keys(['example_branch_operator']) retrieved from /home/airflow/.local/lib/python3.8/site-packages/airflow/example_dags/example_branch_operator.py
[2024-11-09T20:44:27.676+0000] {logging_mixin.py:154} INFO - [2024-11-09T20:44:27.676+0000] {dag.py:2941} INFO - Sync 1 DAGs
[2024-11-09T20:44:27.685+0000] {logging_mixin.py:154} INFO - [2024-11-09T20:44:27.685+0000] {dag.py:3722} INFO - Setting next_dagrun for example_branch_operator to 2024-11-08T00:00:00+00:00, run_after=2024-11-09T00:00:00+00:00
[2024-11-09T20:44:27.694+0000] {processor.py:179} INFO - Processing /home/airflow/.local/lib/python3.8/site-packages/airflow/example_dags/example_branch_operator.py took 0.037 seconds
[2024-11-09T20:44:58.100+0000] {processor.py:157} INFO - Started process (PID=978) to work on /home/airflow/.local/lib/python3.8/site-packages/airflow/example_dags/example_branch_operator.py
[2024-11-09T20:44:58.100+0000] {processor.py:829} INFO - Processing file /home/airflow/.local/lib/python3.8/site-packages/airflow/example_dags/example_branch_operator.py for tasks to queue
[2024-11-09T20:44:58.100+0000] {logging_mixin.py:154} INFO - [2024-11-09T20:44:58.100+0000] {dagbag.py:536} INFO - Filling up the DagBag from /home/airflow/.local/lib/python3.8/site-packages/airflow/example_dags/example_branch_operator.py
[2024-11-09T20:44:58.105+0000] {processor.py:839} INFO - DAG(s) dict_keys(['example_branch_operator']) retrieved from /home/airflow/.local/lib/python3.8/site-packages/airflow/example_dags/example_branch_operator.py
[2024-11-09T20:44:58.118+0000] {logging_mixin.py:154} INFO - [2024-11-09T20:44:58.118+0000] {dag.py:2941} INFO - Sync 1 DAGs
[2024-11-09T20:44:58.128+0000] {logging_mixin.py:154} INFO - [2024-11-09T20:44:58.128+0000] {dag.py:3722} INFO - Setting next_dagrun for example_branch_operator to 2024-11-08T00:00:00+00:00, run_after=2024-11-09T00:00:00+00:00
[2024-11-09T20:44:58.137+0000] {processor.py:179} INFO - Processing /home/airflow/.local/lib/python3.8/site-packages/airflow/example_dags/example_branch_operator.py took 0.039 seconds
[2024-11-09T20:45:28.556+0000] {processor.py:157} INFO - Started process (PID=1216) to work on /home/airflow/.local/lib/python3.8/site-packages/airflow/example_dags/example_branch_operator.py
[2024-11-09T20:45:28.556+0000] {processor.py:829} INFO - Processing file /home/airflow/.local/lib/python3.8/site-packages/airflow/example_dags/example_branch_operator.py for tasks to queue
[2024-11-09T20:45:28.557+0000] {logging_mixin.py:154} INFO - [2024-11-09T20:45:28.557+0000] {dagbag.py:536} INFO - Filling up the DagBag from /home/airflow/.local/lib/python3.8/site-packages/airflow/example_dags/example_branch_operator.py
[2024-11-09T20:45:28.561+0000] {processor.py:839} INFO - DAG(s) dict_keys(['example_branch_operator']) retrieved from /home/airflow/.local/lib/python3.8/site-packages/airflow/example_dags/example_branch_operator.py
[2024-11-09T20:45:28.571+0000] {logging_mixin.py:154} INFO - [2024-11-09T20:45:28.570+0000] {dag.py:2941} INFO - Sync 1 DAGs
[2024-11-09T20:45:28.581+0000] {logging_mixin.py:154} INFO - [2024-11-09T20:45:28.580+0000] {dag.py:3722} INFO - Setting next_dagrun for example_branch_operator to 2024-11-08T00:00:00+00:00, run_after=2024-11-09T00:00:00+00:00
[2024-11-09T20:45:28.590+0000] {processor.py:179} INFO - Processing /home/airflow/.local/lib/python3.8/site-packages/airflow/example_dags/example_branch_operator.py took 0.036 seconds
[2024-11-09T20:45:59.025+0000] {processor.py:157} INFO - Started process (PID=1454) to work on /home/airflow/.local/lib/python3.8/site-packages/airflow/example_dags/example_branch_operator.py
[2024-11-09T20:45:59.025+0000] {processor.py:829} INFO - Processing file /home/airflow/.local/lib/python3.8/site-packages/airflow/example_dags/example_branch_operator.py for tasks to queue
[2024-11-09T20:45:59.026+0000] {logging_mixin.py:154} INFO - [2024-11-09T20:45:59.026+0000] {dagbag.py:536} INFO - Filling up the DagBag from /home/airflow/.local/lib/python3.8/site-packages/airflow/example_dags/example_branch_operator.py
[2024-11-09T20:45:59.030+0000] {processor.py:839} INFO - DAG(s) dict_keys(['example_branch_operator']) retrieved from /home/airflow/.local/lib/python3.8/site-packages/airflow/example_dags/example_branch_operator.py
[2024-11-09T20:45:59.041+0000] {logging_mixin.py:154} INFO - [2024-11-09T20:45:59.041+0000] {dag.py:2941} INFO - Sync 1 DAGs
[2024-11-09T20:45:59.050+0000] {logging_mixin.py:154} INFO - [2024-11-09T20:45:59.050+0000] {dag.py:3722} INFO - Setting next_dagrun for example_branch_operator to 2024-11-08T00:00:00+00:00, run_after=2024-11-09T00:00:00+00:00
[2024-11-09T20:45:59.059+0000] {processor.py:179} INFO - Processing /home/airflow/.local/lib/python3.8/site-packages/airflow/example_dags/example_branch_operator.py took 0.035 seconds
[2024-11-09T20:46:29.322+0000] {processor.py:157} INFO - Started process (PID=1690) to work on /home/airflow/.local/lib/python3.8/site-packages/airflow/example_dags/example_branch_operator.py
[2024-11-09T20:46:29.323+0000] {processor.py:829} INFO - Processing file /home/airflow/.local/lib/python3.8/site-packages/airflow/example_dags/example_branch_operator.py for tasks to queue
[2024-11-09T20:46:29.323+0000] {logging_mixin.py:154} INFO - [2024-11-09T20:46:29.323+0000] {dagbag.py:536} INFO - Filling up the DagBag from /home/airflow/.local/lib/python3.8/site-packages/airflow/example_dags/example_branch_operator.py
[2024-11-09T20:46:29.329+0000] {processor.py:839} INFO - DAG(s) dict_keys(['example_branch_operator']) retrieved from /home/airflow/.local/lib/python3.8/site-packages/airflow/example_dags/example_branch_operator.py
[2024-11-09T20:46:29.339+0000] {logging_mixin.py:154} INFO - [2024-11-09T20:46:29.339+0000] {dag.py:2941} INFO - Sync 1 DAGs
[2024-11-09T20:46:29.348+0000] {logging_mixin.py:154} INFO - [2024-11-09T20:46:29.348+0000] {dag.py:3722} INFO - Setting next_dagrun for example_branch_operator to 2024-11-08T00:00:00+00:00, run_after=2024-11-09T00:00:00+00:00
[2024-11-09T20:46:29.358+0000] {processor.py:179} INFO - Processing /home/airflow/.local/lib/python3.8/site-packages/airflow/example_dags/example_branch_operator.py took 0.037 seconds
[2024-11-09T20:46:59.764+0000] {processor.py:157} INFO - Started process (PID=1930) to work on /home/airflow/.local/lib/python3.8/site-packages/airflow/example_dags/example_branch_operator.py
[2024-11-09T20:46:59.764+0000] {processor.py:829} INFO - Processing file /home/airflow/.local/lib/python3.8/site-packages/airflow/example_dags/example_branch_operator.py for tasks to queue
[2024-11-09T20:46:59.764+0000] {logging_mixin.py:154} INFO - [2024-11-09T20:46:59.764+0000] {dagbag.py:536} INFO - Filling up the DagBag from /home/airflow/.local/lib/python3.8/site-packages/airflow/example_dags/example_branch_operator.py
[2024-11-09T20:46:59.768+0000] {processor.py:839} INFO - DAG(s) dict_keys(['example_branch_operator']) retrieved from /home/airflow/.local/lib/python3.8/site-packages/airflow/example_dags/example_branch_operator.py
[2024-11-09T20:46:59.778+0000] {logging_mixin.py:154} INFO - [2024-11-09T20:46:59.778+0000] {dag.py:2941} INFO - Sync 1 DAGs
[2024-11-09T20:46:59.787+0000] {logging_mixin.py:154} INFO - [2024-11-09T20:46:59.787+0000] {dag.py:3722} INFO - Setting next_dagrun for example_branch_operator to 2024-11-08T00:00:00+00:00, run_after=2024-11-09T00:00:00+00:00
[2024-11-09T20:46:59.793+0000] {processor.py:179} INFO - Processing /home/airflow/.local/lib/python3.8/site-packages/airflow/example_dags/example_branch_operator.py took 0.031 seconds
[2024-11-09T20:47:30.172+0000] {processor.py:157} INFO - Started process (PID=2166) to work on /home/airflow/.local/lib/python3.8/site-packages/airflow/example_dags/example_branch_operator.py
[2024-11-09T20:47:30.172+0000] {processor.py:829} INFO - Processing file /home/airflow/.local/lib/python3.8/site-packages/airflow/example_dags/example_branch_operator.py for tasks to queue
[2024-11-09T20:47:30.173+0000] {logging_mixin.py:154} INFO - [2024-11-09T20:47:30.173+0000] {dagbag.py:536} INFO - Filling up the DagBag from /home/airflow/.local/lib/python3.8/site-packages/airflow/example_dags/example_branch_operator.py
[2024-11-09T20:47:30.178+0000] {processor.py:839} INFO - DAG(s) dict_keys(['example_branch_operator']) retrieved from /home/airflow/.local/lib/python3.8/site-packages/airflow/example_dags/example_branch_operator.py
[2024-11-09T20:47:30.190+0000] {logging_mixin.py:154} INFO - [2024-11-09T20:47:30.190+0000] {dag.py:2941} INFO - Sync 1 DAGs
[2024-11-09T20:47:30.200+0000] {logging_mixin.py:154} INFO - [2024-11-09T20:47:30.200+0000] {dag.py:3722} INFO - Setting next_dagrun for example_branch_operator to 2024-11-08T00:00:00+00:00, run_after=2024-11-09T00:00:00+00:00
[2024-11-09T20:47:30.208+0000] {processor.py:179} INFO - Processing /home/airflow/.local/lib/python3.8/site-packages/airflow/example_dags/example_branch_operator.py took 0.038 seconds
