[2024-11-09T20:43:26.422+0000] {processor.py:157} INFO - Started process (PID=272) to work on /home/airflow/.local/lib/python3.8/site-packages/airflow/example_dags/example_params_trigger_ui.py
[2024-11-09T20:43:26.422+0000] {processor.py:829} INFO - Processing file /home/airflow/.local/lib/python3.8/site-packages/airflow/example_dags/example_params_trigger_ui.py for tasks to queue
[2024-11-09T20:43:26.422+0000] {logging_mixin.py:154} INFO - [2024-11-09T20:43:26.422+0000] {dagbag.py:536} INFO - Filling up the DagBag from /home/airflow/.local/lib/python3.8/site-packages/airflow/example_dags/example_params_trigger_ui.py
[2024-11-09T20:43:26.432+0000] {processor.py:839} INFO - DAG(s) dict_keys(['example_params_trigger_ui']) retrieved from /home/airflow/.local/lib/python3.8/site-packages/airflow/example_dags/example_params_trigger_ui.py
[2024-11-09T20:43:26.495+0000] {logging_mixin.py:154} INFO - [2024-11-09T20:43:26.495+0000] {manager.py:499} INFO - Created Permission View: %s
[2024-11-09T20:43:26.501+0000] {logging_mixin.py:154} INFO - [2024-11-09T20:43:26.501+0000] {manager.py:499} INFO - Created Permission View: %s
[2024-11-09T20:43:26.504+0000] {logging_mixin.py:154} INFO - [2024-11-09T20:43:26.504+0000] {manager.py:499} INFO - Created Permission View: %s
[2024-11-09T20:43:26.504+0000] {logging_mixin.py:154} INFO - [2024-11-09T20:43:26.504+0000] {dag.py:2941} INFO - Sync 1 DAGs
[2024-11-09T20:43:26.508+0000] {logging_mixin.py:154} INFO - [2024-11-09T20:43:26.508+0000] {dag.py:2963} INFO - Creating ORM DAG for example_params_trigger_ui
[2024-11-09T20:43:26.509+0000] {logging_mixin.py:154} INFO - [2024-11-09T20:43:26.509+0000] {dag.py:3722} INFO - Setting next_dagrun for example_params_trigger_ui to None, run_after=None
[2024-11-09T20:43:26.515+0000] {processor.py:179} INFO - Processing /home/airflow/.local/lib/python3.8/site-packages/airflow/example_dags/example_params_trigger_ui.py took 0.095 seconds
[2024-11-09T20:43:57.272+0000] {processor.py:157} INFO - Started process (PID=512) to work on /home/airflow/.local/lib/python3.8/site-packages/airflow/example_dags/example_params_trigger_ui.py
[2024-11-09T20:43:57.273+0000] {processor.py:829} INFO - Processing file /home/airflow/.local/lib/python3.8/site-packages/airflow/example_dags/example_params_trigger_ui.py for tasks to queue
[2024-11-09T20:43:57.274+0000] {logging_mixin.py:154} INFO - [2024-11-09T20:43:57.273+0000] {dagbag.py:536} INFO - Filling up the DagBag from /home/airflow/.local/lib/python3.8/site-packages/airflow/example_dags/example_params_trigger_ui.py
[2024-11-09T20:43:57.284+0000] {processor.py:839} INFO - DAG(s) dict_keys(['example_params_trigger_ui']) retrieved from /home/airflow/.local/lib/python3.8/site-packages/airflow/example_dags/example_params_trigger_ui.py
[2024-11-09T20:43:57.305+0000] {logging_mixin.py:154} INFO - [2024-11-09T20:43:57.305+0000] {dag.py:2941} INFO - Sync 1 DAGs
[2024-11-09T20:43:57.309+0000] {logging_mixin.py:154} INFO - [2024-11-09T20:43:57.309+0000] {dag.py:3722} INFO - Setting next_dagrun for example_params_trigger_ui to None, run_after=None
[2024-11-09T20:43:57.319+0000] {processor.py:179} INFO - Processing /home/airflow/.local/lib/python3.8/site-packages/airflow/example_dags/example_params_trigger_ui.py took 0.049 seconds
[2024-11-09T20:44:27.708+0000] {processor.py:157} INFO - Started process (PID=748) to work on /home/airflow/.local/lib/python3.8/site-packages/airflow/example_dags/example_params_trigger_ui.py
[2024-11-09T20:44:27.709+0000] {processor.py:829} INFO - Processing file /home/airflow/.local/lib/python3.8/site-packages/airflow/example_dags/example_params_trigger_ui.py for tasks to queue
[2024-11-09T20:44:27.710+0000] {logging_mixin.py:154} INFO - [2024-11-09T20:44:27.710+0000] {dagbag.py:536} INFO - Filling up the DagBag from /home/airflow/.local/lib/python3.8/site-packages/airflow/example_dags/example_params_trigger_ui.py
[2024-11-09T20:44:27.717+0000] {processor.py:839} INFO - DAG(s) dict_keys(['example_params_trigger_ui']) retrieved from /home/airflow/.local/lib/python3.8/site-packages/airflow/example_dags/example_params_trigger_ui.py
[2024-11-09T20:44:27.739+0000] {logging_mixin.py:154} INFO - [2024-11-09T20:44:27.739+0000] {dag.py:2941} INFO - Sync 1 DAGs
[2024-11-09T20:44:27.745+0000] {logging_mixin.py:154} INFO - [2024-11-09T20:44:27.745+0000] {dag.py:3722} INFO - Setting next_dagrun for example_params_trigger_ui to None, run_after=None
[2024-11-09T20:44:27.754+0000] {processor.py:179} INFO - Processing /home/airflow/.local/lib/python3.8/site-packages/airflow/example_dags/example_params_trigger_ui.py took 0.047 seconds
[2024-11-09T20:44:58.145+0000] {processor.py:157} INFO - Started process (PID=988) to work on /home/airflow/.local/lib/python3.8/site-packages/airflow/example_dags/example_params_trigger_ui.py
[2024-11-09T20:44:58.145+0000] {processor.py:829} INFO - Processing file /home/airflow/.local/lib/python3.8/site-packages/airflow/example_dags/example_params_trigger_ui.py for tasks to queue
[2024-11-09T20:44:58.145+0000] {logging_mixin.py:154} INFO - [2024-11-09T20:44:58.145+0000] {dagbag.py:536} INFO - Filling up the DagBag from /home/airflow/.local/lib/python3.8/site-packages/airflow/example_dags/example_params_trigger_ui.py
[2024-11-09T20:44:58.153+0000] {processor.py:839} INFO - DAG(s) dict_keys(['example_params_trigger_ui']) retrieved from /home/airflow/.local/lib/python3.8/site-packages/airflow/example_dags/example_params_trigger_ui.py
[2024-11-09T20:44:58.170+0000] {logging_mixin.py:154} INFO - [2024-11-09T20:44:58.170+0000] {dag.py:2941} INFO - Sync 1 DAGs
[2024-11-09T20:44:58.175+0000] {logging_mixin.py:154} INFO - [2024-11-09T20:44:58.175+0000] {dag.py:3722} INFO - Setting next_dagrun for example_params_trigger_ui to None, run_after=None
[2024-11-09T20:44:58.181+0000] {processor.py:179} INFO - Processing /home/airflow/.local/lib/python3.8/site-packages/airflow/example_dags/example_params_trigger_ui.py took 0.038 seconds
[2024-11-09T20:45:28.595+0000] {processor.py:157} INFO - Started process (PID=1224) to work on /home/airflow/.local/lib/python3.8/site-packages/airflow/example_dags/example_params_trigger_ui.py
[2024-11-09T20:45:28.595+0000] {processor.py:829} INFO - Processing file /home/airflow/.local/lib/python3.8/site-packages/airflow/example_dags/example_params_trigger_ui.py for tasks to queue
[2024-11-09T20:45:28.596+0000] {logging_mixin.py:154} INFO - [2024-11-09T20:45:28.596+0000] {dagbag.py:536} INFO - Filling up the DagBag from /home/airflow/.local/lib/python3.8/site-packages/airflow/example_dags/example_params_trigger_ui.py
[2024-11-09T20:45:28.603+0000] {processor.py:839} INFO - DAG(s) dict_keys(['example_params_trigger_ui']) retrieved from /home/airflow/.local/lib/python3.8/site-packages/airflow/example_dags/example_params_trigger_ui.py
[2024-11-09T20:45:28.624+0000] {logging_mixin.py:154} INFO - [2024-11-09T20:45:28.623+0000] {dag.py:2941} INFO - Sync 1 DAGs
[2024-11-09T20:45:28.629+0000] {logging_mixin.py:154} INFO - [2024-11-09T20:45:28.629+0000] {dag.py:3722} INFO - Setting next_dagrun for example_params_trigger_ui to None, run_after=None
[2024-11-09T20:45:28.639+0000] {processor.py:179} INFO - Processing /home/airflow/.local/lib/python3.8/site-packages/airflow/example_dags/example_params_trigger_ui.py took 0.046 seconds
[2024-11-09T20:45:59.069+0000] {processor.py:157} INFO - Started process (PID=1464) to work on /home/airflow/.local/lib/python3.8/site-packages/airflow/example_dags/example_params_trigger_ui.py
[2024-11-09T20:45:59.069+0000] {processor.py:829} INFO - Processing file /home/airflow/.local/lib/python3.8/site-packages/airflow/example_dags/example_params_trigger_ui.py for tasks to queue
[2024-11-09T20:45:59.070+0000] {logging_mixin.py:154} INFO - [2024-11-09T20:45:59.069+0000] {dagbag.py:536} INFO - Filling up the DagBag from /home/airflow/.local/lib/python3.8/site-packages/airflow/example_dags/example_params_trigger_ui.py
[2024-11-09T20:45:59.076+0000] {processor.py:839} INFO - DAG(s) dict_keys(['example_params_trigger_ui']) retrieved from /home/airflow/.local/lib/python3.8/site-packages/airflow/example_dags/example_params_trigger_ui.py
[2024-11-09T20:45:59.094+0000] {logging_mixin.py:154} INFO - [2024-11-09T20:45:59.094+0000] {dag.py:2941} INFO - Sync 1 DAGs
[2024-11-09T20:45:59.099+0000] {logging_mixin.py:154} INFO - [2024-11-09T20:45:59.099+0000] {dag.py:3722} INFO - Setting next_dagrun for example_params_trigger_ui to None, run_after=None
[2024-11-09T20:45:59.105+0000] {processor.py:179} INFO - Processing /home/airflow/.local/lib/python3.8/site-packages/airflow/example_dags/example_params_trigger_ui.py took 0.038 seconds
[2024-11-09T20:46:29.399+0000] {processor.py:157} INFO - Started process (PID=1702) to work on /home/airflow/.local/lib/python3.8/site-packages/airflow/example_dags/example_params_trigger_ui.py
[2024-11-09T20:46:29.400+0000] {processor.py:829} INFO - Processing file /home/airflow/.local/lib/python3.8/site-packages/airflow/example_dags/example_params_trigger_ui.py for tasks to queue
[2024-11-09T20:46:29.400+0000] {logging_mixin.py:154} INFO - [2024-11-09T20:46:29.400+0000] {dagbag.py:536} INFO - Filling up the DagBag from /home/airflow/.local/lib/python3.8/site-packages/airflow/example_dags/example_params_trigger_ui.py
[2024-11-09T20:46:29.407+0000] {processor.py:839} INFO - DAG(s) dict_keys(['example_params_trigger_ui']) retrieved from /home/airflow/.local/lib/python3.8/site-packages/airflow/example_dags/example_params_trigger_ui.py
[2024-11-09T20:46:29.430+0000] {logging_mixin.py:154} INFO - [2024-11-09T20:46:29.430+0000] {dag.py:2941} INFO - Sync 1 DAGs
[2024-11-09T20:46:29.436+0000] {logging_mixin.py:154} INFO - [2024-11-09T20:46:29.435+0000] {dag.py:3722} INFO - Setting next_dagrun for example_params_trigger_ui to None, run_after=None
[2024-11-09T20:46:29.444+0000] {processor.py:179} INFO - Processing /home/airflow/.local/lib/python3.8/site-packages/airflow/example_dags/example_params_trigger_ui.py took 0.046 seconds
[2024-11-09T20:46:59.805+0000] {processor.py:157} INFO - Started process (PID=1938) to work on /home/airflow/.local/lib/python3.8/site-packages/airflow/example_dags/example_params_trigger_ui.py
[2024-11-09T20:46:59.806+0000] {processor.py:829} INFO - Processing file /home/airflow/.local/lib/python3.8/site-packages/airflow/example_dags/example_params_trigger_ui.py for tasks to queue
[2024-11-09T20:46:59.807+0000] {logging_mixin.py:154} INFO - [2024-11-09T20:46:59.807+0000] {dagbag.py:536} INFO - Filling up the DagBag from /home/airflow/.local/lib/python3.8/site-packages/airflow/example_dags/example_params_trigger_ui.py
[2024-11-09T20:46:59.816+0000] {processor.py:839} INFO - DAG(s) dict_keys(['example_params_trigger_ui']) retrieved from /home/airflow/.local/lib/python3.8/site-packages/airflow/example_dags/example_params_trigger_ui.py
[2024-11-09T20:46:59.838+0000] {logging_mixin.py:154} INFO - [2024-11-09T20:46:59.838+0000] {dag.py:2941} INFO - Sync 1 DAGs
[2024-11-09T20:46:59.843+0000] {logging_mixin.py:154} INFO - [2024-11-09T20:46:59.843+0000] {dag.py:3722} INFO - Setting next_dagrun for example_params_trigger_ui to None, run_after=None
[2024-11-09T20:46:59.852+0000] {processor.py:179} INFO - Processing /home/airflow/.local/lib/python3.8/site-packages/airflow/example_dags/example_params_trigger_ui.py took 0.049 seconds
[2024-11-09T20:47:30.221+0000] {processor.py:157} INFO - Started process (PID=2176) to work on /home/airflow/.local/lib/python3.8/site-packages/airflow/example_dags/example_params_trigger_ui.py
[2024-11-09T20:47:30.221+0000] {processor.py:829} INFO - Processing file /home/airflow/.local/lib/python3.8/site-packages/airflow/example_dags/example_params_trigger_ui.py for tasks to queue
[2024-11-09T20:47:30.222+0000] {logging_mixin.py:154} INFO - [2024-11-09T20:47:30.221+0000] {dagbag.py:536} INFO - Filling up the DagBag from /home/airflow/.local/lib/python3.8/site-packages/airflow/example_dags/example_params_trigger_ui.py
[2024-11-09T20:47:30.230+0000] {processor.py:839} INFO - DAG(s) dict_keys(['example_params_trigger_ui']) retrieved from /home/airflow/.local/lib/python3.8/site-packages/airflow/example_dags/example_params_trigger_ui.py
[2024-11-09T20:47:30.252+0000] {logging_mixin.py:154} INFO - [2024-11-09T20:47:30.252+0000] {dag.py:2941} INFO - Sync 1 DAGs
[2024-11-09T20:47:30.257+0000] {logging_mixin.py:154} INFO - [2024-11-09T20:47:30.257+0000] {dag.py:3722} INFO - Setting next_dagrun for example_params_trigger_ui to None, run_after=None
[2024-11-09T20:47:30.269+0000] {processor.py:179} INFO - Processing /home/airflow/.local/lib/python3.8/site-packages/airflow/example_dags/example_params_trigger_ui.py took 0.050 seconds
