[2024-11-09T20:43:27.211+0000] {processor.py:157} INFO - Started process (PID=342) to work on /home/airflow/.local/lib/python3.8/site-packages/airflow/example_dags/example_subdag_operator.py
[2024-11-09T20:43:27.212+0000] {processor.py:829} INFO - Processing file /home/airflow/.local/lib/python3.8/site-packages/airflow/example_dags/example_subdag_operator.py for tasks to queue
[2024-11-09T20:43:27.212+0000] {logging_mixin.py:154} INFO - [2024-11-09T20:43:27.212+0000] {dagbag.py:536} INFO - Filling up the DagBag from /home/airflow/.local/lib/python3.8/site-packages/airflow/example_dags/example_subdag_operator.py
[2024-11-09T20:43:27.224+0000] {processor.py:839} INFO - DAG(s) dict_keys(['example_subdag_operator.section-1', 'example_subdag_operator.section-2', 'example_subdag_operator']) retrieved from /home/airflow/.local/lib/python3.8/site-packages/airflow/example_dags/example_subdag_operator.py
[2024-11-09T20:43:27.265+0000] {logging_mixin.py:154} INFO - [2024-11-09T20:43:27.265+0000] {manager.py:499} INFO - Created Permission View: %s
[2024-11-09T20:43:27.269+0000] {logging_mixin.py:154} INFO - [2024-11-09T20:43:27.269+0000] {manager.py:499} INFO - Created Permission View: %s
[2024-11-09T20:43:27.272+0000] {logging_mixin.py:154} INFO - [2024-11-09T20:43:27.272+0000] {manager.py:499} INFO - Created Permission View: %s
[2024-11-09T20:43:27.272+0000] {logging_mixin.py:154} INFO - [2024-11-09T20:43:27.272+0000] {dag.py:2941} INFO - Sync 3 DAGs
[2024-11-09T20:43:27.278+0000] {logging_mixin.py:154} INFO - [2024-11-09T20:43:27.278+0000] {dag.py:2963} INFO - Creating ORM DAG for example_subdag_operator
[2024-11-09T20:43:27.279+0000] {logging_mixin.py:154} INFO - [2024-11-09T20:43:27.279+0000] {dag.py:2963} INFO - Creating ORM DAG for example_subdag_operator.section-2
[2024-11-09T20:43:27.280+0000] {logging_mixin.py:154} INFO - [2024-11-09T20:43:27.280+0000] {dag.py:2963} INFO - Creating ORM DAG for example_subdag_operator.section-1
[2024-11-09T20:43:27.285+0000] {logging_mixin.py:154} INFO - [2024-11-09T20:43:27.285+0000] {dag.py:3722} INFO - Setting next_dagrun for example_subdag_operator to 2022-01-01T00:00:00+00:00, run_after=2022-01-01T00:00:00+00:00
[2024-11-09T20:43:27.286+0000] {logging_mixin.py:154} INFO - [2024-11-09T20:43:27.286+0000] {dag.py:3722} INFO - Setting next_dagrun for example_subdag_operator.section-1 to None, run_after=None
[2024-11-09T20:43:27.287+0000] {logging_mixin.py:154} INFO - [2024-11-09T20:43:27.287+0000] {dag.py:3722} INFO - Setting next_dagrun for example_subdag_operator.section-2 to None, run_after=None
[2024-11-09T20:43:27.292+0000] {logging_mixin.py:154} INFO - [2024-11-09T20:43:27.292+0000] {dag.py:2941} INFO - Sync 2 DAGs
[2024-11-09T20:43:27.295+0000] {logging_mixin.py:154} INFO - [2024-11-09T20:43:27.295+0000] {dag.py:3722} INFO - Setting next_dagrun for example_subdag_operator.section-1 to None, run_after=None
[2024-11-09T20:43:27.296+0000] {logging_mixin.py:154} INFO - [2024-11-09T20:43:27.296+0000] {dag.py:3722} INFO - Setting next_dagrun for example_subdag_operator.section-2 to None, run_after=None
[2024-11-09T20:43:27.301+0000] {processor.py:179} INFO - Processing /home/airflow/.local/lib/python3.8/site-packages/airflow/example_dags/example_subdag_operator.py took 0.091 seconds
[2024-11-09T20:43:57.627+0000] {processor.py:157} INFO - Started process (PID=580) to work on /home/airflow/.local/lib/python3.8/site-packages/airflow/example_dags/example_subdag_operator.py
[2024-11-09T20:43:57.628+0000] {processor.py:829} INFO - Processing file /home/airflow/.local/lib/python3.8/site-packages/airflow/example_dags/example_subdag_operator.py for tasks to queue
[2024-11-09T20:43:57.628+0000] {logging_mixin.py:154} INFO - [2024-11-09T20:43:57.628+0000] {dagbag.py:536} INFO - Filling up the DagBag from /home/airflow/.local/lib/python3.8/site-packages/airflow/example_dags/example_subdag_operator.py
[2024-11-09T20:43:57.640+0000] {processor.py:839} INFO - DAG(s) dict_keys(['example_subdag_operator.section-1', 'example_subdag_operator.section-2', 'example_subdag_operator']) retrieved from /home/airflow/.local/lib/python3.8/site-packages/airflow/example_dags/example_subdag_operator.py
[2024-11-09T20:43:57.650+0000] {logging_mixin.py:154} INFO - [2024-11-09T20:43:57.649+0000] {dag.py:2941} INFO - Sync 3 DAGs
[2024-11-09T20:43:57.659+0000] {logging_mixin.py:154} INFO - [2024-11-09T20:43:57.659+0000] {dag.py:3722} INFO - Setting next_dagrun for example_subdag_operator to 2022-01-01T00:00:00+00:00, run_after=2022-01-01T00:00:00+00:00
[2024-11-09T20:43:57.661+0000] {logging_mixin.py:154} INFO - [2024-11-09T20:43:57.661+0000] {dag.py:3722} INFO - Setting next_dagrun for example_subdag_operator.section-1 to None, run_after=None
[2024-11-09T20:43:57.661+0000] {logging_mixin.py:154} INFO - [2024-11-09T20:43:57.661+0000] {dag.py:3722} INFO - Setting next_dagrun for example_subdag_operator.section-2 to None, run_after=None
[2024-11-09T20:43:57.665+0000] {logging_mixin.py:154} INFO - [2024-11-09T20:43:57.665+0000] {dag.py:2941} INFO - Sync 2 DAGs
[2024-11-09T20:43:57.668+0000] {logging_mixin.py:154} INFO - [2024-11-09T20:43:57.668+0000] {dag.py:3722} INFO - Setting next_dagrun for example_subdag_operator.section-1 to None, run_after=None
[2024-11-09T20:43:57.668+0000] {logging_mixin.py:154} INFO - [2024-11-09T20:43:57.668+0000] {dag.py:3722} INFO - Setting next_dagrun for example_subdag_operator.section-2 to None, run_after=None
[2024-11-09T20:43:57.674+0000] {processor.py:179} INFO - Processing /home/airflow/.local/lib/python3.8/site-packages/airflow/example_dags/example_subdag_operator.py took 0.048 seconds
[2024-11-09T20:44:28.093+0000] {processor.py:157} INFO - Started process (PID=820) to work on /home/airflow/.local/lib/python3.8/site-packages/airflow/example_dags/example_subdag_operator.py
[2024-11-09T20:44:28.094+0000] {processor.py:829} INFO - Processing file /home/airflow/.local/lib/python3.8/site-packages/airflow/example_dags/example_subdag_operator.py for tasks to queue
[2024-11-09T20:44:28.094+0000] {logging_mixin.py:154} INFO - [2024-11-09T20:44:28.094+0000] {dagbag.py:536} INFO - Filling up the DagBag from /home/airflow/.local/lib/python3.8/site-packages/airflow/example_dags/example_subdag_operator.py
[2024-11-09T20:44:28.105+0000] {processor.py:839} INFO - DAG(s) dict_keys(['example_subdag_operator.section-1', 'example_subdag_operator.section-2', 'example_subdag_operator']) retrieved from /home/airflow/.local/lib/python3.8/site-packages/airflow/example_dags/example_subdag_operator.py
[2024-11-09T20:44:28.111+0000] {logging_mixin.py:154} INFO - [2024-11-09T20:44:28.111+0000] {dag.py:2941} INFO - Sync 3 DAGs
[2024-11-09T20:44:28.119+0000] {logging_mixin.py:154} INFO - [2024-11-09T20:44:28.119+0000] {dag.py:3722} INFO - Setting next_dagrun for example_subdag_operator to 2022-01-01T00:00:00+00:00, run_after=2022-01-01T00:00:00+00:00
[2024-11-09T20:44:28.122+0000] {logging_mixin.py:154} INFO - [2024-11-09T20:44:28.122+0000] {dag.py:3722} INFO - Setting next_dagrun for example_subdag_operator.section-1 to None, run_after=None
[2024-11-09T20:44:28.123+0000] {logging_mixin.py:154} INFO - [2024-11-09T20:44:28.123+0000] {dag.py:3722} INFO - Setting next_dagrun for example_subdag_operator.section-2 to None, run_after=None
[2024-11-09T20:44:28.126+0000] {logging_mixin.py:154} INFO - [2024-11-09T20:44:28.126+0000] {dag.py:2941} INFO - Sync 2 DAGs
[2024-11-09T20:44:28.129+0000] {logging_mixin.py:154} INFO - [2024-11-09T20:44:28.129+0000] {dag.py:3722} INFO - Setting next_dagrun for example_subdag_operator.section-1 to None, run_after=None
[2024-11-09T20:44:28.130+0000] {logging_mixin.py:154} INFO - [2024-11-09T20:44:28.130+0000] {dag.py:3722} INFO - Setting next_dagrun for example_subdag_operator.section-2 to None, run_after=None
[2024-11-09T20:44:28.137+0000] {processor.py:179} INFO - Processing /home/airflow/.local/lib/python3.8/site-packages/airflow/example_dags/example_subdag_operator.py took 0.045 seconds
[2024-11-09T20:44:58.556+0000] {processor.py:157} INFO - Started process (PID=1058) to work on /home/airflow/.local/lib/python3.8/site-packages/airflow/example_dags/example_subdag_operator.py
[2024-11-09T20:44:58.556+0000] {processor.py:829} INFO - Processing file /home/airflow/.local/lib/python3.8/site-packages/airflow/example_dags/example_subdag_operator.py for tasks to queue
[2024-11-09T20:44:58.557+0000] {logging_mixin.py:154} INFO - [2024-11-09T20:44:58.556+0000] {dagbag.py:536} INFO - Filling up the DagBag from /home/airflow/.local/lib/python3.8/site-packages/airflow/example_dags/example_subdag_operator.py
[2024-11-09T20:44:58.567+0000] {processor.py:839} INFO - DAG(s) dict_keys(['example_subdag_operator.section-1', 'example_subdag_operator.section-2', 'example_subdag_operator']) retrieved from /home/airflow/.local/lib/python3.8/site-packages/airflow/example_dags/example_subdag_operator.py
[2024-11-09T20:44:58.573+0000] {logging_mixin.py:154} INFO - [2024-11-09T20:44:58.573+0000] {dag.py:2941} INFO - Sync 3 DAGs
[2024-11-09T20:44:58.581+0000] {logging_mixin.py:154} INFO - [2024-11-09T20:44:58.581+0000] {dag.py:3722} INFO - Setting next_dagrun for example_subdag_operator to 2022-01-01T00:00:00+00:00, run_after=2022-01-01T00:00:00+00:00
[2024-11-09T20:44:58.582+0000] {logging_mixin.py:154} INFO - [2024-11-09T20:44:58.582+0000] {dag.py:3722} INFO - Setting next_dagrun for example_subdag_operator.section-1 to None, run_after=None
[2024-11-09T20:44:58.582+0000] {logging_mixin.py:154} INFO - [2024-11-09T20:44:58.582+0000] {dag.py:3722} INFO - Setting next_dagrun for example_subdag_operator.section-2 to None, run_after=None
[2024-11-09T20:44:58.585+0000] {logging_mixin.py:154} INFO - [2024-11-09T20:44:58.585+0000] {dag.py:2941} INFO - Sync 2 DAGs
[2024-11-09T20:44:58.586+0000] {logging_mixin.py:154} INFO - [2024-11-09T20:44:58.586+0000] {dag.py:3722} INFO - Setting next_dagrun for example_subdag_operator.section-1 to None, run_after=None
[2024-11-09T20:44:58.587+0000] {logging_mixin.py:154} INFO - [2024-11-09T20:44:58.586+0000] {dag.py:3722} INFO - Setting next_dagrun for example_subdag_operator.section-2 to None, run_after=None
[2024-11-09T20:44:58.590+0000] {processor.py:179} INFO - Processing /home/airflow/.local/lib/python3.8/site-packages/airflow/example_dags/example_subdag_operator.py took 0.036 seconds
[2024-11-09T20:45:28.988+0000] {processor.py:157} INFO - Started process (PID=1296) to work on /home/airflow/.local/lib/python3.8/site-packages/airflow/example_dags/example_subdag_operator.py
[2024-11-09T20:45:28.989+0000] {processor.py:829} INFO - Processing file /home/airflow/.local/lib/python3.8/site-packages/airflow/example_dags/example_subdag_operator.py for tasks to queue
[2024-11-09T20:45:28.989+0000] {logging_mixin.py:154} INFO - [2024-11-09T20:45:28.989+0000] {dagbag.py:536} INFO - Filling up the DagBag from /home/airflow/.local/lib/python3.8/site-packages/airflow/example_dags/example_subdag_operator.py
[2024-11-09T20:45:29.002+0000] {processor.py:839} INFO - DAG(s) dict_keys(['example_subdag_operator.section-1', 'example_subdag_operator.section-2', 'example_subdag_operator']) retrieved from /home/airflow/.local/lib/python3.8/site-packages/airflow/example_dags/example_subdag_operator.py
[2024-11-09T20:45:29.012+0000] {logging_mixin.py:154} INFO - [2024-11-09T20:45:29.012+0000] {dag.py:2941} INFO - Sync 3 DAGs
[2024-11-09T20:45:29.022+0000] {logging_mixin.py:154} INFO - [2024-11-09T20:45:29.022+0000] {dag.py:3722} INFO - Setting next_dagrun for example_subdag_operator to 2022-01-01T00:00:00+00:00, run_after=2022-01-01T00:00:00+00:00
[2024-11-09T20:45:29.025+0000] {logging_mixin.py:154} INFO - [2024-11-09T20:45:29.025+0000] {dag.py:3722} INFO - Setting next_dagrun for example_subdag_operator.section-1 to None, run_after=None
[2024-11-09T20:45:29.026+0000] {logging_mixin.py:154} INFO - [2024-11-09T20:45:29.026+0000] {dag.py:3722} INFO - Setting next_dagrun for example_subdag_operator.section-2 to None, run_after=None
[2024-11-09T20:45:29.029+0000] {logging_mixin.py:154} INFO - [2024-11-09T20:45:29.029+0000] {dag.py:2941} INFO - Sync 2 DAGs
[2024-11-09T20:45:29.032+0000] {logging_mixin.py:154} INFO - [2024-11-09T20:45:29.032+0000] {dag.py:3722} INFO - Setting next_dagrun for example_subdag_operator.section-1 to None, run_after=None
[2024-11-09T20:45:29.033+0000] {logging_mixin.py:154} INFO - [2024-11-09T20:45:29.032+0000] {dag.py:3722} INFO - Setting next_dagrun for example_subdag_operator.section-2 to None, run_after=None
[2024-11-09T20:45:29.037+0000] {processor.py:179} INFO - Processing /home/airflow/.local/lib/python3.8/site-packages/airflow/example_dags/example_subdag_operator.py took 0.050 seconds
[2024-11-09T20:45:59.413+0000] {processor.py:157} INFO - Started process (PID=1532) to work on /home/airflow/.local/lib/python3.8/site-packages/airflow/example_dags/example_subdag_operator.py
[2024-11-09T20:45:59.414+0000] {processor.py:829} INFO - Processing file /home/airflow/.local/lib/python3.8/site-packages/airflow/example_dags/example_subdag_operator.py for tasks to queue
[2024-11-09T20:45:59.414+0000] {logging_mixin.py:154} INFO - [2024-11-09T20:45:59.414+0000] {dagbag.py:536} INFO - Filling up the DagBag from /home/airflow/.local/lib/python3.8/site-packages/airflow/example_dags/example_subdag_operator.py
[2024-11-09T20:45:59.426+0000] {processor.py:839} INFO - DAG(s) dict_keys(['example_subdag_operator.section-1', 'example_subdag_operator.section-2', 'example_subdag_operator']) retrieved from /home/airflow/.local/lib/python3.8/site-packages/airflow/example_dags/example_subdag_operator.py
[2024-11-09T20:45:59.433+0000] {logging_mixin.py:154} INFO - [2024-11-09T20:45:59.433+0000] {dag.py:2941} INFO - Sync 3 DAGs
[2024-11-09T20:45:59.442+0000] {logging_mixin.py:154} INFO - [2024-11-09T20:45:59.442+0000] {dag.py:3722} INFO - Setting next_dagrun for example_subdag_operator to 2022-01-01T00:00:00+00:00, run_after=2022-01-01T00:00:00+00:00
[2024-11-09T20:45:59.445+0000] {logging_mixin.py:154} INFO - [2024-11-09T20:45:59.444+0000] {dag.py:3722} INFO - Setting next_dagrun for example_subdag_operator.section-1 to None, run_after=None
[2024-11-09T20:45:59.445+0000] {logging_mixin.py:154} INFO - [2024-11-09T20:45:59.445+0000] {dag.py:3722} INFO - Setting next_dagrun for example_subdag_operator.section-2 to None, run_after=None
[2024-11-09T20:45:59.449+0000] {logging_mixin.py:154} INFO - [2024-11-09T20:45:59.449+0000] {dag.py:2941} INFO - Sync 2 DAGs
[2024-11-09T20:45:59.455+0000] {logging_mixin.py:154} INFO - [2024-11-09T20:45:59.455+0000] {dag.py:3722} INFO - Setting next_dagrun for example_subdag_operator.section-1 to None, run_after=None
[2024-11-09T20:45:59.456+0000] {logging_mixin.py:154} INFO - [2024-11-09T20:45:59.455+0000] {dag.py:3722} INFO - Setting next_dagrun for example_subdag_operator.section-2 to None, run_after=None
[2024-11-09T20:45:59.461+0000] {processor.py:179} INFO - Processing /home/airflow/.local/lib/python3.8/site-packages/airflow/example_dags/example_subdag_operator.py took 0.049 seconds
[2024-11-09T20:46:29.759+0000] {processor.py:157} INFO - Started process (PID=1770) to work on /home/airflow/.local/lib/python3.8/site-packages/airflow/example_dags/example_subdag_operator.py
[2024-11-09T20:46:29.759+0000] {processor.py:829} INFO - Processing file /home/airflow/.local/lib/python3.8/site-packages/airflow/example_dags/example_subdag_operator.py for tasks to queue
[2024-11-09T20:46:29.759+0000] {logging_mixin.py:154} INFO - [2024-11-09T20:46:29.759+0000] {dagbag.py:536} INFO - Filling up the DagBag from /home/airflow/.local/lib/python3.8/site-packages/airflow/example_dags/example_subdag_operator.py
[2024-11-09T20:46:29.769+0000] {processor.py:839} INFO - DAG(s) dict_keys(['example_subdag_operator.section-1', 'example_subdag_operator.section-2', 'example_subdag_operator']) retrieved from /home/airflow/.local/lib/python3.8/site-packages/airflow/example_dags/example_subdag_operator.py
[2024-11-09T20:46:29.776+0000] {logging_mixin.py:154} INFO - [2024-11-09T20:46:29.776+0000] {dag.py:2941} INFO - Sync 3 DAGs
[2024-11-09T20:46:29.784+0000] {logging_mixin.py:154} INFO - [2024-11-09T20:46:29.784+0000] {dag.py:3722} INFO - Setting next_dagrun for example_subdag_operator to 2022-01-01T00:00:00+00:00, run_after=2022-01-01T00:00:00+00:00
[2024-11-09T20:46:29.786+0000] {logging_mixin.py:154} INFO - [2024-11-09T20:46:29.786+0000] {dag.py:3722} INFO - Setting next_dagrun for example_subdag_operator.section-1 to None, run_after=None
[2024-11-09T20:46:29.786+0000] {logging_mixin.py:154} INFO - [2024-11-09T20:46:29.786+0000] {dag.py:3722} INFO - Setting next_dagrun for example_subdag_operator.section-2 to None, run_after=None
[2024-11-09T20:46:29.789+0000] {logging_mixin.py:154} INFO - [2024-11-09T20:46:29.789+0000] {dag.py:2941} INFO - Sync 2 DAGs
[2024-11-09T20:46:29.791+0000] {logging_mixin.py:154} INFO - [2024-11-09T20:46:29.791+0000] {dag.py:3722} INFO - Setting next_dagrun for example_subdag_operator.section-1 to None, run_after=None
[2024-11-09T20:46:29.791+0000] {logging_mixin.py:154} INFO - [2024-11-09T20:46:29.791+0000] {dag.py:3722} INFO - Setting next_dagrun for example_subdag_operator.section-2 to None, run_after=None
[2024-11-09T20:46:29.796+0000] {processor.py:179} INFO - Processing /home/airflow/.local/lib/python3.8/site-packages/airflow/example_dags/example_subdag_operator.py took 0.039 seconds
[2024-11-09T20:47:00.173+0000] {processor.py:157} INFO - Started process (PID=2008) to work on /home/airflow/.local/lib/python3.8/site-packages/airflow/example_dags/example_subdag_operator.py
[2024-11-09T20:47:00.174+0000] {processor.py:829} INFO - Processing file /home/airflow/.local/lib/python3.8/site-packages/airflow/example_dags/example_subdag_operator.py for tasks to queue
[2024-11-09T20:47:00.174+0000] {logging_mixin.py:154} INFO - [2024-11-09T20:47:00.174+0000] {dagbag.py:536} INFO - Filling up the DagBag from /home/airflow/.local/lib/python3.8/site-packages/airflow/example_dags/example_subdag_operator.py
[2024-11-09T20:47:00.185+0000] {processor.py:839} INFO - DAG(s) dict_keys(['example_subdag_operator.section-1', 'example_subdag_operator.section-2', 'example_subdag_operator']) retrieved from /home/airflow/.local/lib/python3.8/site-packages/airflow/example_dags/example_subdag_operator.py
[2024-11-09T20:47:00.192+0000] {logging_mixin.py:154} INFO - [2024-11-09T20:47:00.192+0000] {dag.py:2941} INFO - Sync 3 DAGs
[2024-11-09T20:47:00.200+0000] {logging_mixin.py:154} INFO - [2024-11-09T20:47:00.200+0000] {dag.py:3722} INFO - Setting next_dagrun for example_subdag_operator to 2022-01-01T00:00:00+00:00, run_after=2022-01-01T00:00:00+00:00
[2024-11-09T20:47:00.202+0000] {logging_mixin.py:154} INFO - [2024-11-09T20:47:00.202+0000] {dag.py:3722} INFO - Setting next_dagrun for example_subdag_operator.section-1 to None, run_after=None
[2024-11-09T20:47:00.202+0000] {logging_mixin.py:154} INFO - [2024-11-09T20:47:00.202+0000] {dag.py:3722} INFO - Setting next_dagrun for example_subdag_operator.section-2 to None, run_after=None
[2024-11-09T20:47:00.205+0000] {logging_mixin.py:154} INFO - [2024-11-09T20:47:00.205+0000] {dag.py:2941} INFO - Sync 2 DAGs
[2024-11-09T20:47:00.208+0000] {logging_mixin.py:154} INFO - [2024-11-09T20:47:00.208+0000] {dag.py:3722} INFO - Setting next_dagrun for example_subdag_operator.section-1 to None, run_after=None
[2024-11-09T20:47:00.209+0000] {logging_mixin.py:154} INFO - [2024-11-09T20:47:00.209+0000] {dag.py:3722} INFO - Setting next_dagrun for example_subdag_operator.section-2 to None, run_after=None
[2024-11-09T20:47:00.217+0000] {processor.py:179} INFO - Processing /home/airflow/.local/lib/python3.8/site-packages/airflow/example_dags/example_subdag_operator.py took 0.045 seconds
[2024-11-09T20:47:30.587+0000] {processor.py:157} INFO - Started process (PID=2246) to work on /home/airflow/.local/lib/python3.8/site-packages/airflow/example_dags/example_subdag_operator.py
[2024-11-09T20:47:30.588+0000] {processor.py:829} INFO - Processing file /home/airflow/.local/lib/python3.8/site-packages/airflow/example_dags/example_subdag_operator.py for tasks to queue
[2024-11-09T20:47:30.588+0000] {logging_mixin.py:154} INFO - [2024-11-09T20:47:30.588+0000] {dagbag.py:536} INFO - Filling up the DagBag from /home/airflow/.local/lib/python3.8/site-packages/airflow/example_dags/example_subdag_operator.py
[2024-11-09T20:47:30.602+0000] {processor.py:839} INFO - DAG(s) dict_keys(['example_subdag_operator.section-1', 'example_subdag_operator.section-2', 'example_subdag_operator']) retrieved from /home/airflow/.local/lib/python3.8/site-packages/airflow/example_dags/example_subdag_operator.py
[2024-11-09T20:47:30.611+0000] {logging_mixin.py:154} INFO - [2024-11-09T20:47:30.610+0000] {dag.py:2941} INFO - Sync 3 DAGs
[2024-11-09T20:47:30.620+0000] {logging_mixin.py:154} INFO - [2024-11-09T20:47:30.620+0000] {dag.py:3722} INFO - Setting next_dagrun for example_subdag_operator to 2022-01-01T00:00:00+00:00, run_after=2022-01-01T00:00:00+00:00
[2024-11-09T20:47:30.623+0000] {logging_mixin.py:154} INFO - [2024-11-09T20:47:30.623+0000] {dag.py:3722} INFO - Setting next_dagrun for example_subdag_operator.section-1 to None, run_after=None
[2024-11-09T20:47:30.625+0000] {logging_mixin.py:154} INFO - [2024-11-09T20:47:30.625+0000] {dag.py:3722} INFO - Setting next_dagrun for example_subdag_operator.section-2 to None, run_after=None
[2024-11-09T20:47:30.628+0000] {logging_mixin.py:154} INFO - [2024-11-09T20:47:30.628+0000] {dag.py:2941} INFO - Sync 2 DAGs
[2024-11-09T20:47:30.631+0000] {logging_mixin.py:154} INFO - [2024-11-09T20:47:30.630+0000] {dag.py:3722} INFO - Setting next_dagrun for example_subdag_operator.section-1 to None, run_after=None
[2024-11-09T20:47:30.631+0000] {logging_mixin.py:154} INFO - [2024-11-09T20:47:30.631+0000] {dag.py:3722} INFO - Setting next_dagrun for example_subdag_operator.section-2 to None, run_after=None
[2024-11-09T20:47:30.638+0000] {processor.py:179} INFO - Processing /home/airflow/.local/lib/python3.8/site-packages/airflow/example_dags/example_subdag_operator.py took 0.054 seconds
