[2024-11-09T20:43:25.822+0000] {processor.py:157} INFO - Started process (PID=227) to work on /home/airflow/.local/lib/python3.8/site-packages/airflow/example_dags/example_dag_decorator.py
[2024-11-09T20:43:25.823+0000] {processor.py:829} INFO - Processing file /home/airflow/.local/lib/python3.8/site-packages/airflow/example_dags/example_dag_decorator.py for tasks to queue
[2024-11-09T20:43:25.824+0000] {logging_mixin.py:154} INFO - [2024-11-09T20:43:25.824+0000] {dagbag.py:536} INFO - Filling up the DagBag from /home/airflow/.local/lib/python3.8/site-packages/airflow/example_dags/example_dag_decorator.py
[2024-11-09T20:43:25.909+0000] {processor.py:839} INFO - DAG(s) dict_keys(['example_dag_decorator']) retrieved from /home/airflow/.local/lib/python3.8/site-packages/airflow/example_dags/example_dag_decorator.py
[2024-11-09T20:43:25.962+0000] {logging_mixin.py:154} INFO - [2024-11-09T20:43:25.962+0000] {manager.py:499} INFO - Created Permission View: %s
[2024-11-09T20:43:25.968+0000] {logging_mixin.py:154} INFO - [2024-11-09T20:43:25.968+0000] {manager.py:499} INFO - Created Permission View: %s
[2024-11-09T20:43:25.970+0000] {logging_mixin.py:154} INFO - [2024-11-09T20:43:25.970+0000] {manager.py:499} INFO - Created Permission View: %s
[2024-11-09T20:43:25.970+0000] {logging_mixin.py:154} INFO - [2024-11-09T20:43:25.970+0000] {dag.py:2941} INFO - Sync 1 DAGs
[2024-11-09T20:43:25.975+0000] {logging_mixin.py:154} INFO - [2024-11-09T20:43:25.975+0000] {dag.py:2963} INFO - Creating ORM DAG for example_dag_decorator
[2024-11-09T20:43:25.976+0000] {logging_mixin.py:154} INFO - [2024-11-09T20:43:25.976+0000] {dag.py:3722} INFO - Setting next_dagrun for example_dag_decorator to None, run_after=None
[2024-11-09T20:43:25.982+0000] {processor.py:179} INFO - Processing /home/airflow/.local/lib/python3.8/site-packages/airflow/example_dags/example_dag_decorator.py took 0.162 seconds
[2024-11-09T20:43:56.979+0000] {processor.py:157} INFO - Started process (PID=467) to work on /home/airflow/.local/lib/python3.8/site-packages/airflow/example_dags/example_dag_decorator.py
[2024-11-09T20:43:56.980+0000] {processor.py:829} INFO - Processing file /home/airflow/.local/lib/python3.8/site-packages/airflow/example_dags/example_dag_decorator.py for tasks to queue
[2024-11-09T20:43:56.980+0000] {logging_mixin.py:154} INFO - [2024-11-09T20:43:56.980+0000] {dagbag.py:536} INFO - Filling up the DagBag from /home/airflow/.local/lib/python3.8/site-packages/airflow/example_dags/example_dag_decorator.py
[2024-11-09T20:43:57.015+0000] {processor.py:839} INFO - DAG(s) dict_keys(['example_dag_decorator']) retrieved from /home/airflow/.local/lib/python3.8/site-packages/airflow/example_dags/example_dag_decorator.py
[2024-11-09T20:43:57.065+0000] {logging_mixin.py:154} INFO - [2024-11-09T20:43:57.065+0000] {dag.py:2941} INFO - Sync 1 DAGs
[2024-11-09T20:43:57.070+0000] {logging_mixin.py:154} INFO - [2024-11-09T20:43:57.070+0000] {dag.py:3722} INFO - Setting next_dagrun for example_dag_decorator to None, run_after=None
[2024-11-09T20:43:57.080+0000] {processor.py:179} INFO - Processing /home/airflow/.local/lib/python3.8/site-packages/airflow/example_dags/example_dag_decorator.py took 0.103 seconds
[2024-11-09T20:44:27.445+0000] {processor.py:157} INFO - Started process (PID=705) to work on /home/airflow/.local/lib/python3.8/site-packages/airflow/example_dags/example_dag_decorator.py
[2024-11-09T20:44:27.446+0000] {processor.py:829} INFO - Processing file /home/airflow/.local/lib/python3.8/site-packages/airflow/example_dags/example_dag_decorator.py for tasks to queue
[2024-11-09T20:44:27.447+0000] {logging_mixin.py:154} INFO - [2024-11-09T20:44:27.446+0000] {dagbag.py:536} INFO - Filling up the DagBag from /home/airflow/.local/lib/python3.8/site-packages/airflow/example_dags/example_dag_decorator.py
[2024-11-09T20:44:27.486+0000] {processor.py:839} INFO - DAG(s) dict_keys(['example_dag_decorator']) retrieved from /home/airflow/.local/lib/python3.8/site-packages/airflow/example_dags/example_dag_decorator.py
[2024-11-09T20:44:27.537+0000] {logging_mixin.py:154} INFO - [2024-11-09T20:44:27.537+0000] {dag.py:2941} INFO - Sync 1 DAGs
[2024-11-09T20:44:27.543+0000] {logging_mixin.py:154} INFO - [2024-11-09T20:44:27.543+0000] {dag.py:3722} INFO - Setting next_dagrun for example_dag_decorator to None, run_after=None
[2024-11-09T20:44:27.554+0000] {processor.py:179} INFO - Processing /home/airflow/.local/lib/python3.8/site-packages/airflow/example_dags/example_dag_decorator.py took 0.112 seconds
[2024-11-09T20:44:57.865+0000] {processor.py:157} INFO - Started process (PID=943) to work on /home/airflow/.local/lib/python3.8/site-packages/airflow/example_dags/example_dag_decorator.py
[2024-11-09T20:44:57.866+0000] {processor.py:829} INFO - Processing file /home/airflow/.local/lib/python3.8/site-packages/airflow/example_dags/example_dag_decorator.py for tasks to queue
[2024-11-09T20:44:57.867+0000] {logging_mixin.py:154} INFO - [2024-11-09T20:44:57.866+0000] {dagbag.py:536} INFO - Filling up the DagBag from /home/airflow/.local/lib/python3.8/site-packages/airflow/example_dags/example_dag_decorator.py
[2024-11-09T20:44:57.904+0000] {processor.py:839} INFO - DAG(s) dict_keys(['example_dag_decorator']) retrieved from /home/airflow/.local/lib/python3.8/site-packages/airflow/example_dags/example_dag_decorator.py
[2024-11-09T20:44:57.953+0000] {logging_mixin.py:154} INFO - [2024-11-09T20:44:57.952+0000] {dag.py:2941} INFO - Sync 1 DAGs
[2024-11-09T20:44:57.957+0000] {logging_mixin.py:154} INFO - [2024-11-09T20:44:57.957+0000] {dag.py:3722} INFO - Setting next_dagrun for example_dag_decorator to None, run_after=None
[2024-11-09T20:44:57.967+0000] {processor.py:179} INFO - Processing /home/airflow/.local/lib/python3.8/site-packages/airflow/example_dags/example_dag_decorator.py took 0.105 seconds
[2024-11-09T20:45:28.328+0000] {processor.py:157} INFO - Started process (PID=1181) to work on /home/airflow/.local/lib/python3.8/site-packages/airflow/example_dags/example_dag_decorator.py
[2024-11-09T20:45:28.329+0000] {processor.py:829} INFO - Processing file /home/airflow/.local/lib/python3.8/site-packages/airflow/example_dags/example_dag_decorator.py for tasks to queue
[2024-11-09T20:45:28.329+0000] {logging_mixin.py:154} INFO - [2024-11-09T20:45:28.329+0000] {dagbag.py:536} INFO - Filling up the DagBag from /home/airflow/.local/lib/python3.8/site-packages/airflow/example_dags/example_dag_decorator.py
[2024-11-09T20:45:28.363+0000] {processor.py:839} INFO - DAG(s) dict_keys(['example_dag_decorator']) retrieved from /home/airflow/.local/lib/python3.8/site-packages/airflow/example_dags/example_dag_decorator.py
[2024-11-09T20:45:28.411+0000] {logging_mixin.py:154} INFO - [2024-11-09T20:45:28.411+0000] {dag.py:2941} INFO - Sync 1 DAGs
[2024-11-09T20:45:28.416+0000] {logging_mixin.py:154} INFO - [2024-11-09T20:45:28.416+0000] {dag.py:3722} INFO - Setting next_dagrun for example_dag_decorator to None, run_after=None
[2024-11-09T20:45:28.426+0000] {processor.py:179} INFO - Processing /home/airflow/.local/lib/python3.8/site-packages/airflow/example_dags/example_dag_decorator.py took 0.101 seconds
[2024-11-09T20:45:58.796+0000] {processor.py:157} INFO - Started process (PID=1419) to work on /home/airflow/.local/lib/python3.8/site-packages/airflow/example_dags/example_dag_decorator.py
[2024-11-09T20:45:58.797+0000] {processor.py:829} INFO - Processing file /home/airflow/.local/lib/python3.8/site-packages/airflow/example_dags/example_dag_decorator.py for tasks to queue
[2024-11-09T20:45:58.798+0000] {logging_mixin.py:154} INFO - [2024-11-09T20:45:58.798+0000] {dagbag.py:536} INFO - Filling up the DagBag from /home/airflow/.local/lib/python3.8/site-packages/airflow/example_dags/example_dag_decorator.py
[2024-11-09T20:45:58.829+0000] {processor.py:839} INFO - DAG(s) dict_keys(['example_dag_decorator']) retrieved from /home/airflow/.local/lib/python3.8/site-packages/airflow/example_dags/example_dag_decorator.py
[2024-11-09T20:45:58.880+0000] {logging_mixin.py:154} INFO - [2024-11-09T20:45:58.880+0000] {dag.py:2941} INFO - Sync 1 DAGs
[2024-11-09T20:45:58.885+0000] {logging_mixin.py:154} INFO - [2024-11-09T20:45:58.885+0000] {dag.py:3722} INFO - Setting next_dagrun for example_dag_decorator to None, run_after=None
[2024-11-09T20:45:58.894+0000] {processor.py:179} INFO - Processing /home/airflow/.local/lib/python3.8/site-packages/airflow/example_dags/example_dag_decorator.py took 0.099 seconds
[2024-11-09T20:46:29.141+0000] {processor.py:157} INFO - Started process (PID=1657) to work on /home/airflow/.local/lib/python3.8/site-packages/airflow/example_dags/example_dag_decorator.py
[2024-11-09T20:46:29.143+0000] {processor.py:829} INFO - Processing file /home/airflow/.local/lib/python3.8/site-packages/airflow/example_dags/example_dag_decorator.py for tasks to queue
[2024-11-09T20:46:29.144+0000] {logging_mixin.py:154} INFO - [2024-11-09T20:46:29.144+0000] {dagbag.py:536} INFO - Filling up the DagBag from /home/airflow/.local/lib/python3.8/site-packages/airflow/example_dags/example_dag_decorator.py
[2024-11-09T20:46:29.173+0000] {processor.py:839} INFO - DAG(s) dict_keys(['example_dag_decorator']) retrieved from /home/airflow/.local/lib/python3.8/site-packages/airflow/example_dags/example_dag_decorator.py
[2024-11-09T20:46:29.219+0000] {logging_mixin.py:154} INFO - [2024-11-09T20:46:29.219+0000] {dag.py:2941} INFO - Sync 1 DAGs
[2024-11-09T20:46:29.224+0000] {logging_mixin.py:154} INFO - [2024-11-09T20:46:29.224+0000] {dag.py:3722} INFO - Setting next_dagrun for example_dag_decorator to None, run_after=None
[2024-11-09T20:46:29.231+0000] {processor.py:179} INFO - Processing /home/airflow/.local/lib/python3.8/site-packages/airflow/example_dags/example_dag_decorator.py took 0.092 seconds
[2024-11-09T20:46:59.573+0000] {processor.py:157} INFO - Started process (PID=1895) to work on /home/airflow/.local/lib/python3.8/site-packages/airflow/example_dags/example_dag_decorator.py
[2024-11-09T20:46:59.573+0000] {processor.py:829} INFO - Processing file /home/airflow/.local/lib/python3.8/site-packages/airflow/example_dags/example_dag_decorator.py for tasks to queue
[2024-11-09T20:46:59.574+0000] {logging_mixin.py:154} INFO - [2024-11-09T20:46:59.574+0000] {dagbag.py:536} INFO - Filling up the DagBag from /home/airflow/.local/lib/python3.8/site-packages/airflow/example_dags/example_dag_decorator.py
[2024-11-09T20:46:59.610+0000] {processor.py:839} INFO - DAG(s) dict_keys(['example_dag_decorator']) retrieved from /home/airflow/.local/lib/python3.8/site-packages/airflow/example_dags/example_dag_decorator.py
[2024-11-09T20:46:59.655+0000] {logging_mixin.py:154} INFO - [2024-11-09T20:46:59.655+0000] {dag.py:2941} INFO - Sync 1 DAGs
[2024-11-09T20:46:59.659+0000] {logging_mixin.py:154} INFO - [2024-11-09T20:46:59.659+0000] {dag.py:3722} INFO - Setting next_dagrun for example_dag_decorator to None, run_after=None
[2024-11-09T20:46:59.668+0000] {processor.py:179} INFO - Processing /home/airflow/.local/lib/python3.8/site-packages/airflow/example_dags/example_dag_decorator.py took 0.097 seconds
[2024-11-09T20:47:29.958+0000] {processor.py:157} INFO - Started process (PID=2133) to work on /home/airflow/.local/lib/python3.8/site-packages/airflow/example_dags/example_dag_decorator.py
[2024-11-09T20:47:29.958+0000] {processor.py:829} INFO - Processing file /home/airflow/.local/lib/python3.8/site-packages/airflow/example_dags/example_dag_decorator.py for tasks to queue
[2024-11-09T20:47:29.959+0000] {logging_mixin.py:154} INFO - [2024-11-09T20:47:29.959+0000] {dagbag.py:536} INFO - Filling up the DagBag from /home/airflow/.local/lib/python3.8/site-packages/airflow/example_dags/example_dag_decorator.py
[2024-11-09T20:47:29.995+0000] {processor.py:839} INFO - DAG(s) dict_keys(['example_dag_decorator']) retrieved from /home/airflow/.local/lib/python3.8/site-packages/airflow/example_dags/example_dag_decorator.py
[2024-11-09T20:47:30.043+0000] {logging_mixin.py:154} INFO - [2024-11-09T20:47:30.043+0000] {dag.py:2941} INFO - Sync 1 DAGs
[2024-11-09T20:47:30.049+0000] {logging_mixin.py:154} INFO - [2024-11-09T20:47:30.049+0000] {dag.py:3722} INFO - Setting next_dagrun for example_dag_decorator to None, run_after=None
[2024-11-09T20:47:30.060+0000] {processor.py:179} INFO - Processing /home/airflow/.local/lib/python3.8/site-packages/airflow/example_dags/example_dag_decorator.py took 0.104 seconds
