[2024-11-09T20:43:26.034+0000] {processor.py:157} INFO - Started process (PID=237) to work on /home/airflow/.local/lib/python3.8/site-packages/airflow/example_dags/example_branch_operator_decorator.py
[2024-11-09T20:43:26.038+0000] {processor.py:829} INFO - Processing file /home/airflow/.local/lib/python3.8/site-packages/airflow/example_dags/example_branch_operator_decorator.py for tasks to queue
[2024-11-09T20:43:26.041+0000] {logging_mixin.py:154} INFO - [2024-11-09T20:43:26.041+0000] {dagbag.py:536} INFO - Filling up the DagBag from /home/airflow/.local/lib/python3.8/site-packages/airflow/example_dags/example_branch_operator_decorator.py
[2024-11-09T20:43:26.058+0000] {processor.py:839} INFO - DAG(s) dict_keys(['example_branch_python_operator_decorator']) retrieved from /home/airflow/.local/lib/python3.8/site-packages/airflow/example_dags/example_branch_operator_decorator.py
[2024-11-09T20:43:26.124+0000] {logging_mixin.py:154} INFO - [2024-11-09T20:43:26.124+0000] {manager.py:499} INFO - Created Permission View: %s
[2024-11-09T20:43:26.133+0000] {logging_mixin.py:154} INFO - [2024-11-09T20:43:26.133+0000] {manager.py:499} INFO - Created Permission View: %s
[2024-11-09T20:43:26.141+0000] {logging_mixin.py:154} INFO - [2024-11-09T20:43:26.141+0000] {manager.py:499} INFO - Created Permission View: %s
[2024-11-09T20:43:26.141+0000] {logging_mixin.py:154} INFO - [2024-11-09T20:43:26.141+0000] {dag.py:2941} INFO - Sync 1 DAGs
[2024-11-09T20:43:26.147+0000] {logging_mixin.py:154} INFO - [2024-11-09T20:43:26.147+0000] {dag.py:2963} INFO - Creating ORM DAG for example_branch_python_operator_decorator
[2024-11-09T20:43:26.154+0000] {logging_mixin.py:154} INFO - [2024-11-09T20:43:26.153+0000] {dag.py:3722} INFO - Setting next_dagrun for example_branch_python_operator_decorator to 2024-11-08T00:00:00+00:00, run_after=2024-11-09T00:00:00+00:00
[2024-11-09T20:43:26.167+0000] {processor.py:179} INFO - Processing /home/airflow/.local/lib/python3.8/site-packages/airflow/example_dags/example_branch_operator_decorator.py took 0.137 seconds
[2024-11-09T20:43:57.040+0000] {processor.py:157} INFO - Started process (PID=475) to work on /home/airflow/.local/lib/python3.8/site-packages/airflow/example_dags/example_branch_operator_decorator.py
[2024-11-09T20:43:57.041+0000] {processor.py:829} INFO - Processing file /home/airflow/.local/lib/python3.8/site-packages/airflow/example_dags/example_branch_operator_decorator.py for tasks to queue
[2024-11-09T20:43:57.042+0000] {logging_mixin.py:154} INFO - [2024-11-09T20:43:57.042+0000] {dagbag.py:536} INFO - Filling up the DagBag from /home/airflow/.local/lib/python3.8/site-packages/airflow/example_dags/example_branch_operator_decorator.py
[2024-11-09T20:43:57.046+0000] {processor.py:839} INFO - DAG(s) dict_keys(['example_branch_python_operator_decorator']) retrieved from /home/airflow/.local/lib/python3.8/site-packages/airflow/example_dags/example_branch_operator_decorator.py
[2024-11-09T20:43:57.058+0000] {logging_mixin.py:154} INFO - [2024-11-09T20:43:57.058+0000] {dag.py:2941} INFO - Sync 1 DAGs
[2024-11-09T20:43:57.069+0000] {logging_mixin.py:154} INFO - [2024-11-09T20:43:57.069+0000] {dag.py:3722} INFO - Setting next_dagrun for example_branch_python_operator_decorator to 2024-11-08T00:00:00+00:00, run_after=2024-11-09T00:00:00+00:00
[2024-11-09T20:43:57.079+0000] {processor.py:179} INFO - Processing /home/airflow/.local/lib/python3.8/site-packages/airflow/example_dags/example_branch_operator_decorator.py took 0.042 seconds
[2024-11-09T20:44:27.511+0000] {processor.py:157} INFO - Started process (PID=713) to work on /home/airflow/.local/lib/python3.8/site-packages/airflow/example_dags/example_branch_operator_decorator.py
[2024-11-09T20:44:27.512+0000] {processor.py:829} INFO - Processing file /home/airflow/.local/lib/python3.8/site-packages/airflow/example_dags/example_branch_operator_decorator.py for tasks to queue
[2024-11-09T20:44:27.513+0000] {logging_mixin.py:154} INFO - [2024-11-09T20:44:27.513+0000] {dagbag.py:536} INFO - Filling up the DagBag from /home/airflow/.local/lib/python3.8/site-packages/airflow/example_dags/example_branch_operator_decorator.py
[2024-11-09T20:44:27.518+0000] {processor.py:839} INFO - DAG(s) dict_keys(['example_branch_python_operator_decorator']) retrieved from /home/airflow/.local/lib/python3.8/site-packages/airflow/example_dags/example_branch_operator_decorator.py
[2024-11-09T20:44:27.530+0000] {logging_mixin.py:154} INFO - [2024-11-09T20:44:27.530+0000] {dag.py:2941} INFO - Sync 1 DAGs
[2024-11-09T20:44:27.540+0000] {logging_mixin.py:154} INFO - [2024-11-09T20:44:27.540+0000] {dag.py:3722} INFO - Setting next_dagrun for example_branch_python_operator_decorator to 2024-11-08T00:00:00+00:00, run_after=2024-11-09T00:00:00+00:00
[2024-11-09T20:44:27.549+0000] {processor.py:179} INFO - Processing /home/airflow/.local/lib/python3.8/site-packages/airflow/example_dags/example_branch_operator_decorator.py took 0.040 seconds
[2024-11-09T20:44:57.924+0000] {processor.py:157} INFO - Started process (PID=951) to work on /home/airflow/.local/lib/python3.8/site-packages/airflow/example_dags/example_branch_operator_decorator.py
[2024-11-09T20:44:57.924+0000] {processor.py:829} INFO - Processing file /home/airflow/.local/lib/python3.8/site-packages/airflow/example_dags/example_branch_operator_decorator.py for tasks to queue
[2024-11-09T20:44:57.925+0000] {logging_mixin.py:154} INFO - [2024-11-09T20:44:57.925+0000] {dagbag.py:536} INFO - Filling up the DagBag from /home/airflow/.local/lib/python3.8/site-packages/airflow/example_dags/example_branch_operator_decorator.py
[2024-11-09T20:44:57.931+0000] {processor.py:839} INFO - DAG(s) dict_keys(['example_branch_python_operator_decorator']) retrieved from /home/airflow/.local/lib/python3.8/site-packages/airflow/example_dags/example_branch_operator_decorator.py
[2024-11-09T20:44:57.944+0000] {logging_mixin.py:154} INFO - [2024-11-09T20:44:57.943+0000] {dag.py:2941} INFO - Sync 1 DAGs
[2024-11-09T20:44:57.954+0000] {logging_mixin.py:154} INFO - [2024-11-09T20:44:57.954+0000] {dag.py:3722} INFO - Setting next_dagrun for example_branch_python_operator_decorator to 2024-11-08T00:00:00+00:00, run_after=2024-11-09T00:00:00+00:00
[2024-11-09T20:44:57.965+0000] {processor.py:179} INFO - Processing /home/airflow/.local/lib/python3.8/site-packages/airflow/example_dags/example_branch_operator_decorator.py took 0.043 seconds
[2024-11-09T20:45:28.387+0000] {processor.py:157} INFO - Started process (PID=1189) to work on /home/airflow/.local/lib/python3.8/site-packages/airflow/example_dags/example_branch_operator_decorator.py
[2024-11-09T20:45:28.388+0000] {processor.py:829} INFO - Processing file /home/airflow/.local/lib/python3.8/site-packages/airflow/example_dags/example_branch_operator_decorator.py for tasks to queue
[2024-11-09T20:45:28.389+0000] {logging_mixin.py:154} INFO - [2024-11-09T20:45:28.389+0000] {dagbag.py:536} INFO - Filling up the DagBag from /home/airflow/.local/lib/python3.8/site-packages/airflow/example_dags/example_branch_operator_decorator.py
[2024-11-09T20:45:28.394+0000] {processor.py:839} INFO - DAG(s) dict_keys(['example_branch_python_operator_decorator']) retrieved from /home/airflow/.local/lib/python3.8/site-packages/airflow/example_dags/example_branch_operator_decorator.py
[2024-11-09T20:45:28.405+0000] {logging_mixin.py:154} INFO - [2024-11-09T20:45:28.405+0000] {dag.py:2941} INFO - Sync 1 DAGs
[2024-11-09T20:45:28.415+0000] {logging_mixin.py:154} INFO - [2024-11-09T20:45:28.415+0000] {dag.py:3722} INFO - Setting next_dagrun for example_branch_python_operator_decorator to 2024-11-08T00:00:00+00:00, run_after=2024-11-09T00:00:00+00:00
[2024-11-09T20:45:28.424+0000] {processor.py:179} INFO - Processing /home/airflow/.local/lib/python3.8/site-packages/airflow/example_dags/example_branch_operator_decorator.py took 0.039 seconds
[2024-11-09T20:45:58.853+0000] {processor.py:157} INFO - Started process (PID=1427) to work on /home/airflow/.local/lib/python3.8/site-packages/airflow/example_dags/example_branch_operator_decorator.py
[2024-11-09T20:45:58.854+0000] {processor.py:829} INFO - Processing file /home/airflow/.local/lib/python3.8/site-packages/airflow/example_dags/example_branch_operator_decorator.py for tasks to queue
[2024-11-09T20:45:58.855+0000] {logging_mixin.py:154} INFO - [2024-11-09T20:45:58.855+0000] {dagbag.py:536} INFO - Filling up the DagBag from /home/airflow/.local/lib/python3.8/site-packages/airflow/example_dags/example_branch_operator_decorator.py
[2024-11-09T20:45:58.861+0000] {processor.py:839} INFO - DAG(s) dict_keys(['example_branch_python_operator_decorator']) retrieved from /home/airflow/.local/lib/python3.8/site-packages/airflow/example_dags/example_branch_operator_decorator.py
[2024-11-09T20:45:58.872+0000] {logging_mixin.py:154} INFO - [2024-11-09T20:45:58.872+0000] {dag.py:2941} INFO - Sync 1 DAGs
[2024-11-09T20:45:58.882+0000] {logging_mixin.py:154} INFO - [2024-11-09T20:45:58.882+0000] {dag.py:3722} INFO - Setting next_dagrun for example_branch_python_operator_decorator to 2024-11-08T00:00:00+00:00, run_after=2024-11-09T00:00:00+00:00
[2024-11-09T20:45:58.892+0000] {processor.py:179} INFO - Processing /home/airflow/.local/lib/python3.8/site-packages/airflow/example_dags/example_branch_operator_decorator.py took 0.041 seconds
[2024-11-09T20:46:29.193+0000] {processor.py:157} INFO - Started process (PID=1665) to work on /home/airflow/.local/lib/python3.8/site-packages/airflow/example_dags/example_branch_operator_decorator.py
[2024-11-09T20:46:29.194+0000] {processor.py:829} INFO - Processing file /home/airflow/.local/lib/python3.8/site-packages/airflow/example_dags/example_branch_operator_decorator.py for tasks to queue
[2024-11-09T20:46:29.195+0000] {logging_mixin.py:154} INFO - [2024-11-09T20:46:29.195+0000] {dagbag.py:536} INFO - Filling up the DagBag from /home/airflow/.local/lib/python3.8/site-packages/airflow/example_dags/example_branch_operator_decorator.py
[2024-11-09T20:46:29.200+0000] {processor.py:839} INFO - DAG(s) dict_keys(['example_branch_python_operator_decorator']) retrieved from /home/airflow/.local/lib/python3.8/site-packages/airflow/example_dags/example_branch_operator_decorator.py
[2024-11-09T20:46:29.210+0000] {logging_mixin.py:154} INFO - [2024-11-09T20:46:29.210+0000] {dag.py:2941} INFO - Sync 1 DAGs
[2024-11-09T20:46:29.219+0000] {logging_mixin.py:154} INFO - [2024-11-09T20:46:29.219+0000] {dag.py:3722} INFO - Setting next_dagrun for example_branch_python_operator_decorator to 2024-11-08T00:00:00+00:00, run_after=2024-11-09T00:00:00+00:00
[2024-11-09T20:46:29.225+0000] {processor.py:179} INFO - Processing /home/airflow/.local/lib/python3.8/site-packages/airflow/example_dags/example_branch_operator_decorator.py took 0.034 seconds
[2024-11-09T20:46:59.626+0000] {processor.py:157} INFO - Started process (PID=1903) to work on /home/airflow/.local/lib/python3.8/site-packages/airflow/example_dags/example_branch_operator_decorator.py
[2024-11-09T20:46:59.626+0000] {processor.py:829} INFO - Processing file /home/airflow/.local/lib/python3.8/site-packages/airflow/example_dags/example_branch_operator_decorator.py for tasks to queue
[2024-11-09T20:46:59.626+0000] {logging_mixin.py:154} INFO - [2024-11-09T20:46:59.626+0000] {dagbag.py:536} INFO - Filling up the DagBag from /home/airflow/.local/lib/python3.8/site-packages/airflow/example_dags/example_branch_operator_decorator.py
[2024-11-09T20:46:59.631+0000] {processor.py:839} INFO - DAG(s) dict_keys(['example_branch_python_operator_decorator']) retrieved from /home/airflow/.local/lib/python3.8/site-packages/airflow/example_dags/example_branch_operator_decorator.py
[2024-11-09T20:46:59.641+0000] {logging_mixin.py:154} INFO - [2024-11-09T20:46:59.641+0000] {dag.py:2941} INFO - Sync 1 DAGs
[2024-11-09T20:46:59.650+0000] {logging_mixin.py:154} INFO - [2024-11-09T20:46:59.650+0000] {dag.py:3722} INFO - Setting next_dagrun for example_branch_python_operator_decorator to 2024-11-08T00:00:00+00:00, run_after=2024-11-09T00:00:00+00:00
[2024-11-09T20:46:59.659+0000] {processor.py:179} INFO - Processing /home/airflow/.local/lib/python3.8/site-packages/airflow/example_dags/example_branch_operator_decorator.py took 0.035 seconds
[2024-11-09T20:47:30.020+0000] {processor.py:157} INFO - Started process (PID=2141) to work on /home/airflow/.local/lib/python3.8/site-packages/airflow/example_dags/example_branch_operator_decorator.py
[2024-11-09T20:47:30.021+0000] {processor.py:829} INFO - Processing file /home/airflow/.local/lib/python3.8/site-packages/airflow/example_dags/example_branch_operator_decorator.py for tasks to queue
[2024-11-09T20:47:30.023+0000] {logging_mixin.py:154} INFO - [2024-11-09T20:47:30.023+0000] {dagbag.py:536} INFO - Filling up the DagBag from /home/airflow/.local/lib/python3.8/site-packages/airflow/example_dags/example_branch_operator_decorator.py
[2024-11-09T20:47:30.029+0000] {processor.py:839} INFO - DAG(s) dict_keys(['example_branch_python_operator_decorator']) retrieved from /home/airflow/.local/lib/python3.8/site-packages/airflow/example_dags/example_branch_operator_decorator.py
[2024-11-09T20:47:30.041+0000] {logging_mixin.py:154} INFO - [2024-11-09T20:47:30.041+0000] {dag.py:2941} INFO - Sync 1 DAGs
[2024-11-09T20:47:30.051+0000] {logging_mixin.py:154} INFO - [2024-11-09T20:47:30.051+0000] {dag.py:3722} INFO - Setting next_dagrun for example_branch_python_operator_decorator to 2024-11-08T00:00:00+00:00, run_after=2024-11-09T00:00:00+00:00
[2024-11-09T20:47:30.063+0000] {processor.py:179} INFO - Processing /home/airflow/.local/lib/python3.8/site-packages/airflow/example_dags/example_branch_operator_decorator.py took 0.045 seconds
