[2024-11-09T20:43:26.181+0000] {processor.py:157} INFO - Started process (PID=247) to work on /home/airflow/.local/lib/python3.8/site-packages/airflow/example_dags/example_complex.py
[2024-11-09T20:43:26.182+0000] {processor.py:829} INFO - Processing file /home/airflow/.local/lib/python3.8/site-packages/airflow/example_dags/example_complex.py for tasks to queue
[2024-11-09T20:43:26.182+0000] {logging_mixin.py:154} INFO - [2024-11-09T20:43:26.182+0000] {dagbag.py:536} INFO - Filling up the DagBag from /home/airflow/.local/lib/python3.8/site-packages/airflow/example_dags/example_complex.py
[2024-11-09T20:43:26.191+0000] {processor.py:839} INFO - DAG(s) dict_keys(['example_complex']) retrieved from /home/airflow/.local/lib/python3.8/site-packages/airflow/example_dags/example_complex.py
[2024-11-09T20:43:26.251+0000] {logging_mixin.py:154} INFO - [2024-11-09T20:43:26.251+0000] {manager.py:499} INFO - Created Permission View: %s
[2024-11-09T20:43:26.256+0000] {logging_mixin.py:154} INFO - [2024-11-09T20:43:26.256+0000] {manager.py:499} INFO - Created Permission View: %s
[2024-11-09T20:43:26.258+0000] {logging_mixin.py:154} INFO - [2024-11-09T20:43:26.258+0000] {manager.py:499} INFO - Created Permission View: %s
[2024-11-09T20:43:26.258+0000] {logging_mixin.py:154} INFO - [2024-11-09T20:43:26.258+0000] {dag.py:2941} INFO - Sync 1 DAGs
[2024-11-09T20:43:26.262+0000] {logging_mixin.py:154} INFO - [2024-11-09T20:43:26.262+0000] {dag.py:2963} INFO - Creating ORM DAG for example_complex
[2024-11-09T20:43:26.262+0000] {logging_mixin.py:154} INFO - [2024-11-09T20:43:26.262+0000] {dag.py:3722} INFO - Setting next_dagrun for example_complex to None, run_after=None
[2024-11-09T20:43:26.272+0000] {processor.py:179} INFO - Processing /home/airflow/.local/lib/python3.8/site-packages/airflow/example_dags/example_complex.py took 0.093 seconds
[2024-11-09T20:43:57.135+0000] {processor.py:157} INFO - Started process (PID=487) to work on /home/airflow/.local/lib/python3.8/site-packages/airflow/example_dags/example_complex.py
[2024-11-09T20:43:57.135+0000] {processor.py:829} INFO - Processing file /home/airflow/.local/lib/python3.8/site-packages/airflow/example_dags/example_complex.py for tasks to queue
[2024-11-09T20:43:57.136+0000] {logging_mixin.py:154} INFO - [2024-11-09T20:43:57.135+0000] {dagbag.py:536} INFO - Filling up the DagBag from /home/airflow/.local/lib/python3.8/site-packages/airflow/example_dags/example_complex.py
[2024-11-09T20:43:57.141+0000] {processor.py:839} INFO - DAG(s) dict_keys(['example_complex']) retrieved from /home/airflow/.local/lib/python3.8/site-packages/airflow/example_dags/example_complex.py
[2024-11-09T20:43:57.156+0000] {logging_mixin.py:154} INFO - [2024-11-09T20:43:57.156+0000] {dag.py:2941} INFO - Sync 1 DAGs
[2024-11-09T20:43:57.162+0000] {logging_mixin.py:154} INFO - [2024-11-09T20:43:57.161+0000] {dag.py:3722} INFO - Setting next_dagrun for example_complex to None, run_after=None
[2024-11-09T20:43:57.171+0000] {processor.py:179} INFO - Processing /home/airflow/.local/lib/python3.8/site-packages/airflow/example_dags/example_complex.py took 0.038 seconds
[2024-11-09T20:44:27.567+0000] {processor.py:157} INFO - Started process (PID=723) to work on /home/airflow/.local/lib/python3.8/site-packages/airflow/example_dags/example_complex.py
[2024-11-09T20:44:27.568+0000] {processor.py:829} INFO - Processing file /home/airflow/.local/lib/python3.8/site-packages/airflow/example_dags/example_complex.py for tasks to queue
[2024-11-09T20:44:27.568+0000] {logging_mixin.py:154} INFO - [2024-11-09T20:44:27.568+0000] {dagbag.py:536} INFO - Filling up the DagBag from /home/airflow/.local/lib/python3.8/site-packages/airflow/example_dags/example_complex.py
[2024-11-09T20:44:27.573+0000] {processor.py:839} INFO - DAG(s) dict_keys(['example_complex']) retrieved from /home/airflow/.local/lib/python3.8/site-packages/airflow/example_dags/example_complex.py
[2024-11-09T20:44:27.585+0000] {logging_mixin.py:154} INFO - [2024-11-09T20:44:27.585+0000] {dag.py:2941} INFO - Sync 1 DAGs
[2024-11-09T20:44:27.591+0000] {logging_mixin.py:154} INFO - [2024-11-09T20:44:27.590+0000] {dag.py:3722} INFO - Setting next_dagrun for example_complex to None, run_after=None
[2024-11-09T20:44:27.601+0000] {processor.py:179} INFO - Processing /home/airflow/.local/lib/python3.8/site-packages/airflow/example_dags/example_complex.py took 0.035 seconds
[2024-11-09T20:44:58.021+0000] {processor.py:157} INFO - Started process (PID=963) to work on /home/airflow/.local/lib/python3.8/site-packages/airflow/example_dags/example_complex.py
[2024-11-09T20:44:58.021+0000] {processor.py:829} INFO - Processing file /home/airflow/.local/lib/python3.8/site-packages/airflow/example_dags/example_complex.py for tasks to queue
[2024-11-09T20:44:58.022+0000] {logging_mixin.py:154} INFO - [2024-11-09T20:44:58.022+0000] {dagbag.py:536} INFO - Filling up the DagBag from /home/airflow/.local/lib/python3.8/site-packages/airflow/example_dags/example_complex.py
[2024-11-09T20:44:58.027+0000] {processor.py:839} INFO - DAG(s) dict_keys(['example_complex']) retrieved from /home/airflow/.local/lib/python3.8/site-packages/airflow/example_dags/example_complex.py
[2024-11-09T20:44:58.042+0000] {logging_mixin.py:154} INFO - [2024-11-09T20:44:58.042+0000] {dag.py:2941} INFO - Sync 1 DAGs
[2024-11-09T20:44:58.049+0000] {logging_mixin.py:154} INFO - [2024-11-09T20:44:58.049+0000] {dag.py:3722} INFO - Setting next_dagrun for example_complex to None, run_after=None
[2024-11-09T20:44:58.059+0000] {processor.py:179} INFO - Processing /home/airflow/.local/lib/python3.8/site-packages/airflow/example_dags/example_complex.py took 0.040 seconds
[2024-11-09T20:45:28.476+0000] {processor.py:157} INFO - Started process (PID=1201) to work on /home/airflow/.local/lib/python3.8/site-packages/airflow/example_dags/example_complex.py
[2024-11-09T20:45:28.476+0000] {processor.py:829} INFO - Processing file /home/airflow/.local/lib/python3.8/site-packages/airflow/example_dags/example_complex.py for tasks to queue
[2024-11-09T20:45:28.476+0000] {logging_mixin.py:154} INFO - [2024-11-09T20:45:28.476+0000] {dagbag.py:536} INFO - Filling up the DagBag from /home/airflow/.local/lib/python3.8/site-packages/airflow/example_dags/example_complex.py
[2024-11-09T20:45:28.482+0000] {processor.py:839} INFO - DAG(s) dict_keys(['example_complex']) retrieved from /home/airflow/.local/lib/python3.8/site-packages/airflow/example_dags/example_complex.py
[2024-11-09T20:45:28.498+0000] {logging_mixin.py:154} INFO - [2024-11-09T20:45:28.498+0000] {dag.py:2941} INFO - Sync 1 DAGs
[2024-11-09T20:45:28.503+0000] {logging_mixin.py:154} INFO - [2024-11-09T20:45:28.503+0000] {dag.py:3722} INFO - Setting next_dagrun for example_complex to None, run_after=None
[2024-11-09T20:45:28.514+0000] {processor.py:179} INFO - Processing /home/airflow/.local/lib/python3.8/site-packages/airflow/example_dags/example_complex.py took 0.040 seconds
[2024-11-09T20:45:58.945+0000] {processor.py:157} INFO - Started process (PID=1439) to work on /home/airflow/.local/lib/python3.8/site-packages/airflow/example_dags/example_complex.py
[2024-11-09T20:45:58.946+0000] {processor.py:829} INFO - Processing file /home/airflow/.local/lib/python3.8/site-packages/airflow/example_dags/example_complex.py for tasks to queue
[2024-11-09T20:45:58.946+0000] {logging_mixin.py:154} INFO - [2024-11-09T20:45:58.946+0000] {dagbag.py:536} INFO - Filling up the DagBag from /home/airflow/.local/lib/python3.8/site-packages/airflow/example_dags/example_complex.py
[2024-11-09T20:45:58.951+0000] {processor.py:839} INFO - DAG(s) dict_keys(['example_complex']) retrieved from /home/airflow/.local/lib/python3.8/site-packages/airflow/example_dags/example_complex.py
[2024-11-09T20:45:58.965+0000] {logging_mixin.py:154} INFO - [2024-11-09T20:45:58.965+0000] {dag.py:2941} INFO - Sync 1 DAGs
[2024-11-09T20:45:58.972+0000] {logging_mixin.py:154} INFO - [2024-11-09T20:45:58.971+0000] {dag.py:3722} INFO - Setting next_dagrun for example_complex to None, run_after=None
[2024-11-09T20:45:58.980+0000] {processor.py:179} INFO - Processing /home/airflow/.local/lib/python3.8/site-packages/airflow/example_dags/example_complex.py took 0.037 seconds
[2024-11-09T20:46:29.243+0000] {processor.py:157} INFO - Started process (PID=1675) to work on /home/airflow/.local/lib/python3.8/site-packages/airflow/example_dags/example_complex.py
[2024-11-09T20:46:29.244+0000] {processor.py:829} INFO - Processing file /home/airflow/.local/lib/python3.8/site-packages/airflow/example_dags/example_complex.py for tasks to queue
[2024-11-09T20:46:29.245+0000] {logging_mixin.py:154} INFO - [2024-11-09T20:46:29.245+0000] {dagbag.py:536} INFO - Filling up the DagBag from /home/airflow/.local/lib/python3.8/site-packages/airflow/example_dags/example_complex.py
[2024-11-09T20:46:29.249+0000] {processor.py:839} INFO - DAG(s) dict_keys(['example_complex']) retrieved from /home/airflow/.local/lib/python3.8/site-packages/airflow/example_dags/example_complex.py
[2024-11-09T20:46:29.261+0000] {logging_mixin.py:154} INFO - [2024-11-09T20:46:29.261+0000] {dag.py:2941} INFO - Sync 1 DAGs
[2024-11-09T20:46:29.266+0000] {logging_mixin.py:154} INFO - [2024-11-09T20:46:29.266+0000] {dag.py:3722} INFO - Setting next_dagrun for example_complex to None, run_after=None
[2024-11-09T20:46:29.276+0000] {processor.py:179} INFO - Processing /home/airflow/.local/lib/python3.8/site-packages/airflow/example_dags/example_complex.py took 0.034 seconds
[2024-11-09T20:46:59.680+0000] {processor.py:157} INFO - Started process (PID=1913) to work on /home/airflow/.local/lib/python3.8/site-packages/airflow/example_dags/example_complex.py
[2024-11-09T20:46:59.680+0000] {processor.py:829} INFO - Processing file /home/airflow/.local/lib/python3.8/site-packages/airflow/example_dags/example_complex.py for tasks to queue
[2024-11-09T20:46:59.681+0000] {logging_mixin.py:154} INFO - [2024-11-09T20:46:59.681+0000] {dagbag.py:536} INFO - Filling up the DagBag from /home/airflow/.local/lib/python3.8/site-packages/airflow/example_dags/example_complex.py
[2024-11-09T20:46:59.685+0000] {processor.py:839} INFO - DAG(s) dict_keys(['example_complex']) retrieved from /home/airflow/.local/lib/python3.8/site-packages/airflow/example_dags/example_complex.py
[2024-11-09T20:46:59.698+0000] {logging_mixin.py:154} INFO - [2024-11-09T20:46:59.698+0000] {dag.py:2941} INFO - Sync 1 DAGs
[2024-11-09T20:46:59.703+0000] {logging_mixin.py:154} INFO - [2024-11-09T20:46:59.703+0000] {dag.py:3722} INFO - Setting next_dagrun for example_complex to None, run_after=None
[2024-11-09T20:46:59.713+0000] {processor.py:179} INFO - Processing /home/airflow/.local/lib/python3.8/site-packages/airflow/example_dags/example_complex.py took 0.034 seconds
[2024-11-09T20:47:30.115+0000] {processor.py:157} INFO - Started process (PID=2153) to work on /home/airflow/.local/lib/python3.8/site-packages/airflow/example_dags/example_complex.py
[2024-11-09T20:47:30.116+0000] {processor.py:829} INFO - Processing file /home/airflow/.local/lib/python3.8/site-packages/airflow/example_dags/example_complex.py for tasks to queue
[2024-11-09T20:47:30.116+0000] {logging_mixin.py:154} INFO - [2024-11-09T20:47:30.116+0000] {dagbag.py:536} INFO - Filling up the DagBag from /home/airflow/.local/lib/python3.8/site-packages/airflow/example_dags/example_complex.py
[2024-11-09T20:47:30.122+0000] {processor.py:839} INFO - DAG(s) dict_keys(['example_complex']) retrieved from /home/airflow/.local/lib/python3.8/site-packages/airflow/example_dags/example_complex.py
[2024-11-09T20:47:30.138+0000] {logging_mixin.py:154} INFO - [2024-11-09T20:47:30.138+0000] {dag.py:2941} INFO - Sync 1 DAGs
[2024-11-09T20:47:30.145+0000] {logging_mixin.py:154} INFO - [2024-11-09T20:47:30.144+0000] {dag.py:3722} INFO - Setting next_dagrun for example_complex to None, run_after=None
[2024-11-09T20:47:30.156+0000] {processor.py:179} INFO - Processing /home/airflow/.local/lib/python3.8/site-packages/airflow/example_dags/example_complex.py took 0.042 seconds
