[2024-11-09T20:43:25.614+0000] {processor.py:157} INFO - Started process (PID=209) to work on /home/airflow/.local/lib/python3.8/site-packages/airflow/example_dags/example_branch_labels.py
[2024-11-09T20:43:25.615+0000] {processor.py:829} INFO - Processing file /home/airflow/.local/lib/python3.8/site-packages/airflow/example_dags/example_branch_labels.py for tasks to queue
[2024-11-09T20:43:25.616+0000] {logging_mixin.py:154} INFO - [2024-11-09T20:43:25.615+0000] {dagbag.py:536} INFO - Filling up the DagBag from /home/airflow/.local/lib/python3.8/site-packages/airflow/example_dags/example_branch_labels.py
[2024-11-09T20:43:25.622+0000] {processor.py:839} INFO - DAG(s) dict_keys(['example_branch_labels']) retrieved from /home/airflow/.local/lib/python3.8/site-packages/airflow/example_dags/example_branch_labels.py
[2024-11-09T20:43:25.684+0000] {logging_mixin.py:154} INFO - [2024-11-09T20:43:25.684+0000] {manager.py:499} INFO - Created Permission View: %s
[2024-11-09T20:43:25.690+0000] {logging_mixin.py:154} INFO - [2024-11-09T20:43:25.690+0000] {manager.py:499} INFO - Created Permission View: %s
[2024-11-09T20:43:25.693+0000] {logging_mixin.py:154} INFO - [2024-11-09T20:43:25.693+0000] {manager.py:499} INFO - Created Permission View: %s
[2024-11-09T20:43:25.694+0000] {logging_mixin.py:154} INFO - [2024-11-09T20:43:25.694+0000] {dag.py:2941} INFO - Sync 1 DAGs
[2024-11-09T20:43:25.700+0000] {logging_mixin.py:154} INFO - [2024-11-09T20:43:25.700+0000] {dag.py:2963} INFO - Creating ORM DAG for example_branch_labels
[2024-11-09T20:43:25.706+0000] {logging_mixin.py:154} INFO - [2024-11-09T20:43:25.706+0000] {dag.py:3722} INFO - Setting next_dagrun for example_branch_labels to 2024-11-08T00:00:00+00:00, run_after=2024-11-09T00:00:00+00:00
[2024-11-09T20:43:25.716+0000] {processor.py:179} INFO - Processing /home/airflow/.local/lib/python3.8/site-packages/airflow/example_dags/example_branch_labels.py took 0.104 seconds
[2024-11-09T20:43:55.880+0000] {processor.py:157} INFO - Started process (PID=447) to work on /home/airflow/.local/lib/python3.8/site-packages/airflow/example_dags/example_branch_labels.py
[2024-11-09T20:43:55.880+0000] {processor.py:829} INFO - Processing file /home/airflow/.local/lib/python3.8/site-packages/airflow/example_dags/example_branch_labels.py for tasks to queue
[2024-11-09T20:43:55.881+0000] {logging_mixin.py:154} INFO - [2024-11-09T20:43:55.881+0000] {dagbag.py:536} INFO - Filling up the DagBag from /home/airflow/.local/lib/python3.8/site-packages/airflow/example_dags/example_branch_labels.py
[2024-11-09T20:43:55.885+0000] {processor.py:839} INFO - DAG(s) dict_keys(['example_branch_labels']) retrieved from /home/airflow/.local/lib/python3.8/site-packages/airflow/example_dags/example_branch_labels.py
[2024-11-09T20:43:55.897+0000] {logging_mixin.py:154} INFO - [2024-11-09T20:43:55.897+0000] {dag.py:2941} INFO - Sync 1 DAGs
[2024-11-09T20:43:55.907+0000] {logging_mixin.py:154} INFO - [2024-11-09T20:43:55.907+0000] {dag.py:3722} INFO - Setting next_dagrun for example_branch_labels to 2024-11-08T00:00:00+00:00, run_after=2024-11-09T00:00:00+00:00
[2024-11-09T20:43:55.916+0000] {processor.py:179} INFO - Processing /home/airflow/.local/lib/python3.8/site-packages/airflow/example_dags/example_branch_labels.py took 0.038 seconds
[2024-11-09T20:44:26.337+0000] {processor.py:157} INFO - Started process (PID=685) to work on /home/airflow/.local/lib/python3.8/site-packages/airflow/example_dags/example_branch_labels.py
[2024-11-09T20:44:26.338+0000] {processor.py:829} INFO - Processing file /home/airflow/.local/lib/python3.8/site-packages/airflow/example_dags/example_branch_labels.py for tasks to queue
[2024-11-09T20:44:26.339+0000] {logging_mixin.py:154} INFO - [2024-11-09T20:44:26.339+0000] {dagbag.py:536} INFO - Filling up the DagBag from /home/airflow/.local/lib/python3.8/site-packages/airflow/example_dags/example_branch_labels.py
[2024-11-09T20:44:26.343+0000] {processor.py:839} INFO - DAG(s) dict_keys(['example_branch_labels']) retrieved from /home/airflow/.local/lib/python3.8/site-packages/airflow/example_dags/example_branch_labels.py
[2024-11-09T20:44:26.355+0000] {logging_mixin.py:154} INFO - [2024-11-09T20:44:26.355+0000] {dag.py:2941} INFO - Sync 1 DAGs
[2024-11-09T20:44:26.367+0000] {logging_mixin.py:154} INFO - [2024-11-09T20:44:26.367+0000] {dag.py:3722} INFO - Setting next_dagrun for example_branch_labels to 2024-11-08T00:00:00+00:00, run_after=2024-11-09T00:00:00+00:00
[2024-11-09T20:44:26.374+0000] {processor.py:179} INFO - Processing /home/airflow/.local/lib/python3.8/site-packages/airflow/example_dags/example_branch_labels.py took 0.038 seconds
[2024-11-09T20:44:56.764+0000] {processor.py:157} INFO - Started process (PID=921) to work on /home/airflow/.local/lib/python3.8/site-packages/airflow/example_dags/example_branch_labels.py
[2024-11-09T20:44:56.765+0000] {processor.py:829} INFO - Processing file /home/airflow/.local/lib/python3.8/site-packages/airflow/example_dags/example_branch_labels.py for tasks to queue
[2024-11-09T20:44:56.766+0000] {logging_mixin.py:154} INFO - [2024-11-09T20:44:56.765+0000] {dagbag.py:536} INFO - Filling up the DagBag from /home/airflow/.local/lib/python3.8/site-packages/airflow/example_dags/example_branch_labels.py
[2024-11-09T20:44:56.769+0000] {processor.py:839} INFO - DAG(s) dict_keys(['example_branch_labels']) retrieved from /home/airflow/.local/lib/python3.8/site-packages/airflow/example_dags/example_branch_labels.py
[2024-11-09T20:44:56.780+0000] {logging_mixin.py:154} INFO - [2024-11-09T20:44:56.780+0000] {dag.py:2941} INFO - Sync 1 DAGs
[2024-11-09T20:44:56.791+0000] {logging_mixin.py:154} INFO - [2024-11-09T20:44:56.791+0000] {dag.py:3722} INFO - Setting next_dagrun for example_branch_labels to 2024-11-08T00:00:00+00:00, run_after=2024-11-09T00:00:00+00:00
[2024-11-09T20:44:56.801+0000] {processor.py:179} INFO - Processing /home/airflow/.local/lib/python3.8/site-packages/airflow/example_dags/example_branch_labels.py took 0.038 seconds
[2024-11-09T20:45:27.234+0000] {processor.py:157} INFO - Started process (PID=1161) to work on /home/airflow/.local/lib/python3.8/site-packages/airflow/example_dags/example_branch_labels.py
[2024-11-09T20:45:27.234+0000] {processor.py:829} INFO - Processing file /home/airflow/.local/lib/python3.8/site-packages/airflow/example_dags/example_branch_labels.py for tasks to queue
[2024-11-09T20:45:27.234+0000] {logging_mixin.py:154} INFO - [2024-11-09T20:45:27.234+0000] {dagbag.py:536} INFO - Filling up the DagBag from /home/airflow/.local/lib/python3.8/site-packages/airflow/example_dags/example_branch_labels.py
[2024-11-09T20:45:27.237+0000] {processor.py:839} INFO - DAG(s) dict_keys(['example_branch_labels']) retrieved from /home/airflow/.local/lib/python3.8/site-packages/airflow/example_dags/example_branch_labels.py
[2024-11-09T20:45:27.249+0000] {logging_mixin.py:154} INFO - [2024-11-09T20:45:27.249+0000] {dag.py:2941} INFO - Sync 1 DAGs
[2024-11-09T20:45:27.259+0000] {logging_mixin.py:154} INFO - [2024-11-09T20:45:27.259+0000] {dag.py:3722} INFO - Setting next_dagrun for example_branch_labels to 2024-11-08T00:00:00+00:00, run_after=2024-11-09T00:00:00+00:00
[2024-11-09T20:45:27.267+0000] {processor.py:179} INFO - Processing /home/airflow/.local/lib/python3.8/site-packages/airflow/example_dags/example_branch_labels.py took 0.035 seconds
[2024-11-09T20:45:57.703+0000] {processor.py:157} INFO - Started process (PID=1399) to work on /home/airflow/.local/lib/python3.8/site-packages/airflow/example_dags/example_branch_labels.py
[2024-11-09T20:45:57.703+0000] {processor.py:829} INFO - Processing file /home/airflow/.local/lib/python3.8/site-packages/airflow/example_dags/example_branch_labels.py for tasks to queue
[2024-11-09T20:45:57.703+0000] {logging_mixin.py:154} INFO - [2024-11-09T20:45:57.703+0000] {dagbag.py:536} INFO - Filling up the DagBag from /home/airflow/.local/lib/python3.8/site-packages/airflow/example_dags/example_branch_labels.py
[2024-11-09T20:45:57.707+0000] {processor.py:839} INFO - DAG(s) dict_keys(['example_branch_labels']) retrieved from /home/airflow/.local/lib/python3.8/site-packages/airflow/example_dags/example_branch_labels.py
[2024-11-09T20:45:57.720+0000] {logging_mixin.py:154} INFO - [2024-11-09T20:45:57.719+0000] {dag.py:2941} INFO - Sync 1 DAGs
[2024-11-09T20:45:57.732+0000] {logging_mixin.py:154} INFO - [2024-11-09T20:45:57.732+0000] {dag.py:3722} INFO - Setting next_dagrun for example_branch_labels to 2024-11-08T00:00:00+00:00, run_after=2024-11-09T00:00:00+00:00
[2024-11-09T20:45:57.740+0000] {processor.py:179} INFO - Processing /home/airflow/.local/lib/python3.8/site-packages/airflow/example_dags/example_branch_labels.py took 0.039 seconds
[2024-11-09T20:46:28.013+0000] {processor.py:157} INFO - Started process (PID=1635) to work on /home/airflow/.local/lib/python3.8/site-packages/airflow/example_dags/example_branch_labels.py
[2024-11-09T20:46:28.014+0000] {processor.py:829} INFO - Processing file /home/airflow/.local/lib/python3.8/site-packages/airflow/example_dags/example_branch_labels.py for tasks to queue
[2024-11-09T20:46:28.014+0000] {logging_mixin.py:154} INFO - [2024-11-09T20:46:28.014+0000] {dagbag.py:536} INFO - Filling up the DagBag from /home/airflow/.local/lib/python3.8/site-packages/airflow/example_dags/example_branch_labels.py
[2024-11-09T20:46:28.018+0000] {processor.py:839} INFO - DAG(s) dict_keys(['example_branch_labels']) retrieved from /home/airflow/.local/lib/python3.8/site-packages/airflow/example_dags/example_branch_labels.py
[2024-11-09T20:46:28.029+0000] {logging_mixin.py:154} INFO - [2024-11-09T20:46:28.029+0000] {dag.py:2941} INFO - Sync 1 DAGs
[2024-11-09T20:46:28.041+0000] {logging_mixin.py:154} INFO - [2024-11-09T20:46:28.041+0000] {dag.py:3722} INFO - Setting next_dagrun for example_branch_labels to 2024-11-08T00:00:00+00:00, run_after=2024-11-09T00:00:00+00:00
[2024-11-09T20:46:28.050+0000] {processor.py:179} INFO - Processing /home/airflow/.local/lib/python3.8/site-packages/airflow/example_dags/example_branch_labels.py took 0.038 seconds
[2024-11-09T20:46:58.483+0000] {processor.py:157} INFO - Started process (PID=1875) to work on /home/airflow/.local/lib/python3.8/site-packages/airflow/example_dags/example_branch_labels.py
[2024-11-09T20:46:58.484+0000] {processor.py:829} INFO - Processing file /home/airflow/.local/lib/python3.8/site-packages/airflow/example_dags/example_branch_labels.py for tasks to queue
[2024-11-09T20:46:58.484+0000] {logging_mixin.py:154} INFO - [2024-11-09T20:46:58.484+0000] {dagbag.py:536} INFO - Filling up the DagBag from /home/airflow/.local/lib/python3.8/site-packages/airflow/example_dags/example_branch_labels.py
[2024-11-09T20:46:58.487+0000] {processor.py:839} INFO - DAG(s) dict_keys(['example_branch_labels']) retrieved from /home/airflow/.local/lib/python3.8/site-packages/airflow/example_dags/example_branch_labels.py
[2024-11-09T20:46:58.499+0000] {logging_mixin.py:154} INFO - [2024-11-09T20:46:58.499+0000] {dag.py:2941} INFO - Sync 1 DAGs
[2024-11-09T20:46:58.509+0000] {logging_mixin.py:154} INFO - [2024-11-09T20:46:58.509+0000] {dag.py:3722} INFO - Setting next_dagrun for example_branch_labels to 2024-11-08T00:00:00+00:00, run_after=2024-11-09T00:00:00+00:00
[2024-11-09T20:46:58.520+0000] {processor.py:179} INFO - Processing /home/airflow/.local/lib/python3.8/site-packages/airflow/example_dags/example_branch_labels.py took 0.039 seconds
[2024-11-09T20:47:28.863+0000] {processor.py:157} INFO - Started process (PID=2111) to work on /home/airflow/.local/lib/python3.8/site-packages/airflow/example_dags/example_branch_labels.py
[2024-11-09T20:47:28.863+0000] {processor.py:829} INFO - Processing file /home/airflow/.local/lib/python3.8/site-packages/airflow/example_dags/example_branch_labels.py for tasks to queue
[2024-11-09T20:47:28.864+0000] {logging_mixin.py:154} INFO - [2024-11-09T20:47:28.864+0000] {dagbag.py:536} INFO - Filling up the DagBag from /home/airflow/.local/lib/python3.8/site-packages/airflow/example_dags/example_branch_labels.py
[2024-11-09T20:47:28.867+0000] {processor.py:839} INFO - DAG(s) dict_keys(['example_branch_labels']) retrieved from /home/airflow/.local/lib/python3.8/site-packages/airflow/example_dags/example_branch_labels.py
[2024-11-09T20:47:28.877+0000] {logging_mixin.py:154} INFO - [2024-11-09T20:47:28.877+0000] {dag.py:2941} INFO - Sync 1 DAGs
[2024-11-09T20:47:28.888+0000] {logging_mixin.py:154} INFO - [2024-11-09T20:47:28.888+0000] {dag.py:3722} INFO - Setting next_dagrun for example_branch_labels to 2024-11-08T00:00:00+00:00, run_after=2024-11-09T00:00:00+00:00
[2024-11-09T20:47:28.897+0000] {processor.py:179} INFO - Processing /home/airflow/.local/lib/python3.8/site-packages/airflow/example_dags/example_branch_labels.py took 0.035 seconds
