[2024-11-09T20:43:25.489+0000] {processor.py:157} INFO - Started process (PID=195) to work on /home/airflow/.local/lib/python3.8/site-packages/airflow/example_dags/example_setup_teardown_taskflow.py
[2024-11-09T20:43:25.490+0000] {processor.py:829} INFO - Processing file /home/airflow/.local/lib/python3.8/site-packages/airflow/example_dags/example_setup_teardown_taskflow.py for tasks to queue
[2024-11-09T20:43:25.491+0000] {logging_mixin.py:154} INFO - [2024-11-09T20:43:25.491+0000] {dagbag.py:536} INFO - Filling up the DagBag from /home/airflow/.local/lib/python3.8/site-packages/airflow/example_dags/example_setup_teardown_taskflow.py
[2024-11-09T20:43:25.497+0000] {processor.py:839} INFO - DAG(s) dict_keys(['example_setup_teardown_taskflow']) retrieved from /home/airflow/.local/lib/python3.8/site-packages/airflow/example_dags/example_setup_teardown_taskflow.py
[2024-11-09T20:43:25.555+0000] {logging_mixin.py:154} INFO - [2024-11-09T20:43:25.555+0000] {manager.py:499} INFO - Created Permission View: %s
[2024-11-09T20:43:25.563+0000] {logging_mixin.py:154} INFO - [2024-11-09T20:43:25.562+0000] {manager.py:499} INFO - Created Permission View: %s
[2024-11-09T20:43:25.567+0000] {logging_mixin.py:154} INFO - [2024-11-09T20:43:25.567+0000] {manager.py:499} INFO - Created Permission View: %s
[2024-11-09T20:43:25.568+0000] {logging_mixin.py:154} INFO - [2024-11-09T20:43:25.568+0000] {dag.py:2941} INFO - Sync 1 DAGs
[2024-11-09T20:43:25.577+0000] {logging_mixin.py:154} INFO - [2024-11-09T20:43:25.576+0000] {dag.py:2963} INFO - Creating ORM DAG for example_setup_teardown_taskflow
[2024-11-09T20:43:25.582+0000] {logging_mixin.py:154} INFO - [2024-11-09T20:43:25.582+0000] {dag.py:3722} INFO - Setting next_dagrun for example_setup_teardown_taskflow to 2024-11-08T20:43:25.582318+00:00, run_after=2024-11-09T20:43:25.582318+00:00
[2024-11-09T20:43:25.597+0000] {processor.py:179} INFO - Processing /home/airflow/.local/lib/python3.8/site-packages/airflow/example_dags/example_setup_teardown_taskflow.py took 0.111 seconds
[2024-11-09T20:43:55.840+0000] {processor.py:157} INFO - Started process (PID=442) to work on /home/airflow/.local/lib/python3.8/site-packages/airflow/example_dags/example_setup_teardown_taskflow.py
[2024-11-09T20:43:55.841+0000] {processor.py:829} INFO - Processing file /home/airflow/.local/lib/python3.8/site-packages/airflow/example_dags/example_setup_teardown_taskflow.py for tasks to queue
[2024-11-09T20:43:55.841+0000] {logging_mixin.py:154} INFO - [2024-11-09T20:43:55.841+0000] {dagbag.py:536} INFO - Filling up the DagBag from /home/airflow/.local/lib/python3.8/site-packages/airflow/example_dags/example_setup_teardown_taskflow.py
[2024-11-09T20:43:55.845+0000] {processor.py:839} INFO - DAG(s) dict_keys(['example_setup_teardown_taskflow']) retrieved from /home/airflow/.local/lib/python3.8/site-packages/airflow/example_dags/example_setup_teardown_taskflow.py
[2024-11-09T20:43:55.853+0000] {logging_mixin.py:154} INFO - [2024-11-09T20:43:55.853+0000] {dag.py:2941} INFO - Sync 1 DAGs
[2024-11-09T20:43:55.861+0000] {logging_mixin.py:154} INFO - [2024-11-09T20:43:55.861+0000] {dag.py:3722} INFO - Setting next_dagrun for example_setup_teardown_taskflow to 2024-11-08T20:43:55.861695+00:00, run_after=2024-11-09T20:43:55.861695+00:00
[2024-11-09T20:43:55.868+0000] {processor.py:179} INFO - Processing /home/airflow/.local/lib/python3.8/site-packages/airflow/example_dags/example_setup_teardown_taskflow.py took 0.029 seconds
[2024-11-09T20:44:26.299+0000] {processor.py:157} INFO - Started process (PID=680) to work on /home/airflow/.local/lib/python3.8/site-packages/airflow/example_dags/example_setup_teardown_taskflow.py
[2024-11-09T20:44:26.299+0000] {processor.py:829} INFO - Processing file /home/airflow/.local/lib/python3.8/site-packages/airflow/example_dags/example_setup_teardown_taskflow.py for tasks to queue
[2024-11-09T20:44:26.299+0000] {logging_mixin.py:154} INFO - [2024-11-09T20:44:26.299+0000] {dagbag.py:536} INFO - Filling up the DagBag from /home/airflow/.local/lib/python3.8/site-packages/airflow/example_dags/example_setup_teardown_taskflow.py
[2024-11-09T20:44:26.304+0000] {processor.py:839} INFO - DAG(s) dict_keys(['example_setup_teardown_taskflow']) retrieved from /home/airflow/.local/lib/python3.8/site-packages/airflow/example_dags/example_setup_teardown_taskflow.py
[2024-11-09T20:44:26.313+0000] {logging_mixin.py:154} INFO - [2024-11-09T20:44:26.313+0000] {dag.py:2941} INFO - Sync 1 DAGs
[2024-11-09T20:44:26.321+0000] {logging_mixin.py:154} INFO - [2024-11-09T20:44:26.320+0000] {dag.py:3722} INFO - Setting next_dagrun for example_setup_teardown_taskflow to 2024-11-08T20:44:26.320857+00:00, run_after=2024-11-09T20:44:26.320857+00:00
[2024-11-09T20:44:26.327+0000] {processor.py:179} INFO - Processing /home/airflow/.local/lib/python3.8/site-packages/airflow/example_dags/example_setup_teardown_taskflow.py took 0.030 seconds
[2024-11-09T20:44:56.762+0000] {processor.py:157} INFO - Started process (PID=918) to work on /home/airflow/.local/lib/python3.8/site-packages/airflow/example_dags/example_setup_teardown_taskflow.py
[2024-11-09T20:44:56.762+0000] {processor.py:829} INFO - Processing file /home/airflow/.local/lib/python3.8/site-packages/airflow/example_dags/example_setup_teardown_taskflow.py for tasks to queue
[2024-11-09T20:44:56.762+0000] {logging_mixin.py:154} INFO - [2024-11-09T20:44:56.762+0000] {dagbag.py:536} INFO - Filling up the DagBag from /home/airflow/.local/lib/python3.8/site-packages/airflow/example_dags/example_setup_teardown_taskflow.py
[2024-11-09T20:44:56.767+0000] {processor.py:839} INFO - DAG(s) dict_keys(['example_setup_teardown_taskflow']) retrieved from /home/airflow/.local/lib/python3.8/site-packages/airflow/example_dags/example_setup_teardown_taskflow.py
[2024-11-09T20:44:56.777+0000] {logging_mixin.py:154} INFO - [2024-11-09T20:44:56.777+0000] {dag.py:2941} INFO - Sync 1 DAGs
[2024-11-09T20:44:56.787+0000] {logging_mixin.py:154} INFO - [2024-11-09T20:44:56.787+0000] {dag.py:3722} INFO - Setting next_dagrun for example_setup_teardown_taskflow to 2024-11-08T20:44:56.786915+00:00, run_after=2024-11-09T20:44:56.786915+00:00
[2024-11-09T20:44:56.797+0000] {processor.py:179} INFO - Processing /home/airflow/.local/lib/python3.8/site-packages/airflow/example_dags/example_setup_teardown_taskflow.py took 0.037 seconds
[2024-11-09T20:45:27.196+0000] {processor.py:157} INFO - Started process (PID=1156) to work on /home/airflow/.local/lib/python3.8/site-packages/airflow/example_dags/example_setup_teardown_taskflow.py
[2024-11-09T20:45:27.197+0000] {processor.py:829} INFO - Processing file /home/airflow/.local/lib/python3.8/site-packages/airflow/example_dags/example_setup_teardown_taskflow.py for tasks to queue
[2024-11-09T20:45:27.197+0000] {logging_mixin.py:154} INFO - [2024-11-09T20:45:27.197+0000] {dagbag.py:536} INFO - Filling up the DagBag from /home/airflow/.local/lib/python3.8/site-packages/airflow/example_dags/example_setup_teardown_taskflow.py
[2024-11-09T20:45:27.201+0000] {processor.py:839} INFO - DAG(s) dict_keys(['example_setup_teardown_taskflow']) retrieved from /home/airflow/.local/lib/python3.8/site-packages/airflow/example_dags/example_setup_teardown_taskflow.py
[2024-11-09T20:45:27.210+0000] {logging_mixin.py:154} INFO - [2024-11-09T20:45:27.210+0000] {dag.py:2941} INFO - Sync 1 DAGs
[2024-11-09T20:45:27.218+0000] {logging_mixin.py:154} INFO - [2024-11-09T20:45:27.218+0000] {dag.py:3722} INFO - Setting next_dagrun for example_setup_teardown_taskflow to 2024-11-08T20:45:27.218098+00:00, run_after=2024-11-09T20:45:27.218098+00:00
[2024-11-09T20:45:27.224+0000] {processor.py:179} INFO - Processing /home/airflow/.local/lib/python3.8/site-packages/airflow/example_dags/example_setup_teardown_taskflow.py took 0.030 seconds
[2024-11-09T20:45:57.666+0000] {processor.py:157} INFO - Started process (PID=1394) to work on /home/airflow/.local/lib/python3.8/site-packages/airflow/example_dags/example_setup_teardown_taskflow.py
[2024-11-09T20:45:57.666+0000] {processor.py:829} INFO - Processing file /home/airflow/.local/lib/python3.8/site-packages/airflow/example_dags/example_setup_teardown_taskflow.py for tasks to queue
[2024-11-09T20:45:57.667+0000] {logging_mixin.py:154} INFO - [2024-11-09T20:45:57.667+0000] {dagbag.py:536} INFO - Filling up the DagBag from /home/airflow/.local/lib/python3.8/site-packages/airflow/example_dags/example_setup_teardown_taskflow.py
[2024-11-09T20:45:57.671+0000] {processor.py:839} INFO - DAG(s) dict_keys(['example_setup_teardown_taskflow']) retrieved from /home/airflow/.local/lib/python3.8/site-packages/airflow/example_dags/example_setup_teardown_taskflow.py
[2024-11-09T20:45:57.679+0000] {logging_mixin.py:154} INFO - [2024-11-09T20:45:57.679+0000] {dag.py:2941} INFO - Sync 1 DAGs
[2024-11-09T20:45:57.687+0000] {logging_mixin.py:154} INFO - [2024-11-09T20:45:57.687+0000] {dag.py:3722} INFO - Setting next_dagrun for example_setup_teardown_taskflow to 2024-11-08T20:45:57.687376+00:00, run_after=2024-11-09T20:45:57.687376+00:00
[2024-11-09T20:45:57.694+0000] {processor.py:179} INFO - Processing /home/airflow/.local/lib/python3.8/site-packages/airflow/example_dags/example_setup_teardown_taskflow.py took 0.029 seconds
[2024-11-09T20:46:28.010+0000] {processor.py:157} INFO - Started process (PID=1632) to work on /home/airflow/.local/lib/python3.8/site-packages/airflow/example_dags/example_setup_teardown_taskflow.py
[2024-11-09T20:46:28.010+0000] {processor.py:829} INFO - Processing file /home/airflow/.local/lib/python3.8/site-packages/airflow/example_dags/example_setup_teardown_taskflow.py for tasks to queue
[2024-11-09T20:46:28.010+0000] {logging_mixin.py:154} INFO - [2024-11-09T20:46:28.010+0000] {dagbag.py:536} INFO - Filling up the DagBag from /home/airflow/.local/lib/python3.8/site-packages/airflow/example_dags/example_setup_teardown_taskflow.py
[2024-11-09T20:46:28.016+0000] {processor.py:839} INFO - DAG(s) dict_keys(['example_setup_teardown_taskflow']) retrieved from /home/airflow/.local/lib/python3.8/site-packages/airflow/example_dags/example_setup_teardown_taskflow.py
[2024-11-09T20:46:28.028+0000] {logging_mixin.py:154} INFO - [2024-11-09T20:46:28.028+0000] {dag.py:2941} INFO - Sync 1 DAGs
[2024-11-09T20:46:28.037+0000] {logging_mixin.py:154} INFO - [2024-11-09T20:46:28.037+0000] {dag.py:3722} INFO - Setting next_dagrun for example_setup_teardown_taskflow to 2024-11-08T20:46:28.037496+00:00, run_after=2024-11-09T20:46:28.037496+00:00
[2024-11-09T20:46:28.046+0000] {processor.py:179} INFO - Processing /home/airflow/.local/lib/python3.8/site-packages/airflow/example_dags/example_setup_teardown_taskflow.py took 0.039 seconds
[2024-11-09T20:46:58.442+0000] {processor.py:157} INFO - Started process (PID=1870) to work on /home/airflow/.local/lib/python3.8/site-packages/airflow/example_dags/example_setup_teardown_taskflow.py
[2024-11-09T20:46:58.443+0000] {processor.py:829} INFO - Processing file /home/airflow/.local/lib/python3.8/site-packages/airflow/example_dags/example_setup_teardown_taskflow.py for tasks to queue
[2024-11-09T20:46:58.443+0000] {logging_mixin.py:154} INFO - [2024-11-09T20:46:58.443+0000] {dagbag.py:536} INFO - Filling up the DagBag from /home/airflow/.local/lib/python3.8/site-packages/airflow/example_dags/example_setup_teardown_taskflow.py
[2024-11-09T20:46:58.448+0000] {processor.py:839} INFO - DAG(s) dict_keys(['example_setup_teardown_taskflow']) retrieved from /home/airflow/.local/lib/python3.8/site-packages/airflow/example_dags/example_setup_teardown_taskflow.py
[2024-11-09T20:46:58.458+0000] {logging_mixin.py:154} INFO - [2024-11-09T20:46:58.458+0000] {dag.py:2941} INFO - Sync 1 DAGs
[2024-11-09T20:46:58.467+0000] {logging_mixin.py:154} INFO - [2024-11-09T20:46:58.466+0000] {dag.py:3722} INFO - Setting next_dagrun for example_setup_teardown_taskflow to 2024-11-08T20:46:58.466856+00:00, run_after=2024-11-09T20:46:58.466856+00:00
[2024-11-09T20:46:58.473+0000] {processor.py:179} INFO - Processing /home/airflow/.local/lib/python3.8/site-packages/airflow/example_dags/example_setup_teardown_taskflow.py took 0.032 seconds
[2024-11-09T20:47:28.832+0000] {processor.py:157} INFO - Started process (PID=2106) to work on /home/airflow/.local/lib/python3.8/site-packages/airflow/example_dags/example_setup_teardown_taskflow.py
[2024-11-09T20:47:28.832+0000] {processor.py:829} INFO - Processing file /home/airflow/.local/lib/python3.8/site-packages/airflow/example_dags/example_setup_teardown_taskflow.py for tasks to queue
[2024-11-09T20:47:28.832+0000] {logging_mixin.py:154} INFO - [2024-11-09T20:47:28.832+0000] {dagbag.py:536} INFO - Filling up the DagBag from /home/airflow/.local/lib/python3.8/site-packages/airflow/example_dags/example_setup_teardown_taskflow.py
[2024-11-09T20:47:28.837+0000] {processor.py:839} INFO - DAG(s) dict_keys(['example_setup_teardown_taskflow']) retrieved from /home/airflow/.local/lib/python3.8/site-packages/airflow/example_dags/example_setup_teardown_taskflow.py
[2024-11-09T20:47:28.846+0000] {logging_mixin.py:154} INFO - [2024-11-09T20:47:28.845+0000] {dag.py:2941} INFO - Sync 1 DAGs
[2024-11-09T20:47:28.854+0000] {logging_mixin.py:154} INFO - [2024-11-09T20:47:28.854+0000] {dag.py:3722} INFO - Setting next_dagrun for example_setup_teardown_taskflow to 2024-11-08T20:47:28.854223+00:00, run_after=2024-11-09T20:47:28.854223+00:00
[2024-11-09T20:47:28.861+0000] {processor.py:179} INFO - Processing /home/airflow/.local/lib/python3.8/site-packages/airflow/example_dags/example_setup_teardown_taskflow.py took 0.031 seconds
