[2024-11-09T20:43:26.085+0000] {processor.py:157} INFO - Started process (PID=242) to work on /home/airflow/.local/lib/python3.8/site-packages/airflow/example_dags/example_task_group_decorator.py
[2024-11-09T20:43:26.087+0000] {processor.py:829} INFO - Processing file /home/airflow/.local/lib/python3.8/site-packages/airflow/example_dags/example_task_group_decorator.py for tasks to queue
[2024-11-09T20:43:26.087+0000] {logging_mixin.py:154} INFO - [2024-11-09T20:43:26.087+0000] {dagbag.py:536} INFO - Filling up the DagBag from /home/airflow/.local/lib/python3.8/site-packages/airflow/example_dags/example_task_group_decorator.py
[2024-11-09T20:43:26.099+0000] {processor.py:839} INFO - DAG(s) dict_keys(['example_task_group_decorator']) retrieved from /home/airflow/.local/lib/python3.8/site-packages/airflow/example_dags/example_task_group_decorator.py
[2024-11-09T20:43:26.164+0000] {logging_mixin.py:154} INFO - [2024-11-09T20:43:26.164+0000] {manager.py:499} INFO - Created Permission View: %s
[2024-11-09T20:43:26.172+0000] {logging_mixin.py:154} INFO - [2024-11-09T20:43:26.171+0000] {manager.py:499} INFO - Created Permission View: %s
[2024-11-09T20:43:26.174+0000] {logging_mixin.py:154} INFO - [2024-11-09T20:43:26.174+0000] {manager.py:499} INFO - Created Permission View: %s
[2024-11-09T20:43:26.174+0000] {logging_mixin.py:154} INFO - [2024-11-09T20:43:26.174+0000] {dag.py:2941} INFO - Sync 1 DAGs
[2024-11-09T20:43:26.179+0000] {logging_mixin.py:154} INFO - [2024-11-09T20:43:26.179+0000] {dag.py:2963} INFO - Creating ORM DAG for example_task_group_decorator
[2024-11-09T20:43:26.183+0000] {logging_mixin.py:154} INFO - [2024-11-09T20:43:26.183+0000] {dag.py:3722} INFO - Setting next_dagrun for example_task_group_decorator to 2024-11-08T20:43:26.182910+00:00, run_after=2024-11-09T20:43:26.182910+00:00
[2024-11-09T20:43:26.195+0000] {processor.py:179} INFO - Processing /home/airflow/.local/lib/python3.8/site-packages/airflow/example_dags/example_task_group_decorator.py took 0.111 seconds
[2024-11-09T20:43:57.091+0000] {processor.py:157} INFO - Started process (PID=482) to work on /home/airflow/.local/lib/python3.8/site-packages/airflow/example_dags/example_task_group_decorator.py
[2024-11-09T20:43:57.092+0000] {processor.py:829} INFO - Processing file /home/airflow/.local/lib/python3.8/site-packages/airflow/example_dags/example_task_group_decorator.py for tasks to queue
[2024-11-09T20:43:57.092+0000] {logging_mixin.py:154} INFO - [2024-11-09T20:43:57.092+0000] {dagbag.py:536} INFO - Filling up the DagBag from /home/airflow/.local/lib/python3.8/site-packages/airflow/example_dags/example_task_group_decorator.py
[2024-11-09T20:43:57.098+0000] {processor.py:839} INFO - DAG(s) dict_keys(['example_task_group_decorator']) retrieved from /home/airflow/.local/lib/python3.8/site-packages/airflow/example_dags/example_task_group_decorator.py
[2024-11-09T20:43:57.109+0000] {logging_mixin.py:154} INFO - [2024-11-09T20:43:57.108+0000] {dag.py:2941} INFO - Sync 1 DAGs
[2024-11-09T20:43:57.118+0000] {logging_mixin.py:154} INFO - [2024-11-09T20:43:57.118+0000] {dag.py:3722} INFO - Setting next_dagrun for example_task_group_decorator to 2024-11-08T20:43:57.117931+00:00, run_after=2024-11-09T20:43:57.117931+00:00
[2024-11-09T20:43:57.125+0000] {processor.py:179} INFO - Processing /home/airflow/.local/lib/python3.8/site-packages/airflow/example_dags/example_task_group_decorator.py took 0.035 seconds
[2024-11-09T20:44:27.561+0000] {processor.py:157} INFO - Started process (PID=720) to work on /home/airflow/.local/lib/python3.8/site-packages/airflow/example_dags/example_task_group_decorator.py
[2024-11-09T20:44:27.561+0000] {processor.py:829} INFO - Processing file /home/airflow/.local/lib/python3.8/site-packages/airflow/example_dags/example_task_group_decorator.py for tasks to queue
[2024-11-09T20:44:27.562+0000] {logging_mixin.py:154} INFO - [2024-11-09T20:44:27.561+0000] {dagbag.py:536} INFO - Filling up the DagBag from /home/airflow/.local/lib/python3.8/site-packages/airflow/example_dags/example_task_group_decorator.py
[2024-11-09T20:44:27.568+0000] {processor.py:839} INFO - DAG(s) dict_keys(['example_task_group_decorator']) retrieved from /home/airflow/.local/lib/python3.8/site-packages/airflow/example_dags/example_task_group_decorator.py
[2024-11-09T20:44:27.579+0000] {logging_mixin.py:154} INFO - [2024-11-09T20:44:27.579+0000] {dag.py:2941} INFO - Sync 1 DAGs
[2024-11-09T20:44:27.592+0000] {logging_mixin.py:154} INFO - [2024-11-09T20:44:27.592+0000] {dag.py:3722} INFO - Setting next_dagrun for example_task_group_decorator to 2024-11-08T20:44:27.591940+00:00, run_after=2024-11-09T20:44:27.591940+00:00
[2024-11-09T20:44:27.602+0000] {processor.py:179} INFO - Processing /home/airflow/.local/lib/python3.8/site-packages/airflow/example_dags/example_task_group_decorator.py took 0.042 seconds
[2024-11-09T20:44:57.977+0000] {processor.py:157} INFO - Started process (PID=958) to work on /home/airflow/.local/lib/python3.8/site-packages/airflow/example_dags/example_task_group_decorator.py
[2024-11-09T20:44:57.978+0000] {processor.py:829} INFO - Processing file /home/airflow/.local/lib/python3.8/site-packages/airflow/example_dags/example_task_group_decorator.py for tasks to queue
[2024-11-09T20:44:57.978+0000] {logging_mixin.py:154} INFO - [2024-11-09T20:44:57.978+0000] {dagbag.py:536} INFO - Filling up the DagBag from /home/airflow/.local/lib/python3.8/site-packages/airflow/example_dags/example_task_group_decorator.py
[2024-11-09T20:44:57.985+0000] {processor.py:839} INFO - DAG(s) dict_keys(['example_task_group_decorator']) retrieved from /home/airflow/.local/lib/python3.8/site-packages/airflow/example_dags/example_task_group_decorator.py
[2024-11-09T20:44:57.997+0000] {logging_mixin.py:154} INFO - [2024-11-09T20:44:57.997+0000] {dag.py:2941} INFO - Sync 1 DAGs
[2024-11-09T20:44:58.005+0000] {logging_mixin.py:154} INFO - [2024-11-09T20:44:58.005+0000] {dag.py:3722} INFO - Setting next_dagrun for example_task_group_decorator to 2024-11-08T20:44:58.005239+00:00, run_after=2024-11-09T20:44:58.005239+00:00
[2024-11-09T20:44:58.011+0000] {processor.py:179} INFO - Processing /home/airflow/.local/lib/python3.8/site-packages/airflow/example_dags/example_task_group_decorator.py took 0.035 seconds
[2024-11-09T20:45:28.435+0000] {processor.py:157} INFO - Started process (PID=1196) to work on /home/airflow/.local/lib/python3.8/site-packages/airflow/example_dags/example_task_group_decorator.py
[2024-11-09T20:45:28.435+0000] {processor.py:829} INFO - Processing file /home/airflow/.local/lib/python3.8/site-packages/airflow/example_dags/example_task_group_decorator.py for tasks to queue
[2024-11-09T20:45:28.435+0000] {logging_mixin.py:154} INFO - [2024-11-09T20:45:28.435+0000] {dagbag.py:536} INFO - Filling up the DagBag from /home/airflow/.local/lib/python3.8/site-packages/airflow/example_dags/example_task_group_decorator.py
[2024-11-09T20:45:28.442+0000] {processor.py:839} INFO - DAG(s) dict_keys(['example_task_group_decorator']) retrieved from /home/airflow/.local/lib/python3.8/site-packages/airflow/example_dags/example_task_group_decorator.py
[2024-11-09T20:45:28.451+0000] {logging_mixin.py:154} INFO - [2024-11-09T20:45:28.451+0000] {dag.py:2941} INFO - Sync 1 DAGs
[2024-11-09T20:45:28.460+0000] {logging_mixin.py:154} INFO - [2024-11-09T20:45:28.460+0000] {dag.py:3722} INFO - Setting next_dagrun for example_task_group_decorator to 2024-11-08T20:45:28.459917+00:00, run_after=2024-11-09T20:45:28.459917+00:00
[2024-11-09T20:45:28.466+0000] {processor.py:179} INFO - Processing /home/airflow/.local/lib/python3.8/site-packages/airflow/example_dags/example_task_group_decorator.py took 0.032 seconds
[2024-11-09T20:45:58.903+0000] {processor.py:157} INFO - Started process (PID=1434) to work on /home/airflow/.local/lib/python3.8/site-packages/airflow/example_dags/example_task_group_decorator.py
[2024-11-09T20:45:58.904+0000] {processor.py:829} INFO - Processing file /home/airflow/.local/lib/python3.8/site-packages/airflow/example_dags/example_task_group_decorator.py for tasks to queue
[2024-11-09T20:45:58.904+0000] {logging_mixin.py:154} INFO - [2024-11-09T20:45:58.904+0000] {dagbag.py:536} INFO - Filling up the DagBag from /home/airflow/.local/lib/python3.8/site-packages/airflow/example_dags/example_task_group_decorator.py
[2024-11-09T20:45:58.910+0000] {processor.py:839} INFO - DAG(s) dict_keys(['example_task_group_decorator']) retrieved from /home/airflow/.local/lib/python3.8/site-packages/airflow/example_dags/example_task_group_decorator.py
[2024-11-09T20:45:58.920+0000] {logging_mixin.py:154} INFO - [2024-11-09T20:45:58.920+0000] {dag.py:2941} INFO - Sync 1 DAGs
[2024-11-09T20:45:58.928+0000] {logging_mixin.py:154} INFO - [2024-11-09T20:45:58.928+0000] {dag.py:3722} INFO - Setting next_dagrun for example_task_group_decorator to 2024-11-08T20:45:58.928621+00:00, run_after=2024-11-09T20:45:58.928621+00:00
[2024-11-09T20:45:58.935+0000] {processor.py:179} INFO - Processing /home/airflow/.local/lib/python3.8/site-packages/airflow/example_dags/example_task_group_decorator.py took 0.034 seconds
[2024-11-09T20:46:29.237+0000] {processor.py:157} INFO - Started process (PID=1672) to work on /home/airflow/.local/lib/python3.8/site-packages/airflow/example_dags/example_task_group_decorator.py
[2024-11-09T20:46:29.237+0000] {processor.py:829} INFO - Processing file /home/airflow/.local/lib/python3.8/site-packages/airflow/example_dags/example_task_group_decorator.py for tasks to queue
[2024-11-09T20:46:29.237+0000] {logging_mixin.py:154} INFO - [2024-11-09T20:46:29.237+0000] {dagbag.py:536} INFO - Filling up the DagBag from /home/airflow/.local/lib/python3.8/site-packages/airflow/example_dags/example_task_group_decorator.py
[2024-11-09T20:46:29.244+0000] {processor.py:839} INFO - DAG(s) dict_keys(['example_task_group_decorator']) retrieved from /home/airflow/.local/lib/python3.8/site-packages/airflow/example_dags/example_task_group_decorator.py
[2024-11-09T20:46:29.256+0000] {logging_mixin.py:154} INFO - [2024-11-09T20:46:29.256+0000] {dag.py:2941} INFO - Sync 1 DAGs
[2024-11-09T20:46:29.269+0000] {logging_mixin.py:154} INFO - [2024-11-09T20:46:29.268+0000] {dag.py:3722} INFO - Setting next_dagrun for example_task_group_decorator to 2024-11-08T20:46:29.268863+00:00, run_after=2024-11-09T20:46:29.268863+00:00
[2024-11-09T20:46:29.277+0000] {processor.py:179} INFO - Processing /home/airflow/.local/lib/python3.8/site-packages/airflow/example_dags/example_task_group_decorator.py took 0.042 seconds
[2024-11-09T20:46:59.670+0000] {processor.py:157} INFO - Started process (PID=1908) to work on /home/airflow/.local/lib/python3.8/site-packages/airflow/example_dags/example_task_group_decorator.py
[2024-11-09T20:46:59.672+0000] {processor.py:829} INFO - Processing file /home/airflow/.local/lib/python3.8/site-packages/airflow/example_dags/example_task_group_decorator.py for tasks to queue
[2024-11-09T20:46:59.672+0000] {logging_mixin.py:154} INFO - [2024-11-09T20:46:59.672+0000] {dagbag.py:536} INFO - Filling up the DagBag from /home/airflow/.local/lib/python3.8/site-packages/airflow/example_dags/example_task_group_decorator.py
[2024-11-09T20:46:59.679+0000] {processor.py:839} INFO - DAG(s) dict_keys(['example_task_group_decorator']) retrieved from /home/airflow/.local/lib/python3.8/site-packages/airflow/example_dags/example_task_group_decorator.py
[2024-11-09T20:46:59.690+0000] {logging_mixin.py:154} INFO - [2024-11-09T20:46:59.690+0000] {dag.py:2941} INFO - Sync 1 DAGs
[2024-11-09T20:46:59.699+0000] {logging_mixin.py:154} INFO - [2024-11-09T20:46:59.699+0000] {dag.py:3722} INFO - Setting next_dagrun for example_task_group_decorator to 2024-11-08T20:46:59.698940+00:00, run_after=2024-11-09T20:46:59.698940+00:00
[2024-11-09T20:46:59.708+0000] {processor.py:179} INFO - Processing /home/airflow/.local/lib/python3.8/site-packages/airflow/example_dags/example_task_group_decorator.py took 0.039 seconds
[2024-11-09T20:47:30.072+0000] {processor.py:157} INFO - Started process (PID=2148) to work on /home/airflow/.local/lib/python3.8/site-packages/airflow/example_dags/example_task_group_decorator.py
[2024-11-09T20:47:30.072+0000] {processor.py:829} INFO - Processing file /home/airflow/.local/lib/python3.8/site-packages/airflow/example_dags/example_task_group_decorator.py for tasks to queue
[2024-11-09T20:47:30.073+0000] {logging_mixin.py:154} INFO - [2024-11-09T20:47:30.073+0000] {dagbag.py:536} INFO - Filling up the DagBag from /home/airflow/.local/lib/python3.8/site-packages/airflow/example_dags/example_task_group_decorator.py
[2024-11-09T20:47:30.079+0000] {processor.py:839} INFO - DAG(s) dict_keys(['example_task_group_decorator']) retrieved from /home/airflow/.local/lib/python3.8/site-packages/airflow/example_dags/example_task_group_decorator.py
[2024-11-09T20:47:30.090+0000] {logging_mixin.py:154} INFO - [2024-11-09T20:47:30.090+0000] {dag.py:2941} INFO - Sync 1 DAGs
[2024-11-09T20:47:30.099+0000] {logging_mixin.py:154} INFO - [2024-11-09T20:47:30.099+0000] {dag.py:3722} INFO - Setting next_dagrun for example_task_group_decorator to 2024-11-08T20:47:30.099093+00:00, run_after=2024-11-09T20:47:30.099093+00:00
[2024-11-09T20:47:30.105+0000] {processor.py:179} INFO - Processing /home/airflow/.local/lib/python3.8/site-packages/airflow/example_dags/example_task_group_decorator.py took 0.035 seconds
