[2024-11-09T20:43:26.681+0000] {processor.py:157} INFO - Started process (PID=297) to work on /home/airflow/.local/lib/python3.8/site-packages/airflow/example_dags/tutorial_taskflow_api_virtualenv.py
[2024-11-09T20:43:26.682+0000] {processor.py:829} INFO - Processing file /home/airflow/.local/lib/python3.8/site-packages/airflow/example_dags/tutorial_taskflow_api_virtualenv.py for tasks to queue
[2024-11-09T20:43:26.682+0000] {logging_mixin.py:154} INFO - [2024-11-09T20:43:26.682+0000] {dagbag.py:536} INFO - Filling up the DagBag from /home/airflow/.local/lib/python3.8/site-packages/airflow/example_dags/tutorial_taskflow_api_virtualenv.py
[2024-11-09T20:43:26.690+0000] {processor.py:839} INFO - DAG(s) dict_keys(['tutorial_taskflow_api_virtualenv']) retrieved from /home/airflow/.local/lib/python3.8/site-packages/airflow/example_dags/tutorial_taskflow_api_virtualenv.py
[2024-11-09T20:43:26.745+0000] {logging_mixin.py:154} INFO - [2024-11-09T20:43:26.745+0000] {manager.py:499} INFO - Created Permission View: %s
[2024-11-09T20:43:26.750+0000] {logging_mixin.py:154} INFO - [2024-11-09T20:43:26.750+0000] {manager.py:499} INFO - Created Permission View: %s
[2024-11-09T20:43:26.755+0000] {logging_mixin.py:154} INFO - [2024-11-09T20:43:26.755+0000] {manager.py:499} INFO - Created Permission View: %s
[2024-11-09T20:43:26.755+0000] {logging_mixin.py:154} INFO - [2024-11-09T20:43:26.755+0000] {dag.py:2941} INFO - Sync 1 DAGs
[2024-11-09T20:43:26.761+0000] {logging_mixin.py:154} INFO - [2024-11-09T20:43:26.761+0000] {dag.py:2963} INFO - Creating ORM DAG for tutorial_taskflow_api_virtualenv
[2024-11-09T20:43:26.762+0000] {logging_mixin.py:154} INFO - [2024-11-09T20:43:26.762+0000] {dag.py:3722} INFO - Setting next_dagrun for tutorial_taskflow_api_virtualenv to None, run_after=None
[2024-11-09T20:43:26.774+0000] {processor.py:179} INFO - Processing /home/airflow/.local/lib/python3.8/site-packages/airflow/example_dags/tutorial_taskflow_api_virtualenv.py took 0.095 seconds
[2024-11-09T20:43:57.407+0000] {processor.py:157} INFO - Started process (PID=537) to work on /home/airflow/.local/lib/python3.8/site-packages/airflow/example_dags/tutorial_taskflow_api_virtualenv.py
[2024-11-09T20:43:57.407+0000] {processor.py:829} INFO - Processing file /home/airflow/.local/lib/python3.8/site-packages/airflow/example_dags/tutorial_taskflow_api_virtualenv.py for tasks to queue
[2024-11-09T20:43:57.408+0000] {logging_mixin.py:154} INFO - [2024-11-09T20:43:57.407+0000] {dagbag.py:536} INFO - Filling up the DagBag from /home/airflow/.local/lib/python3.8/site-packages/airflow/example_dags/tutorial_taskflow_api_virtualenv.py
[2024-11-09T20:43:57.411+0000] {processor.py:839} INFO - DAG(s) dict_keys(['tutorial_taskflow_api_virtualenv']) retrieved from /home/airflow/.local/lib/python3.8/site-packages/airflow/example_dags/tutorial_taskflow_api_virtualenv.py
[2024-11-09T20:43:57.422+0000] {logging_mixin.py:154} INFO - [2024-11-09T20:43:57.422+0000] {dag.py:2941} INFO - Sync 1 DAGs
[2024-11-09T20:43:57.427+0000] {logging_mixin.py:154} INFO - [2024-11-09T20:43:57.427+0000] {dag.py:3722} INFO - Setting next_dagrun for tutorial_taskflow_api_virtualenv to None, run_after=None
[2024-11-09T20:43:57.435+0000] {processor.py:179} INFO - Processing /home/airflow/.local/lib/python3.8/site-packages/airflow/example_dags/tutorial_taskflow_api_virtualenv.py took 0.030 seconds
[2024-11-09T20:44:27.847+0000] {processor.py:157} INFO - Started process (PID=773) to work on /home/airflow/.local/lib/python3.8/site-packages/airflow/example_dags/tutorial_taskflow_api_virtualenv.py
[2024-11-09T20:44:27.849+0000] {processor.py:829} INFO - Processing file /home/airflow/.local/lib/python3.8/site-packages/airflow/example_dags/tutorial_taskflow_api_virtualenv.py for tasks to queue
[2024-11-09T20:44:27.850+0000] {logging_mixin.py:154} INFO - [2024-11-09T20:44:27.850+0000] {dagbag.py:536} INFO - Filling up the DagBag from /home/airflow/.local/lib/python3.8/site-packages/airflow/example_dags/tutorial_taskflow_api_virtualenv.py
[2024-11-09T20:44:27.853+0000] {processor.py:839} INFO - DAG(s) dict_keys(['tutorial_taskflow_api_virtualenv']) retrieved from /home/airflow/.local/lib/python3.8/site-packages/airflow/example_dags/tutorial_taskflow_api_virtualenv.py
[2024-11-09T20:44:27.862+0000] {logging_mixin.py:154} INFO - [2024-11-09T20:44:27.862+0000] {dag.py:2941} INFO - Sync 1 DAGs
[2024-11-09T20:44:27.871+0000] {logging_mixin.py:154} INFO - [2024-11-09T20:44:27.871+0000] {dag.py:3722} INFO - Setting next_dagrun for tutorial_taskflow_api_virtualenv to None, run_after=None
[2024-11-09T20:44:27.878+0000] {processor.py:179} INFO - Processing /home/airflow/.local/lib/python3.8/site-packages/airflow/example_dags/tutorial_taskflow_api_virtualenv.py took 0.032 seconds
[2024-11-09T20:44:58.272+0000] {processor.py:157} INFO - Started process (PID=1011) to work on /home/airflow/.local/lib/python3.8/site-packages/airflow/example_dags/tutorial_taskflow_api_virtualenv.py
[2024-11-09T20:44:58.275+0000] {processor.py:829} INFO - Processing file /home/airflow/.local/lib/python3.8/site-packages/airflow/example_dags/tutorial_taskflow_api_virtualenv.py for tasks to queue
[2024-11-09T20:44:58.276+0000] {logging_mixin.py:154} INFO - [2024-11-09T20:44:58.276+0000] {dagbag.py:536} INFO - Filling up the DagBag from /home/airflow/.local/lib/python3.8/site-packages/airflow/example_dags/tutorial_taskflow_api_virtualenv.py
[2024-11-09T20:44:58.279+0000] {processor.py:839} INFO - DAG(s) dict_keys(['tutorial_taskflow_api_virtualenv']) retrieved from /home/airflow/.local/lib/python3.8/site-packages/airflow/example_dags/tutorial_taskflow_api_virtualenv.py
[2024-11-09T20:44:58.291+0000] {logging_mixin.py:154} INFO - [2024-11-09T20:44:58.291+0000] {dag.py:2941} INFO - Sync 1 DAGs
[2024-11-09T20:44:58.297+0000] {logging_mixin.py:154} INFO - [2024-11-09T20:44:58.297+0000] {dag.py:3722} INFO - Setting next_dagrun for tutorial_taskflow_api_virtualenv to None, run_after=None
[2024-11-09T20:44:58.306+0000] {processor.py:179} INFO - Processing /home/airflow/.local/lib/python3.8/site-packages/airflow/example_dags/tutorial_taskflow_api_virtualenv.py took 0.035 seconds
[2024-11-09T20:45:28.730+0000] {processor.py:157} INFO - Started process (PID=1251) to work on /home/airflow/.local/lib/python3.8/site-packages/airflow/example_dags/tutorial_taskflow_api_virtualenv.py
[2024-11-09T20:45:28.730+0000] {processor.py:829} INFO - Processing file /home/airflow/.local/lib/python3.8/site-packages/airflow/example_dags/tutorial_taskflow_api_virtualenv.py for tasks to queue
[2024-11-09T20:45:28.730+0000] {logging_mixin.py:154} INFO - [2024-11-09T20:45:28.730+0000] {dagbag.py:536} INFO - Filling up the DagBag from /home/airflow/.local/lib/python3.8/site-packages/airflow/example_dags/tutorial_taskflow_api_virtualenv.py
[2024-11-09T20:45:28.733+0000] {processor.py:839} INFO - DAG(s) dict_keys(['tutorial_taskflow_api_virtualenv']) retrieved from /home/airflow/.local/lib/python3.8/site-packages/airflow/example_dags/tutorial_taskflow_api_virtualenv.py
[2024-11-09T20:45:28.742+0000] {logging_mixin.py:154} INFO - [2024-11-09T20:45:28.742+0000] {dag.py:2941} INFO - Sync 1 DAGs
[2024-11-09T20:45:28.746+0000] {logging_mixin.py:154} INFO - [2024-11-09T20:45:28.746+0000] {dag.py:3722} INFO - Setting next_dagrun for tutorial_taskflow_api_virtualenv to None, run_after=None
[2024-11-09T20:45:28.753+0000] {processor.py:179} INFO - Processing /home/airflow/.local/lib/python3.8/site-packages/airflow/example_dags/tutorial_taskflow_api_virtualenv.py took 0.025 seconds
[2024-11-09T20:45:59.195+0000] {processor.py:157} INFO - Started process (PID=1488) to work on /home/airflow/.local/lib/python3.8/site-packages/airflow/example_dags/tutorial_taskflow_api_virtualenv.py
[2024-11-09T20:45:59.196+0000] {processor.py:829} INFO - Processing file /home/airflow/.local/lib/python3.8/site-packages/airflow/example_dags/tutorial_taskflow_api_virtualenv.py for tasks to queue
[2024-11-09T20:45:59.196+0000] {logging_mixin.py:154} INFO - [2024-11-09T20:45:59.196+0000] {dagbag.py:536} INFO - Filling up the DagBag from /home/airflow/.local/lib/python3.8/site-packages/airflow/example_dags/tutorial_taskflow_api_virtualenv.py
[2024-11-09T20:45:59.199+0000] {processor.py:839} INFO - DAG(s) dict_keys(['tutorial_taskflow_api_virtualenv']) retrieved from /home/airflow/.local/lib/python3.8/site-packages/airflow/example_dags/tutorial_taskflow_api_virtualenv.py
[2024-11-09T20:45:59.210+0000] {logging_mixin.py:154} INFO - [2024-11-09T20:45:59.210+0000] {dag.py:2941} INFO - Sync 1 DAGs
[2024-11-09T20:45:59.215+0000] {logging_mixin.py:154} INFO - [2024-11-09T20:45:59.215+0000] {dag.py:3722} INFO - Setting next_dagrun for tutorial_taskflow_api_virtualenv to None, run_after=None
[2024-11-09T20:45:59.223+0000] {processor.py:179} INFO - Processing /home/airflow/.local/lib/python3.8/site-packages/airflow/example_dags/tutorial_taskflow_api_virtualenv.py took 0.029 seconds
[2024-11-09T20:46:29.538+0000] {processor.py:157} INFO - Started process (PID=1727) to work on /home/airflow/.local/lib/python3.8/site-packages/airflow/example_dags/tutorial_taskflow_api_virtualenv.py
[2024-11-09T20:46:29.539+0000] {processor.py:829} INFO - Processing file /home/airflow/.local/lib/python3.8/site-packages/airflow/example_dags/tutorial_taskflow_api_virtualenv.py for tasks to queue
[2024-11-09T20:46:29.539+0000] {logging_mixin.py:154} INFO - [2024-11-09T20:46:29.539+0000] {dagbag.py:536} INFO - Filling up the DagBag from /home/airflow/.local/lib/python3.8/site-packages/airflow/example_dags/tutorial_taskflow_api_virtualenv.py
[2024-11-09T20:46:29.542+0000] {processor.py:839} INFO - DAG(s) dict_keys(['tutorial_taskflow_api_virtualenv']) retrieved from /home/airflow/.local/lib/python3.8/site-packages/airflow/example_dags/tutorial_taskflow_api_virtualenv.py
[2024-11-09T20:46:29.550+0000] {logging_mixin.py:154} INFO - [2024-11-09T20:46:29.550+0000] {dag.py:2941} INFO - Sync 1 DAGs
[2024-11-09T20:46:29.555+0000] {logging_mixin.py:154} INFO - [2024-11-09T20:46:29.555+0000] {dag.py:3722} INFO - Setting next_dagrun for tutorial_taskflow_api_virtualenv to None, run_after=None
[2024-11-09T20:46:29.561+0000] {processor.py:179} INFO - Processing /home/airflow/.local/lib/python3.8/site-packages/airflow/example_dags/tutorial_taskflow_api_virtualenv.py took 0.024 seconds
[2024-11-09T20:46:59.936+0000] {processor.py:157} INFO - Started process (PID=1963) to work on /home/airflow/.local/lib/python3.8/site-packages/airflow/example_dags/tutorial_taskflow_api_virtualenv.py
[2024-11-09T20:46:59.937+0000] {processor.py:829} INFO - Processing file /home/airflow/.local/lib/python3.8/site-packages/airflow/example_dags/tutorial_taskflow_api_virtualenv.py for tasks to queue
[2024-11-09T20:46:59.937+0000] {logging_mixin.py:154} INFO - [2024-11-09T20:46:59.937+0000] {dagbag.py:536} INFO - Filling up the DagBag from /home/airflow/.local/lib/python3.8/site-packages/airflow/example_dags/tutorial_taskflow_api_virtualenv.py
[2024-11-09T20:46:59.940+0000] {processor.py:839} INFO - DAG(s) dict_keys(['tutorial_taskflow_api_virtualenv']) retrieved from /home/airflow/.local/lib/python3.8/site-packages/airflow/example_dags/tutorial_taskflow_api_virtualenv.py
[2024-11-09T20:46:59.949+0000] {logging_mixin.py:154} INFO - [2024-11-09T20:46:59.949+0000] {dag.py:2941} INFO - Sync 1 DAGs
[2024-11-09T20:46:59.955+0000] {logging_mixin.py:154} INFO - [2024-11-09T20:46:59.955+0000] {dag.py:3722} INFO - Setting next_dagrun for tutorial_taskflow_api_virtualenv to None, run_after=None
[2024-11-09T20:46:59.963+0000] {processor.py:179} INFO - Processing /home/airflow/.local/lib/python3.8/site-packages/airflow/example_dags/tutorial_taskflow_api_virtualenv.py took 0.029 seconds
[2024-11-09T20:47:30.336+0000] {processor.py:157} INFO - Started process (PID=2201) to work on /home/airflow/.local/lib/python3.8/site-packages/airflow/example_dags/tutorial_taskflow_api_virtualenv.py
[2024-11-09T20:47:30.339+0000] {processor.py:829} INFO - Processing file /home/airflow/.local/lib/python3.8/site-packages/airflow/example_dags/tutorial_taskflow_api_virtualenv.py for tasks to queue
[2024-11-09T20:47:30.340+0000] {logging_mixin.py:154} INFO - [2024-11-09T20:47:30.339+0000] {dagbag.py:536} INFO - Filling up the DagBag from /home/airflow/.local/lib/python3.8/site-packages/airflow/example_dags/tutorial_taskflow_api_virtualenv.py
[2024-11-09T20:47:30.343+0000] {processor.py:839} INFO - DAG(s) dict_keys(['tutorial_taskflow_api_virtualenv']) retrieved from /home/airflow/.local/lib/python3.8/site-packages/airflow/example_dags/tutorial_taskflow_api_virtualenv.py
[2024-11-09T20:47:30.353+0000] {logging_mixin.py:154} INFO - [2024-11-09T20:47:30.353+0000] {dag.py:2941} INFO - Sync 1 DAGs
[2024-11-09T20:47:30.359+0000] {logging_mixin.py:154} INFO - [2024-11-09T20:47:30.359+0000] {dag.py:3722} INFO - Setting next_dagrun for tutorial_taskflow_api_virtualenv to None, run_after=None
[2024-11-09T20:47:30.366+0000] {processor.py:179} INFO - Processing /home/airflow/.local/lib/python3.8/site-packages/airflow/example_dags/tutorial_taskflow_api_virtualenv.py took 0.032 seconds
