[2024-11-09T20:43:26.590+0000] {processor.py:157} INFO - Started process (PID=287) to work on /home/airflow/.local/lib/python3.8/site-packages/airflow/example_dags/tutorial_taskflow_api.py
[2024-11-09T20:43:26.590+0000] {processor.py:829} INFO - Processing file /home/airflow/.local/lib/python3.8/site-packages/airflow/example_dags/tutorial_taskflow_api.py for tasks to queue
[2024-11-09T20:43:26.591+0000] {logging_mixin.py:154} INFO - [2024-11-09T20:43:26.591+0000] {dagbag.py:536} INFO - Filling up the DagBag from /home/airflow/.local/lib/python3.8/site-packages/airflow/example_dags/tutorial_taskflow_api.py
[2024-11-09T20:43:26.596+0000] {processor.py:839} INFO - DAG(s) dict_keys(['tutorial_taskflow_api']) retrieved from /home/airflow/.local/lib/python3.8/site-packages/airflow/example_dags/tutorial_taskflow_api.py
[2024-11-09T20:43:26.650+0000] {logging_mixin.py:154} INFO - [2024-11-09T20:43:26.650+0000] {manager.py:499} INFO - Created Permission View: %s
[2024-11-09T20:43:26.654+0000] {logging_mixin.py:154} INFO - [2024-11-09T20:43:26.654+0000] {manager.py:499} INFO - Created Permission View: %s
[2024-11-09T20:43:26.657+0000] {logging_mixin.py:154} INFO - [2024-11-09T20:43:26.656+0000] {manager.py:499} INFO - Created Permission View: %s
[2024-11-09T20:43:26.657+0000] {logging_mixin.py:154} INFO - [2024-11-09T20:43:26.657+0000] {dag.py:2941} INFO - Sync 1 DAGs
[2024-11-09T20:43:26.662+0000] {logging_mixin.py:154} INFO - [2024-11-09T20:43:26.662+0000] {dag.py:2963} INFO - Creating ORM DAG for tutorial_taskflow_api
[2024-11-09T20:43:26.662+0000] {logging_mixin.py:154} INFO - [2024-11-09T20:43:26.662+0000] {dag.py:3722} INFO - Setting next_dagrun for tutorial_taskflow_api to None, run_after=None
[2024-11-09T20:43:26.668+0000] {processor.py:179} INFO - Processing /home/airflow/.local/lib/python3.8/site-packages/airflow/example_dags/tutorial_taskflow_api.py took 0.080 seconds
[2024-11-09T20:43:57.365+0000] {processor.py:157} INFO - Started process (PID=527) to work on /home/airflow/.local/lib/python3.8/site-packages/airflow/example_dags/tutorial_taskflow_api.py
[2024-11-09T20:43:57.365+0000] {processor.py:829} INFO - Processing file /home/airflow/.local/lib/python3.8/site-packages/airflow/example_dags/tutorial_taskflow_api.py for tasks to queue
[2024-11-09T20:43:57.366+0000] {logging_mixin.py:154} INFO - [2024-11-09T20:43:57.366+0000] {dagbag.py:536} INFO - Filling up the DagBag from /home/airflow/.local/lib/python3.8/site-packages/airflow/example_dags/tutorial_taskflow_api.py
[2024-11-09T20:43:57.368+0000] {processor.py:839} INFO - DAG(s) dict_keys(['tutorial_taskflow_api']) retrieved from /home/airflow/.local/lib/python3.8/site-packages/airflow/example_dags/tutorial_taskflow_api.py
[2024-11-09T20:43:57.379+0000] {logging_mixin.py:154} INFO - [2024-11-09T20:43:57.379+0000] {dag.py:2941} INFO - Sync 1 DAGs
[2024-11-09T20:43:57.385+0000] {logging_mixin.py:154} INFO - [2024-11-09T20:43:57.385+0000] {dag.py:3722} INFO - Setting next_dagrun for tutorial_taskflow_api to None, run_after=None
[2024-11-09T20:43:57.395+0000] {processor.py:179} INFO - Processing /home/airflow/.local/lib/python3.8/site-packages/airflow/example_dags/tutorial_taskflow_api.py took 0.031 seconds
[2024-11-09T20:44:27.800+0000] {processor.py:157} INFO - Started process (PID=763) to work on /home/airflow/.local/lib/python3.8/site-packages/airflow/example_dags/tutorial_taskflow_api.py
[2024-11-09T20:44:27.801+0000] {processor.py:829} INFO - Processing file /home/airflow/.local/lib/python3.8/site-packages/airflow/example_dags/tutorial_taskflow_api.py for tasks to queue
[2024-11-09T20:44:27.801+0000] {logging_mixin.py:154} INFO - [2024-11-09T20:44:27.801+0000] {dagbag.py:536} INFO - Filling up the DagBag from /home/airflow/.local/lib/python3.8/site-packages/airflow/example_dags/tutorial_taskflow_api.py
[2024-11-09T20:44:27.804+0000] {processor.py:839} INFO - DAG(s) dict_keys(['tutorial_taskflow_api']) retrieved from /home/airflow/.local/lib/python3.8/site-packages/airflow/example_dags/tutorial_taskflow_api.py
[2024-11-09T20:44:27.815+0000] {logging_mixin.py:154} INFO - [2024-11-09T20:44:27.814+0000] {dag.py:2941} INFO - Sync 1 DAGs
[2024-11-09T20:44:27.821+0000] {logging_mixin.py:154} INFO - [2024-11-09T20:44:27.821+0000] {dag.py:3722} INFO - Setting next_dagrun for tutorial_taskflow_api to None, run_after=None
[2024-11-09T20:44:27.833+0000] {processor.py:179} INFO - Processing /home/airflow/.local/lib/python3.8/site-packages/airflow/example_dags/tutorial_taskflow_api.py took 0.035 seconds
[2024-11-09T20:44:58.238+0000] {processor.py:157} INFO - Started process (PID=1003) to work on /home/airflow/.local/lib/python3.8/site-packages/airflow/example_dags/tutorial_taskflow_api.py
[2024-11-09T20:44:58.239+0000] {processor.py:829} INFO - Processing file /home/airflow/.local/lib/python3.8/site-packages/airflow/example_dags/tutorial_taskflow_api.py for tasks to queue
[2024-11-09T20:44:58.239+0000] {logging_mixin.py:154} INFO - [2024-11-09T20:44:58.239+0000] {dagbag.py:536} INFO - Filling up the DagBag from /home/airflow/.local/lib/python3.8/site-packages/airflow/example_dags/tutorial_taskflow_api.py
[2024-11-09T20:44:58.242+0000] {processor.py:839} INFO - DAG(s) dict_keys(['tutorial_taskflow_api']) retrieved from /home/airflow/.local/lib/python3.8/site-packages/airflow/example_dags/tutorial_taskflow_api.py
[2024-11-09T20:44:58.251+0000] {logging_mixin.py:154} INFO - [2024-11-09T20:44:58.251+0000] {dag.py:2941} INFO - Sync 1 DAGs
[2024-11-09T20:44:58.255+0000] {logging_mixin.py:154} INFO - [2024-11-09T20:44:58.255+0000] {dag.py:3722} INFO - Setting next_dagrun for tutorial_taskflow_api to None, run_after=None
[2024-11-09T20:44:58.262+0000] {processor.py:179} INFO - Processing /home/airflow/.local/lib/python3.8/site-packages/airflow/example_dags/tutorial_taskflow_api.py took 0.025 seconds
[2024-11-09T20:45:28.652+0000] {processor.py:157} INFO - Started process (PID=1239) to work on /home/airflow/.local/lib/python3.8/site-packages/airflow/example_dags/tutorial_taskflow_api.py
[2024-11-09T20:45:28.652+0000] {processor.py:829} INFO - Processing file /home/airflow/.local/lib/python3.8/site-packages/airflow/example_dags/tutorial_taskflow_api.py for tasks to queue
[2024-11-09T20:45:28.653+0000] {logging_mixin.py:154} INFO - [2024-11-09T20:45:28.652+0000] {dagbag.py:536} INFO - Filling up the DagBag from /home/airflow/.local/lib/python3.8/site-packages/airflow/example_dags/tutorial_taskflow_api.py
[2024-11-09T20:45:28.656+0000] {processor.py:839} INFO - DAG(s) dict_keys(['tutorial_taskflow_api']) retrieved from /home/airflow/.local/lib/python3.8/site-packages/airflow/example_dags/tutorial_taskflow_api.py
[2024-11-09T20:45:28.664+0000] {logging_mixin.py:154} INFO - [2024-11-09T20:45:28.664+0000] {dag.py:2941} INFO - Sync 1 DAGs
[2024-11-09T20:45:28.669+0000] {logging_mixin.py:154} INFO - [2024-11-09T20:45:28.669+0000] {dag.py:3722} INFO - Setting next_dagrun for tutorial_taskflow_api to None, run_after=None
[2024-11-09T20:45:28.680+0000] {processor.py:179} INFO - Processing /home/airflow/.local/lib/python3.8/site-packages/airflow/example_dags/tutorial_taskflow_api.py took 0.030 seconds
[2024-11-09T20:45:59.158+0000] {processor.py:157} INFO - Started process (PID=1479) to work on /home/airflow/.local/lib/python3.8/site-packages/airflow/example_dags/tutorial_taskflow_api.py
[2024-11-09T20:45:59.158+0000] {processor.py:829} INFO - Processing file /home/airflow/.local/lib/python3.8/site-packages/airflow/example_dags/tutorial_taskflow_api.py for tasks to queue
[2024-11-09T20:45:59.158+0000] {logging_mixin.py:154} INFO - [2024-11-09T20:45:59.158+0000] {dagbag.py:536} INFO - Filling up the DagBag from /home/airflow/.local/lib/python3.8/site-packages/airflow/example_dags/tutorial_taskflow_api.py
[2024-11-09T20:45:59.161+0000] {processor.py:839} INFO - DAG(s) dict_keys(['tutorial_taskflow_api']) retrieved from /home/airflow/.local/lib/python3.8/site-packages/airflow/example_dags/tutorial_taskflow_api.py
[2024-11-09T20:45:59.171+0000] {logging_mixin.py:154} INFO - [2024-11-09T20:45:59.171+0000] {dag.py:2941} INFO - Sync 1 DAGs
[2024-11-09T20:45:59.176+0000] {logging_mixin.py:154} INFO - [2024-11-09T20:45:59.176+0000] {dag.py:3722} INFO - Setting next_dagrun for tutorial_taskflow_api to None, run_after=None
[2024-11-09T20:45:59.184+0000] {processor.py:179} INFO - Processing /home/airflow/.local/lib/python3.8/site-packages/airflow/example_dags/tutorial_taskflow_api.py took 0.028 seconds
[2024-11-09T20:46:29.497+0000] {processor.py:157} INFO - Started process (PID=1716) to work on /home/airflow/.local/lib/python3.8/site-packages/airflow/example_dags/tutorial_taskflow_api.py
[2024-11-09T20:46:29.497+0000] {processor.py:829} INFO - Processing file /home/airflow/.local/lib/python3.8/site-packages/airflow/example_dags/tutorial_taskflow_api.py for tasks to queue
[2024-11-09T20:46:29.498+0000] {logging_mixin.py:154} INFO - [2024-11-09T20:46:29.498+0000] {dagbag.py:536} INFO - Filling up the DagBag from /home/airflow/.local/lib/python3.8/site-packages/airflow/example_dags/tutorial_taskflow_api.py
[2024-11-09T20:46:29.500+0000] {processor.py:839} INFO - DAG(s) dict_keys(['tutorial_taskflow_api']) retrieved from /home/airflow/.local/lib/python3.8/site-packages/airflow/example_dags/tutorial_taskflow_api.py
[2024-11-09T20:46:29.510+0000] {logging_mixin.py:154} INFO - [2024-11-09T20:46:29.510+0000] {dag.py:2941} INFO - Sync 1 DAGs
[2024-11-09T20:46:29.516+0000] {logging_mixin.py:154} INFO - [2024-11-09T20:46:29.516+0000] {dag.py:3722} INFO - Setting next_dagrun for tutorial_taskflow_api to None, run_after=None
[2024-11-09T20:46:29.528+0000] {processor.py:179} INFO - Processing /home/airflow/.local/lib/python3.8/site-packages/airflow/example_dags/tutorial_taskflow_api.py took 0.033 seconds
[2024-11-09T20:46:59.896+0000] {processor.py:157} INFO - Started process (PID=1953) to work on /home/airflow/.local/lib/python3.8/site-packages/airflow/example_dags/tutorial_taskflow_api.py
[2024-11-09T20:46:59.896+0000] {processor.py:829} INFO - Processing file /home/airflow/.local/lib/python3.8/site-packages/airflow/example_dags/tutorial_taskflow_api.py for tasks to queue
[2024-11-09T20:46:59.896+0000] {logging_mixin.py:154} INFO - [2024-11-09T20:46:59.896+0000] {dagbag.py:536} INFO - Filling up the DagBag from /home/airflow/.local/lib/python3.8/site-packages/airflow/example_dags/tutorial_taskflow_api.py
[2024-11-09T20:46:59.901+0000] {processor.py:839} INFO - DAG(s) dict_keys(['tutorial_taskflow_api']) retrieved from /home/airflow/.local/lib/python3.8/site-packages/airflow/example_dags/tutorial_taskflow_api.py
[2024-11-09T20:46:59.910+0000] {logging_mixin.py:154} INFO - [2024-11-09T20:46:59.910+0000] {dag.py:2941} INFO - Sync 1 DAGs
[2024-11-09T20:46:59.915+0000] {logging_mixin.py:154} INFO - [2024-11-09T20:46:59.915+0000] {dag.py:3722} INFO - Setting next_dagrun for tutorial_taskflow_api to None, run_after=None
[2024-11-09T20:46:59.925+0000] {processor.py:179} INFO - Processing /home/airflow/.local/lib/python3.8/site-packages/airflow/example_dags/tutorial_taskflow_api.py took 0.031 seconds
[2024-11-09T20:47:30.300+0000] {processor.py:157} INFO - Started process (PID=2191) to work on /home/airflow/.local/lib/python3.8/site-packages/airflow/example_dags/tutorial_taskflow_api.py
[2024-11-09T20:47:30.301+0000] {processor.py:829} INFO - Processing file /home/airflow/.local/lib/python3.8/site-packages/airflow/example_dags/tutorial_taskflow_api.py for tasks to queue
[2024-11-09T20:47:30.302+0000] {logging_mixin.py:154} INFO - [2024-11-09T20:47:30.302+0000] {dagbag.py:536} INFO - Filling up the DagBag from /home/airflow/.local/lib/python3.8/site-packages/airflow/example_dags/tutorial_taskflow_api.py
[2024-11-09T20:47:30.305+0000] {processor.py:839} INFO - DAG(s) dict_keys(['tutorial_taskflow_api']) retrieved from /home/airflow/.local/lib/python3.8/site-packages/airflow/example_dags/tutorial_taskflow_api.py
[2024-11-09T20:47:30.314+0000] {logging_mixin.py:154} INFO - [2024-11-09T20:47:30.314+0000] {dag.py:2941} INFO - Sync 1 DAGs
[2024-11-09T20:47:30.319+0000] {logging_mixin.py:154} INFO - [2024-11-09T20:47:30.319+0000] {dag.py:3722} INFO - Setting next_dagrun for tutorial_taskflow_api to None, run_after=None
[2024-11-09T20:47:30.326+0000] {processor.py:179} INFO - Processing /home/airflow/.local/lib/python3.8/site-packages/airflow/example_dags/tutorial_taskflow_api.py took 0.027 seconds
