[2024-11-09T20:43:25.620+0000] {processor.py:157} INFO - Started process (PID=212) to work on /home/airflow/.local/lib/python3.8/site-packages/airflow/example_dags/tutorial_dag.py
[2024-11-09T20:43:25.621+0000] {processor.py:829} INFO - Processing file /home/airflow/.local/lib/python3.8/site-packages/airflow/example_dags/tutorial_dag.py for tasks to queue
[2024-11-09T20:43:25.622+0000] {logging_mixin.py:154} INFO - [2024-11-09T20:43:25.622+0000] {dagbag.py:536} INFO - Filling up the DagBag from /home/airflow/.local/lib/python3.8/site-packages/airflow/example_dags/tutorial_dag.py
[2024-11-09T20:43:25.627+0000] {processor.py:839} INFO - DAG(s) dict_keys(['tutorial_dag']) retrieved from /home/airflow/.local/lib/python3.8/site-packages/airflow/example_dags/tutorial_dag.py
[2024-11-09T20:43:25.684+0000] {logging_mixin.py:154} INFO - [2024-11-09T20:43:25.684+0000] {manager.py:499} INFO - Created Permission View: %s
[2024-11-09T20:43:25.690+0000] {logging_mixin.py:154} INFO - [2024-11-09T20:43:25.690+0000] {manager.py:499} INFO - Created Permission View: %s
[2024-11-09T20:43:25.694+0000] {logging_mixin.py:154} INFO - [2024-11-09T20:43:25.694+0000] {manager.py:499} INFO - Created Permission View: %s
[2024-11-09T20:43:25.694+0000] {logging_mixin.py:154} INFO - [2024-11-09T20:43:25.694+0000] {dag.py:2941} INFO - Sync 1 DAGs
[2024-11-09T20:43:25.699+0000] {logging_mixin.py:154} INFO - [2024-11-09T20:43:25.699+0000] {dag.py:2963} INFO - Creating ORM DAG for tutorial_dag
[2024-11-09T20:43:25.700+0000] {logging_mixin.py:154} INFO - [2024-11-09T20:43:25.700+0000] {dag.py:3722} INFO - Setting next_dagrun for tutorial_dag to None, run_after=None
[2024-11-09T20:43:25.712+0000] {processor.py:179} INFO - Processing /home/airflow/.local/lib/python3.8/site-packages/airflow/example_dags/tutorial_dag.py took 0.094 seconds
[2024-11-09T20:43:55.882+0000] {processor.py:157} INFO - Started process (PID=450) to work on /home/airflow/.local/lib/python3.8/site-packages/airflow/example_dags/tutorial_dag.py
[2024-11-09T20:43:55.884+0000] {processor.py:829} INFO - Processing file /home/airflow/.local/lib/python3.8/site-packages/airflow/example_dags/tutorial_dag.py for tasks to queue
[2024-11-09T20:43:55.885+0000] {logging_mixin.py:154} INFO - [2024-11-09T20:43:55.885+0000] {dagbag.py:536} INFO - Filling up the DagBag from /home/airflow/.local/lib/python3.8/site-packages/airflow/example_dags/tutorial_dag.py
[2024-11-09T20:43:55.888+0000] {processor.py:839} INFO - DAG(s) dict_keys(['tutorial_dag']) retrieved from /home/airflow/.local/lib/python3.8/site-packages/airflow/example_dags/tutorial_dag.py
[2024-11-09T20:43:55.900+0000] {logging_mixin.py:154} INFO - [2024-11-09T20:43:55.899+0000] {dag.py:2941} INFO - Sync 1 DAGs
[2024-11-09T20:43:55.906+0000] {logging_mixin.py:154} INFO - [2024-11-09T20:43:55.906+0000] {dag.py:3722} INFO - Setting next_dagrun for tutorial_dag to None, run_after=None
[2024-11-09T20:43:55.916+0000] {processor.py:179} INFO - Processing /home/airflow/.local/lib/python3.8/site-packages/airflow/example_dags/tutorial_dag.py took 0.035 seconds
[2024-11-09T20:44:26.338+0000] {processor.py:157} INFO - Started process (PID=688) to work on /home/airflow/.local/lib/python3.8/site-packages/airflow/example_dags/tutorial_dag.py
[2024-11-09T20:44:26.339+0000] {processor.py:829} INFO - Processing file /home/airflow/.local/lib/python3.8/site-packages/airflow/example_dags/tutorial_dag.py for tasks to queue
[2024-11-09T20:44:26.339+0000] {logging_mixin.py:154} INFO - [2024-11-09T20:44:26.339+0000] {dagbag.py:536} INFO - Filling up the DagBag from /home/airflow/.local/lib/python3.8/site-packages/airflow/example_dags/tutorial_dag.py
[2024-11-09T20:44:26.343+0000] {processor.py:839} INFO - DAG(s) dict_keys(['tutorial_dag']) retrieved from /home/airflow/.local/lib/python3.8/site-packages/airflow/example_dags/tutorial_dag.py
[2024-11-09T20:44:26.354+0000] {logging_mixin.py:154} INFO - [2024-11-09T20:44:26.354+0000] {dag.py:2941} INFO - Sync 1 DAGs
[2024-11-09T20:44:26.359+0000] {logging_mixin.py:154} INFO - [2024-11-09T20:44:26.359+0000] {dag.py:3722} INFO - Setting next_dagrun for tutorial_dag to None, run_after=None
[2024-11-09T20:44:26.366+0000] {processor.py:179} INFO - Processing /home/airflow/.local/lib/python3.8/site-packages/airflow/example_dags/tutorial_dag.py took 0.029 seconds
[2024-11-09T20:44:56.809+0000] {processor.py:157} INFO - Started process (PID=928) to work on /home/airflow/.local/lib/python3.8/site-packages/airflow/example_dags/tutorial_dag.py
[2024-11-09T20:44:56.810+0000] {processor.py:829} INFO - Processing file /home/airflow/.local/lib/python3.8/site-packages/airflow/example_dags/tutorial_dag.py for tasks to queue
[2024-11-09T20:44:56.810+0000] {logging_mixin.py:154} INFO - [2024-11-09T20:44:56.810+0000] {dagbag.py:536} INFO - Filling up the DagBag from /home/airflow/.local/lib/python3.8/site-packages/airflow/example_dags/tutorial_dag.py
[2024-11-09T20:44:56.813+0000] {processor.py:839} INFO - DAG(s) dict_keys(['tutorial_dag']) retrieved from /home/airflow/.local/lib/python3.8/site-packages/airflow/example_dags/tutorial_dag.py
[2024-11-09T20:44:56.823+0000] {logging_mixin.py:154} INFO - [2024-11-09T20:44:56.822+0000] {dag.py:2941} INFO - Sync 1 DAGs
[2024-11-09T20:44:56.828+0000] {logging_mixin.py:154} INFO - [2024-11-09T20:44:56.828+0000] {dag.py:3722} INFO - Setting next_dagrun for tutorial_dag to None, run_after=None
[2024-11-09T20:44:56.836+0000] {processor.py:179} INFO - Processing /home/airflow/.local/lib/python3.8/site-packages/airflow/example_dags/tutorial_dag.py took 0.029 seconds
[2024-11-09T20:45:27.235+0000] {processor.py:157} INFO - Started process (PID=1164) to work on /home/airflow/.local/lib/python3.8/site-packages/airflow/example_dags/tutorial_dag.py
[2024-11-09T20:45:27.238+0000] {processor.py:829} INFO - Processing file /home/airflow/.local/lib/python3.8/site-packages/airflow/example_dags/tutorial_dag.py for tasks to queue
[2024-11-09T20:45:27.239+0000] {logging_mixin.py:154} INFO - [2024-11-09T20:45:27.238+0000] {dagbag.py:536} INFO - Filling up the DagBag from /home/airflow/.local/lib/python3.8/site-packages/airflow/example_dags/tutorial_dag.py
[2024-11-09T20:45:27.241+0000] {processor.py:839} INFO - DAG(s) dict_keys(['tutorial_dag']) retrieved from /home/airflow/.local/lib/python3.8/site-packages/airflow/example_dags/tutorial_dag.py
[2024-11-09T20:45:27.250+0000] {logging_mixin.py:154} INFO - [2024-11-09T20:45:27.250+0000] {dag.py:2941} INFO - Sync 1 DAGs
[2024-11-09T20:45:27.257+0000] {logging_mixin.py:154} INFO - [2024-11-09T20:45:27.257+0000] {dag.py:3722} INFO - Setting next_dagrun for tutorial_dag to None, run_after=None
[2024-11-09T20:45:27.265+0000] {processor.py:179} INFO - Processing /home/airflow/.local/lib/python3.8/site-packages/airflow/example_dags/tutorial_dag.py took 0.032 seconds
[2024-11-09T20:45:57.705+0000] {processor.py:157} INFO - Started process (PID=1402) to work on /home/airflow/.local/lib/python3.8/site-packages/airflow/example_dags/tutorial_dag.py
[2024-11-09T20:45:57.706+0000] {processor.py:829} INFO - Processing file /home/airflow/.local/lib/python3.8/site-packages/airflow/example_dags/tutorial_dag.py for tasks to queue
[2024-11-09T20:45:57.706+0000] {logging_mixin.py:154} INFO - [2024-11-09T20:45:57.706+0000] {dagbag.py:536} INFO - Filling up the DagBag from /home/airflow/.local/lib/python3.8/site-packages/airflow/example_dags/tutorial_dag.py
[2024-11-09T20:45:57.709+0000] {processor.py:839} INFO - DAG(s) dict_keys(['tutorial_dag']) retrieved from /home/airflow/.local/lib/python3.8/site-packages/airflow/example_dags/tutorial_dag.py
[2024-11-09T20:45:57.719+0000] {logging_mixin.py:154} INFO - [2024-11-09T20:45:57.719+0000] {dag.py:2941} INFO - Sync 1 DAGs
[2024-11-09T20:45:57.724+0000] {logging_mixin.py:154} INFO - [2024-11-09T20:45:57.724+0000] {dag.py:3722} INFO - Setting next_dagrun for tutorial_dag to None, run_after=None
[2024-11-09T20:45:57.732+0000] {processor.py:179} INFO - Processing /home/airflow/.local/lib/python3.8/site-packages/airflow/example_dags/tutorial_dag.py took 0.028 seconds
[2024-11-09T20:46:28.058+0000] {processor.py:157} INFO - Started process (PID=1642) to work on /home/airflow/.local/lib/python3.8/site-packages/airflow/example_dags/tutorial_dag.py
[2024-11-09T20:46:28.058+0000] {processor.py:829} INFO - Processing file /home/airflow/.local/lib/python3.8/site-packages/airflow/example_dags/tutorial_dag.py for tasks to queue
[2024-11-09T20:46:28.058+0000] {logging_mixin.py:154} INFO - [2024-11-09T20:46:28.058+0000] {dagbag.py:536} INFO - Filling up the DagBag from /home/airflow/.local/lib/python3.8/site-packages/airflow/example_dags/tutorial_dag.py
[2024-11-09T20:46:28.061+0000] {processor.py:839} INFO - DAG(s) dict_keys(['tutorial_dag']) retrieved from /home/airflow/.local/lib/python3.8/site-packages/airflow/example_dags/tutorial_dag.py
[2024-11-09T20:46:28.069+0000] {logging_mixin.py:154} INFO - [2024-11-09T20:46:28.069+0000] {dag.py:2941} INFO - Sync 1 DAGs
[2024-11-09T20:46:28.074+0000] {logging_mixin.py:154} INFO - [2024-11-09T20:46:28.074+0000] {dag.py:3722} INFO - Setting next_dagrun for tutorial_dag to None, run_after=None
[2024-11-09T20:46:28.080+0000] {processor.py:179} INFO - Processing /home/airflow/.local/lib/python3.8/site-packages/airflow/example_dags/tutorial_dag.py took 0.024 seconds
[2024-11-09T20:46:58.485+0000] {processor.py:157} INFO - Started process (PID=1878) to work on /home/airflow/.local/lib/python3.8/site-packages/airflow/example_dags/tutorial_dag.py
[2024-11-09T20:46:58.488+0000] {processor.py:829} INFO - Processing file /home/airflow/.local/lib/python3.8/site-packages/airflow/example_dags/tutorial_dag.py for tasks to queue
[2024-11-09T20:46:58.488+0000] {logging_mixin.py:154} INFO - [2024-11-09T20:46:58.488+0000] {dagbag.py:536} INFO - Filling up the DagBag from /home/airflow/.local/lib/python3.8/site-packages/airflow/example_dags/tutorial_dag.py
[2024-11-09T20:46:58.491+0000] {processor.py:839} INFO - DAG(s) dict_keys(['tutorial_dag']) retrieved from /home/airflow/.local/lib/python3.8/site-packages/airflow/example_dags/tutorial_dag.py
[2024-11-09T20:46:58.501+0000] {logging_mixin.py:154} INFO - [2024-11-09T20:46:58.501+0000] {dag.py:2941} INFO - Sync 1 DAGs
[2024-11-09T20:46:58.507+0000] {logging_mixin.py:154} INFO - [2024-11-09T20:46:58.507+0000] {dag.py:3722} INFO - Setting next_dagrun for tutorial_dag to None, run_after=None
[2024-11-09T20:46:58.517+0000] {processor.py:179} INFO - Processing /home/airflow/.local/lib/python3.8/site-packages/airflow/example_dags/tutorial_dag.py took 0.034 seconds
[2024-11-09T20:47:28.874+0000] {processor.py:157} INFO - Started process (PID=2116) to work on /home/airflow/.local/lib/python3.8/site-packages/airflow/example_dags/tutorial_dag.py
[2024-11-09T20:47:28.875+0000] {processor.py:829} INFO - Processing file /home/airflow/.local/lib/python3.8/site-packages/airflow/example_dags/tutorial_dag.py for tasks to queue
[2024-11-09T20:47:28.876+0000] {logging_mixin.py:154} INFO - [2024-11-09T20:47:28.876+0000] {dagbag.py:536} INFO - Filling up the DagBag from /home/airflow/.local/lib/python3.8/site-packages/airflow/example_dags/tutorial_dag.py
[2024-11-09T20:47:28.879+0000] {processor.py:839} INFO - DAG(s) dict_keys(['tutorial_dag']) retrieved from /home/airflow/.local/lib/python3.8/site-packages/airflow/example_dags/tutorial_dag.py
[2024-11-09T20:47:28.888+0000] {logging_mixin.py:154} INFO - [2024-11-09T20:47:28.888+0000] {dag.py:2941} INFO - Sync 1 DAGs
[2024-11-09T20:47:28.894+0000] {logging_mixin.py:154} INFO - [2024-11-09T20:47:28.894+0000] {dag.py:3722} INFO - Setting next_dagrun for tutorial_dag to None, run_after=None
[2024-11-09T20:47:28.902+0000] {processor.py:179} INFO - Processing /home/airflow/.local/lib/python3.8/site-packages/airflow/example_dags/tutorial_dag.py took 0.030 seconds
